{"numTotalTestSuites":3,"numPassedTestSuites":0,"numFailedTestSuites":3,"numPendingTestSuites":0,"numTotalTests":0,"numPassedTests":0,"numFailedTests":0,"numPendingTests":0,"numTodoTests":0,"snapshot":{"added":0,"failure":false,"filesAdded":0,"filesRemoved":0,"filesRemovedList":[],"filesUnmatched":0,"filesUpdated":0,"matched":0,"total":0,"unchecked":0,"uncheckedKeysByFile":[],"unmatched":0,"updated":0,"didUpdate":false},"startTime":1759260413022,"success":false,"testResults":[{"assertionResults":[],"startTime":1759260413022,"endTime":1759260413022,"status":"failed","message":"Failed to load url lucide-react (resolved id: lucide-react) in C:/Users/Usuario/ECONEURA-/ECONEURA-/apps/web/src/EconeuraCockpit.tsx. Does the file exist?","name":"C:/Users/Usuario/ECONEURA-/ECONEURA-/apps/web/src/EconeuraCockpit.e2e.test.tsx"},{"assertionResults":[],"startTime":1759260413022,"endTime":1759260413022,"status":"failed","message":"Failed to load url lucide-react (resolved id: lucide-react) in C:/Users/Usuario/ECONEURA-/ECONEURA-/apps/web/src/EconeuraCockpit.tsx. Does the file exist?","name":"C:/Users/Usuario/ECONEURA-/ECONEURA-/apps/web/src/EconeuraCockpit.e2e.test.tsx"},{"assertionResults":[],"startTime":1759260413022,"endTime":1759260413022,"status":"failed","message":"Failed to load url C:/Users/Usuario/ECONEURA-/test/setup.ts (resolved id: C:/Users/Usuario/ECONEURA-/test/setup.ts). Does the file exist?","name":"C:/Users/Usuario/ECONEURA-/ECONEURA-/apps/web/src/EconeuraCockpit.e2e.test.tsx"}]}