{"numTotalTestSuites":140,"numPassedTestSuites":98,"numFailedTestSuites":42,"numPendingTestSuites":0,"numTotalTests":168,"numPassedTests":168,"numFailedTests":0,"numPendingTests":0,"numTodoTests":0,"snapshot":{"added":0,"failure":false,"filesAdded":0,"filesRemoved":0,"filesRemovedList":[],"filesUnmatched":0,"filesUpdated":0,"matched":0,"total":0,"unchecked":0,"uncheckedKeysByFile":[],"unmatched":0,"updated":0,"didUpdate":false},"startTime":1759353107170,"success":false,"testResults":[{"assertionResults":[],"startTime":1759353107170,"endTime":1759353107170,"status":"failed","message":"Failed to load url C:/Users/Usuario/ECONEURA-/test/setup.ts (resolved id: C:/Users/Usuario/ECONEURA-/test/setup.ts). Does the file exist?","name":"C:/Users/Usuario/ECONEURA-/ECONEURA-/.disabled-packages/20251001-174543/web/src/EconeuraCockpit.e2e.test.js"},{"assertionResults":[],"startTime":1759353107170,"endTime":1759353107170,"status":"failed","message":"Failed to load url lucide-react (resolved id: lucide-react) in C:/Users/Usuario/ECONEURA-/ECONEURA-/.disabled-packages/20251001-174543/web/src/EconeuraCockpit.tsx. Does the file exist?","name":"C:/Users/Usuario/ECONEURA-/ECONEURA-/.disabled-packages/20251001-174543/web/src/EconeuraCockpit.e2e.test.js"},{"assertionResults":[],"startTime":1759353107170,"endTime":1759353107170,"status":"failed","message":"Failed to load url lucide-react (resolved id: lucide-react) in C:/Users/Usuario/ECONEURA-/ECONEURA-/.disabled-packages/20251001-174543/web/src/EconeuraCockpit.tsx. Does the file exist?","name":"C:/Users/Usuario/ECONEURA-/ECONEURA-/.disabled-packages/20251001-174543/web/src/EconeuraCockpit.e2e.test.js"},{"assertionResults":[],"startTime":1759353107170,"endTime":1759353107170,"status":"failed","message":"Failed to load url C:/Users/Usuario/ECONEURA-/test/setup.ts (resolved id: C:/Users/Usuario/ECONEURA-/test/setup.ts). Does the file exist?","name":"C:/Users/Usuario/ECONEURA-/ECONEURA-/.disabled-packages/20251001-174543/web/src/EconeuraCockpit.e2e.test.tsx"},{"assertionResults":[],"startTime":1759353107170,"endTime":1759353107170,"status":"failed","message":"Failed to load url lucide-react (resolved id: lucide-react) in C:/Users/Usuario/ECONEURA-/ECONEURA-/.disabled-packages/20251001-174543/web/src/EconeuraCockpit.tsx. Does the file exist?","name":"C:/Users/Usuario/ECONEURA-/ECONEURA-/.disabled-packages/20251001-174543/web/src/EconeuraCockpit.e2e.test.tsx"},{"assertionResults":[],"startTime":1759353107170,"endTime":1759353107170,"status":"failed","message":"Failed to load url lucide-react (resolved id: lucide-react) in C:/Users/Usuario/ECONEURA-/ECONEURA-/.disabled-packages/20251001-174543/web/src/EconeuraCockpit.tsx. Does the file exist?","name":"C:/Users/Usuario/ECONEURA-/ECONEURA-/.disabled-packages/20251001-174543/web/src/EconeuraCockpit.e2e.test.tsx"},{"assertionResults":[],"startTime":1759353107170,"endTime":1759353107170,"status":"failed","message":"Failed to load url C:/Users/Usuario/ECONEURA-/test/setup.ts (resolved id: C:/Users/Usuario/ECONEURA-/test/setup.ts). Does the file exist?","name":"C:/Users/Usuario/ECONEURA-/ECONEURA-/.disabled-packages/20251001-174857/shared/dist/smoke.shared.test.js"},{"assertionResults":[{"ancestorTitles":["shared smoke test"],"fullName":"shared smoke test should pass basic assertion","status":"passed","title":"should pass basic assertion","duration":1.774000000000001,"failureMessages":[],"meta":{}},{"ancestorTitles":["shared smoke test"],"fullName":"shared smoke test should import shared modules","status":"passed","title":"should import shared modules","duration":0.265700000000038,"failureMessages":[],"meta":{}},{"ancestorTitles":["shared smoke test","minimal.ts"],"fullName":"shared smoke test minimal.ts should create API response","status":"passed","title":"should create API response","duration":1.0713000000000648,"failureMessages":[],"meta":{}},{"ancestorTitles":["shared smoke test","minimal.ts"],"fullName":"shared smoke test minimal.ts should create API response without message","status":"passed","title":"should create API response without message","duration":0.3568000000000211,"failureMessages":[],"meta":{}},{"ancestorTitles":["shared smoke test","minimal.ts"],"fullName":"shared smoke test minimal.ts should create error response","status":"passed","title":"should create error response","duration":0.3632000000000062,"failureMessages":[],"meta":{}},{"ancestorTitles":["shared smoke test","minimal.ts"],"fullName":"shared smoke test minimal.ts should validate User interface","status":"passed","title":"should validate User interface","duration":0.2500999999999749,"failureMessages":[],"meta":{}},{"ancestorTitles":["shared smoke test","minimal.ts"],"fullName":"shared smoke test minimal.ts should validate ApiResponse interface","status":"passed","title":"should validate ApiResponse interface","duration":0.2256999999999607,"failureMessages":[],"meta":{}},{"ancestorTitles":["shared smoke test","utils/fetch-safe.ts"],"fullName":"shared smoke test utils/fetch-safe.ts should export fetchSafe function","status":"passed","title":"should export fetchSafe function","duration":0.2645999999999731,"failureMessages":[],"meta":{}},{"ancestorTitles":["shared smoke test","utils/fetch-safe.ts"],"fullName":"shared smoke test utils/fetch-safe.ts should export FetchLike type","status":"passed","title":"should export FetchLike type","duration":0.21410000000003038,"failureMessages":[],"meta":{}},{"ancestorTitles":["shared smoke test","utils/fetch-safe.ts"],"fullName":"shared smoke test utils/fetch-safe.ts should call fetch with merged headers","status":"passed","title":"should call fetch with merged headers","duration":7.4909000000000106,"failureMessages":[],"meta":{}},{"ancestorTitles":["shared smoke test","utils/fetch-safe.ts"],"fullName":"shared smoke test utils/fetch-safe.ts should handle empty headers","status":"passed","title":"should handle empty headers","duration":0.546100000000024,"failureMessages":[],"meta":{}}],"startTime":1759353131818,"endTime":1759353131831.5461,"status":"passed","message":"","name":"C:/Users/Usuario/ECONEURA-/ECONEURA-/.disabled-packages/20251001-174857/shared/dist/smoke.shared.test.js"},{"assertionResults":[{"ancestorTitles":["shared smoke test"],"fullName":"shared smoke test should pass basic assertion","status":"passed","title":"should pass basic assertion","duration":2.3482999999999947,"failureMessages":[],"meta":{}},{"ancestorTitles":["shared smoke test"],"fullName":"shared smoke test should import shared modules","status":"passed","title":"should import shared modules","duration":0.31110000000001037,"failureMessages":[],"meta":{}},{"ancestorTitles":["shared smoke test","minimal.ts"],"fullName":"shared smoke test minimal.ts should create API response","status":"passed","title":"should create API response","duration":1.098700000000008,"failureMessages":[],"meta":{}},{"ancestorTitles":["shared smoke test","minimal.ts"],"fullName":"shared smoke test minimal.ts should create API response without message","status":"passed","title":"should create API response without message","duration":0.3666000000000622,"failureMessages":[],"meta":{}},{"ancestorTitles":["shared smoke test","minimal.ts"],"fullName":"shared smoke test minimal.ts should create error response","status":"passed","title":"should create error response","duration":0.3604000000000269,"failureMessages":[],"meta":{}},{"ancestorTitles":["shared smoke test","minimal.ts"],"fullName":"shared smoke test minimal.ts should validate User interface","status":"passed","title":"should validate User interface","duration":0.2647999999999229,"failureMessages":[],"meta":{}},{"ancestorTitles":["shared smoke test","minimal.ts"],"fullName":"shared smoke test minimal.ts should validate ApiResponse interface","status":"passed","title":"should validate ApiResponse interface","duration":0.23850000000004457,"failureMessages":[],"meta":{}},{"ancestorTitles":["shared smoke test","utils/fetch-safe.ts"],"fullName":"shared smoke test utils/fetch-safe.ts should export fetchSafe function","status":"passed","title":"should export fetchSafe function","duration":0.27139999999997144,"failureMessages":[],"meta":{}},{"ancestorTitles":["shared smoke test","utils/fetch-safe.ts"],"fullName":"shared smoke test utils/fetch-safe.ts should export FetchLike type","status":"passed","title":"should export FetchLike type","duration":0.23439999999993688,"failureMessages":[],"meta":{}},{"ancestorTitles":["shared smoke test","utils/fetch-safe.ts"],"fullName":"shared smoke test utils/fetch-safe.ts should call fetch with merged headers","status":"passed","title":"should call fetch with merged headers","duration":4.092300000000023,"failureMessages":[],"meta":{}},{"ancestorTitles":["shared smoke test","utils/fetch-safe.ts"],"fullName":"shared smoke test utils/fetch-safe.ts should handle empty headers","status":"passed","title":"should handle empty headers","duration":0.6776999999999589,"failureMessages":[],"meta":{}}],"startTime":1759353131977,"endTime":1759353131988.6777,"status":"passed","message":"","name":"C:/Users/Usuario/ECONEURA-/ECONEURA-/.disabled-packages/20251001-174857/shared/dist/smoke.shared.test.js"},{"assertionResults":[],"startTime":1759353107170,"endTime":1759353107170,"status":"failed","message":"Failed to load url C:/Users/Usuario/ECONEURA-/test/setup.ts (resolved id: C:/Users/Usuario/ECONEURA-/test/setup.ts). Does the file exist?","name":"C:/Users/Usuario/ECONEURA-/ECONEURA-/.disabled-packages/20251001-174857/shared/src/smoke.shared.test.ts"},{"assertionResults":[],"startTime":1759353107170,"endTime":1759353107170,"status":"failed","message":"failed to resolve \"extends\":\"../../tsconfig.json\" in C:\\Users\\Usuario\\ECONEURA-\\ECONEURA-\\.disabled-packages\\20251001-174857\\shared\\tsconfig.json","name":"C:/Users/Usuario/ECONEURA-/ECONEURA-/.disabled-packages/20251001-174857/shared/src/smoke.shared.test.ts"},{"assertionResults":[],"startTime":1759353107170,"endTime":1759353107170,"status":"failed","message":"failed to resolve \"extends\":\"../../tsconfig.json\" in C:\\Users\\Usuario\\ECONEURA-\\ECONEURA-\\.disabled-packages\\20251001-174857\\shared\\tsconfig.json","name":"C:/Users/Usuario/ECONEURA-/ECONEURA-/.disabled-packages/20251001-174857/shared/src/smoke.shared.test.ts"},{"assertionResults":[],"startTime":1759353107170,"endTime":1759353107170,"status":"failed","message":"Failed to load url C:/Users/Usuario/ECONEURA-/test/setup.ts (resolved id: C:/Users/Usuario/ECONEURA-/test/setup.ts). Does the file exist?","name":"C:/Users/Usuario/ECONEURA-/ECONEURA-/.disabled-packages/20251001-174857/shared/dist/__tests__/config.test.js"},{"assertionResults":[{"ancestorTitles":["Config Module"],"fullName":"Config Module should validate required environment variables","status":"passed","title":"should validate required environment variables","duration":2.6375000000000455,"failureMessages":[],"meta":{}},{"ancestorTitles":["Config Module"],"fullName":"Config Module should validate URL formats","status":"passed","title":"should validate URL formats","duration":6.156299999999874,"failureMessages":[],"meta":{}},{"ancestorTitles":["Config Module"],"fullName":"Config Module should validate JWT secret minimum length","status":"passed","title":"should validate JWT secret minimum length","duration":2.474899999999934,"failureMessages":[],"meta":{}},{"ancestorTitles":["Config Module"],"fullName":"Config Module should validate numeric transformations","status":"passed","title":"should validate numeric transformations","duration":1.5953999999999269,"failureMessages":[],"meta":{}},{"ancestorTitles":["Config Module"],"fullName":"Config Module should validate enum values","status":"passed","title":"should validate enum values","duration":1.929300000000012,"failureMessages":[],"meta":{}},{"ancestorTitles":["Config Module"],"fullName":"Config Module should handle default values correctly","status":"passed","title":"should handle default values correctly","duration":1.1520000000000437,"failureMessages":[],"meta":{}},{"ancestorTitles":["Config Module"],"fullName":"Config Module should validate Azure OpenAI configuration","status":"passed","title":"should validate Azure OpenAI configuration","duration":0.9513999999999214,"failureMessages":[],"meta":{}}],"startTime":1759353131002,"endTime":1759353131019.9514,"status":"passed","message":"","name":"C:/Users/Usuario/ECONEURA-/ECONEURA-/.disabled-packages/20251001-174857/shared/dist/__tests__/config.test.js"},{"assertionResults":[{"ancestorTitles":["Config Module"],"fullName":"Config Module should validate required environment variables","status":"passed","title":"should validate required environment variables","duration":4.227999999999952,"failureMessages":[],"meta":{}},{"ancestorTitles":["Config Module"],"fullName":"Config Module should validate URL formats","status":"passed","title":"should validate URL formats","duration":3.6277000000000044,"failureMessages":[],"meta":{}},{"ancestorTitles":["Config Module"],"fullName":"Config Module should validate JWT secret minimum length","status":"passed","title":"should validate JWT secret minimum length","duration":2.0586999999999307,"failureMessages":[],"meta":{}},{"ancestorTitles":["Config Module"],"fullName":"Config Module should validate numeric transformations","status":"passed","title":"should validate numeric transformations","duration":1.5734999999999673,"failureMessages":[],"meta":{}},{"ancestorTitles":["Config Module"],"fullName":"Config Module should validate enum values","status":"passed","title":"should validate enum values","duration":1.7848999999999933,"failureMessages":[],"meta":{}},{"ancestorTitles":["Config Module"],"fullName":"Config Module should handle default values correctly","status":"passed","title":"should handle default values correctly","duration":1.0171000000000276,"failureMessages":[],"meta":{}},{"ancestorTitles":["Config Module"],"fullName":"Config Module should validate Azure OpenAI configuration","status":"passed","title":"should validate Azure OpenAI configuration","duration":2.182700000000068,"failureMessages":[],"meta":{}}],"startTime":1759353131108,"endTime":1759353131125.1826,"status":"passed","message":"","name":"C:/Users/Usuario/ECONEURA-/ECONEURA-/.disabled-packages/20251001-174857/shared/dist/__tests__/config.test.js"},{"assertionResults":[],"startTime":1759353107170,"endTime":1759353107170,"status":"failed","message":"Failed to load url C:/Users/Usuario/ECONEURA-/test/setup.ts (resolved id: C:/Users/Usuario/ECONEURA-/test/setup.ts). Does the file exist?","name":"C:/Users/Usuario/ECONEURA-/ECONEURA-/.disabled-packages/20251001-174857/shared/dist/__tests__/errors.test.js"},{"assertionResults":[{"ancestorTitles":["Errors Module"],"fullName":"Errors Module should be testable","status":"passed","title":"should be testable","duration":1.9748999999999342,"failureMessages":[],"meta":{}},{"ancestorTitles":["Errors Module"],"fullName":"Errors Module should handle basic error logic","status":"passed","title":"should handle basic error logic","duration":0.3342000000000098,"failureMessages":[],"meta":{}}],"startTime":1759353137937,"endTime":1759353137939.3342,"status":"passed","message":"","name":"C:/Users/Usuario/ECONEURA-/ECONEURA-/.disabled-packages/20251001-174857/shared/dist/__tests__/errors.test.js"},{"assertionResults":[{"ancestorTitles":["Errors Module"],"fullName":"Errors Module should be testable","status":"passed","title":"should be testable","duration":1.8269000000000233,"failureMessages":[],"meta":{}},{"ancestorTitles":["Errors Module"],"fullName":"Errors Module should handle basic error logic","status":"passed","title":"should handle basic error logic","duration":0.31330000000002656,"failureMessages":[],"meta":{}}],"startTime":1759353138122,"endTime":1759353138124.3132,"status":"passed","message":"","name":"C:/Users/Usuario/ECONEURA-/ECONEURA-/.disabled-packages/20251001-174857/shared/dist/__tests__/errors.test.js"},{"assertionResults":[],"startTime":1759353107170,"endTime":1759353107170,"status":"failed","message":"Failed to load url C:/Users/Usuario/ECONEURA-/test/setup.ts (resolved id: C:/Users/Usuario/ECONEURA-/test/setup.ts). Does the file exist?","name":"C:/Users/Usuario/ECONEURA-/ECONEURA-/.disabled-packages/20251001-174857/shared/dist/__tests__/health.test.js"},{"assertionResults":[{"ancestorTitles":["HealthChecker","constructor"],"fullName":"HealthChecker constructor should create a new HealthChecker instance","status":"passed","title":"should create a new HealthChecker instance","duration":1.9226999999999634,"failureMessages":[],"meta":{}},{"ancestorTitles":["HealthChecker","registerService"],"fullName":"HealthChecker registerService should register a service check","status":"passed","title":"should register a service check","duration":7.9939999999999145,"failureMessages":[],"meta":{}},{"ancestorTitles":["HealthChecker","checkHealth"],"fullName":"HealthChecker checkHealth should return healthy status when all services are up","status":"passed","title":"should return healthy status when all services are up","duration":1.0078999999999496,"failureMessages":[],"meta":{}},{"ancestorTitles":["HealthChecker","checkHealth"],"fullName":"HealthChecker checkHealth should return unhealthy status when any service is down","status":"passed","title":"should return unhealthy status when any service is down","duration":0.3811000000000604,"failureMessages":[],"meta":{}},{"ancestorTitles":["HealthChecker","checkHealth"],"fullName":"HealthChecker checkHealth should handle service check errors","status":"passed","title":"should handle service check errors","duration":0.48479999999995016,"failureMessages":[],"meta":{}},{"ancestorTitles":["HealthChecker","checkHealth"],"fullName":"HealthChecker checkHealth should measure response time","status":"passed","title":"should measure response time","duration":12.66820000000007,"failureMessages":[],"meta":{}},{"ancestorTitles":["HealthChecker","getUptime"],"fullName":"HealthChecker getUptime should return uptime in milliseconds","status":"passed","title":"should return uptime in milliseconds","duration":0.37239999999997053,"failureMessages":[],"meta":{}},{"ancestorTitles":["HealthChecker","helper functions","createHealthCheck"],"fullName":"HealthChecker helper functions createHealthCheck should return the check function","status":"passed","title":"should return the check function","duration":0.31740000000002055,"failureMessages":[],"meta":{}},{"ancestorTitles":["HealthChecker","helper functions","databaseHealthCheck"],"fullName":"HealthChecker helper functions databaseHealthCheck should return true for valid connection string","status":"passed","title":"should return true for valid connection string","duration":0.2817000000000007,"failureMessages":[],"meta":{}},{"ancestorTitles":["HealthChecker","helper functions","databaseHealthCheck"],"fullName":"HealthChecker helper functions databaseHealthCheck should return false for empty connection string","status":"passed","title":"should return false for empty connection string","duration":0.2516000000000531,"failureMessages":[],"meta":{}},{"ancestorTitles":["HealthChecker","helper functions","redisHealthCheck"],"fullName":"HealthChecker helper functions redisHealthCheck should return true for valid redis URL","status":"passed","title":"should return true for valid redis URL","duration":0.33190000000001874,"failureMessages":[],"meta":{}},{"ancestorTitles":["HealthChecker","helper functions","redisHealthCheck"],"fullName":"HealthChecker helper functions redisHealthCheck should return false for invalid redis URL","status":"passed","title":"should return false for invalid redis URL","duration":0.23739999999997963,"failureMessages":[],"meta":{}},{"ancestorTitles":["HealthChecker","singleton instance"],"fullName":"HealthChecker singleton instance should export a singleton healthChecker instance","status":"passed","title":"should export a singleton healthChecker instance","duration":0.22490000000004784,"failureMessages":[],"meta":{}}],"startTime":1759353128136,"endTime":1759353128163.3318,"status":"passed","message":"","name":"C:/Users/Usuario/ECONEURA-/ECONEURA-/.disabled-packages/20251001-174857/shared/dist/__tests__/health.test.js"},{"assertionResults":[{"ancestorTitles":["HealthChecker","constructor"],"fullName":"HealthChecker constructor should create a new HealthChecker instance","status":"passed","title":"should create a new HealthChecker instance","duration":3.532699999999977,"failureMessages":[],"meta":{}},{"ancestorTitles":["HealthChecker","registerService"],"fullName":"HealthChecker registerService should register a service check","status":"passed","title":"should register a service check","duration":5.099399999999946,"failureMessages":[],"meta":{}},{"ancestorTitles":["HealthChecker","checkHealth"],"fullName":"HealthChecker checkHealth should return healthy status when all services are up","status":"passed","title":"should return healthy status when all services are up","duration":0.9307000000000016,"failureMessages":[],"meta":{}},{"ancestorTitles":["HealthChecker","checkHealth"],"fullName":"HealthChecker checkHealth should return unhealthy status when any service is down","status":"passed","title":"should return unhealthy status when any service is down","duration":0.36429999999995744,"failureMessages":[],"meta":{}},{"ancestorTitles":["HealthChecker","checkHealth"],"fullName":"HealthChecker checkHealth should handle service check errors","status":"passed","title":"should handle service check errors","duration":0.43220000000007985,"failureMessages":[],"meta":{}},{"ancestorTitles":["HealthChecker","checkHealth"],"fullName":"HealthChecker checkHealth should measure response time","status":"passed","title":"should measure response time","duration":12.166899999999941,"failureMessages":[],"meta":{}},{"ancestorTitles":["HealthChecker","getUptime"],"fullName":"HealthChecker getUptime should return uptime in milliseconds","status":"passed","title":"should return uptime in milliseconds","duration":0.3402999999999565,"failureMessages":[],"meta":{}},{"ancestorTitles":["HealthChecker","helper functions","createHealthCheck"],"fullName":"HealthChecker helper functions createHealthCheck should return the check function","status":"passed","title":"should return the check function","duration":0.2985999999999649,"failureMessages":[],"meta":{}},{"ancestorTitles":["HealthChecker","helper functions","databaseHealthCheck"],"fullName":"HealthChecker helper functions databaseHealthCheck should return true for valid connection string","status":"passed","title":"should return true for valid connection string","duration":0.3705999999999676,"failureMessages":[],"meta":{}},{"ancestorTitles":["HealthChecker","helper functions","databaseHealthCheck"],"fullName":"HealthChecker helper functions databaseHealthCheck should return false for empty connection string","status":"passed","title":"should return false for empty connection string","duration":0.21539999999993142,"failureMessages":[],"meta":{}},{"ancestorTitles":["HealthChecker","helper functions","redisHealthCheck"],"fullName":"HealthChecker helper functions redisHealthCheck should return true for valid redis URL","status":"passed","title":"should return true for valid redis URL","duration":0.3553999999999178,"failureMessages":[],"meta":{}},{"ancestorTitles":["HealthChecker","helper functions","redisHealthCheck"],"fullName":"HealthChecker helper functions redisHealthCheck should return false for invalid redis URL","status":"passed","title":"should return false for invalid redis URL","duration":0.2678999999999405,"failureMessages":[],"meta":{}},{"ancestorTitles":["HealthChecker","singleton instance"],"fullName":"HealthChecker singleton instance should export a singleton healthChecker instance","status":"passed","title":"should export a singleton healthChecker instance","duration":0.24480000000005475,"failureMessages":[],"meta":{}}],"startTime":1759353128221,"endTime":1759353128246.3555,"status":"passed","message":"","name":"C:/Users/Usuario/ECONEURA-/ECONEURA-/.disabled-packages/20251001-174857/shared/dist/__tests__/health.test.js"},{"assertionResults":[],"startTime":1759353107170,"endTime":1759353107170,"status":"failed","message":"Failed to load url C:/Users/Usuario/ECONEURA-/test/setup.ts (resolved id: C:/Users/Usuario/ECONEURA-/test/setup.ts). Does the file exist?","name":"C:/Users/Usuario/ECONEURA-/ECONEURA-/.disabled-packages/20251001-174857/shared/dist/__tests__/logging.test.js"},{"assertionResults":[{"ancestorTitles":["Logging Module"],"fullName":"Logging Module should be testable","status":"passed","title":"should be testable","duration":1.887200000000007,"failureMessages":[],"meta":{}},{"ancestorTitles":["Logging Module"],"fullName":"Logging Module should handle log levels","status":"passed","title":"should handle log levels","duration":1.4113999999999578,"failureMessages":[],"meta":{}}],"startTime":1759353136959,"endTime":1759353136962.4114,"status":"passed","message":"","name":"C:/Users/Usuario/ECONEURA-/ECONEURA-/.disabled-packages/20251001-174857/shared/dist/__tests__/logging.test.js"},{"assertionResults":[{"ancestorTitles":["Logging Module"],"fullName":"Logging Module should be testable","status":"passed","title":"should be testable","duration":3.032600000000002,"failureMessages":[],"meta":{}},{"ancestorTitles":["Logging Module"],"fullName":"Logging Module should handle log levels","status":"passed","title":"should handle log levels","duration":1.5300999999999476,"failureMessages":[],"meta":{}}],"startTime":1759353137197,"endTime":1759353137201.53,"status":"passed","message":"","name":"C:/Users/Usuario/ECONEURA-/ECONEURA-/.disabled-packages/20251001-174857/shared/dist/__tests__/logging.test.js"},{"assertionResults":[],"startTime":1759353107170,"endTime":1759353107170,"status":"failed","message":"Failed to load url C:/Users/Usuario/ECONEURA-/test/setup.ts (resolved id: C:/Users/Usuario/ECONEURA-/test/setup.ts). Does the file exist?","name":"C:/Users/Usuario/ECONEURA-/ECONEURA-/.disabled-packages/20251001-174857/shared/dist/__tests__/middleware.test.js"},{"assertionResults":[{"ancestorTitles":["Middleware Module","corsMiddleware"],"fullName":"Middleware Module corsMiddleware should set CORS headers for regular requests","status":"passed","title":"should set CORS headers for regular requests","duration":6.54079999999999,"failureMessages":[],"meta":{}},{"ancestorTitles":["Middleware Module","corsMiddleware"],"fullName":"Middleware Module corsMiddleware should handle OPTIONS requests","status":"passed","title":"should handle OPTIONS requests","duration":1.3360000000000127,"failureMessages":[],"meta":{}},{"ancestorTitles":["Middleware Module","corsMiddleware"],"fullName":"Middleware Module corsMiddleware should use custom origin","status":"passed","title":"should use custom origin","duration":0.5786000000000513,"failureMessages":[],"meta":{}},{"ancestorTitles":["Middleware Module","requestLogger"],"fullName":"Middleware Module requestLogger should log requests","status":"passed","title":"should log requests","duration":19.514200000000073,"failureMessages":[],"meta":{}},{"ancestorTitles":["Middleware Module","errorHandler"],"fullName":"Middleware Module errorHandler should intercept error status codes and set content type","status":"passed","title":"should intercept error status codes and set content type","duration":0.9884999999999309,"failureMessages":[],"meta":{}},{"ancestorTitles":["Middleware Module","errorHandler"],"fullName":"Middleware Module errorHandler should not set content type for successful responses","status":"passed","title":"should not set content type for successful responses","duration":0.5337000000000671,"failureMessages":[],"meta":{}}],"startTime":1759353129035,"endTime":1759353129066.5337,"status":"passed","message":"","name":"C:/Users/Usuario/ECONEURA-/ECONEURA-/.disabled-packages/20251001-174857/shared/dist/__tests__/middleware.test.js"},{"assertionResults":[{"ancestorTitles":["Middleware Module","corsMiddleware"],"fullName":"Middleware Module corsMiddleware should set CORS headers for regular requests","status":"passed","title":"should set CORS headers for regular requests","duration":6.780899999999974,"failureMessages":[],"meta":{}},{"ancestorTitles":["Middleware Module","corsMiddleware"],"fullName":"Middleware Module corsMiddleware should handle OPTIONS requests","status":"passed","title":"should handle OPTIONS requests","duration":1.8701999999999543,"failureMessages":[],"meta":{}},{"ancestorTitles":["Middleware Module","corsMiddleware"],"fullName":"Middleware Module corsMiddleware should use custom origin","status":"passed","title":"should use custom origin","duration":0.6206999999999425,"failureMessages":[],"meta":{}},{"ancestorTitles":["Middleware Module","requestLogger"],"fullName":"Middleware Module requestLogger should log requests","status":"passed","title":"should log requests","duration":16.47840000000008,"failureMessages":[],"meta":{}},{"ancestorTitles":["Middleware Module","errorHandler"],"fullName":"Middleware Module errorHandler should intercept error status codes and set content type","status":"passed","title":"should intercept error status codes and set content type","duration":1.824200000000019,"failureMessages":[],"meta":{}},{"ancestorTitles":["Middleware Module","errorHandler"],"fullName":"Middleware Module errorHandler should not set content type for successful responses","status":"passed","title":"should not set content type for successful responses","duration":0.7775000000000318,"failureMessages":[],"meta":{}}],"startTime":1759353129118,"endTime":1759353129146.8242,"status":"passed","message":"","name":"C:/Users/Usuario/ECONEURA-/ECONEURA-/.disabled-packages/20251001-174857/shared/dist/__tests__/middleware.test.js"},{"assertionResults":[],"startTime":1759353107170,"endTime":1759353107170,"status":"failed","message":"Failed to load url C:/Users/Usuario/ECONEURA-/test/setup.ts (resolved id: C:/Users/Usuario/ECONEURA-/test/setup.ts). Does the file exist?","name":"C:/Users/Usuario/ECONEURA-/ECONEURA-/.disabled-packages/20251001-174857/shared/dist/__tests__/rate-limiter.test.js"},{"assertionResults":[{"ancestorTitles":["RateLimiter","constructor"],"fullName":"RateLimiter constructor should create with default values","status":"passed","title":"should create with default values","duration":2.0188000000000557,"failureMessages":[],"meta":{}},{"ancestorTitles":["RateLimiter","constructor"],"fullName":"RateLimiter constructor should create with custom values","status":"passed","title":"should create with custom values","duration":0.358600000000024,"failureMessages":[],"meta":{}},{"ancestorTitles":["RateLimiter","isAllowed"],"fullName":"RateLimiter isAllowed should allow first request","status":"passed","title":"should allow first request","duration":0.32529999999997017,"failureMessages":[],"meta":{}},{"ancestorTitles":["RateLimiter","isAllowed"],"fullName":"RateLimiter isAllowed should allow requests within limit","status":"passed","title":"should allow requests within limit","duration":0.23090000000001965,"failureMessages":[],"meta":{}},{"ancestorTitles":["RateLimiter","isAllowed"],"fullName":"RateLimiter isAllowed should block requests over limit","status":"passed","title":"should block requests over limit","duration":0.21500000000003183,"failureMessages":[],"meta":{}},{"ancestorTitles":["RateLimiter","isAllowed"],"fullName":"RateLimiter isAllowed should reset after window expires","status":"passed","title":"should reset after window expires","duration":3.235900000000015,"failureMessages":[],"meta":{}},{"ancestorTitles":["RateLimiter","isAllowed"],"fullName":"RateLimiter isAllowed should handle different keys independently","status":"passed","title":"should handle different keys independently","duration":1.709699999999998,"failureMessages":[],"meta":{}},{"ancestorTitles":["RateLimiter","getRemainingRequests"],"fullName":"RateLimiter getRemainingRequests should return max requests for new key","status":"passed","title":"should return max requests for new key","duration":0.7798999999999978,"failureMessages":[],"meta":{}},{"ancestorTitles":["RateLimiter","getRemainingRequests"],"fullName":"RateLimiter getRemainingRequests should decrease remaining requests","status":"passed","title":"should decrease remaining requests","duration":0.5400999999999385,"failureMessages":[],"meta":{}},{"ancestorTitles":["RateLimiter","getRemainingRequests"],"fullName":"RateLimiter getRemainingRequests should not go below zero","status":"passed","title":"should not go below zero","duration":0.33209999999996853,"failureMessages":[],"meta":{}},{"ancestorTitles":["RateLimiter","getResetTime"],"fullName":"RateLimiter getResetTime should return future time for new key","status":"passed","title":"should return future time for new key","duration":0.46469999999999345,"failureMessages":[],"meta":{}},{"ancestorTitles":["RateLimiter","getResetTime"],"fullName":"RateLimiter getResetTime should return same reset time for existing key","status":"passed","title":"should return same reset time for existing key","duration":0.2860999999999194,"failureMessages":[],"meta":{}},{"ancestorTitles":["RateLimiter","clear"],"fullName":"RateLimiter clear should clear all entries","status":"passed","title":"should clear all entries","duration":0.3967000000000098,"failureMessages":[],"meta":{}},{"ancestorTitles":["createRateLimitMiddleware"],"fullName":"createRateLimitMiddleware should allow requests within limit","status":"passed","title":"should allow requests within limit","duration":4.289300000000026,"failureMessages":[],"meta":{}},{"ancestorTitles":["createRateLimitMiddleware"],"fullName":"createRateLimitMiddleware should block requests over limit","status":"passed","title":"should block requests over limit","duration":3.5937000000000126,"failureMessages":[],"meta":{}},{"ancestorTitles":["createRateLimitMiddleware"],"fullName":"createRateLimitMiddleware should use custom key function","status":"passed","title":"should use custom key function","duration":0.723700000000008,"failureMessages":[],"meta":{}},{"ancestorTitles":["createRateLimitMiddleware"],"fullName":"createRateLimitMiddleware should use anonymous key by default","status":"passed","title":"should use anonymous key by default","duration":0.4639000000000806,"failureMessages":[],"meta":{}}],"startTime":1759353126663,"endTime":1759353126684.4639,"status":"passed","message":"","name":"C:/Users/Usuario/ECONEURA-/ECONEURA-/.disabled-packages/20251001-174857/shared/dist/__tests__/rate-limiter.test.js"},{"assertionResults":[{"ancestorTitles":["RateLimiter","constructor"],"fullName":"RateLimiter constructor should create with default values","status":"passed","title":"should create with default values","duration":1.9634999999999536,"failureMessages":[],"meta":{}},{"ancestorTitles":["RateLimiter","constructor"],"fullName":"RateLimiter constructor should create with custom values","status":"passed","title":"should create with custom values","duration":0.32980000000009113,"failureMessages":[],"meta":{}},{"ancestorTitles":["RateLimiter","isAllowed"],"fullName":"RateLimiter isAllowed should allow first request","status":"passed","title":"should allow first request","duration":0.3249999999999318,"failureMessages":[],"meta":{}},{"ancestorTitles":["RateLimiter","isAllowed"],"fullName":"RateLimiter isAllowed should allow requests within limit","status":"passed","title":"should allow requests within limit","duration":2.4669999999999845,"failureMessages":[],"meta":{}},{"ancestorTitles":["RateLimiter","isAllowed"],"fullName":"RateLimiter isAllowed should block requests over limit","status":"passed","title":"should block requests over limit","duration":0.3663999999999987,"failureMessages":[],"meta":{}},{"ancestorTitles":["RateLimiter","isAllowed"],"fullName":"RateLimiter isAllowed should reset after window expires","status":"passed","title":"should reset after window expires","duration":2.617599999999925,"failureMessages":[],"meta":{}},{"ancestorTitles":["RateLimiter","isAllowed"],"fullName":"RateLimiter isAllowed should handle different keys independently","status":"passed","title":"should handle different keys independently","duration":0.32540000000005875,"failureMessages":[],"meta":{}},{"ancestorTitles":["RateLimiter","getRemainingRequests"],"fullName":"RateLimiter getRemainingRequests should return max requests for new key","status":"passed","title":"should return max requests for new key","duration":0.28339999999991505,"failureMessages":[],"meta":{}},{"ancestorTitles":["RateLimiter","getRemainingRequests"],"fullName":"RateLimiter getRemainingRequests should decrease remaining requests","status":"passed","title":"should decrease remaining requests","duration":0.3188999999999851,"failureMessages":[],"meta":{}},{"ancestorTitles":["RateLimiter","getRemainingRequests"],"fullName":"RateLimiter getRemainingRequests should not go below zero","status":"passed","title":"should not go below zero","duration":0.1897999999999911,"failureMessages":[],"meta":{}},{"ancestorTitles":["RateLimiter","getResetTime"],"fullName":"RateLimiter getResetTime should return future time for new key","status":"passed","title":"should return future time for new key","duration":0.3086000000000695,"failureMessages":[],"meta":{}},{"ancestorTitles":["RateLimiter","getResetTime"],"fullName":"RateLimiter getResetTime should return same reset time for existing key","status":"passed","title":"should return same reset time for existing key","duration":0.19399999999995998,"failureMessages":[],"meta":{}},{"ancestorTitles":["RateLimiter","clear"],"fullName":"RateLimiter clear should clear all entries","status":"passed","title":"should clear all entries","duration":0.334699999999998,"failureMessages":[],"meta":{}},{"ancestorTitles":["createRateLimitMiddleware"],"fullName":"createRateLimitMiddleware should allow requests within limit","status":"passed","title":"should allow requests within limit","duration":3.966000000000008,"failureMessages":[],"meta":{}},{"ancestorTitles":["createRateLimitMiddleware"],"fullName":"createRateLimitMiddleware should block requests over limit","status":"passed","title":"should block requests over limit","duration":3.02699999999993,"failureMessages":[],"meta":{}},{"ancestorTitles":["createRateLimitMiddleware"],"fullName":"createRateLimitMiddleware should use custom key function","status":"passed","title":"should use custom key function","duration":0.6600999999999431,"failureMessages":[],"meta":{}},{"ancestorTitles":["createRateLimitMiddleware"],"fullName":"createRateLimitMiddleware should use anonymous key by default","status":"passed","title":"should use anonymous key by default","duration":0.41410000000007585,"failureMessages":[],"meta":{}}],"startTime":1759353127318,"endTime":1759353127337.414,"status":"passed","message":"","name":"C:/Users/Usuario/ECONEURA-/ECONEURA-/.disabled-packages/20251001-174857/shared/dist/__tests__/rate-limiter.test.js"},{"assertionResults":[],"startTime":1759353107170,"endTime":1759353107170,"status":"failed","message":"Failed to load url C:/Users/Usuario/ECONEURA-/test/setup.ts (resolved id: C:/Users/Usuario/ECONEURA-/test/setup.ts). Does the file exist?","name":"C:/Users/Usuario/ECONEURA-/ECONEURA-/.disabled-packages/20251001-174857/shared/dist/__tests__/retry.test.js"},{"assertionResults":[{"ancestorTitles":["Retry Module","withRetry"],"fullName":"Retry Module withRetry should return result on first attempt","status":"passed","title":"should return result on first attempt","duration":3.364599999999996,"failureMessages":[],"meta":{}},{"ancestorTitles":["Retry Module","withRetry"],"fullName":"Retry Module withRetry should retry on failure and succeed","status":"passed","title":"should retry on failure and succeed","duration":11.722899999999981,"failureMessages":[],"meta":{}},{"ancestorTitles":["Retry Module","withRetry"],"fullName":"Retry Module withRetry should fail after max attempts","status":"passed","title":"should fail after max attempts","duration":18.302700000000073,"failureMessages":[],"meta":{}},{"ancestorTitles":["Retry Module","withRetry"],"fullName":"Retry Module withRetry should use custom retry condition","status":"passed","title":"should use custom retry condition","duration":4.766799999999989,"failureMessages":[],"meta":{}},{"ancestorTitles":["Retry Module","withRetry"],"fullName":"Retry Module withRetry should not retry when condition returns false","status":"passed","title":"should not retry when condition returns false","duration":0.8799999999999955,"failureMessages":[],"meta":{}},{"ancestorTitles":["Retry Module","defaultRetryOptions"],"fullName":"Retry Module defaultRetryOptions should have sensible defaults","status":"passed","title":"should have sensible defaults","duration":0.5091999999999643,"failureMessages":[],"meta":{}},{"ancestorTitles":["Retry Module","defaultRetryOptions"],"fullName":"Retry Module defaultRetryOptions should retry on network errors","status":"passed","title":"should retry on network errors","duration":0.5174999999999272,"failureMessages":[],"meta":{}}],"startTime":1759353132749,"endTime":1759353132789.5176,"status":"passed","message":"","name":"C:/Users/Usuario/ECONEURA-/ECONEURA-/.disabled-packages/20251001-174857/shared/dist/__tests__/retry.test.js"},{"assertionResults":[{"ancestorTitles":["Retry Module","withRetry"],"fullName":"Retry Module withRetry should return result on first attempt","status":"passed","title":"should return result on first attempt","duration":5.346700000000055,"failureMessages":[],"meta":{}},{"ancestorTitles":["Retry Module","withRetry"],"fullName":"Retry Module withRetry should retry on failure and succeed","status":"passed","title":"should retry on failure and succeed","duration":17.019199999999955,"failureMessages":[],"meta":{}},{"ancestorTitles":["Retry Module","withRetry"],"fullName":"Retry Module withRetry should fail after max attempts","status":"passed","title":"should fail after max attempts","duration":3.40930000000003,"failureMessages":[],"meta":{}},{"ancestorTitles":["Retry Module","withRetry"],"fullName":"Retry Module withRetry should use custom retry condition","status":"passed","title":"should use custom retry condition","duration":18.781600000000026,"failureMessages":[],"meta":{}},{"ancestorTitles":["Retry Module","withRetry"],"fullName":"Retry Module withRetry should not retry when condition returns false","status":"passed","title":"should not retry when condition returns false","duration":0.8697999999999411,"failureMessages":[],"meta":{}},{"ancestorTitles":["Retry Module","defaultRetryOptions"],"fullName":"Retry Module defaultRetryOptions should have sensible defaults","status":"passed","title":"should have sensible defaults","duration":0.5558999999999514,"failureMessages":[],"meta":{}},{"ancestorTitles":["Retry Module","defaultRetryOptions"],"fullName":"Retry Module defaultRetryOptions should retry on network errors","status":"passed","title":"should retry on network errors","duration":0.5512999999999693,"failureMessages":[],"meta":{}}],"startTime":1759353133191,"endTime":1759353133238.556,"status":"passed","message":"","name":"C:/Users/Usuario/ECONEURA-/ECONEURA-/.disabled-packages/20251001-174857/shared/dist/__tests__/retry.test.js"},{"assertionResults":[],"startTime":1759353107170,"endTime":1759353107170,"status":"failed","message":"Failed to load url C:/Users/Usuario/ECONEURA-/test/setup.ts (resolved id: C:/Users/Usuario/ECONEURA-/test/setup.ts). Does the file exist?","name":"C:/Users/Usuario/ECONEURA-/ECONEURA-/.disabled-packages/20251001-174857/shared/dist/__tests__/validation.test.js"},{"assertionResults":[{"ancestorTitles":["Validation Module","validateEmail"],"fullName":"Validation Module validateEmail should validate correct email addresses","status":"passed","title":"should validate correct email addresses","duration":3.5901000000000067,"failureMessages":[],"meta":{}},{"ancestorTitles":["Validation Module","validateEmail"],"fullName":"Validation Module validateEmail should reject invalid email addresses","status":"passed","title":"should reject invalid email addresses","duration":0.8908999999999878,"failureMessages":[],"meta":{}},{"ancestorTitles":["Validation Module","validateUUID"],"fullName":"Validation Module validateUUID should validate correct UUID v4 format","status":"passed","title":"should validate correct UUID v4 format","duration":0.37029999999992924,"failureMessages":[],"meta":{}},{"ancestorTitles":["Validation Module","validateUUID"],"fullName":"Validation Module validateUUID should reject invalid UUID formats","status":"passed","title":"should reject invalid UUID formats","duration":0.5213999999999714,"failureMessages":[],"meta":{}},{"ancestorTitles":["Validation Module","validateData"],"fullName":"Validation Module validateData should validate data against Zod schema successfully","status":"passed","title":"should validate data against Zod schema successfully","duration":2.6847000000000207,"failureMessages":[],"meta":{}},{"ancestorTitles":["Validation Module","validateData"],"fullName":"Validation Module validateData should return errors for invalid data","status":"passed","title":"should return errors for invalid data","duration":1.2761000000000422,"failureMessages":[],"meta":{}},{"ancestorTitles":["Validation Module","validateData"],"fullName":"Validation Module validateData should handle simple schemas","status":"passed","title":"should handle simple schemas","duration":0.5620999999999867,"failureMessages":[],"meta":{}},{"ancestorTitles":["Validation Module","validateData"],"fullName":"Validation Module validateData should validate with custom error messages","status":"passed","title":"should validate with custom error messages","duration":1.2026999999999362,"failureMessages":[],"meta":{}}],"startTime":1759353129995,"endTime":1759353130007.2026,"status":"passed","message":"","name":"C:/Users/Usuario/ECONEURA-/ECONEURA-/.disabled-packages/20251001-174857/shared/dist/__tests__/validation.test.js"},{"assertionResults":[{"ancestorTitles":["Validation Module","validateEmail"],"fullName":"Validation Module validateEmail should validate correct email addresses","status":"passed","title":"should validate correct email addresses","duration":3.251399999999876,"failureMessages":[],"meta":{}},{"ancestorTitles":["Validation Module","validateEmail"],"fullName":"Validation Module validateEmail should reject invalid email addresses","status":"passed","title":"should reject invalid email addresses","duration":0.8263999999999214,"failureMessages":[],"meta":{}},{"ancestorTitles":["Validation Module","validateUUID"],"fullName":"Validation Module validateUUID should validate correct UUID v4 format","status":"passed","title":"should validate correct UUID v4 format","duration":0.3364999999998872,"failureMessages":[],"meta":{}},{"ancestorTitles":["Validation Module","validateUUID"],"fullName":"Validation Module validateUUID should reject invalid UUID formats","status":"passed","title":"should reject invalid UUID formats","duration":1.84699999999998,"failureMessages":[],"meta":{}},{"ancestorTitles":["Validation Module","validateData"],"fullName":"Validation Module validateData should validate data against Zod schema successfully","status":"passed","title":"should validate data against Zod schema successfully","duration":4.552300000000059,"failureMessages":[],"meta":{}},{"ancestorTitles":["Validation Module","validateData"],"fullName":"Validation Module validateData should return errors for invalid data","status":"passed","title":"should return errors for invalid data","duration":1.1655000000000655,"failureMessages":[],"meta":{}},{"ancestorTitles":["Validation Module","validateData"],"fullName":"Validation Module validateData should handle simple schemas","status":"passed","title":"should handle simple schemas","duration":0.4936000000000149,"failureMessages":[],"meta":{}},{"ancestorTitles":["Validation Module","validateData"],"fullName":"Validation Module validateData should validate with custom error messages","status":"passed","title":"should validate with custom error messages","duration":1.1043999999999414,"failureMessages":[],"meta":{}}],"startTime":1759353130852,"endTime":1759353130867.1045,"status":"passed","message":"","name":"C:/Users/Usuario/ECONEURA-/ECONEURA-/.disabled-packages/20251001-174857/shared/dist/__tests__/validation.test.js"},{"assertionResults":[],"startTime":1759353107170,"endTime":1759353107170,"status":"failed","message":"Failed to load url C:/Users/Usuario/ECONEURA-/test/setup.ts (resolved id: C:/Users/Usuario/ECONEURA-/test/setup.ts). Does the file exist?","name":"C:/Users/Usuario/ECONEURA-/ECONEURA-/.disabled-packages/20251001-175256/shared/src/__tests__/config.test.ts"},{"assertionResults":[{"ancestorTitles":["Config Module"],"fullName":"Config Module should validate required environment variables","status":"passed","title":"should validate required environment variables","duration":2.570399999999836,"failureMessages":[],"meta":{}},{"ancestorTitles":["Config Module"],"fullName":"Config Module should validate URL formats","status":"passed","title":"should validate URL formats","duration":6.97810000000004,"failureMessages":[],"meta":{}},{"ancestorTitles":["Config Module"],"fullName":"Config Module should validate JWT secret minimum length","status":"passed","title":"should validate JWT secret minimum length","duration":2.479000000000042,"failureMessages":[],"meta":{}},{"ancestorTitles":["Config Module"],"fullName":"Config Module should validate numeric transformations","status":"passed","title":"should validate numeric transformations","duration":1.9010000000000673,"failureMessages":[],"meta":{}},{"ancestorTitles":["Config Module"],"fullName":"Config Module should validate enum values","status":"passed","title":"should validate enum values","duration":2.560999999999922,"failureMessages":[],"meta":{}},{"ancestorTitles":["Config Module"],"fullName":"Config Module should handle default values correctly","status":"passed","title":"should handle default values correctly","duration":1.4752000000000862,"failureMessages":[],"meta":{}},{"ancestorTitles":["Config Module"],"fullName":"Config Module should validate Azure OpenAI configuration","status":"passed","title":"should validate Azure OpenAI configuration","duration":0.9304999999999382,"failureMessages":[],"meta":{}}],"startTime":1759353132353,"endTime":1759353132371.9304,"status":"passed","message":"","name":"C:/Users/Usuario/ECONEURA-/ECONEURA-/.disabled-packages/20251001-175256/shared/src/__tests__/config.test.ts"},{"assertionResults":[{"ancestorTitles":["Config Module"],"fullName":"Config Module should validate required environment variables","status":"passed","title":"should validate required environment variables","duration":2.893100000000004,"failureMessages":[],"meta":{}},{"ancestorTitles":["Config Module"],"fullName":"Config Module should validate URL formats","status":"passed","title":"should validate URL formats","duration":7.758699999999976,"failureMessages":[],"meta":{}},{"ancestorTitles":["Config Module"],"fullName":"Config Module should validate JWT secret minimum length","status":"passed","title":"should validate JWT secret minimum length","duration":2.79849999999999,"failureMessages":[],"meta":{}},{"ancestorTitles":["Config Module"],"fullName":"Config Module should validate numeric transformations","status":"passed","title":"should validate numeric transformations","duration":2.056799999999953,"failureMessages":[],"meta":{}},{"ancestorTitles":["Config Module"],"fullName":"Config Module should validate enum values","status":"passed","title":"should validate enum values","duration":2.8138000000000147,"failureMessages":[],"meta":{}},{"ancestorTitles":["Config Module"],"fullName":"Config Module should handle default values correctly","status":"passed","title":"should handle default values correctly","duration":1.5821000000000822,"failureMessages":[],"meta":{}},{"ancestorTitles":["Config Module"],"fullName":"Config Module should validate Azure OpenAI configuration","status":"passed","title":"should validate Azure OpenAI configuration","duration":0.9896999999999707,"failureMessages":[],"meta":{}}],"startTime":1759353132637,"endTime":1759353132657.9897,"status":"passed","message":"","name":"C:/Users/Usuario/ECONEURA-/ECONEURA-/.disabled-packages/20251001-175256/shared/src/__tests__/config.test.ts"},{"assertionResults":[],"startTime":1759353107170,"endTime":1759353107170,"status":"failed","message":"Failed to load url C:/Users/Usuario/ECONEURA-/test/setup.ts (resolved id: C:/Users/Usuario/ECONEURA-/test/setup.ts). Does the file exist?","name":"C:/Users/Usuario/ECONEURA-/ECONEURA-/.disabled-packages/20251001-175256/shared/src/__tests__/errors.test.ts"},{"assertionResults":[{"ancestorTitles":["Errors Module"],"fullName":"Errors Module should be testable","status":"passed","title":"should be testable","duration":1.9581000000000586,"failureMessages":[],"meta":{}},{"ancestorTitles":["Errors Module"],"fullName":"Errors Module should handle basic error logic","status":"passed","title":"should handle basic error logic","duration":0.8818999999999733,"failureMessages":[],"meta":{}}],"startTime":1759353138861,"endTime":1759353138864.8818,"status":"passed","message":"","name":"C:/Users/Usuario/ECONEURA-/ECONEURA-/.disabled-packages/20251001-175256/shared/src/__tests__/errors.test.ts"},{"assertionResults":[{"ancestorTitles":["Errors Module"],"fullName":"Errors Module should be testable","status":"passed","title":"should be testable","duration":1.8102999999999838,"failureMessages":[],"meta":{}},{"ancestorTitles":["Errors Module"],"fullName":"Errors Module should handle basic error logic","status":"passed","title":"should handle basic error logic","duration":0.29150000000004184,"failureMessages":[],"meta":{}}],"startTime":1759353139368,"endTime":1759353139370.2915,"status":"passed","message":"","name":"C:/Users/Usuario/ECONEURA-/ECONEURA-/.disabled-packages/20251001-175256/shared/src/__tests__/errors.test.ts"},{"assertionResults":[],"startTime":1759353107170,"endTime":1759353107170,"status":"failed","message":"Failed to load url C:/Users/Usuario/ECONEURA-/test/setup.ts (resolved id: C:/Users/Usuario/ECONEURA-/test/setup.ts). Does the file exist?","name":"C:/Users/Usuario/ECONEURA-/ECONEURA-/.disabled-packages/20251001-175256/shared/src/__tests__/health.test.ts"},{"assertionResults":[],"startTime":1759353107170,"endTime":1759353107170,"status":"failed","message":"Failed to load url ../health (resolved id: ../health) in C:/Users/Usuario/ECONEURA-/ECONEURA-/.disabled-packages/20251001-175256/shared/src/__tests__/health.test.ts. Does the file exist?","name":"C:/Users/Usuario/ECONEURA-/ECONEURA-/.disabled-packages/20251001-175256/shared/src/__tests__/health.test.ts"},{"assertionResults":[],"startTime":1759353107170,"endTime":1759353107170,"status":"failed","message":"Failed to load url ../health (resolved id: ../health) in C:/Users/Usuario/ECONEURA-/ECONEURA-/.disabled-packages/20251001-175256/shared/src/__tests__/health.test.ts. Does the file exist?","name":"C:/Users/Usuario/ECONEURA-/ECONEURA-/.disabled-packages/20251001-175256/shared/src/__tests__/health.test.ts"},{"assertionResults":[],"startTime":1759353107170,"endTime":1759353107170,"status":"failed","message":"Failed to load url C:/Users/Usuario/ECONEURA-/test/setup.ts (resolved id: C:/Users/Usuario/ECONEURA-/test/setup.ts). Does the file exist?","name":"C:/Users/Usuario/ECONEURA-/ECONEURA-/.disabled-packages/20251001-175256/shared/src/__tests__/logging.test.ts"},{"assertionResults":[{"ancestorTitles":["Logging Module"],"fullName":"Logging Module should be testable","status":"passed","title":"should be testable","duration":2.1277000000000044,"failureMessages":[],"meta":{}},{"ancestorTitles":["Logging Module"],"fullName":"Logging Module should handle log levels","status":"passed","title":"should handle log levels","duration":1.7343000000000757,"failureMessages":[],"meta":{}}],"startTime":1759353138669,"endTime":1759353138672.7344,"status":"passed","message":"","name":"C:/Users/Usuario/ECONEURA-/ECONEURA-/.disabled-packages/20251001-175256/shared/src/__tests__/logging.test.ts"},{"assertionResults":[{"ancestorTitles":["Logging Module"],"fullName":"Logging Module should be testable","status":"passed","title":"should be testable","duration":1.889599999999973,"failureMessages":[],"meta":{}},{"ancestorTitles":["Logging Module"],"fullName":"Logging Module should handle log levels","status":"passed","title":"should handle log levels","duration":1.370800000000031,"failureMessages":[],"meta":{}}],"startTime":1759353138692,"endTime":1759353138695.3708,"status":"passed","message":"","name":"C:/Users/Usuario/ECONEURA-/ECONEURA-/.disabled-packages/20251001-175256/shared/src/__tests__/logging.test.ts"},{"assertionResults":[],"startTime":1759353107170,"endTime":1759353107170,"status":"failed","message":"Failed to load url C:/Users/Usuario/ECONEURA-/test/setup.ts (resolved id: C:/Users/Usuario/ECONEURA-/test/setup.ts). Does the file exist?","name":"C:/Users/Usuario/ECONEURA-/ECONEURA-/.disabled-packages/20251001-175256/shared/src/__tests__/middleware.test.ts"},{"assertionResults":[],"startTime":1759353107170,"endTime":1759353107170,"status":"failed","message":"Failed to load url ../middleware.js (resolved id: ../middleware.js) in C:/Users/Usuario/ECONEURA-/ECONEURA-/.disabled-packages/20251001-175256/shared/src/__tests__/middleware.test.ts. Does the file exist?","name":"C:/Users/Usuario/ECONEURA-/ECONEURA-/.disabled-packages/20251001-175256/shared/src/__tests__/middleware.test.ts"},{"assertionResults":[],"startTime":1759353107170,"endTime":1759353107170,"status":"failed","message":"Failed to load url ../middleware.js (resolved id: ../middleware.js) in C:/Users/Usuario/ECONEURA-/ECONEURA-/.disabled-packages/20251001-175256/shared/src/__tests__/middleware.test.ts. Does the file exist?","name":"C:/Users/Usuario/ECONEURA-/ECONEURA-/.disabled-packages/20251001-175256/shared/src/__tests__/middleware.test.ts"},{"assertionResults":[],"startTime":1759353107170,"endTime":1759353107170,"status":"failed","message":"Failed to load url C:/Users/Usuario/ECONEURA-/test/setup.ts (resolved id: C:/Users/Usuario/ECONEURA-/test/setup.ts). Does the file exist?","name":"C:/Users/Usuario/ECONEURA-/ECONEURA-/.disabled-packages/20251001-175256/shared/src/__tests__/rate-limiter.test.ts"},{"assertionResults":[],"startTime":1759353107170,"endTime":1759353107170,"status":"failed","message":"Failed to load url ../rate-limiter.js (resolved id: ../rate-limiter.js) in C:/Users/Usuario/ECONEURA-/ECONEURA-/.disabled-packages/20251001-175256/shared/src/__tests__/rate-limiter.test.ts. Does the file exist?","name":"C:/Users/Usuario/ECONEURA-/ECONEURA-/.disabled-packages/20251001-175256/shared/src/__tests__/rate-limiter.test.ts"},{"assertionResults":[],"startTime":1759353107170,"endTime":1759353107170,"status":"failed","message":"Failed to load url ../rate-limiter.js (resolved id: ../rate-limiter.js) in C:/Users/Usuario/ECONEURA-/ECONEURA-/.disabled-packages/20251001-175256/shared/src/__tests__/rate-limiter.test.ts. Does the file exist?","name":"C:/Users/Usuario/ECONEURA-/ECONEURA-/.disabled-packages/20251001-175256/shared/src/__tests__/rate-limiter.test.ts"},{"assertionResults":[],"startTime":1759353107170,"endTime":1759353107170,"status":"failed","message":"Failed to load url C:/Users/Usuario/ECONEURA-/test/setup.ts (resolved id: C:/Users/Usuario/ECONEURA-/test/setup.ts). Does the file exist?","name":"C:/Users/Usuario/ECONEURA-/ECONEURA-/.disabled-packages/20251001-175256/shared/src/__tests__/retry.test.ts"},{"assertionResults":[],"startTime":1759353107170,"endTime":1759353107170,"status":"failed","message":"Failed to load url ../retry.js (resolved id: ../retry.js) in C:/Users/Usuario/ECONEURA-/ECONEURA-/.disabled-packages/20251001-175256/shared/src/__tests__/retry.test.ts. Does the file exist?","name":"C:/Users/Usuario/ECONEURA-/ECONEURA-/.disabled-packages/20251001-175256/shared/src/__tests__/retry.test.ts"},{"assertionResults":[],"startTime":1759353107170,"endTime":1759353107170,"status":"failed","message":"Failed to load url ../retry.js (resolved id: ../retry.js) in C:/Users/Usuario/ECONEURA-/ECONEURA-/.disabled-packages/20251001-175256/shared/src/__tests__/retry.test.ts. Does the file exist?","name":"C:/Users/Usuario/ECONEURA-/ECONEURA-/.disabled-packages/20251001-175256/shared/src/__tests__/retry.test.ts"},{"assertionResults":[],"startTime":1759353107170,"endTime":1759353107170,"status":"failed","message":"Failed to load url C:/Users/Usuario/ECONEURA-/test/setup.ts (resolved id: C:/Users/Usuario/ECONEURA-/test/setup.ts). Does the file exist?","name":"C:/Users/Usuario/ECONEURA-/ECONEURA-/.disabled-packages/20251001-175256/shared/src/__tests__/validation.test.ts"},{"assertionResults":[],"startTime":1759353107170,"endTime":1759353107170,"status":"failed","message":"Failed to load url ../validation.js (resolved id: ../validation.js) in C:/Users/Usuario/ECONEURA-/ECONEURA-/.disabled-packages/20251001-175256/shared/src/__tests__/validation.test.ts. Does the file exist?","name":"C:/Users/Usuario/ECONEURA-/ECONEURA-/.disabled-packages/20251001-175256/shared/src/__tests__/validation.test.ts"},{"assertionResults":[],"startTime":1759353107170,"endTime":1759353107170,"status":"failed","message":"Failed to load url ../validation.js (resolved id: ../validation.js) in C:/Users/Usuario/ECONEURA-/ECONEURA-/.disabled-packages/20251001-175256/shared/src/__tests__/validation.test.ts. Does the file exist?","name":"C:/Users/Usuario/ECONEURA-/ECONEURA-/.disabled-packages/20251001-175256/shared/src/__tests__/validation.test.ts"},{"assertionResults":[],"startTime":1759353107170,"endTime":1759353107170,"status":"failed","message":"Failed to load url C:/Users/Usuario/ECONEURA-/test/setup.ts (resolved id: C:/Users/Usuario/ECONEURA-/test/setup.ts). Does the file exist?","name":"C:/Users/Usuario/ECONEURA-/ECONEURA-/.disabled-packages/20251001-174857/cockpit/src/components/__tests__/AgentCard.busy.test.tsx"},{"assertionResults":[],"startTime":1759353107170,"endTime":1759353107170,"status":"failed","message":"Node is not defined","name":"C:/Users/Usuario/ECONEURA-/ECONEURA-/.disabled-packages/20251001-174857/cockpit/src/components/__tests__/AgentCard.busy.test.tsx"},{"assertionResults":[],"startTime":1759353107170,"endTime":1759353107170,"status":"failed","message":"Node is not defined","name":"C:/Users/Usuario/ECONEURA-/ECONEURA-/.disabled-packages/20251001-174857/cockpit/src/components/__tests__/AgentCard.busy.test.tsx"},{"assertionResults":[],"startTime":1759353107170,"endTime":1759353107170,"status":"failed","message":"Failed to load url C:/Users/Usuario/ECONEURA-/test/setup.ts (resolved id: C:/Users/Usuario/ECONEURA-/test/setup.ts). Does the file exist?","name":"C:/Users/Usuario/ECONEURA-/ECONEURA-/.disabled-packages/20251001-174857/cockpit/src/components/__tests__/AgentCard.test.tsx"},{"assertionResults":[],"startTime":1759353107170,"endTime":1759353107170,"status":"failed","message":"Node is not defined","name":"C:/Users/Usuario/ECONEURA-/ECONEURA-/.disabled-packages/20251001-174857/cockpit/src/components/__tests__/AgentCard.test.tsx"},{"assertionResults":[],"startTime":1759353107170,"endTime":1759353107170,"status":"failed","message":"Node is not defined","name":"C:/Users/Usuario/ECONEURA-/ECONEURA-/.disabled-packages/20251001-174857/cockpit/src/components/__tests__/AgentCard.test.tsx"}]}