{"numTotalTestSuites":195,"numPassedTestSuites":195,"numFailedTestSuites":0,"numPendingTestSuites":0,"numTotalTests":318,"numPassedTests":318,"numFailedTests":0,"numPendingTests":0,"numTodoTests":0,"snapshot":{"added":0,"failure":false,"filesAdded":0,"filesRemoved":0,"filesRemovedList":[],"filesUnmatched":0,"filesUpdated":0,"matched":0,"total":0,"unchecked":0,"uncheckedKeysByFile":[],"unmatched":0,"updated":0,"didUpdate":false},"startTime":1759391344062,"success":true,"testResults":[{"assertionResults":[{"ancestorTitles":["EconeuraCockpit","Login Flow"],"fullName":"EconeuraCockpit Login Flow should show login button initially","status":"passed","title":"should show login button initially","duration":438.5118999999995,"failureMessages":[],"meta":{}},{"ancestorTitles":["EconeuraCockpit","Login Flow"],"fullName":"EconeuraCockpit Login Flow should login and show cockpit interface","status":"passed","title":"should login and show cockpit interface","duration":681.4667,"failureMessages":[],"meta":{}},{"ancestorTitles":["EconeuraCockpit","Login Flow"],"fullName":"EconeuraCockpit Login Flow should set bearer token on login","status":"passed","title":"should set bearer token on login","duration":601.9339999999993,"failureMessages":[],"meta":{}},{"ancestorTitles":["EconeuraCockpit","Agent Search"],"fullName":"EconeuraCockpit Agent Search should filter agents by name","status":"passed","title":"should filter agents by name","duration":495.5553,"failureMessages":[],"meta":{}},{"ancestorTitles":["EconeuraCockpit","Agent Search"],"fullName":"EconeuraCockpit Agent Search should filter agents by description","status":"passed","title":"should filter agents by description","duration":585.5773000000008,"failureMessages":[],"meta":{}},{"ancestorTitles":["EconeuraCockpit","Agent Search"],"fullName":"EconeuraCockpit Agent Search should show all agents when search is empty","status":"passed","title":"should show all agents when search is empty","duration":269.72860000000037,"failureMessages":[],"meta":{}},{"ancestorTitles":["EconeuraCockpit","Agent Execution"],"fullName":"EconeuraCockpit Agent Execution should execute agent and show result in activity log","status":"passed","title":"should execute agent and show result in activity log","duration":601.4917999999998,"failureMessages":[],"meta":{}},{"ancestorTitles":["EconeuraCockpit","Agent Execution"],"fullName":"EconeuraCockpit Agent Execution should handle agent execution errors","status":"passed","title":"should handle agent execution errors","duration":468.15369999999893,"failureMessages":[],"meta":{}},{"ancestorTitles":["EconeuraCockpit","Agent Execution"],"fullName":"EconeuraCockpit Agent Execution should accumulate activity log entries","status":"passed","title":"should accumulate activity log entries","duration":729.8765000000003,"failureMessages":[],"meta":{}},{"ancestorTitles":["EconeuraCockpit","UI Structure"],"fullName":"EconeuraCockpit UI Structure should render main cockpit title","status":"passed","title":"should render main cockpit title","duration":54.50890000000072,"failureMessages":[],"meta":{}},{"ancestorTitles":["EconeuraCockpit","UI Structure"],"fullName":"EconeuraCockpit UI Structure should have proper semantic structure","status":"passed","title":"should have proper semantic structure","duration":294.97220000000016,"failureMessages":[],"meta":{}},{"ancestorTitles":["EconeuraCockpit","UI Structure"],"fullName":"EconeuraCockpit UI Structure should display agent cards with proper information","status":"passed","title":"should display agent cards with proper information","duration":293.60410000000047,"failureMessages":[],"meta":{}}],"startTime":1759391349343,"endTime":1759391354871.604,"status":"passed","message":"","name":"C:/Users/Usuario/ECONEURA-/ECONEURA-/apps/web/src/EconeuraCockpit.e2e.test.js"},{"assertionResults":[{"ancestorTitles":["EconeuraCockpit","Login Flow"],"fullName":"EconeuraCockpit Login Flow should show login button initially","status":"passed","title":"should show login button initially","duration":351.1968999999999,"failureMessages":[],"meta":{}},{"ancestorTitles":["EconeuraCockpit","Login Flow"],"fullName":"EconeuraCockpit Login Flow should login and show cockpit interface","status":"passed","title":"should login and show cockpit interface","duration":1009.0154000000002,"failureMessages":[],"meta":{}},{"ancestorTitles":["EconeuraCockpit","Login Flow"],"fullName":"EconeuraCockpit Login Flow should set bearer token on login","status":"passed","title":"should set bearer token on login","duration":454.9507999999996,"failureMessages":[],"meta":{}},{"ancestorTitles":["EconeuraCockpit","Agent Search"],"fullName":"EconeuraCockpit Agent Search should filter agents by name","status":"passed","title":"should filter agents by name","duration":669.5438000000004,"failureMessages":[],"meta":{}},{"ancestorTitles":["EconeuraCockpit","Agent Search"],"fullName":"EconeuraCockpit Agent Search should filter agents by description","status":"passed","title":"should filter agents by description","duration":512.0325000000003,"failureMessages":[],"meta":{}},{"ancestorTitles":["EconeuraCockpit","Agent Search"],"fullName":"EconeuraCockpit Agent Search should show all agents when search is empty","status":"passed","title":"should show all agents when search is empty","duration":271.21500000000015,"failureMessages":[],"meta":{}},{"ancestorTitles":["EconeuraCockpit","Agent Execution"],"fullName":"EconeuraCockpit Agent Execution should execute agent and show result in activity log","status":"passed","title":"should execute agent and show result in activity log","duration":573.2613000000001,"failureMessages":[],"meta":{}},{"ancestorTitles":["EconeuraCockpit","Agent Execution"],"fullName":"EconeuraCockpit Agent Execution should handle agent execution errors","status":"passed","title":"should handle agent execution errors","duration":473.2381000000005,"failureMessages":[],"meta":{}},{"ancestorTitles":["EconeuraCockpit","Agent Execution"],"fullName":"EconeuraCockpit Agent Execution should accumulate activity log entries","status":"passed","title":"should accumulate activity log entries","duration":717.7336999999989,"failureMessages":[],"meta":{}},{"ancestorTitles":["EconeuraCockpit","UI Structure"],"fullName":"EconeuraCockpit UI Structure should render main cockpit title","status":"passed","title":"should render main cockpit title","duration":46.177700000000186,"failureMessages":[],"meta":{}},{"ancestorTitles":["EconeuraCockpit","UI Structure"],"fullName":"EconeuraCockpit UI Structure should have proper semantic structure","status":"passed","title":"should have proper semantic structure","duration":333.0053000000007,"failureMessages":[],"meta":{}},{"ancestorTitles":["EconeuraCockpit","UI Structure"],"fullName":"EconeuraCockpit UI Structure should display agent cards with proper information","status":"passed","title":"should display agent cards with proper information","duration":225.79379999999946,"failureMessages":[],"meta":{}}],"startTime":1759391349482,"endTime":1759391355121.7937,"status":"passed","message":"","name":"C:/Users/Usuario/ECONEURA-/ECONEURA-/apps/web/src/EconeuraCockpit.e2e.test.js"},{"assertionResults":[{"ancestorTitles":["EconeuraCockpit","Login Flow"],"fullName":"EconeuraCockpit Login Flow should show login button initially","status":"passed","title":"should show login button initially","duration":459.1271000000006,"failureMessages":[],"meta":{}},{"ancestorTitles":["EconeuraCockpit","Login Flow"],"fullName":"EconeuraCockpit Login Flow should login and show cockpit interface","status":"passed","title":"should login and show cockpit interface","duration":999.3982999999998,"failureMessages":[],"meta":{}},{"ancestorTitles":["EconeuraCockpit","Login Flow"],"fullName":"EconeuraCockpit Login Flow should set bearer token on login","status":"passed","title":"should set bearer token on login","duration":373.95730000000003,"failureMessages":[],"meta":{}},{"ancestorTitles":["EconeuraCockpit","Agent Search"],"fullName":"EconeuraCockpit Agent Search should filter agents by name","status":"passed","title":"should filter agents by name","duration":413.03320000000076,"failureMessages":[],"meta":{}},{"ancestorTitles":["EconeuraCockpit","Agent Search"],"fullName":"EconeuraCockpit Agent Search should filter agents by description","status":"passed","title":"should filter agents by description","duration":718.0261,"failureMessages":[],"meta":{}},{"ancestorTitles":["EconeuraCockpit","Agent Search"],"fullName":"EconeuraCockpit Agent Search should show all agents when search is empty","status":"passed","title":"should show all agents when search is empty","duration":247.3645000000006,"failureMessages":[],"meta":{}},{"ancestorTitles":["EconeuraCockpit","Agent Execution"],"fullName":"EconeuraCockpit Agent Execution should execute agent and show result in activity log","status":"passed","title":"should execute agent and show result in activity log","duration":388.35339999999997,"failureMessages":[],"meta":{}},{"ancestorTitles":["EconeuraCockpit","Agent Execution"],"fullName":"EconeuraCockpit Agent Execution should handle agent execution errors","status":"passed","title":"should handle agent execution errors","duration":566.8006999999998,"failureMessages":[],"meta":{}},{"ancestorTitles":["EconeuraCockpit","Agent Execution"],"fullName":"EconeuraCockpit Agent Execution should accumulate activity log entries","status":"passed","title":"should accumulate activity log entries","duration":530.1540999999997,"failureMessages":[],"meta":{}},{"ancestorTitles":["EconeuraCockpit","UI Structure"],"fullName":"EconeuraCockpit UI Structure should render main cockpit title","status":"passed","title":"should render main cockpit title","duration":59.14669999999933,"failureMessages":[],"meta":{}},{"ancestorTitles":["EconeuraCockpit","UI Structure"],"fullName":"EconeuraCockpit UI Structure should have proper semantic structure","status":"passed","title":"should have proper semantic structure","duration":179.04209999999875,"failureMessages":[],"meta":{}},{"ancestorTitles":["EconeuraCockpit","UI Structure"],"fullName":"EconeuraCockpit UI Structure should display agent cards with proper information","status":"passed","title":"should display agent cards with proper information","duration":225.5611000000008,"failureMessages":[],"meta":{}}],"startTime":1759391349784,"endTime":1759391354947.561,"status":"passed","message":"","name":"C:/Users/Usuario/ECONEURA-/ECONEURA-/apps/web/src/EconeuraCockpit.e2e.test.js"},{"assertionResults":[{"ancestorTitles":["EconeuraCockpit","Login Flow"],"fullName":"EconeuraCockpit Login Flow should show login button initially","status":"passed","title":"should show login button initially","duration":474.5564999999997,"failureMessages":[],"meta":{}},{"ancestorTitles":["EconeuraCockpit","Login Flow"],"fullName":"EconeuraCockpit Login Flow should login and show cockpit interface","status":"passed","title":"should login and show cockpit interface","duration":768.9564,"failureMessages":[],"meta":{}},{"ancestorTitles":["EconeuraCockpit","Login Flow"],"fullName":"EconeuraCockpit Login Flow should set bearer token on login","status":"passed","title":"should set bearer token on login","duration":536.0477000000001,"failureMessages":[],"meta":{}},{"ancestorTitles":["EconeuraCockpit","Agent Search"],"fullName":"EconeuraCockpit Agent Search should filter agents by name","status":"passed","title":"should filter agents by name","duration":1073.6727,"failureMessages":[],"meta":{}},{"ancestorTitles":["EconeuraCockpit","Agent Search"],"fullName":"EconeuraCockpit Agent Search should filter agents by description","status":"passed","title":"should filter agents by description","duration":517.4792000000007,"failureMessages":[],"meta":{}},{"ancestorTitles":["EconeuraCockpit","Agent Search"],"fullName":"EconeuraCockpit Agent Search should show all agents when search is empty","status":"passed","title":"should show all agents when search is empty","duration":282.9347000000007,"failureMessages":[],"meta":{}},{"ancestorTitles":["EconeuraCockpit","Agent Execution"],"fullName":"EconeuraCockpit Agent Execution should execute agent and show result in activity log","status":"passed","title":"should execute agent and show result in activity log","duration":627.4300000000003,"failureMessages":[],"meta":{}},{"ancestorTitles":["EconeuraCockpit","Agent Execution"],"fullName":"EconeuraCockpit Agent Execution should handle agent execution errors","status":"passed","title":"should handle agent execution errors","duration":868.6580999999987,"failureMessages":[],"meta":{}},{"ancestorTitles":["EconeuraCockpit","Agent Execution"],"fullName":"EconeuraCockpit Agent Execution should accumulate activity log entries","status":"passed","title":"should accumulate activity log entries","duration":704.6261000000013,"failureMessages":[],"meta":{}},{"ancestorTitles":["EconeuraCockpit","UI Structure"],"fullName":"EconeuraCockpit UI Structure should render main cockpit title","status":"passed","title":"should render main cockpit title","duration":77.53300000000127,"failureMessages":[],"meta":{}},{"ancestorTitles":["EconeuraCockpit","UI Structure"],"fullName":"EconeuraCockpit UI Structure should have proper semantic structure","status":"passed","title":"should have proper semantic structure","duration":248.4369000000006,"failureMessages":[],"meta":{}},{"ancestorTitles":["EconeuraCockpit","UI Structure"],"fullName":"EconeuraCockpit UI Structure should display agent cards with proper information","status":"passed","title":"should display agent cards with proper information","duration":285.2461999999996,"failureMessages":[],"meta":{}}],"startTime":1759391359641,"endTime":1759391366109.246,"status":"passed","message":"","name":"C:/Users/Usuario/ECONEURA-/ECONEURA-/apps/web/src/EconeuraCockpit.e2e.test.tsx"},{"assertionResults":[{"ancestorTitles":["EconeuraCockpit","Login Flow"],"fullName":"EconeuraCockpit Login Flow should show login button initially","status":"passed","title":"should show login button initially","duration":340.09159999999974,"failureMessages":[],"meta":{}},{"ancestorTitles":["EconeuraCockpit","Login Flow"],"fullName":"EconeuraCockpit Login Flow should login and show cockpit interface","status":"passed","title":"should login and show cockpit interface","duration":811.0951999999997,"failureMessages":[],"meta":{}},{"ancestorTitles":["EconeuraCockpit","Login Flow"],"fullName":"EconeuraCockpit Login Flow should set bearer token on login","status":"passed","title":"should set bearer token on login","duration":518.3852000000006,"failureMessages":[],"meta":{}},{"ancestorTitles":["EconeuraCockpit","Agent Search"],"fullName":"EconeuraCockpit Agent Search should filter agents by name","status":"passed","title":"should filter agents by name","duration":1009.6767,"failureMessages":[],"meta":{}},{"ancestorTitles":["EconeuraCockpit","Agent Search"],"fullName":"EconeuraCockpit Agent Search should filter agents by description","status":"passed","title":"should filter agents by description","duration":642.1129000000001,"failureMessages":[],"meta":{}},{"ancestorTitles":["EconeuraCockpit","Agent Search"],"fullName":"EconeuraCockpit Agent Search should show all agents when search is empty","status":"passed","title":"should show all agents when search is empty","duration":309.0527000000002,"failureMessages":[],"meta":{}},{"ancestorTitles":["EconeuraCockpit","Agent Execution"],"fullName":"EconeuraCockpit Agent Execution should execute agent and show result in activity log","status":"passed","title":"should execute agent and show result in activity log","duration":434.9879000000001,"failureMessages":[],"meta":{}},{"ancestorTitles":["EconeuraCockpit","Agent Execution"],"fullName":"EconeuraCockpit Agent Execution should handle agent execution errors","status":"passed","title":"should handle agent execution errors","duration":857.7907000000014,"failureMessages":[],"meta":{}},{"ancestorTitles":["EconeuraCockpit","Agent Execution"],"fullName":"EconeuraCockpit Agent Execution should accumulate activity log entries","status":"passed","title":"should accumulate activity log entries","duration":577.6172999999999,"failureMessages":[],"meta":{}},{"ancestorTitles":["EconeuraCockpit","UI Structure"],"fullName":"EconeuraCockpit UI Structure should render main cockpit title","status":"passed","title":"should render main cockpit title","duration":84.42329999999856,"failureMessages":[],"meta":{}},{"ancestorTitles":["EconeuraCockpit","UI Structure"],"fullName":"EconeuraCockpit UI Structure should have proper semantic structure","status":"passed","title":"should have proper semantic structure","duration":211.0070999999989,"failureMessages":[],"meta":{}},{"ancestorTitles":["EconeuraCockpit","UI Structure"],"fullName":"EconeuraCockpit UI Structure should display agent cards with proper information","status":"passed","title":"should display agent cards with proper information","duration":273.8079999999991,"failureMessages":[],"meta":{}}],"startTime":1759391359851,"endTime":1759391365925.808,"status":"passed","message":"","name":"C:/Users/Usuario/ECONEURA-/ECONEURA-/apps/web/src/EconeuraCockpit.e2e.test.tsx"},{"assertionResults":[{"ancestorTitles":["EconeuraCockpit","Login Flow"],"fullName":"EconeuraCockpit Login Flow should show login button initially","status":"passed","title":"should show login button initially","duration":452.28060000000005,"failureMessages":[],"meta":{}},{"ancestorTitles":["EconeuraCockpit","Login Flow"],"fullName":"EconeuraCockpit Login Flow should login and show cockpit interface","status":"passed","title":"should login and show cockpit interface","duration":1432.5759000000007,"failureMessages":[],"meta":{}},{"ancestorTitles":["EconeuraCockpit","Login Flow"],"fullName":"EconeuraCockpit Login Flow should set bearer token on login","status":"passed","title":"should set bearer token on login","duration":452.22299999999996,"failureMessages":[],"meta":{}},{"ancestorTitles":["EconeuraCockpit","Agent Search"],"fullName":"EconeuraCockpit Agent Search should filter agents by name","status":"passed","title":"should filter agents by name","duration":629.8471,"failureMessages":[],"meta":{}},{"ancestorTitles":["EconeuraCockpit","Agent Search"],"fullName":"EconeuraCockpit Agent Search should filter agents by description","status":"passed","title":"should filter agents by description","duration":421.9593999999988,"failureMessages":[],"meta":{}},{"ancestorTitles":["EconeuraCockpit","Agent Search"],"fullName":"EconeuraCockpit Agent Search should show all agents when search is empty","status":"passed","title":"should show all agents when search is empty","duration":395.1503999999986,"failureMessages":[],"meta":{}},{"ancestorTitles":["EconeuraCockpit","Agent Execution"],"fullName":"EconeuraCockpit Agent Execution should execute agent and show result in activity log","status":"passed","title":"should execute agent and show result in activity log","duration":782.4513000000006,"failureMessages":[],"meta":{}},{"ancestorTitles":["EconeuraCockpit","Agent Execution"],"fullName":"EconeuraCockpit Agent Execution should handle agent execution errors","status":"passed","title":"should handle agent execution errors","duration":506.85909999999967,"failureMessages":[],"meta":{}},{"ancestorTitles":["EconeuraCockpit","Agent Execution"],"fullName":"EconeuraCockpit Agent Execution should accumulate activity log entries","status":"passed","title":"should accumulate activity log entries","duration":710.0110000000004,"failureMessages":[],"meta":{}},{"ancestorTitles":["EconeuraCockpit","UI Structure"],"fullName":"EconeuraCockpit UI Structure should render main cockpit title","status":"passed","title":"should render main cockpit title","duration":96.79999999999927,"failureMessages":[],"meta":{}},{"ancestorTitles":["EconeuraCockpit","UI Structure"],"fullName":"EconeuraCockpit UI Structure should have proper semantic structure","status":"passed","title":"should have proper semantic structure","duration":316.60299999999916,"failureMessages":[],"meta":{}},{"ancestorTitles":["EconeuraCockpit","UI Structure"],"fullName":"EconeuraCockpit UI Structure should display agent cards with proper information","status":"passed","title":"should display agent cards with proper information","duration":443.8931999999986,"failureMessages":[],"meta":{}}],"startTime":1759391360539,"endTime":1759391367181.8933,"status":"passed","message":"","name":"C:/Users/Usuario/ECONEURA-/ECONEURA-/apps/web/src/EconeuraCockpit.e2e.test.tsx"},{"assertionResults":[{"ancestorTitles":["shared smoke test"],"fullName":"shared smoke test should pass basic assertion","status":"passed","title":"should pass basic assertion","duration":1.7977000000000771,"failureMessages":[],"meta":{}},{"ancestorTitles":["shared smoke test"],"fullName":"shared smoke test should import shared modules","status":"passed","title":"should import shared modules","duration":0.2502999999996973,"failureMessages":[],"meta":{}},{"ancestorTitles":["shared smoke test","minimal.ts"],"fullName":"shared smoke test minimal.ts should create API response","status":"passed","title":"should create API response","duration":0.9787999999998647,"failureMessages":[],"meta":{}},{"ancestorTitles":["shared smoke test","minimal.ts"],"fullName":"shared smoke test minimal.ts should create API response without message","status":"passed","title":"should create API response without message","duration":0.33219999999982974,"failureMessages":[],"meta":{}},{"ancestorTitles":["shared smoke test","minimal.ts"],"fullName":"shared smoke test minimal.ts should create error response","status":"passed","title":"should create error response","duration":0.3364000000001397,"failureMessages":[],"meta":{}},{"ancestorTitles":["shared smoke test","minimal.ts"],"fullName":"shared smoke test minimal.ts should validate User interface","status":"passed","title":"should validate User interface","duration":0.25349999999980355,"failureMessages":[],"meta":{}},{"ancestorTitles":["shared smoke test","minimal.ts"],"fullName":"shared smoke test minimal.ts should validate ApiResponse interface","status":"passed","title":"should validate ApiResponse interface","duration":0.22630000000026484,"failureMessages":[],"meta":{}},{"ancestorTitles":["shared smoke test","utils/fetch-safe.ts"],"fullName":"shared smoke test utils/fetch-safe.ts should export fetchSafe function","status":"passed","title":"should export fetchSafe function","duration":0.2551000000003114,"failureMessages":[],"meta":{}},{"ancestorTitles":["shared smoke test","utils/fetch-safe.ts"],"fullName":"shared smoke test utils/fetch-safe.ts should export FetchLike type","status":"passed","title":"should export FetchLike type","duration":0.21259999999983847,"failureMessages":[],"meta":{}},{"ancestorTitles":["shared smoke test","utils/fetch-safe.ts"],"fullName":"shared smoke test utils/fetch-safe.ts should call fetch with merged headers","status":"passed","title":"should call fetch with merged headers","duration":2.8858000000000175,"failureMessages":[],"meta":{}},{"ancestorTitles":["shared smoke test","utils/fetch-safe.ts"],"fullName":"shared smoke test utils/fetch-safe.ts should handle empty headers","status":"passed","title":"should handle empty headers","duration":0.5195999999996275,"failureMessages":[],"meta":{}}],"startTime":1759391377245,"endTime":1759391377253.5195,"status":"passed","message":"","name":"C:/Users/Usuario/ECONEURA-/ECONEURA-/packages/shared/src/smoke.shared.test.ts"},{"assertionResults":[{"ancestorTitles":["shared smoke test"],"fullName":"shared smoke test should pass basic assertion","status":"passed","title":"should pass basic assertion","duration":1.7688000000000557,"failureMessages":[],"meta":{}},{"ancestorTitles":["shared smoke test"],"fullName":"shared smoke test should import shared modules","status":"passed","title":"should import shared modules","duration":0.27539999999999054,"failureMessages":[],"meta":{}},{"ancestorTitles":["shared smoke test","minimal.ts"],"fullName":"shared smoke test minimal.ts should create API response","status":"passed","title":"should create API response","duration":1.0178999999998268,"failureMessages":[],"meta":{}},{"ancestorTitles":["shared smoke test","minimal.ts"],"fullName":"shared smoke test minimal.ts should create API response without message","status":"passed","title":"should create API response without message","duration":0.34050000000002,"failureMessages":[],"meta":{}},{"ancestorTitles":["shared smoke test","minimal.ts"],"fullName":"shared smoke test minimal.ts should create error response","status":"passed","title":"should create error response","duration":0.3423999999999978,"failureMessages":[],"meta":{}},{"ancestorTitles":["shared smoke test","minimal.ts"],"fullName":"shared smoke test minimal.ts should validate User interface","status":"passed","title":"should validate User interface","duration":1.6359999999999673,"failureMessages":[],"meta":{}},{"ancestorTitles":["shared smoke test","minimal.ts"],"fullName":"shared smoke test minimal.ts should validate ApiResponse interface","status":"passed","title":"should validate ApiResponse interface","duration":0.44889999999986685,"failureMessages":[],"meta":{}},{"ancestorTitles":["shared smoke test","utils/fetch-safe.ts"],"fullName":"shared smoke test utils/fetch-safe.ts should export fetchSafe function","status":"passed","title":"should export fetchSafe function","duration":0.3180999999999585,"failureMessages":[],"meta":{}},{"ancestorTitles":["shared smoke test","utils/fetch-safe.ts"],"fullName":"shared smoke test utils/fetch-safe.ts should export FetchLike type","status":"passed","title":"should export FetchLike type","duration":0.27119999999990796,"failureMessages":[],"meta":{}},{"ancestorTitles":["shared smoke test","utils/fetch-safe.ts"],"fullName":"shared smoke test utils/fetch-safe.ts should call fetch with merged headers","status":"passed","title":"should call fetch with merged headers","duration":3.504799999999932,"failureMessages":[],"meta":{}},{"ancestorTitles":["shared smoke test","utils/fetch-safe.ts"],"fullName":"shared smoke test utils/fetch-safe.ts should handle empty headers","status":"passed","title":"should handle empty headers","duration":0.5208000000000084,"failureMessages":[],"meta":{}}],"startTime":1759391404790,"endTime":1759391404801.5208,"status":"passed","message":"","name":"C:/Users/Usuario/ECONEURA-/ECONEURA-/packages/shared/src/smoke.shared.test.ts"},{"assertionResults":[{"ancestorTitles":["shared smoke test"],"fullName":"shared smoke test should pass basic assertion","status":"passed","title":"should pass basic assertion","duration":4.095300000000179,"failureMessages":[],"meta":{}},{"ancestorTitles":["shared smoke test"],"fullName":"shared smoke test should import shared modules","status":"passed","title":"should import shared modules","duration":0.37779999999997926,"failureMessages":[],"meta":{}},{"ancestorTitles":["shared smoke test","minimal.ts"],"fullName":"shared smoke test minimal.ts should create API response","status":"passed","title":"should create API response","duration":1.3950999999999567,"failureMessages":[],"meta":{}},{"ancestorTitles":["shared smoke test","minimal.ts"],"fullName":"shared smoke test minimal.ts should create API response without message","status":"passed","title":"should create API response without message","duration":0.4130999999999858,"failureMessages":[],"meta":{}},{"ancestorTitles":["shared smoke test","minimal.ts"],"fullName":"shared smoke test minimal.ts should create error response","status":"passed","title":"should create error response","duration":0.37609999999995125,"failureMessages":[],"meta":{}},{"ancestorTitles":["shared smoke test","minimal.ts"],"fullName":"shared smoke test minimal.ts should validate User interface","status":"passed","title":"should validate User interface","duration":0.2726000000000113,"failureMessages":[],"meta":{}},{"ancestorTitles":["shared smoke test","minimal.ts"],"fullName":"shared smoke test minimal.ts should validate ApiResponse interface","status":"passed","title":"should validate ApiResponse interface","duration":0.2579999999998108,"failureMessages":[],"meta":{}},{"ancestorTitles":["shared smoke test","utils/fetch-safe.ts"],"fullName":"shared smoke test utils/fetch-safe.ts should export fetchSafe function","status":"passed","title":"should export fetchSafe function","duration":0.3083999999998923,"failureMessages":[],"meta":{}},{"ancestorTitles":["shared smoke test","utils/fetch-safe.ts"],"fullName":"shared smoke test utils/fetch-safe.ts should export FetchLike type","status":"passed","title":"should export FetchLike type","duration":0.2438999999999396,"failureMessages":[],"meta":{}},{"ancestorTitles":["shared smoke test","utils/fetch-safe.ts"],"fullName":"shared smoke test utils/fetch-safe.ts should call fetch with merged headers","status":"passed","title":"should call fetch with merged headers","duration":3.174400000000105,"failureMessages":[],"meta":{}},{"ancestorTitles":["shared smoke test","utils/fetch-safe.ts"],"fullName":"shared smoke test utils/fetch-safe.ts should handle empty headers","status":"passed","title":"should handle empty headers","duration":0.5887000000000171,"failureMessages":[],"meta":{}}],"startTime":1759391404911,"endTime":1759391404922.5886,"status":"passed","message":"","name":"C:/Users/Usuario/ECONEURA-/ECONEURA-/packages/shared/src/smoke.shared.test.ts"},{"assertionResults":[{"ancestorTitles":["Config Module"],"fullName":"Config Module should validate required environment variables","status":"passed","title":"should validate required environment variables","duration":5.441100000000006,"failureMessages":[],"meta":{}},{"ancestorTitles":["Config Module"],"fullName":"Config Module should validate URL formats","status":"passed","title":"should validate URL formats","duration":5.7783999999992375,"failureMessages":[],"meta":{}},{"ancestorTitles":["Config Module"],"fullName":"Config Module should validate JWT secret minimum length","status":"passed","title":"should validate JWT secret minimum length","duration":2.4614000000001397,"failureMessages":[],"meta":{}},{"ancestorTitles":["Config Module"],"fullName":"Config Module should validate numeric transformations","status":"passed","title":"should validate numeric transformations","duration":1.6358999999993102,"failureMessages":[],"meta":{}},{"ancestorTitles":["Config Module"],"fullName":"Config Module should validate enum values","status":"passed","title":"should validate enum values","duration":11.806800000000294,"failureMessages":[],"meta":{}},{"ancestorTitles":["Config Module"],"fullName":"Config Module should handle default values correctly","status":"passed","title":"should handle default values correctly","duration":1.0968000000002576,"failureMessages":[],"meta":{}},{"ancestorTitles":["Config Module"],"fullName":"Config Module should validate Azure OpenAI configuration","status":"passed","title":"should validate Azure OpenAI configuration","duration":0.9099999999998545,"failureMessages":[],"meta":{}}],"startTime":1759391375637,"endTime":1759391375665.91,"status":"passed","message":"","name":"C:/Users/Usuario/ECONEURA-/ECONEURA-/packages/shared/src/__tests__/config.test.ts"},{"assertionResults":[{"ancestorTitles":["Config Module"],"fullName":"Config Module should validate required environment variables","status":"passed","title":"should validate required environment variables","duration":2.7527000000000044,"failureMessages":[],"meta":{}},{"ancestorTitles":["Config Module"],"fullName":"Config Module should validate URL formats","status":"passed","title":"should validate URL formats","duration":5.545100000000048,"failureMessages":[],"meta":{}},{"ancestorTitles":["Config Module"],"fullName":"Config Module should validate JWT secret minimum length","status":"passed","title":"should validate JWT secret minimum length","duration":2.111699999999928,"failureMessages":[],"meta":{}},{"ancestorTitles":["Config Module"],"fullName":"Config Module should validate numeric transformations","status":"passed","title":"should validate numeric transformations","duration":1.5514000000000578,"failureMessages":[],"meta":{}},{"ancestorTitles":["Config Module"],"fullName":"Config Module should validate enum values","status":"passed","title":"should validate enum values","duration":1.879799999999932,"failureMessages":[],"meta":{}},{"ancestorTitles":["Config Module"],"fullName":"Config Module should handle default values correctly","status":"passed","title":"should handle default values correctly","duration":1.0860000000000127,"failureMessages":[],"meta":{}},{"ancestorTitles":["Config Module"],"fullName":"Config Module should validate Azure OpenAI configuration","status":"passed","title":"should validate Azure OpenAI configuration","duration":0.9419000000000324,"failureMessages":[],"meta":{}}],"startTime":1759391402005,"endTime":1759391402021.942,"status":"passed","message":"","name":"C:/Users/Usuario/ECONEURA-/ECONEURA-/packages/shared/src/__tests__/config.test.ts"},{"assertionResults":[{"ancestorTitles":["Config Module"],"fullName":"Config Module should validate required environment variables","status":"passed","title":"should validate required environment variables","duration":3.166300000000092,"failureMessages":[],"meta":{}},{"ancestorTitles":["Config Module"],"fullName":"Config Module should validate URL formats","status":"passed","title":"should validate URL formats","duration":3.9384999999999764,"failureMessages":[],"meta":{}},{"ancestorTitles":["Config Module"],"fullName":"Config Module should validate JWT secret minimum length","status":"passed","title":"should validate JWT secret minimum length","duration":5.532699999999977,"failureMessages":[],"meta":{}},{"ancestorTitles":["Config Module"],"fullName":"Config Module should validate numeric transformations","status":"passed","title":"should validate numeric transformations","duration":2.15930000000003,"failureMessages":[],"meta":{}},{"ancestorTitles":["Config Module"],"fullName":"Config Module should validate enum values","status":"passed","title":"should validate enum values","duration":2.7342000000001008,"failureMessages":[],"meta":{}},{"ancestorTitles":["Config Module"],"fullName":"Config Module should handle default values correctly","status":"passed","title":"should handle default values correctly","duration":1.1412000000000262,"failureMessages":[],"meta":{}},{"ancestorTitles":["Config Module"],"fullName":"Config Module should validate Azure OpenAI configuration","status":"passed","title":"should validate Azure OpenAI configuration","duration":0.9067999999999756,"failureMessages":[],"meta":{}}],"startTime":1759391403218,"endTime":1759391403237.9067,"status":"passed","message":"","name":"C:/Users/Usuario/ECONEURA-/ECONEURA-/packages/shared/src/__tests__/config.test.ts"},{"assertionResults":[{"ancestorTitles":["config helpers"],"fullName":"config helpers loadConfig returns parsed config with defaults","status":"passed","title":"loadConfig returns parsed config with defaults","duration":73.5034999999998,"failureMessages":[],"meta":{}},{"ancestorTitles":["config helpers"],"fullName":"config helpers loadConfig throws when required var missing","status":"passed","title":"loadConfig throws when required var missing","duration":10.871399999999994,"failureMessages":[],"meta":{}},{"ancestorTitles":["config helpers"],"fullName":"config helpers getRequiredConfig returns value and respects defaults; throws for missing optional keys","status":"passed","title":"getRequiredConfig returns value and respects defaults; throws for missing optional keys","duration":32.0306999999998,"failureMessages":[],"meta":{}},{"ancestorTitles":["config helpers"],"fullName":"config helpers getOptionalConfig returns default when missing","status":"passed","title":"getOptionalConfig returns default when missing","duration":4.943899999999758,"failureMessages":[],"meta":{}}],"startTime":1759391379747,"endTime":1759391379868.9438,"status":"passed","message":"","name":"C:/Users/Usuario/ECONEURA-/ECONEURA-/packages/shared/src/__tests__/config.unit.test.ts"},{"assertionResults":[{"ancestorTitles":["config helpers"],"fullName":"config helpers loadConfig returns parsed config with defaults","status":"passed","title":"loadConfig returns parsed config with defaults","duration":85.40520000000004,"failureMessages":[],"meta":{}},{"ancestorTitles":["config helpers"],"fullName":"config helpers loadConfig throws when required var missing","status":"passed","title":"loadConfig throws when required var missing","duration":10.897800000000188,"failureMessages":[],"meta":{}},{"ancestorTitles":["config helpers"],"fullName":"config helpers getRequiredConfig returns value and respects defaults; throws for missing optional keys","status":"passed","title":"getRequiredConfig returns value and respects defaults; throws for missing optional keys","duration":14.162000000000035,"failureMessages":[],"meta":{}},{"ancestorTitles":["config helpers"],"fullName":"config helpers getOptionalConfig returns default when missing","status":"passed","title":"getOptionalConfig returns default when missing","duration":5.062799999999925,"failureMessages":[],"meta":{}}],"startTime":1759391406056,"endTime":1759391406172.0627,"status":"passed","message":"","name":"C:/Users/Usuario/ECONEURA-/ECONEURA-/packages/shared/src/__tests__/config.unit.test.ts"},{"assertionResults":[{"ancestorTitles":["config helpers"],"fullName":"config helpers loadConfig returns parsed config with defaults","status":"passed","title":"loadConfig returns parsed config with defaults","duration":113.68269999999984,"failureMessages":[],"meta":{}},{"ancestorTitles":["config helpers"],"fullName":"config helpers loadConfig throws when required var missing","status":"passed","title":"loadConfig throws when required var missing","duration":13.17300000000023,"failureMessages":[],"meta":{}},{"ancestorTitles":["config helpers"],"fullName":"config helpers getRequiredConfig returns value and respects defaults; throws for missing optional keys","status":"passed","title":"getRequiredConfig returns value and respects defaults; throws for missing optional keys","duration":10.874699999999848,"failureMessages":[],"meta":{}},{"ancestorTitles":["config helpers"],"fullName":"config helpers getOptionalConfig returns default when missing","status":"passed","title":"getOptionalConfig returns default when missing","duration":7.14870000000019,"failureMessages":[],"meta":{}}],"startTime":1759391407925,"endTime":1759391408070.1487,"status":"passed","message":"","name":"C:/Users/Usuario/ECONEURA-/ECONEURA-/packages/shared/src/__tests__/config.unit.test.ts"},{"assertionResults":[{"ancestorTitles":["Errors Module"],"fullName":"Errors Module should be testable","status":"passed","title":"should be testable","duration":1.9062000000003536,"failureMessages":[],"meta":{}},{"ancestorTitles":["Errors Module"],"fullName":"Errors Module should handle basic error logic","status":"passed","title":"should handle basic error logic","duration":0.30520000000024083,"failureMessages":[],"meta":{}}],"startTime":1759391399582,"endTime":1759391399584.3052,"status":"passed","message":"","name":"C:/Users/Usuario/ECONEURA-/ECONEURA-/packages/shared/src/__tests__/errors.test.ts"},{"assertionResults":[{"ancestorTitles":["Errors Module"],"fullName":"Errors Module should be testable","status":"passed","title":"should be testable","duration":2.88149999999996,"failureMessages":[],"meta":{}},{"ancestorTitles":["Errors Module"],"fullName":"Errors Module should handle basic error logic","status":"passed","title":"should handle basic error logic","duration":0.4192000000000462,"failureMessages":[],"meta":{}}],"startTime":1759391410565,"endTime":1759391410568.4192,"status":"passed","message":"","name":"C:/Users/Usuario/ECONEURA-/ECONEURA-/packages/shared/src/__tests__/errors.test.ts"},{"assertionResults":[{"ancestorTitles":["Errors Module"],"fullName":"Errors Module should be testable","status":"passed","title":"should be testable","duration":1.878099999999904,"failureMessages":[],"meta":{}},{"ancestorTitles":["Errors Module"],"fullName":"Errors Module should handle basic error logic","status":"passed","title":"should handle basic error logic","duration":0.28929999999991196,"failureMessages":[],"meta":{}}],"startTime":1759391410641,"endTime":1759391410643.2893,"status":"passed","message":"","name":"C:/Users/Usuario/ECONEURA-/ECONEURA-/packages/shared/src/__tests__/errors.test.ts"},{"assertionResults":[{"ancestorTitles":["HealthChecker","constructor"],"fullName":"HealthChecker constructor should create a new HealthChecker instance","status":"passed","title":"should create a new HealthChecker instance","duration":2.1512000000002445,"failureMessages":[],"meta":{}},{"ancestorTitles":["HealthChecker","registerService"],"fullName":"HealthChecker registerService should register a service check","status":"passed","title":"should register a service check","duration":2.879700000000412,"failureMessages":[],"meta":{}},{"ancestorTitles":["HealthChecker","checkHealth"],"fullName":"HealthChecker checkHealth should return healthy status when all services are up","status":"passed","title":"should return healthy status when all services are up","duration":0.8805999999999585,"failureMessages":[],"meta":{}},{"ancestorTitles":["HealthChecker","checkHealth"],"fullName":"HealthChecker checkHealth should return unhealthy status when any service is down","status":"passed","title":"should return unhealthy status when any service is down","duration":0.3405999999999949,"failureMessages":[],"meta":{}},{"ancestorTitles":["HealthChecker","checkHealth"],"fullName":"HealthChecker checkHealth should handle service check errors","status":"passed","title":"should handle service check errors","duration":0.41440000000011423,"failureMessages":[],"meta":{}},{"ancestorTitles":["HealthChecker","checkHealth"],"fullName":"HealthChecker checkHealth should measure response time","status":"passed","title":"should measure response time","duration":28.333000000000084,"failureMessages":[],"meta":{}},{"ancestorTitles":["HealthChecker","getUptime"],"fullName":"HealthChecker getUptime should return uptime in milliseconds","status":"passed","title":"should return uptime in milliseconds","duration":1.0401999999999134,"failureMessages":[],"meta":{}},{"ancestorTitles":["HealthChecker","helper functions","createHealthCheck"],"fullName":"HealthChecker helper functions createHealthCheck should return the check function","status":"passed","title":"should return the check function","duration":0.4295000000001892,"failureMessages":[],"meta":{}},{"ancestorTitles":["HealthChecker","helper functions","databaseHealthCheck"],"fullName":"HealthChecker helper functions databaseHealthCheck should return true for valid connection string","status":"passed","title":"should return true for valid connection string","duration":0.2764999999999418,"failureMessages":[],"meta":{}},{"ancestorTitles":["HealthChecker","helper functions","databaseHealthCheck"],"fullName":"HealthChecker helper functions databaseHealthCheck should return false for empty connection string","status":"passed","title":"should return false for empty connection string","duration":0.6003000000000611,"failureMessages":[],"meta":{}},{"ancestorTitles":["HealthChecker","helper functions","redisHealthCheck"],"fullName":"HealthChecker helper functions redisHealthCheck should return true for valid redis URL","status":"passed","title":"should return true for valid redis URL","duration":0.38499999999976353,"failureMessages":[],"meta":{}},{"ancestorTitles":["HealthChecker","helper functions","redisHealthCheck"],"fullName":"HealthChecker helper functions redisHealthCheck should return false for invalid redis URL","status":"passed","title":"should return false for invalid redis URL","duration":0.3532000000000153,"failureMessages":[],"meta":{}},{"ancestorTitles":["HealthChecker","singleton instance"],"fullName":"HealthChecker singleton instance should export a singleton healthChecker instance","status":"passed","title":"should export a singleton healthChecker instance","duration":0.292699999999968,"failureMessages":[],"meta":{}}],"startTime":1759391370403,"endTime":1759391370443.2927,"status":"passed","message":"","name":"C:/Users/Usuario/ECONEURA-/ECONEURA-/packages/shared/src/__tests__/health.test.ts"},{"assertionResults":[{"ancestorTitles":["HealthChecker","constructor"],"fullName":"HealthChecker constructor should create a new HealthChecker instance","status":"passed","title":"should create a new HealthChecker instance","duration":4.414500000000089,"failureMessages":[],"meta":{}},{"ancestorTitles":["HealthChecker","registerService"],"fullName":"HealthChecker registerService should register a service check","status":"passed","title":"should register a service check","duration":3.9812999999999192,"failureMessages":[],"meta":{}},{"ancestorTitles":["HealthChecker","checkHealth"],"fullName":"HealthChecker checkHealth should return healthy status when all services are up","status":"passed","title":"should return healthy status when all services are up","duration":0.9320000000000164,"failureMessages":[],"meta":{}},{"ancestorTitles":["HealthChecker","checkHealth"],"fullName":"HealthChecker checkHealth should return unhealthy status when any service is down","status":"passed","title":"should return unhealthy status when any service is down","duration":0.3867000000000189,"failureMessages":[],"meta":{}},{"ancestorTitles":["HealthChecker","checkHealth"],"fullName":"HealthChecker checkHealth should handle service check errors","status":"passed","title":"should handle service check errors","duration":0.45620000000008076,"failureMessages":[],"meta":{}},{"ancestorTitles":["HealthChecker","checkHealth"],"fullName":"HealthChecker checkHealth should measure response time","status":"passed","title":"should measure response time","duration":11.895600000000059,"failureMessages":[],"meta":{}},{"ancestorTitles":["HealthChecker","getUptime"],"fullName":"HealthChecker getUptime should return uptime in milliseconds","status":"passed","title":"should return uptime in milliseconds","duration":0.3242999999999938,"failureMessages":[],"meta":{}},{"ancestorTitles":["HealthChecker","helper functions","createHealthCheck"],"fullName":"HealthChecker helper functions createHealthCheck should return the check function","status":"passed","title":"should return the check function","duration":0.3319000000001324,"failureMessages":[],"meta":{}},{"ancestorTitles":["HealthChecker","helper functions","databaseHealthCheck"],"fullName":"HealthChecker helper functions databaseHealthCheck should return true for valid connection string","status":"passed","title":"should return true for valid connection string","duration":0.2962999999999738,"failureMessages":[],"meta":{}},{"ancestorTitles":["HealthChecker","helper functions","databaseHealthCheck"],"fullName":"HealthChecker helper functions databaseHealthCheck should return false for empty connection string","status":"passed","title":"should return false for empty connection string","duration":0.21489999999994325,"failureMessages":[],"meta":{}},{"ancestorTitles":["HealthChecker","helper functions","redisHealthCheck"],"fullName":"HealthChecker helper functions redisHealthCheck should return true for valid redis URL","status":"passed","title":"should return true for valid redis URL","duration":0.26710000000002765,"failureMessages":[],"meta":{}},{"ancestorTitles":["HealthChecker","helper functions","redisHealthCheck"],"fullName":"HealthChecker helper functions redisHealthCheck should return false for invalid redis URL","status":"passed","title":"should return false for invalid redis URL","duration":0.2580000000000382,"failureMessages":[],"meta":{}},{"ancestorTitles":["HealthChecker","singleton instance"],"fullName":"HealthChecker singleton instance should export a singleton healthChecker instance","status":"passed","title":"should export a singleton healthChecker instance","duration":0.2498000000000502,"failureMessages":[],"meta":{}}],"startTime":1759391399757,"endTime":1759391399782.267,"status":"passed","message":"","name":"C:/Users/Usuario/ECONEURA-/ECONEURA-/packages/shared/src/__tests__/health.test.ts"},{"assertionResults":[{"ancestorTitles":["HealthChecker","constructor"],"fullName":"HealthChecker constructor should create a new HealthChecker instance","status":"passed","title":"should create a new HealthChecker instance","duration":2.5751999999999953,"failureMessages":[],"meta":{}},{"ancestorTitles":["HealthChecker","registerService"],"fullName":"HealthChecker registerService should register a service check","status":"passed","title":"should register a service check","duration":3.844100000000026,"failureMessages":[],"meta":{}},{"ancestorTitles":["HealthChecker","checkHealth"],"fullName":"HealthChecker checkHealth should return healthy status when all services are up","status":"passed","title":"should return healthy status when all services are up","duration":0.9646999999999935,"failureMessages":[],"meta":{}},{"ancestorTitles":["HealthChecker","checkHealth"],"fullName":"HealthChecker checkHealth should return unhealthy status when any service is down","status":"passed","title":"should return unhealthy status when any service is down","duration":0.3810000000000855,"failureMessages":[],"meta":{}},{"ancestorTitles":["HealthChecker","checkHealth"],"fullName":"HealthChecker checkHealth should handle service check errors","status":"passed","title":"should handle service check errors","duration":0.48469999999997526,"failureMessages":[],"meta":{}},{"ancestorTitles":["HealthChecker","checkHealth"],"fullName":"HealthChecker checkHealth should measure response time","status":"passed","title":"should measure response time","duration":17.399800000000027,"failureMessages":[],"meta":{}},{"ancestorTitles":["HealthChecker","getUptime"],"fullName":"HealthChecker getUptime should return uptime in milliseconds","status":"passed","title":"should return uptime in milliseconds","duration":0.31999999999993634,"failureMessages":[],"meta":{}},{"ancestorTitles":["HealthChecker","helper functions","createHealthCheck"],"fullName":"HealthChecker helper functions createHealthCheck should return the check function","status":"passed","title":"should return the check function","duration":0.2921999999999798,"failureMessages":[],"meta":{}},{"ancestorTitles":["HealthChecker","helper functions","databaseHealthCheck"],"fullName":"HealthChecker helper functions databaseHealthCheck should return true for valid connection string","status":"passed","title":"should return true for valid connection string","duration":0.31549999999992906,"failureMessages":[],"meta":{}},{"ancestorTitles":["HealthChecker","helper functions","databaseHealthCheck"],"fullName":"HealthChecker helper functions databaseHealthCheck should return false for empty connection string","status":"passed","title":"should return false for empty connection string","duration":0.2135000000000673,"failureMessages":[],"meta":{}},{"ancestorTitles":["HealthChecker","helper functions","redisHealthCheck"],"fullName":"HealthChecker helper functions redisHealthCheck should return true for valid redis URL","status":"passed","title":"should return true for valid redis URL","duration":0.2642999999999347,"failureMessages":[],"meta":{}},{"ancestorTitles":["HealthChecker","helper functions","redisHealthCheck"],"fullName":"HealthChecker helper functions redisHealthCheck should return false for invalid redis URL","status":"passed","title":"should return false for invalid redis URL","duration":0.23320000000001073,"failureMessages":[],"meta":{}},{"ancestorTitles":["HealthChecker","singleton instance"],"fullName":"HealthChecker singleton instance should export a singleton healthChecker instance","status":"passed","title":"should export a singleton healthChecker instance","duration":0.22790000000009059,"failureMessages":[],"meta":{}}],"startTime":1759391399975,"endTime":1759391400003.2644,"status":"passed","message":"","name":"C:/Users/Usuario/ECONEURA-/ECONEURA-/packages/shared/src/__tests__/health.test.ts"},{"assertionResults":[{"ancestorTitles":["Logging Module"],"fullName":"Logging Module should be testable","status":"passed","title":"should be testable","duration":1.8762000000001535,"failureMessages":[],"meta":{}},{"ancestorTitles":["Logging Module"],"fullName":"Logging Module should handle log levels","status":"passed","title":"should handle log levels","duration":1.3377000000000407,"failureMessages":[],"meta":{}}],"startTime":1759391397248,"endTime":1759391397251.3376,"status":"passed","message":"","name":"C:/Users/Usuario/ECONEURA-/ECONEURA-/packages/shared/src/__tests__/logging.test.ts"},{"assertionResults":[{"ancestorTitles":["Logging Module"],"fullName":"Logging Module should be testable","status":"passed","title":"should be testable","duration":1.8499000000001615,"failureMessages":[],"meta":{}},{"ancestorTitles":["Logging Module"],"fullName":"Logging Module should handle log levels","status":"passed","title":"should handle log levels","duration":1.888400000000047,"failureMessages":[],"meta":{}}],"startTime":1759391409412,"endTime":1759391409415.8884,"status":"passed","message":"","name":"C:/Users/Usuario/ECONEURA-/ECONEURA-/packages/shared/src/__tests__/logging.test.ts"},{"assertionResults":[{"ancestorTitles":["Logging Module"],"fullName":"Logging Module should be testable","status":"passed","title":"should be testable","duration":2.10329999999999,"failureMessages":[],"meta":{}},{"ancestorTitles":["Logging Module"],"fullName":"Logging Module should handle log levels","status":"passed","title":"should handle log levels","duration":1.366200000000049,"failureMessages":[],"meta":{}}],"startTime":1759391410527,"endTime":1759391410530.3662,"status":"passed","message":"","name":"C:/Users/Usuario/ECONEURA-/ECONEURA-/packages/shared/src/__tests__/logging.test.ts"},{"assertionResults":[{"ancestorTitles":["logging shim"],"fullName":"logging shim logger methods call console","status":"passed","title":"logger methods call console","duration":6.47440000000006,"failureMessages":[],"meta":{}},{"ancestorTitles":["logging shim"],"fullName":"logging shim apiLogger uses logger.info","status":"passed","title":"apiLogger uses logger.info","duration":0.6990000000005239,"failureMessages":[],"meta":{}}],"startTime":1759391382297,"endTime":1759391382304.699,"status":"passed","message":"","name":"C:/Users/Usuario/ECONEURA-/ECONEURA-/packages/shared/src/__tests__/logging.unit.test.ts"},{"assertionResults":[{"ancestorTitles":["logging shim"],"fullName":"logging shim logger methods call console","status":"passed","title":"logger methods call console","duration":3.746099999999842,"failureMessages":[],"meta":{}},{"ancestorTitles":["logging shim"],"fullName":"logging shim apiLogger uses logger.info","status":"passed","title":"apiLogger uses logger.info","duration":0.43640000000004875,"failureMessages":[],"meta":{}}],"startTime":1759391407940,"endTime":1759391407944.4363,"status":"passed","message":"","name":"C:/Users/Usuario/ECONEURA-/ECONEURA-/packages/shared/src/__tests__/logging.unit.test.ts"},{"assertionResults":[{"ancestorTitles":["logging shim"],"fullName":"logging shim logger methods call console","status":"passed","title":"logger methods call console","duration":4.374399999999923,"failureMessages":[],"meta":{}},{"ancestorTitles":["logging shim"],"fullName":"logging shim apiLogger uses logger.info","status":"passed","title":"apiLogger uses logger.info","duration":0.5033999999998287,"failureMessages":[],"meta":{}}],"startTime":1759391407958,"endTime":1759391407963.5034,"status":"passed","message":"","name":"C:/Users/Usuario/ECONEURA-/ECONEURA-/packages/shared/src/__tests__/logging.unit.test.ts"},{"assertionResults":[{"ancestorTitles":["Middleware Module","corsMiddleware"],"fullName":"Middleware Module corsMiddleware should set CORS headers for regular requests","status":"passed","title":"should set CORS headers for regular requests","duration":5.697099999999864,"failureMessages":[],"meta":{}},{"ancestorTitles":["Middleware Module","corsMiddleware"],"fullName":"Middleware Module corsMiddleware should handle OPTIONS requests","status":"passed","title":"should handle OPTIONS requests","duration":0.8710999999998421,"failureMessages":[],"meta":{}},{"ancestorTitles":["Middleware Module","corsMiddleware"],"fullName":"Middleware Module corsMiddleware should use custom origin","status":"passed","title":"should use custom origin","duration":0.4645999999997912,"failureMessages":[],"meta":{}},{"ancestorTitles":["Middleware Module","requestLogger"],"fullName":"Middleware Module requestLogger should log requests","status":"passed","title":"should log requests","duration":26.159999999999854,"failureMessages":[],"meta":{}},{"ancestorTitles":["Middleware Module","errorHandler"],"fullName":"Middleware Module errorHandler should intercept error status codes and set content type","status":"passed","title":"should intercept error status codes and set content type","duration":1.193300000000363,"failureMessages":[],"meta":{}},{"ancestorTitles":["Middleware Module","errorHandler"],"fullName":"Middleware Module errorHandler should not set content type for successful responses","status":"passed","title":"should not set content type for successful responses","duration":0.5752999999999702,"failureMessages":[],"meta":{}}],"startTime":1759391371824,"endTime":1759391371859.5752,"status":"passed","message":"","name":"C:/Users/Usuario/ECONEURA-/ECONEURA-/packages/shared/src/__tests__/middleware.test.ts"},{"assertionResults":[{"ancestorTitles":["Middleware Module","corsMiddleware"],"fullName":"Middleware Module corsMiddleware should set CORS headers for regular requests","status":"passed","title":"should set CORS headers for regular requests","duration":5.154299999999921,"failureMessages":[],"meta":{}},{"ancestorTitles":["Middleware Module","corsMiddleware"],"fullName":"Middleware Module corsMiddleware should handle OPTIONS requests","status":"passed","title":"should handle OPTIONS requests","duration":0.779399999999896,"failureMessages":[],"meta":{}},{"ancestorTitles":["Middleware Module","corsMiddleware"],"fullName":"Middleware Module corsMiddleware should use custom origin","status":"passed","title":"should use custom origin","duration":0.38190000000008695,"failureMessages":[],"meta":{}},{"ancestorTitles":["Middleware Module","requestLogger"],"fullName":"Middleware Module requestLogger should log requests","status":"passed","title":"should log requests","duration":16.522199999999884,"failureMessages":[],"meta":{}},{"ancestorTitles":["Middleware Module","errorHandler"],"fullName":"Middleware Module errorHandler should intercept error status codes and set content type","status":"passed","title":"should intercept error status codes and set content type","duration":0.7916999999999916,"failureMessages":[],"meta":{}},{"ancestorTitles":["Middleware Module","errorHandler"],"fullName":"Middleware Module errorHandler should not set content type for successful responses","status":"passed","title":"should not set content type for successful responses","duration":0.49539999999979045,"failureMessages":[],"meta":{}}],"startTime":1759391401680,"endTime":1759391401705.4954,"status":"passed","message":"","name":"C:/Users/Usuario/ECONEURA-/ECONEURA-/packages/shared/src/__tests__/middleware.test.ts"},{"assertionResults":[{"ancestorTitles":["Middleware Module","corsMiddleware"],"fullName":"Middleware Module corsMiddleware should set CORS headers for regular requests","status":"passed","title":"should set CORS headers for regular requests","duration":8.133000000000038,"failureMessages":[],"meta":{}},{"ancestorTitles":["Middleware Module","corsMiddleware"],"fullName":"Middleware Module corsMiddleware should handle OPTIONS requests","status":"passed","title":"should handle OPTIONS requests","duration":0.8201999999998861,"failureMessages":[],"meta":{}},{"ancestorTitles":["Middleware Module","corsMiddleware"],"fullName":"Middleware Module corsMiddleware should use custom origin","status":"passed","title":"should use custom origin","duration":0.3870999999999185,"failureMessages":[],"meta":{}},{"ancestorTitles":["Middleware Module","requestLogger"],"fullName":"Middleware Module requestLogger should log requests","status":"passed","title":"should log requests","duration":32.496399999999994,"failureMessages":[],"meta":{}},{"ancestorTitles":["Middleware Module","errorHandler"],"fullName":"Middleware Module errorHandler should intercept error status codes and set content type","status":"passed","title":"should intercept error status codes and set content type","duration":1.030100000000175,"failureMessages":[],"meta":{}},{"ancestorTitles":["Middleware Module","errorHandler"],"fullName":"Middleware Module errorHandler should not set content type for successful responses","status":"passed","title":"should not set content type for successful responses","duration":0.5448999999998705,"failureMessages":[],"meta":{}}],"startTime":1759391401823,"endTime":1759391401867.545,"status":"passed","message":"","name":"C:/Users/Usuario/ECONEURA-/ECONEURA-/packages/shared/src/__tests__/middleware.test.ts"},{"assertionResults":[{"ancestorTitles":["RateLimiter","constructor"],"fullName":"RateLimiter constructor should create with default values","status":"passed","title":"should create with default values","duration":4.216699999999946,"failureMessages":[],"meta":{}},{"ancestorTitles":["RateLimiter","constructor"],"fullName":"RateLimiter constructor should create with custom values","status":"passed","title":"should create with custom values","duration":0.7276999999999134,"failureMessages":[],"meta":{}},{"ancestorTitles":["RateLimiter","isAllowed"],"fullName":"RateLimiter isAllowed should allow first request","status":"passed","title":"should allow first request","duration":0.3976999999999862,"failureMessages":[],"meta":{}},{"ancestorTitles":["RateLimiter","isAllowed"],"fullName":"RateLimiter isAllowed should allow requests within limit","status":"passed","title":"should allow requests within limit","duration":0.24949999999989814,"failureMessages":[],"meta":{}},{"ancestorTitles":["RateLimiter","isAllowed"],"fullName":"RateLimiter isAllowed should block requests over limit","status":"passed","title":"should block requests over limit","duration":0.233600000000024,"failureMessages":[],"meta":{}},{"ancestorTitles":["RateLimiter","isAllowed"],"fullName":"RateLimiter isAllowed should reset after window expires","status":"passed","title":"should reset after window expires","duration":2.4455000000002656,"failureMessages":[],"meta":{}},{"ancestorTitles":["RateLimiter","isAllowed"],"fullName":"RateLimiter isAllowed should handle different keys independently","status":"passed","title":"should handle different keys independently","duration":0.35390000000006694,"failureMessages":[],"meta":{}},{"ancestorTitles":["RateLimiter","getRemainingRequests"],"fullName":"RateLimiter getRemainingRequests should return max requests for new key","status":"passed","title":"should return max requests for new key","duration":0.3004000000000815,"failureMessages":[],"meta":{}},{"ancestorTitles":["RateLimiter","getRemainingRequests"],"fullName":"RateLimiter getRemainingRequests should decrease remaining requests","status":"passed","title":"should decrease remaining requests","duration":0.32150000000001455,"failureMessages":[],"meta":{}},{"ancestorTitles":["RateLimiter","getRemainingRequests"],"fullName":"RateLimiter getRemainingRequests should not go below zero","status":"passed","title":"should not go below zero","duration":0.3308999999999287,"failureMessages":[],"meta":{}},{"ancestorTitles":["RateLimiter","getResetTime"],"fullName":"RateLimiter getResetTime should return future time for new key","status":"passed","title":"should return future time for new key","duration":0.31950000000006185,"failureMessages":[],"meta":{}},{"ancestorTitles":["RateLimiter","getResetTime"],"fullName":"RateLimiter getResetTime should return same reset time for existing key","status":"passed","title":"should return same reset time for existing key","duration":0.20719999999982974,"failureMessages":[],"meta":{}},{"ancestorTitles":["RateLimiter","clear"],"fullName":"RateLimiter clear should clear all entries","status":"passed","title":"should clear all entries","duration":0.35789999999997235,"failureMessages":[],"meta":{}},{"ancestorTitles":["createRateLimitMiddleware"],"fullName":"createRateLimitMiddleware should allow requests within limit","status":"passed","title":"should allow requests within limit","duration":4.043799999999919,"failureMessages":[],"meta":{}},{"ancestorTitles":["createRateLimitMiddleware"],"fullName":"createRateLimitMiddleware should block requests over limit","status":"passed","title":"should block requests over limit","duration":4.686000000000149,"failureMessages":[],"meta":{}},{"ancestorTitles":["createRateLimitMiddleware"],"fullName":"createRateLimitMiddleware should use custom key function","status":"passed","title":"should use custom key function","duration":0.7921000000001186,"failureMessages":[],"meta":{}},{"ancestorTitles":["createRateLimitMiddleware"],"fullName":"createRateLimitMiddleware should use anonymous key by default","status":"passed","title":"should use anonymous key by default","duration":0.478099999999813,"failureMessages":[],"meta":{}}],"startTime":1759391370134,"endTime":1759391370155.478,"status":"passed","message":"","name":"C:/Users/Usuario/ECONEURA-/ECONEURA-/packages/shared/src/__tests__/rate-limiter.test.ts"},{"assertionResults":[{"ancestorTitles":["RateLimiter","constructor"],"fullName":"RateLimiter constructor should create with default values","status":"passed","title":"should create with default values","duration":3.870400000000018,"failureMessages":[],"meta":{}},{"ancestorTitles":["RateLimiter","constructor"],"fullName":"RateLimiter constructor should create with custom values","status":"passed","title":"should create with custom values","duration":0.5925000000000864,"failureMessages":[],"meta":{}},{"ancestorTitles":["RateLimiter","isAllowed"],"fullName":"RateLimiter isAllowed should allow first request","status":"passed","title":"should allow first request","duration":0.5042999999999438,"failureMessages":[],"meta":{}},{"ancestorTitles":["RateLimiter","isAllowed"],"fullName":"RateLimiter isAllowed should allow requests within limit","status":"passed","title":"should allow requests within limit","duration":0.3328000000000202,"failureMessages":[],"meta":{}},{"ancestorTitles":["RateLimiter","isAllowed"],"fullName":"RateLimiter isAllowed should block requests over limit","status":"passed","title":"should block requests over limit","duration":0.2884999999999991,"failureMessages":[],"meta":{}},{"ancestorTitles":["RateLimiter","isAllowed"],"fullName":"RateLimiter isAllowed should reset after window expires","status":"passed","title":"should reset after window expires","duration":2.5901999999999816,"failureMessages":[],"meta":{}},{"ancestorTitles":["RateLimiter","isAllowed"],"fullName":"RateLimiter isAllowed should handle different keys independently","status":"passed","title":"should handle different keys independently","duration":0.37740000000007967,"failureMessages":[],"meta":{}},{"ancestorTitles":["RateLimiter","getRemainingRequests"],"fullName":"RateLimiter getRemainingRequests should return max requests for new key","status":"passed","title":"should return max requests for new key","duration":0.4012000000000171,"failureMessages":[],"meta":{}},{"ancestorTitles":["RateLimiter","getRemainingRequests"],"fullName":"RateLimiter getRemainingRequests should decrease remaining requests","status":"passed","title":"should decrease remaining requests","duration":0.35940000000005057,"failureMessages":[],"meta":{}},{"ancestorTitles":["RateLimiter","getRemainingRequests"],"fullName":"RateLimiter getRemainingRequests should not go below zero","status":"passed","title":"should not go below zero","duration":0.2437999999999647,"failureMessages":[],"meta":{}},{"ancestorTitles":["RateLimiter","getResetTime"],"fullName":"RateLimiter getResetTime should return future time for new key","status":"passed","title":"should return future time for new key","duration":0.3129999999999882,"failureMessages":[],"meta":{}},{"ancestorTitles":["RateLimiter","getResetTime"],"fullName":"RateLimiter getResetTime should return same reset time for existing key","status":"passed","title":"should return same reset time for existing key","duration":0.21059999999999945,"failureMessages":[],"meta":{}},{"ancestorTitles":["RateLimiter","clear"],"fullName":"RateLimiter clear should clear all entries","status":"passed","title":"should clear all entries","duration":0.33720000000005257,"failureMessages":[],"meta":{}},{"ancestorTitles":["createRateLimitMiddleware"],"fullName":"createRateLimitMiddleware should allow requests within limit","status":"passed","title":"should allow requests within limit","duration":3.9337000000000444,"failureMessages":[],"meta":{}},{"ancestorTitles":["createRateLimitMiddleware"],"fullName":"createRateLimitMiddleware should block requests over limit","status":"passed","title":"should block requests over limit","duration":5.766700000000014,"failureMessages":[],"meta":{}},{"ancestorTitles":["createRateLimitMiddleware"],"fullName":"createRateLimitMiddleware should use custom key function","status":"passed","title":"should use custom key function","duration":0.8067999999999529,"failureMessages":[],"meta":{}},{"ancestorTitles":["createRateLimitMiddleware"],"fullName":"createRateLimitMiddleware should use anonymous key by default","status":"passed","title":"should use anonymous key by default","duration":0.41030000000000655,"failureMessages":[],"meta":{}}],"startTime":1759391398556,"endTime":1759391398579.4104,"status":"passed","message":"","name":"C:/Users/Usuario/ECONEURA-/ECONEURA-/packages/shared/src/__tests__/rate-limiter.test.ts"},{"assertionResults":[{"ancestorTitles":["RateLimiter","constructor"],"fullName":"RateLimiter constructor should create with default values","status":"passed","title":"should create with default values","duration":3.3681000000000267,"failureMessages":[],"meta":{}},{"ancestorTitles":["RateLimiter","constructor"],"fullName":"RateLimiter constructor should create with custom values","status":"passed","title":"should create with custom values","duration":0.5498000000000047,"failureMessages":[],"meta":{}},{"ancestorTitles":["RateLimiter","isAllowed"],"fullName":"RateLimiter isAllowed should allow first request","status":"passed","title":"should allow first request","duration":0.35760000000004766,"failureMessages":[],"meta":{}},{"ancestorTitles":["RateLimiter","isAllowed"],"fullName":"RateLimiter isAllowed should allow requests within limit","status":"passed","title":"should allow requests within limit","duration":0.2014000000000351,"failureMessages":[],"meta":{}},{"ancestorTitles":["RateLimiter","isAllowed"],"fullName":"RateLimiter isAllowed should block requests over limit","status":"passed","title":"should block requests over limit","duration":0.19029999999997926,"failureMessages":[],"meta":{}},{"ancestorTitles":["RateLimiter","isAllowed"],"fullName":"RateLimiter isAllowed should reset after window expires","status":"passed","title":"should reset after window expires","duration":2.3759000000000015,"failureMessages":[],"meta":{}},{"ancestorTitles":["RateLimiter","isAllowed"],"fullName":"RateLimiter isAllowed should handle different keys independently","status":"passed","title":"should handle different keys independently","duration":0.3042999999998983,"failureMessages":[],"meta":{}},{"ancestorTitles":["RateLimiter","getRemainingRequests"],"fullName":"RateLimiter getRemainingRequests should return max requests for new key","status":"passed","title":"should return max requests for new key","duration":0.27499999999997726,"failureMessages":[],"meta":{}},{"ancestorTitles":["RateLimiter","getRemainingRequests"],"fullName":"RateLimiter getRemainingRequests should decrease remaining requests","status":"passed","title":"should decrease remaining requests","duration":0.30960000000004584,"failureMessages":[],"meta":{}},{"ancestorTitles":["RateLimiter","getRemainingRequests"],"fullName":"RateLimiter getRemainingRequests should not go below zero","status":"passed","title":"should not go below zero","duration":0.2055000000000291,"failureMessages":[],"meta":{}},{"ancestorTitles":["RateLimiter","getResetTime"],"fullName":"RateLimiter getResetTime should return future time for new key","status":"passed","title":"should return future time for new key","duration":0.28959999999995034,"failureMessages":[],"meta":{}},{"ancestorTitles":["RateLimiter","getResetTime"],"fullName":"RateLimiter getResetTime should return same reset time for existing key","status":"passed","title":"should return same reset time for existing key","duration":0.20039999999994507,"failureMessages":[],"meta":{}},{"ancestorTitles":["RateLimiter","clear"],"fullName":"RateLimiter clear should clear all entries","status":"passed","title":"should clear all entries","duration":0.31939999999997326,"failureMessages":[],"meta":{}},{"ancestorTitles":["createRateLimitMiddleware"],"fullName":"createRateLimitMiddleware should allow requests within limit","status":"passed","title":"should allow requests within limit","duration":3.869199999999978,"failureMessages":[],"meta":{}},{"ancestorTitles":["createRateLimitMiddleware"],"fullName":"createRateLimitMiddleware should block requests over limit","status":"passed","title":"should block requests over limit","duration":2.843400000000088,"failureMessages":[],"meta":{}},{"ancestorTitles":["createRateLimitMiddleware"],"fullName":"createRateLimitMiddleware should use custom key function","status":"passed","title":"should use custom key function","duration":1.90949999999998,"failureMessages":[],"meta":{}},{"ancestorTitles":["createRateLimitMiddleware"],"fullName":"createRateLimitMiddleware should use anonymous key by default","status":"passed","title":"should use anonymous key by default","duration":0.9522999999999229,"failureMessages":[],"meta":{}}],"startTime":1759391398806,"endTime":1759391398825.9524,"status":"passed","message":"","name":"C:/Users/Usuario/ECONEURA-/ECONEURA-/packages/shared/src/__tests__/rate-limiter.test.ts"},{"assertionResults":[{"ancestorTitles":["Retry Module","withRetry"],"fullName":"Retry Module withRetry should return result on first attempt","status":"passed","title":"should return result on first attempt","duration":3.2618999999999687,"failureMessages":[],"meta":{}},{"ancestorTitles":["Retry Module","withRetry"],"fullName":"Retry Module withRetry should retry on failure and succeed","status":"passed","title":"should retry on failure and succeed","duration":3.6912999999999556,"failureMessages":[],"meta":{}},{"ancestorTitles":["Retry Module","withRetry"],"fullName":"Retry Module withRetry should fail after max attempts","status":"passed","title":"should fail after max attempts","duration":6.591799999999694,"failureMessages":[],"meta":{}},{"ancestorTitles":["Retry Module","withRetry"],"fullName":"Retry Module withRetry should use custom retry condition","status":"passed","title":"should use custom retry condition","duration":14.23720000000003,"failureMessages":[],"meta":{}},{"ancestorTitles":["Retry Module","withRetry"],"fullName":"Retry Module withRetry should not retry when condition returns false","status":"passed","title":"should not retry when condition returns false","duration":0.8642999999997301,"failureMessages":[],"meta":{}},{"ancestorTitles":["Retry Module","defaultRetryOptions"],"fullName":"Retry Module defaultRetryOptions should have sensible defaults","status":"passed","title":"should have sensible defaults","duration":0.5135000000000218,"failureMessages":[],"meta":{}},{"ancestorTitles":["Retry Module","defaultRetryOptions"],"fullName":"Retry Module defaultRetryOptions should retry on network errors","status":"passed","title":"should retry on network errors","duration":0.5412000000001171,"failureMessages":[],"meta":{}}],"startTime":1759391379705,"endTime":1759391379735.5413,"status":"passed","message":"","name":"C:/Users/Usuario/ECONEURA-/ECONEURA-/packages/shared/src/__tests__/retry.test.ts"},{"assertionResults":[{"ancestorTitles":["Retry Module","withRetry"],"fullName":"Retry Module withRetry should return result on first attempt","status":"passed","title":"should return result on first attempt","duration":3.2907000000000153,"failureMessages":[],"meta":{}},{"ancestorTitles":["Retry Module","withRetry"],"fullName":"Retry Module withRetry should retry on failure and succeed","status":"passed","title":"should retry on failure and succeed","duration":15.822200000000066,"failureMessages":[],"meta":{}},{"ancestorTitles":["Retry Module","withRetry"],"fullName":"Retry Module withRetry should fail after max attempts","status":"passed","title":"should fail after max attempts","duration":16.4534000000001,"failureMessages":[],"meta":{}},{"ancestorTitles":["Retry Module","withRetry"],"fullName":"Retry Module withRetry should use custom retry condition","status":"passed","title":"should use custom retry condition","duration":11.666699999999992,"failureMessages":[],"meta":{}},{"ancestorTitles":["Retry Module","withRetry"],"fullName":"Retry Module withRetry should not retry when condition returns false","status":"passed","title":"should not retry when condition returns false","duration":0.781400000000076,"failureMessages":[],"meta":{}},{"ancestorTitles":["Retry Module","defaultRetryOptions"],"fullName":"Retry Module defaultRetryOptions should have sensible defaults","status":"passed","title":"should have sensible defaults","duration":0.43840000000000146,"failureMessages":[],"meta":{}},{"ancestorTitles":["Retry Module","defaultRetryOptions"],"fullName":"Retry Module defaultRetryOptions should retry on network errors","status":"passed","title":"should retry on network errors","duration":0.4443999999998596,"failureMessages":[],"meta":{}}],"startTime":1759391405606,"endTime":1759391405655.4443,"status":"passed","message":"","name":"C:/Users/Usuario/ECONEURA-/ECONEURA-/packages/shared/src/__tests__/retry.test.ts"},{"assertionResults":[{"ancestorTitles":["Retry Module","withRetry"],"fullName":"Retry Module withRetry should return result on first attempt","status":"passed","title":"should return result on first attempt","duration":3.4207000000001244,"failureMessages":[],"meta":{}},{"ancestorTitles":["Retry Module","withRetry"],"fullName":"Retry Module withRetry should retry on failure and succeed","status":"passed","title":"should retry on failure and succeed","duration":8.565900000000056,"failureMessages":[],"meta":{}},{"ancestorTitles":["Retry Module","withRetry"],"fullName":"Retry Module withRetry should fail after max attempts","status":"passed","title":"should fail after max attempts","duration":19.7346,"failureMessages":[],"meta":{}},{"ancestorTitles":["Retry Module","withRetry"],"fullName":"Retry Module withRetry should use custom retry condition","status":"passed","title":"should use custom retry condition","duration":12.335300000000188,"failureMessages":[],"meta":{}},{"ancestorTitles":["Retry Module","withRetry"],"fullName":"Retry Module withRetry should not retry when condition returns false","status":"passed","title":"should not retry when condition returns false","duration":0.7239999999999327,"failureMessages":[],"meta":{}},{"ancestorTitles":["Retry Module","defaultRetryOptions"],"fullName":"Retry Module defaultRetryOptions should have sensible defaults","status":"passed","title":"should have sensible defaults","duration":0.850800000000163,"failureMessages":[],"meta":{}},{"ancestorTitles":["Retry Module","defaultRetryOptions"],"fullName":"Retry Module defaultRetryOptions should retry on network errors","status":"passed","title":"should retry on network errors","duration":0.6485999999999876,"failureMessages":[],"meta":{}}],"startTime":1759391406086,"endTime":1759391406132.6487,"status":"passed","message":"","name":"C:/Users/Usuario/ECONEURA-/ECONEURA-/packages/shared/src/__tests__/retry.test.ts"},{"assertionResults":[{"ancestorTitles":["ServiceClient"],"fullName":"ServiceClient createServiceClient returns a client with stats and a mock request","status":"passed","title":"createServiceClient returns a client with stats and a mock request","duration":2.6547999999997955,"failureMessages":[],"meta":{}}],"startTime":1759391390572,"endTime":1759391390574.6548,"status":"passed","message":"","name":"C:/Users/Usuario/ECONEURA-/ECONEURA-/packages/shared/src/__tests__/service-client.test.ts"},{"assertionResults":[{"ancestorTitles":["ServiceClient"],"fullName":"ServiceClient createServiceClient returns a client with stats and a mock request","status":"passed","title":"createServiceClient returns a client with stats and a mock request","duration":3.4414999999999054,"failureMessages":[],"meta":{}}],"startTime":1759391409298,"endTime":1759391409301.4414,"status":"passed","message":"","name":"C:/Users/Usuario/ECONEURA-/ECONEURA-/packages/shared/src/__tests__/service-client.test.ts"},{"assertionResults":[{"ancestorTitles":["ServiceClient"],"fullName":"ServiceClient createServiceClient returns a client with stats and a mock request","status":"passed","title":"createServiceClient returns a client with stats and a mock request","duration":3.2695000000001073,"failureMessages":[],"meta":{}}],"startTime":1759391409347,"endTime":1759391409350.2695,"status":"passed","message":"","name":"C:/Users/Usuario/ECONEURA-/ECONEURA-/packages/shared/src/__tests__/service-client.test.ts"},{"assertionResults":[{"ancestorTitles":["Validation Module","validateEmail"],"fullName":"Validation Module validateEmail should validate correct email addresses","status":"passed","title":"should validate correct email addresses","duration":3.3308999999999287,"failureMessages":[],"meta":{}},{"ancestorTitles":["Validation Module","validateEmail"],"fullName":"Validation Module validateEmail should reject invalid email addresses","status":"passed","title":"should reject invalid email addresses","duration":0.9301999999997861,"failureMessages":[],"meta":{}},{"ancestorTitles":["Validation Module","validateUUID"],"fullName":"Validation Module validateUUID should validate correct UUID v4 format","status":"passed","title":"should validate correct UUID v4 format","duration":0.34509999999954744,"failureMessages":[],"meta":{}},{"ancestorTitles":["Validation Module","validateUUID"],"fullName":"Validation Module validateUUID should reject invalid UUID formats","status":"passed","title":"should reject invalid UUID formats","duration":0.49499999999989086,"failureMessages":[],"meta":{}},{"ancestorTitles":["Validation Module","validateData"],"fullName":"Validation Module validateData should validate data against Zod schema successfully","status":"passed","title":"should validate data against Zod schema successfully","duration":4.114700000000084,"failureMessages":[],"meta":{}},{"ancestorTitles":["Validation Module","validateData"],"fullName":"Validation Module validateData should return errors for invalid data","status":"passed","title":"should return errors for invalid data","duration":2.9977000000008047,"failureMessages":[],"meta":{}},{"ancestorTitles":["Validation Module","validateData"],"fullName":"Validation Module validateData should handle simple schemas","status":"passed","title":"should handle simple schemas","duration":0.6584000000002561,"failureMessages":[],"meta":{}},{"ancestorTitles":["Validation Module","validateData"],"fullName":"Validation Module validateData should validate with custom error messages","status":"passed","title":"should validate with custom error messages","duration":1.0671000000002095,"failureMessages":[],"meta":{}}],"startTime":1759391376113,"endTime":1759391376128.0671,"status":"passed","message":"","name":"C:/Users/Usuario/ECONEURA-/ECONEURA-/packages/shared/src/__tests__/validation.test.ts"},{"assertionResults":[{"ancestorTitles":["Validation Module","validateEmail"],"fullName":"Validation Module validateEmail should validate correct email addresses","status":"passed","title":"should validate correct email addresses","duration":5.680700000000115,"failureMessages":[],"meta":{}},{"ancestorTitles":["Validation Module","validateEmail"],"fullName":"Validation Module validateEmail should reject invalid email addresses","status":"passed","title":"should reject invalid email addresses","duration":1.085700000000088,"failureMessages":[],"meta":{}},{"ancestorTitles":["Validation Module","validateUUID"],"fullName":"Validation Module validateUUID should validate correct UUID v4 format","status":"passed","title":"should validate correct UUID v4 format","duration":0.35439999999994143,"failureMessages":[],"meta":{}},{"ancestorTitles":["Validation Module","validateUUID"],"fullName":"Validation Module validateUUID should reject invalid UUID formats","status":"passed","title":"should reject invalid UUID formats","duration":0.49040000000013606,"failureMessages":[],"meta":{}},{"ancestorTitles":["Validation Module","validateData"],"fullName":"Validation Module validateData should validate data against Zod schema successfully","status":"passed","title":"should validate data against Zod schema successfully","duration":2.5482999999999265,"failureMessages":[],"meta":{}},{"ancestorTitles":["Validation Module","validateData"],"fullName":"Validation Module validateData should return errors for invalid data","status":"passed","title":"should return errors for invalid data","duration":1.3322000000000571,"failureMessages":[],"meta":{}},{"ancestorTitles":["Validation Module","validateData"],"fullName":"Validation Module validateData should handle simple schemas","status":"passed","title":"should handle simple schemas","duration":0.5514000000000578,"failureMessages":[],"meta":{}},{"ancestorTitles":["Validation Module","validateData"],"fullName":"Validation Module validateData should validate with custom error messages","status":"passed","title":"should validate with custom error messages","duration":1.123700000000099,"failureMessages":[],"meta":{}}],"startTime":1759391403174,"endTime":1759391403188.1238,"status":"passed","message":"","name":"C:/Users/Usuario/ECONEURA-/ECONEURA-/packages/shared/src/__tests__/validation.test.ts"},{"assertionResults":[{"ancestorTitles":["Validation Module","validateEmail"],"fullName":"Validation Module validateEmail should validate correct email addresses","status":"passed","title":"should validate correct email addresses","duration":5.52559999999994,"failureMessages":[],"meta":{}},{"ancestorTitles":["Validation Module","validateEmail"],"fullName":"Validation Module validateEmail should reject invalid email addresses","status":"passed","title":"should reject invalid email addresses","duration":0.8607999999999265,"failureMessages":[],"meta":{}},{"ancestorTitles":["Validation Module","validateUUID"],"fullName":"Validation Module validateUUID should validate correct UUID v4 format","status":"passed","title":"should validate correct UUID v4 format","duration":0.3326000000001841,"failureMessages":[],"meta":{}},{"ancestorTitles":["Validation Module","validateUUID"],"fullName":"Validation Module validateUUID should reject invalid UUID formats","status":"passed","title":"should reject invalid UUID formats","duration":0.48469999999997526,"failureMessages":[],"meta":{}},{"ancestorTitles":["Validation Module","validateData"],"fullName":"Validation Module validateData should validate data against Zod schema successfully","status":"passed","title":"should validate data against Zod schema successfully","duration":2.3186000000000604,"failureMessages":[],"meta":{}},{"ancestorTitles":["Validation Module","validateData"],"fullName":"Validation Module validateData should return errors for invalid data","status":"passed","title":"should return errors for invalid data","duration":1.1381999999998698,"failureMessages":[],"meta":{}},{"ancestorTitles":["Validation Module","validateData"],"fullName":"Validation Module validateData should handle simple schemas","status":"passed","title":"should handle simple schemas","duration":0.5805000000000291,"failureMessages":[],"meta":{}},{"ancestorTitles":["Validation Module","validateData"],"fullName":"Validation Module validateData should validate with custom error messages","status":"passed","title":"should validate with custom error messages","duration":1.1573000000000775,"failureMessages":[],"meta":{}}],"startTime":1759391403542,"endTime":1759391403555.1572,"status":"passed","message":"","name":"C:/Users/Usuario/ECONEURA-/ECONEURA-/packages/shared/src/__tests__/validation.test.ts"},{"assertionResults":[{"ancestorTitles":["AgentCard busy state"],"fullName":"AgentCard busy state disables Ejecutar button when busy is true","status":"passed","title":"disables Ejecutar button when busy is true","duration":693.9938000000002,"failureMessages":[],"meta":{}}],"startTime":1759391392083,"endTime":1759391392776.994,"status":"passed","message":"","name":"C:/Users/Usuario/ECONEURA-/ECONEURA-/apps/cockpit/src/components/__tests__/AgentCard.busy.test.tsx"},{"assertionResults":[{"ancestorTitles":["AgentCard busy state"],"fullName":"AgentCard busy state disables Ejecutar button when busy is true","status":"passed","title":"disables Ejecutar button when busy is true","duration":881.2428,"failureMessages":[],"meta":{}}],"startTime":1759391394728,"endTime":1759391395609.243,"status":"passed","message":"","name":"C:/Users/Usuario/ECONEURA-/ECONEURA-/apps/cockpit/src/components/__tests__/AgentCard.busy.test.tsx"},{"assertionResults":[{"ancestorTitles":["AgentCard busy state"],"fullName":"AgentCard busy state disables Ejecutar button when busy is true","status":"passed","title":"disables Ejecutar button when busy is true","duration":816.3774000000003,"failureMessages":[],"meta":{}}],"startTime":1759391396555,"endTime":1759391397371.3774,"status":"passed","message":"","name":"C:/Users/Usuario/ECONEURA-/ECONEURA-/apps/cockpit/src/components/__tests__/AgentCard.busy.test.tsx"},{"assertionResults":[{"ancestorTitles":["AgentCard"],"fullName":"AgentCard renders title and primary action","status":"passed","title":"renders title and primary action","duration":649.5798000000004,"failureMessages":[],"meta":{}}],"startTime":1759391385472,"endTime":1759391386121.5798,"status":"passed","message":"","name":"C:/Users/Usuario/ECONEURA-/ECONEURA-/apps/cockpit/src/components/__tests__/AgentCard.test.tsx"},{"assertionResults":[{"ancestorTitles":["AgentCard"],"fullName":"AgentCard renders title and primary action","status":"passed","title":"renders title and primary action","duration":696.9728999999998,"failureMessages":[],"meta":{}}],"startTime":1759391385692,"endTime":1759391386388.973,"status":"passed","message":"","name":"C:/Users/Usuario/ECONEURA-/ECONEURA-/apps/cockpit/src/components/__tests__/AgentCard.test.tsx"},{"assertionResults":[{"ancestorTitles":["AgentCard"],"fullName":"AgentCard renders title and primary action","status":"passed","title":"renders title and primary action","duration":617.2214999999997,"failureMessages":[],"meta":{}}],"startTime":1759391388659,"endTime":1759391389276.2214,"status":"passed","message":"","name":"C:/Users/Usuario/ECONEURA-/ECONEURA-/apps/cockpit/src/components/__tests__/AgentCard.test.tsx"}]}