{"numTotalTestSuites":195,"numPassedTestSuites":189,"numFailedTestSuites":6,"numPendingTestSuites":0,"numTotalTests":318,"numPassedTests":312,"numFailedTests":6,"numPendingTests":0,"numTodoTests":0,"snapshot":{"added":0,"failure":false,"filesAdded":0,"filesRemoved":0,"filesRemovedList":[],"filesUnmatched":0,"filesUpdated":0,"matched":0,"total":0,"unchecked":0,"uncheckedKeysByFile":[],"unmatched":0,"updated":0,"didUpdate":false},"startTime":1759393044470,"success":false,"testResults":[{"assertionResults":[{"ancestorTitles":["EconeuraCockpit","Login Flow"],"fullName":"EconeuraCockpit Login Flow should show login button initially","status":"passed","title":"should show login button initially","duration":258.1210000000001,"failureMessages":[],"meta":{}},{"ancestorTitles":["EconeuraCockpit","Login Flow"],"fullName":"EconeuraCockpit Login Flow should login and show cockpit interface","status":"passed","title":"should login and show cockpit interface","duration":766.5859,"failureMessages":[],"meta":{}},{"ancestorTitles":["EconeuraCockpit","Login Flow"],"fullName":"EconeuraCockpit Login Flow should set bearer token on login","status":"passed","title":"should set bearer token on login","duration":470.5528000000004,"failureMessages":[],"meta":{}},{"ancestorTitles":["EconeuraCockpit","Agent Search"],"fullName":"EconeuraCockpit Agent Search should filter agents by name","status":"passed","title":"should filter agents by name","duration":648.8436999999994,"failureMessages":[],"meta":{}},{"ancestorTitles":["EconeuraCockpit","Agent Search"],"fullName":"EconeuraCockpit Agent Search should filter agents by description","status":"passed","title":"should filter agents by description","duration":584.3698999999997,"failureMessages":[],"meta":{}},{"ancestorTitles":["EconeuraCockpit","Agent Search"],"fullName":"EconeuraCockpit Agent Search should show all agents when search is empty","status":"passed","title":"should show all agents when search is empty","duration":321.47800000000007,"failureMessages":[],"meta":{}},{"ancestorTitles":["EconeuraCockpit","Agent Execution"],"fullName":"EconeuraCockpit Agent Execution should execute agent and show result in activity log","status":"passed","title":"should execute agent and show result in activity log","duration":540.4616000000005,"failureMessages":[],"meta":{}},{"ancestorTitles":["EconeuraCockpit","Agent Execution"],"fullName":"EconeuraCockpit Agent Execution should handle agent execution errors","status":"passed","title":"should handle agent execution errors","duration":324.7312000000002,"failureMessages":[],"meta":{}},{"ancestorTitles":["EconeuraCockpit","Agent Execution"],"fullName":"EconeuraCockpit Agent Execution should accumulate activity log entries","status":"passed","title":"should accumulate activity log entries","duration":744.7973999999995,"failureMessages":[],"meta":{}},{"ancestorTitles":["EconeuraCockpit","UI Structure"],"fullName":"EconeuraCockpit UI Structure should render main cockpit title","status":"passed","title":"should render main cockpit title","duration":67.7588999999989,"failureMessages":[],"meta":{}},{"ancestorTitles":["EconeuraCockpit","UI Structure"],"fullName":"EconeuraCockpit UI Structure should have proper semantic structure","status":"passed","title":"should have proper semantic structure","duration":333.45490000000063,"failureMessages":[],"meta":{}},{"ancestorTitles":["EconeuraCockpit","UI Structure"],"fullName":"EconeuraCockpit UI Structure should display agent cards with proper information","status":"passed","title":"should display agent cards with proper information","duration":370.4975000000013,"failureMessages":[],"meta":{}}],"startTime":1759393050085,"endTime":1759393055519.4976,"status":"passed","message":"","name":"C:/Users/Usuario/ECONEURA-/ECONEURA-/apps/web/src/EconeuraCockpit.e2e.test.js"},{"assertionResults":[{"ancestorTitles":["EconeuraCockpit","Login Flow"],"fullName":"EconeuraCockpit Login Flow should show login button initially","status":"passed","title":"should show login button initially","duration":348.97959999999966,"failureMessages":[],"meta":{}},{"ancestorTitles":["EconeuraCockpit","Login Flow"],"fullName":"EconeuraCockpit Login Flow should login and show cockpit interface","status":"passed","title":"should login and show cockpit interface","duration":910.2961999999998,"failureMessages":[],"meta":{}},{"ancestorTitles":["EconeuraCockpit","Login Flow"],"fullName":"EconeuraCockpit Login Flow should set bearer token on login","status":"passed","title":"should set bearer token on login","duration":495.90629999999965,"failureMessages":[],"meta":{}},{"ancestorTitles":["EconeuraCockpit","Agent Search"],"fullName":"EconeuraCockpit Agent Search should filter agents by name","status":"passed","title":"should filter agents by name","duration":501.77239999999983,"failureMessages":[],"meta":{}},{"ancestorTitles":["EconeuraCockpit","Agent Search"],"fullName":"EconeuraCockpit Agent Search should filter agents by description","status":"passed","title":"should filter agents by description","duration":551.2165000000005,"failureMessages":[],"meta":{}},{"ancestorTitles":["EconeuraCockpit","Agent Search"],"fullName":"EconeuraCockpit Agent Search should show all agents when search is empty","status":"passed","title":"should show all agents when search is empty","duration":390.40260000000035,"failureMessages":[],"meta":{}},{"ancestorTitles":["EconeuraCockpit","Agent Execution"],"fullName":"EconeuraCockpit Agent Execution should execute agent and show result in activity log","status":"passed","title":"should execute agent and show result in activity log","duration":425.3357999999989,"failureMessages":[],"meta":{}},{"ancestorTitles":["EconeuraCockpit","Agent Execution"],"fullName":"EconeuraCockpit Agent Execution should handle agent execution errors","status":"passed","title":"should handle agent execution errors","duration":529.7762000000002,"failureMessages":[],"meta":{}},{"ancestorTitles":["EconeuraCockpit","Agent Execution"],"fullName":"EconeuraCockpit Agent Execution should accumulate activity log entries","status":"passed","title":"should accumulate activity log entries","duration":552.2686000000012,"failureMessages":[],"meta":{}},{"ancestorTitles":["EconeuraCockpit","UI Structure"],"fullName":"EconeuraCockpit UI Structure should render main cockpit title","status":"passed","title":"should render main cockpit title","duration":63.69850000000042,"failureMessages":[],"meta":{}},{"ancestorTitles":["EconeuraCockpit","UI Structure"],"fullName":"EconeuraCockpit UI Structure should have proper semantic structure","status":"passed","title":"should have proper semantic structure","duration":152.25660000000062,"failureMessages":[],"meta":{}},{"ancestorTitles":["EconeuraCockpit","UI Structure"],"fullName":"EconeuraCockpit UI Structure should display agent cards with proper information","status":"passed","title":"should display agent cards with proper information","duration":186.95929999999862,"failureMessages":[],"meta":{}}],"startTime":1759393050109,"endTime":1759393055220.9592,"status":"passed","message":"","name":"C:/Users/Usuario/ECONEURA-/ECONEURA-/apps/web/src/EconeuraCockpit.e2e.test.js"},{"assertionResults":[{"ancestorTitles":["EconeuraCockpit","Login Flow"],"fullName":"EconeuraCockpit Login Flow should show login button initially","status":"passed","title":"should show login button initially","duration":419.73229999999967,"failureMessages":[],"meta":{}},{"ancestorTitles":["EconeuraCockpit","Login Flow"],"fullName":"EconeuraCockpit Login Flow should login and show cockpit interface","status":"passed","title":"should login and show cockpit interface","duration":756.3072000000002,"failureMessages":[],"meta":{}},{"ancestorTitles":["EconeuraCockpit","Login Flow"],"fullName":"EconeuraCockpit Login Flow should set bearer token on login","status":"passed","title":"should set bearer token on login","duration":276.7574999999997,"failureMessages":[],"meta":{}},{"ancestorTitles":["EconeuraCockpit","Agent Search"],"fullName":"EconeuraCockpit Agent Search should filter agents by name","status":"passed","title":"should filter agents by name","duration":667.6117999999997,"failureMessages":[],"meta":{}},{"ancestorTitles":["EconeuraCockpit","Agent Search"],"fullName":"EconeuraCockpit Agent Search should filter agents by description","status":"passed","title":"should filter agents by description","duration":596.0313999999998,"failureMessages":[],"meta":{}},{"ancestorTitles":["EconeuraCockpit","Agent Search"],"fullName":"EconeuraCockpit Agent Search should show all agents when search is empty","status":"passed","title":"should show all agents when search is empty","duration":201.0691999999999,"failureMessages":[],"meta":{}},{"ancestorTitles":["EconeuraCockpit","Agent Execution"],"fullName":"EconeuraCockpit Agent Execution should execute agent and show result in activity log","status":"passed","title":"should execute agent and show result in activity log","duration":543.6562999999996,"failureMessages":[],"meta":{}},{"ancestorTitles":["EconeuraCockpit","Agent Execution"],"fullName":"EconeuraCockpit Agent Execution should handle agent execution errors","status":"passed","title":"should handle agent execution errors","duration":522.1362000000008,"failureMessages":[],"meta":{}},{"ancestorTitles":["EconeuraCockpit","Agent Execution"],"fullName":"EconeuraCockpit Agent Execution should accumulate activity log entries","status":"passed","title":"should accumulate activity log entries","duration":721.9480000000003,"failureMessages":[],"meta":{}},{"ancestorTitles":["EconeuraCockpit","UI Structure"],"fullName":"EconeuraCockpit UI Structure should render main cockpit title","status":"passed","title":"should render main cockpit title","duration":116.8153999999995,"failureMessages":[],"meta":{}},{"ancestorTitles":["EconeuraCockpit","UI Structure"],"fullName":"EconeuraCockpit UI Structure should have proper semantic structure","status":"passed","title":"should have proper semantic structure","duration":258.97539999999935,"failureMessages":[],"meta":{}},{"ancestorTitles":["EconeuraCockpit","UI Structure"],"fullName":"EconeuraCockpit UI Structure should display agent cards with proper information","status":"passed","title":"should display agent cards with proper information","duration":352.59939999999915,"failureMessages":[],"meta":{}}],"startTime":1759393050213,"endTime":1759393055655.5994,"status":"passed","message":"","name":"C:/Users/Usuario/ECONEURA-/ECONEURA-/apps/web/src/EconeuraCockpit.e2e.test.js"},{"assertionResults":[{"ancestorTitles":["EconeuraCockpit","Login Flow"],"fullName":"EconeuraCockpit Login Flow should show login button initially","status":"passed","title":"should show login button initially","duration":50.264500000000226,"failureMessages":[],"meta":{}},{"ancestorTitles":["EconeuraCockpit","Login Flow"],"fullName":"EconeuraCockpit Login Flow should login and show cockpit interface","status":"passed","title":"should login and show cockpit interface","duration":630.7159999999994,"failureMessages":[],"meta":{}},{"ancestorTitles":["EconeuraCockpit","Login Flow"],"fullName":"EconeuraCockpit Login Flow should set bearer token on login","status":"passed","title":"should set bearer token on login","duration":135.20259999999962,"failureMessages":[],"meta":{}},{"ancestorTitles":["EconeuraCockpit","Agent Search"],"fullName":"EconeuraCockpit Agent Search should filter agents by name","status":"passed","title":"should filter agents by name","duration":355.16089999999986,"failureMessages":[],"meta":{}},{"ancestorTitles":["EconeuraCockpit","Agent Search"],"fullName":"EconeuraCockpit Agent Search should filter agents by description","status":"passed","title":"should filter agents by description","duration":377.0495000000001,"failureMessages":[],"meta":{}},{"ancestorTitles":["EconeuraCockpit","Agent Search"],"fullName":"EconeuraCockpit Agent Search should show all agents when search is empty","status":"passed","title":"should show all agents when search is empty","duration":51.3713000000007,"failureMessages":[],"meta":{}},{"ancestorTitles":["EconeuraCockpit","Agent Execution"],"fullName":"EconeuraCockpit Agent Execution should execute agent and show result in activity log","status":"passed","title":"should execute agent and show result in activity log","duration":170.65490000000045,"failureMessages":[],"meta":{}},{"ancestorTitles":["EconeuraCockpit","Agent Execution"],"fullName":"EconeuraCockpit Agent Execution should handle agent execution errors","status":"passed","title":"should handle agent execution errors","duration":363.10519999999997,"failureMessages":[],"meta":{}},{"ancestorTitles":["EconeuraCockpit","Agent Execution"],"fullName":"EconeuraCockpit Agent Execution should accumulate activity log entries","status":"passed","title":"should accumulate activity log entries","duration":479.1744000000008,"failureMessages":[],"meta":{}},{"ancestorTitles":["EconeuraCockpit","UI Structure"],"fullName":"EconeuraCockpit UI Structure should render main cockpit title","status":"passed","title":"should render main cockpit title","duration":4.281399999999849,"failureMessages":[],"meta":{}},{"ancestorTitles":["EconeuraCockpit","UI Structure"],"fullName":"EconeuraCockpit UI Structure should have proper semantic structure","status":"passed","title":"should have proper semantic structure","duration":113.02799999999934,"failureMessages":[],"meta":{}},{"ancestorTitles":["EconeuraCockpit","UI Structure"],"fullName":"EconeuraCockpit UI Structure should display agent cards with proper information","status":"passed","title":"should display agent cards with proper information","duration":123.82280000000083,"failureMessages":[],"meta":{}}],"startTime":1759393061806,"endTime":1759393064662.8228,"status":"passed","message":"","name":"C:/Users/Usuario/ECONEURA-/ECONEURA-/apps/web/src/EconeuraCockpit.e2e.test.tsx"},{"assertionResults":[{"ancestorTitles":["EconeuraCockpit","Login Flow"],"fullName":"EconeuraCockpit Login Flow should show login button initially","status":"passed","title":"should show login button initially","duration":48.554300000000694,"failureMessages":[],"meta":{}},{"ancestorTitles":["EconeuraCockpit","Login Flow"],"fullName":"EconeuraCockpit Login Flow should login and show cockpit interface","status":"passed","title":"should login and show cockpit interface","duration":561.0769999999993,"failureMessages":[],"meta":{}},{"ancestorTitles":["EconeuraCockpit","Login Flow"],"fullName":"EconeuraCockpit Login Flow should set bearer token on login","status":"passed","title":"should set bearer token on login","duration":154.6968999999999,"failureMessages":[],"meta":{}},{"ancestorTitles":["EconeuraCockpit","Agent Search"],"fullName":"EconeuraCockpit Agent Search should filter agents by name","status":"passed","title":"should filter agents by name","duration":328.6167999999998,"failureMessages":[],"meta":{}},{"ancestorTitles":["EconeuraCockpit","Agent Search"],"fullName":"EconeuraCockpit Agent Search should filter agents by description","status":"passed","title":"should filter agents by description","duration":330.3018999999995,"failureMessages":[],"meta":{}},{"ancestorTitles":["EconeuraCockpit","Agent Search"],"fullName":"EconeuraCockpit Agent Search should show all agents when search is empty","status":"passed","title":"should show all agents when search is empty","duration":88.96259999999984,"failureMessages":[],"meta":{}},{"ancestorTitles":["EconeuraCockpit","Agent Execution"],"fullName":"EconeuraCockpit Agent Execution should execute agent and show result in activity log","status":"passed","title":"should execute agent and show result in activity log","duration":147.04430000000048,"failureMessages":[],"meta":{}},{"ancestorTitles":["EconeuraCockpit","Agent Execution"],"fullName":"EconeuraCockpit Agent Execution should handle agent execution errors","status":"passed","title":"should handle agent execution errors","duration":224.66190000000006,"failureMessages":[],"meta":{}},{"ancestorTitles":["EconeuraCockpit","Agent Execution"],"fullName":"EconeuraCockpit Agent Execution should accumulate activity log entries","status":"passed","title":"should accumulate activity log entries","duration":312.0538000000006,"failureMessages":[],"meta":{}},{"ancestorTitles":["EconeuraCockpit","UI Structure"],"fullName":"EconeuraCockpit UI Structure should render main cockpit title","status":"passed","title":"should render main cockpit title","duration":2.520999999999731,"failureMessages":[],"meta":{}},{"ancestorTitles":["EconeuraCockpit","UI Structure"],"fullName":"EconeuraCockpit UI Structure should have proper semantic structure","status":"passed","title":"should have proper semantic structure","duration":118.23769999999968,"failureMessages":[],"meta":{}},{"ancestorTitles":["EconeuraCockpit","UI Structure"],"fullName":"EconeuraCockpit UI Structure should display agent cards with proper information","status":"passed","title":"should display agent cards with proper information","duration":64.55919999999969,"failureMessages":[],"meta":{}}],"startTime":1759393062027,"endTime":1759393064410.559,"status":"passed","message":"","name":"C:/Users/Usuario/ECONEURA-/ECONEURA-/apps/web/src/EconeuraCockpit.e2e.test.tsx"},{"assertionResults":[{"ancestorTitles":["EconeuraCockpit","Login Flow"],"fullName":"EconeuraCockpit Login Flow should show login button initially","status":"passed","title":"should show login button initially","duration":59.4983000000002,"failureMessages":[],"meta":{}},{"ancestorTitles":["EconeuraCockpit","Login Flow"],"fullName":"EconeuraCockpit Login Flow should login and show cockpit interface","status":"passed","title":"should login and show cockpit interface","duration":535.4106000000002,"failureMessages":[],"meta":{}},{"ancestorTitles":["EconeuraCockpit","Login Flow"],"fullName":"EconeuraCockpit Login Flow should set bearer token on login","status":"passed","title":"should set bearer token on login","duration":77.95449999999983,"failureMessages":[],"meta":{}},{"ancestorTitles":["EconeuraCockpit","Agent Search"],"fullName":"EconeuraCockpit Agent Search should filter agents by name","status":"passed","title":"should filter agents by name","duration":385.6388999999999,"failureMessages":[],"meta":{}},{"ancestorTitles":["EconeuraCockpit","Agent Search"],"fullName":"EconeuraCockpit Agent Search should filter agents by description","status":"passed","title":"should filter agents by description","duration":486.08500000000004,"failureMessages":[],"meta":{}},{"ancestorTitles":["EconeuraCockpit","Agent Search"],"fullName":"EconeuraCockpit Agent Search should show all agents when search is empty","status":"passed","title":"should show all agents when search is empty","duration":199.09050000000025,"failureMessages":[],"meta":{}},{"ancestorTitles":["EconeuraCockpit","Agent Execution"],"fullName":"EconeuraCockpit Agent Execution should execute agent and show result in activity log","status":"passed","title":"should execute agent and show result in activity log","duration":327.7485999999999,"failureMessages":[],"meta":{}},{"ancestorTitles":["EconeuraCockpit","Agent Execution"],"fullName":"EconeuraCockpit Agent Execution should handle agent execution errors","status":"passed","title":"should handle agent execution errors","duration":163.8816999999999,"failureMessages":[],"meta":{}},{"ancestorTitles":["EconeuraCockpit","Agent Execution"],"fullName":"EconeuraCockpit Agent Execution should accumulate activity log entries","status":"passed","title":"should accumulate activity log entries","duration":453.79979999999887,"failureMessages":[],"meta":{}},{"ancestorTitles":["EconeuraCockpit","UI Structure"],"fullName":"EconeuraCockpit UI Structure should render main cockpit title","status":"passed","title":"should render main cockpit title","duration":4.767299999999523,"failureMessages":[],"meta":{}},{"ancestorTitles":["EconeuraCockpit","UI Structure"],"fullName":"EconeuraCockpit UI Structure should have proper semantic structure","status":"passed","title":"should have proper semantic structure","duration":99.06419999999889,"failureMessages":[],"meta":{}},{"ancestorTitles":["EconeuraCockpit","UI Structure"],"fullName":"EconeuraCockpit UI Structure should display agent cards with proper information","status":"passed","title":"should display agent cards with proper information","duration":40.487199999999575,"failureMessages":[],"meta":{}}],"startTime":1759393062133,"endTime":1759393064968.4873,"status":"passed","message":"","name":"C:/Users/Usuario/ECONEURA-/ECONEURA-/apps/web/src/EconeuraCockpit.e2e.test.tsx"},{"assertionResults":[{"ancestorTitles":["shared smoke test"],"fullName":"shared smoke test should pass basic assertion","status":"passed","title":"should pass basic assertion","duration":1.9945999999999913,"failureMessages":[],"meta":{}},{"ancestorTitles":["shared smoke test"],"fullName":"shared smoke test should import shared modules","status":"passed","title":"should import shared modules","duration":0.4099999999998545,"failureMessages":[],"meta":{}},{"ancestorTitles":["shared smoke test","minimal.ts"],"fullName":"shared smoke test minimal.ts should create API response","status":"passed","title":"should create API response","duration":1.0345000000006621,"failureMessages":[],"meta":{}},{"ancestorTitles":["shared smoke test","minimal.ts"],"fullName":"shared smoke test minimal.ts should create API response without message","status":"passed","title":"should create API response without message","duration":0.3443999999999505,"failureMessages":[],"meta":{}},{"ancestorTitles":["shared smoke test","minimal.ts"],"fullName":"shared smoke test minimal.ts should create error response","status":"passed","title":"should create error response","duration":0.9246000000002823,"failureMessages":[],"meta":{}},{"ancestorTitles":["shared smoke test","minimal.ts"],"fullName":"shared smoke test minimal.ts should validate User interface","status":"passed","title":"should validate User interface","duration":0.2845000000006621,"failureMessages":[],"meta":{}},{"ancestorTitles":["shared smoke test","minimal.ts"],"fullName":"shared smoke test minimal.ts should validate ApiResponse interface","status":"passed","title":"should validate ApiResponse interface","duration":0.4743000000007669,"failureMessages":[],"meta":{}},{"ancestorTitles":["shared smoke test","utils/fetch-safe.ts"],"fullName":"shared smoke test utils/fetch-safe.ts should export fetchSafe function","status":"passed","title":"should export fetchSafe function","duration":0.4492999999993117,"failureMessages":[],"meta":{}},{"ancestorTitles":["shared smoke test","utils/fetch-safe.ts"],"fullName":"shared smoke test utils/fetch-safe.ts should export FetchLike type","status":"passed","title":"should export FetchLike type","duration":0.4960000000000946,"failureMessages":[],"meta":{}},{"ancestorTitles":["shared smoke test","utils/fetch-safe.ts"],"fullName":"shared smoke test utils/fetch-safe.ts should call fetch with merged headers","status":"passed","title":"should call fetch with merged headers","duration":4.637700000000223,"failureMessages":[],"meta":{}},{"ancestorTitles":["shared smoke test","utils/fetch-safe.ts"],"fullName":"shared smoke test utils/fetch-safe.ts should handle empty headers","status":"passed","title":"should handle empty headers","duration":0.599699999999757,"failureMessages":[],"meta":{}}],"startTime":1759393074083,"endTime":1759393074096.5996,"status":"passed","message":"","name":"C:/Users/Usuario/ECONEURA-/ECONEURA-/packages/shared/src/smoke.shared.test.ts"},{"assertionResults":[{"ancestorTitles":["shared smoke test"],"fullName":"shared smoke test should pass basic assertion","status":"passed","title":"should pass basic assertion","duration":1.8567000000000462,"failureMessages":[],"meta":{}},{"ancestorTitles":["shared smoke test"],"fullName":"shared smoke test should import shared modules","status":"passed","title":"should import shared modules","duration":0.26109999999994216,"failureMessages":[],"meta":{}},{"ancestorTitles":["shared smoke test","minimal.ts"],"fullName":"shared smoke test minimal.ts should create API response","status":"passed","title":"should create API response","duration":1.036100000000033,"failureMessages":[],"meta":{}},{"ancestorTitles":["shared smoke test","minimal.ts"],"fullName":"shared smoke test minimal.ts should create API response without message","status":"passed","title":"should create API response without message","duration":0.3554999999998927,"failureMessages":[],"meta":{}},{"ancestorTitles":["shared smoke test","minimal.ts"],"fullName":"shared smoke test minimal.ts should create error response","status":"passed","title":"should create error response","duration":0.34619999999995343,"failureMessages":[],"meta":{}},{"ancestorTitles":["shared smoke test","minimal.ts"],"fullName":"shared smoke test minimal.ts should validate User interface","status":"passed","title":"should validate User interface","duration":0.2559999999998581,"failureMessages":[],"meta":{}},{"ancestorTitles":["shared smoke test","minimal.ts"],"fullName":"shared smoke test minimal.ts should validate ApiResponse interface","status":"passed","title":"should validate ApiResponse interface","duration":0.24500000000011823,"failureMessages":[],"meta":{}},{"ancestorTitles":["shared smoke test","utils/fetch-safe.ts"],"fullName":"shared smoke test utils/fetch-safe.ts should export fetchSafe function","status":"passed","title":"should export fetchSafe function","duration":0.25260000000002947,"failureMessages":[],"meta":{}},{"ancestorTitles":["shared smoke test","utils/fetch-safe.ts"],"fullName":"shared smoke test utils/fetch-safe.ts should export FetchLike type","status":"passed","title":"should export FetchLike type","duration":0.2195000000001528,"failureMessages":[],"meta":{}},{"ancestorTitles":["shared smoke test","utils/fetch-safe.ts"],"fullName":"shared smoke test utils/fetch-safe.ts should call fetch with merged headers","status":"passed","title":"should call fetch with merged headers","duration":3.0061000000000604,"failureMessages":[],"meta":{}},{"ancestorTitles":["shared smoke test","utils/fetch-safe.ts"],"fullName":"shared smoke test utils/fetch-safe.ts should handle empty headers","status":"passed","title":"should handle empty headers","duration":0.8536000000001422,"failureMessages":[],"meta":{}}],"startTime":1759393100515,"endTime":1759393100524.8535,"status":"passed","message":"","name":"C:/Users/Usuario/ECONEURA-/ECONEURA-/packages/shared/src/smoke.shared.test.ts"},{"assertionResults":[{"ancestorTitles":["shared smoke test"],"fullName":"shared smoke test should pass basic assertion","status":"passed","title":"should pass basic assertion","duration":1.7885999999998603,"failureMessages":[],"meta":{}},{"ancestorTitles":["shared smoke test"],"fullName":"shared smoke test should import shared modules","status":"passed","title":"should import shared modules","duration":0.2436999999999898,"failureMessages":[],"meta":{}},{"ancestorTitles":["shared smoke test","minimal.ts"],"fullName":"shared smoke test minimal.ts should create API response","status":"passed","title":"should create API response","duration":1.0075000000001637,"failureMessages":[],"meta":{}},{"ancestorTitles":["shared smoke test","minimal.ts"],"fullName":"shared smoke test minimal.ts should create API response without message","status":"passed","title":"should create API response without message","duration":0.33349999999995816,"failureMessages":[],"meta":{}},{"ancestorTitles":["shared smoke test","minimal.ts"],"fullName":"shared smoke test minimal.ts should create error response","status":"passed","title":"should create error response","duration":0.34789999999998145,"failureMessages":[],"meta":{}},{"ancestorTitles":["shared smoke test","minimal.ts"],"fullName":"shared smoke test minimal.ts should validate User interface","status":"passed","title":"should validate User interface","duration":0.25070000000005166,"failureMessages":[],"meta":{}},{"ancestorTitles":["shared smoke test","minimal.ts"],"fullName":"shared smoke test minimal.ts should validate ApiResponse interface","status":"passed","title":"should validate ApiResponse interface","duration":0.23400000000015098,"failureMessages":[],"meta":{}},{"ancestorTitles":["shared smoke test","utils/fetch-safe.ts"],"fullName":"shared smoke test utils/fetch-safe.ts should export fetchSafe function","status":"passed","title":"should export fetchSafe function","duration":0.27890000000002146,"failureMessages":[],"meta":{}},{"ancestorTitles":["shared smoke test","utils/fetch-safe.ts"],"fullName":"shared smoke test utils/fetch-safe.ts should export FetchLike type","status":"passed","title":"should export FetchLike type","duration":0.21169999999983702,"failureMessages":[],"meta":{}},{"ancestorTitles":["shared smoke test","utils/fetch-safe.ts"],"fullName":"shared smoke test utils/fetch-safe.ts should call fetch with merged headers","status":"passed","title":"should call fetch with merged headers","duration":3.102700000000141,"failureMessages":[],"meta":{}},{"ancestorTitles":["shared smoke test","utils/fetch-safe.ts"],"fullName":"shared smoke test utils/fetch-safe.ts should handle empty headers","status":"passed","title":"should handle empty headers","duration":0.5036000000000058,"failureMessages":[],"meta":{}}],"startTime":1759393101180,"endTime":1759393101189.5037,"status":"passed","message":"","name":"C:/Users/Usuario/ECONEURA-/ECONEURA-/packages/shared/src/smoke.shared.test.ts"},{"assertionResults":[{"ancestorTitles":["Config Module"],"fullName":"Config Module should validate required environment variables","status":"passed","title":"should validate required environment variables","duration":4.069800000000214,"failureMessages":[],"meta":{}},{"ancestorTitles":["Config Module"],"fullName":"Config Module should validate URL formats","status":"passed","title":"should validate URL formats","duration":5.823199999999815,"failureMessages":[],"meta":{}},{"ancestorTitles":["Config Module"],"fullName":"Config Module should validate JWT secret minimum length","status":"passed","title":"should validate JWT secret minimum length","duration":2.4015999999996893,"failureMessages":[],"meta":{}},{"ancestorTitles":["Config Module"],"fullName":"Config Module should validate numeric transformations","status":"passed","title":"should validate numeric transformations","duration":1.7334999999998217,"failureMessages":[],"meta":{}},{"ancestorTitles":["Config Module"],"fullName":"Config Module should validate enum values","status":"passed","title":"should validate enum values","duration":1.914900000000216,"failureMessages":[],"meta":{}},{"ancestorTitles":["Config Module"],"fullName":"Config Module should handle default values correctly","status":"passed","title":"should handle default values correctly","duration":1.0824999999999818,"failureMessages":[],"meta":{}},{"ancestorTitles":["Config Module"],"fullName":"Config Module should validate Azure OpenAI configuration","status":"passed","title":"should validate Azure OpenAI configuration","duration":0.9101999999998043,"failureMessages":[],"meta":{}}],"startTime":1759393072368,"endTime":1759393072386.9102,"status":"passed","message":"","name":"C:/Users/Usuario/ECONEURA-/ECONEURA-/packages/shared/src/__tests__/config.test.ts"},{"assertionResults":[{"ancestorTitles":["Config Module"],"fullName":"Config Module should validate required environment variables","status":"passed","title":"should validate required environment variables","duration":2.8904999999999745,"failureMessages":[],"meta":{}},{"ancestorTitles":["Config Module"],"fullName":"Config Module should validate URL formats","status":"passed","title":"should validate URL formats","duration":8.995099999999866,"failureMessages":[],"meta":{}},{"ancestorTitles":["Config Module"],"fullName":"Config Module should validate JWT secret minimum length","status":"passed","title":"should validate JWT secret minimum length","duration":2.5224000000000615,"failureMessages":[],"meta":{}},{"ancestorTitles":["Config Module"],"fullName":"Config Module should validate numeric transformations","status":"passed","title":"should validate numeric transformations","duration":1.80600000000004,"failureMessages":[],"meta":{}},{"ancestorTitles":["Config Module"],"fullName":"Config Module should validate enum values","status":"passed","title":"should validate enum values","duration":2.2870000000000346,"failureMessages":[],"meta":{}},{"ancestorTitles":["Config Module"],"fullName":"Config Module should handle default values correctly","status":"passed","title":"should handle default values correctly","duration":1.1277000000000044,"failureMessages":[],"meta":{}},{"ancestorTitles":["Config Module"],"fullName":"Config Module should validate Azure OpenAI configuration","status":"passed","title":"should validate Azure OpenAI configuration","duration":7.654500000000098,"failureMessages":[],"meta":{}}],"startTime":1759393098551,"endTime":1759393098578.6545,"status":"passed","message":"","name":"C:/Users/Usuario/ECONEURA-/ECONEURA-/packages/shared/src/__tests__/config.test.ts"},{"assertionResults":[{"ancestorTitles":["Config Module"],"fullName":"Config Module should validate required environment variables","status":"passed","title":"should validate required environment variables","duration":4.342499999999973,"failureMessages":[],"meta":{}},{"ancestorTitles":["Config Module"],"fullName":"Config Module should validate URL formats","status":"passed","title":"should validate URL formats","duration":6.920800000000099,"failureMessages":[],"meta":{}},{"ancestorTitles":["Config Module"],"fullName":"Config Module should validate JWT secret minimum length","status":"passed","title":"should validate JWT secret minimum length","duration":2.1340000000000146,"failureMessages":[],"meta":{}},{"ancestorTitles":["Config Module"],"fullName":"Config Module should validate numeric transformations","status":"passed","title":"should validate numeric transformations","duration":1.5726999999999407,"failureMessages":[],"meta":{}},{"ancestorTitles":["Config Module"],"fullName":"Config Module should validate enum values","status":"passed","title":"should validate enum values","duration":3.7590999999999894,"failureMessages":[],"meta":{}},{"ancestorTitles":["Config Module"],"fullName":"Config Module should handle default values correctly","status":"passed","title":"should handle default values correctly","duration":2.706100000000106,"failureMessages":[],"meta":{}},{"ancestorTitles":["Config Module"],"fullName":"Config Module should validate Azure OpenAI configuration","status":"passed","title":"should validate Azure OpenAI configuration","duration":1.217300000000023,"failureMessages":[],"meta":{}}],"startTime":1759393098988,"endTime":1759393099012.2173,"status":"passed","message":"","name":"C:/Users/Usuario/ECONEURA-/ECONEURA-/packages/shared/src/__tests__/config.test.ts"},{"assertionResults":[{"ancestorTitles":["config helpers"],"fullName":"config helpers loadConfig returns parsed config with defaults","status":"passed","title":"loadConfig returns parsed config with defaults","duration":45.69619999999941,"failureMessages":[],"meta":{}},{"ancestorTitles":["config helpers"],"fullName":"config helpers loadConfig throws when required var missing","status":"passed","title":"loadConfig throws when required var missing","duration":23.986800000000585,"failureMessages":[],"meta":{}},{"ancestorTitles":["config helpers"],"fullName":"config helpers getRequiredConfig returns value and respects defaults; throws for missing optional keys","status":"passed","title":"getRequiredConfig returns value and respects defaults; throws for missing optional keys","duration":13.167499999999563,"failureMessages":[],"meta":{}},{"ancestorTitles":["config helpers"],"fullName":"config helpers getOptionalConfig returns default when missing","status":"passed","title":"getOptionalConfig returns default when missing","duration":7.954899999999725,"failureMessages":[],"meta":{}}],"startTime":1759393077659,"endTime":1759393077749.9548,"status":"passed","message":"","name":"C:/Users/Usuario/ECONEURA-/ECONEURA-/packages/shared/src/__tests__/config.unit.test.ts"},{"assertionResults":[{"ancestorTitles":["config helpers"],"fullName":"config helpers loadConfig returns parsed config with defaults","status":"passed","title":"loadConfig returns parsed config with defaults","duration":70.44249999999988,"failureMessages":[],"meta":{}},{"ancestorTitles":["config helpers"],"fullName":"config helpers loadConfig throws when required var missing","status":"passed","title":"loadConfig throws when required var missing","duration":12.465200000000095,"failureMessages":[],"meta":{}},{"ancestorTitles":["config helpers"],"fullName":"config helpers getRequiredConfig returns value and respects defaults; throws for missing optional keys","status":"passed","title":"getRequiredConfig returns value and respects defaults; throws for missing optional keys","duration":5.50449999999978,"failureMessages":[],"meta":{}},{"ancestorTitles":["config helpers"],"fullName":"config helpers getOptionalConfig returns default when missing","status":"passed","title":"getOptionalConfig returns default when missing","duration":11.797900000000027,"failureMessages":[],"meta":{}}],"startTime":1759393102772,"endTime":1759393102871.7979,"status":"passed","message":"","name":"C:/Users/Usuario/ECONEURA-/ECONEURA-/packages/shared/src/__tests__/config.unit.test.ts"},{"assertionResults":[{"ancestorTitles":["config helpers"],"fullName":"config helpers loadConfig returns parsed config with defaults","status":"passed","title":"loadConfig returns parsed config with defaults","duration":79.9828,"failureMessages":[],"meta":{}},{"ancestorTitles":["config helpers"],"fullName":"config helpers loadConfig throws when required var missing","status":"passed","title":"loadConfig throws when required var missing","duration":17.91080000000011,"failureMessages":[],"meta":{}},{"ancestorTitles":["config helpers"],"fullName":"config helpers getRequiredConfig returns value and respects defaults; throws for missing optional keys","status":"passed","title":"getRequiredConfig returns value and respects defaults; throws for missing optional keys","duration":17.010500000000093,"failureMessages":[],"meta":{}},{"ancestorTitles":["config helpers"],"fullName":"config helpers getOptionalConfig returns default when missing","status":"passed","title":"getOptionalConfig returns default when missing","duration":12.629199999999855,"failureMessages":[],"meta":{}}],"startTime":1759393102924,"endTime":1759393103051.6292,"status":"passed","message":"","name":"C:/Users/Usuario/ECONEURA-/ECONEURA-/packages/shared/src/__tests__/config.unit.test.ts"},{"assertionResults":[{"ancestorTitles":["Errors Module"],"fullName":"Errors Module should be testable","status":"passed","title":"should be testable","duration":1.878400000000056,"failureMessages":[],"meta":{}},{"ancestorTitles":["Errors Module"],"fullName":"Errors Module should handle basic error logic","status":"passed","title":"should handle basic error logic","duration":0.2986000000000786,"failureMessages":[],"meta":{}}],"startTime":1759393094965,"endTime":1759393094967.2986,"status":"passed","message":"","name":"C:/Users/Usuario/ECONEURA-/ECONEURA-/packages/shared/src/__tests__/errors.test.ts"},{"assertionResults":[{"ancestorTitles":["Errors Module"],"fullName":"Errors Module should be testable","status":"passed","title":"should be testable","duration":3.7792000000001735,"failureMessages":[],"meta":{}},{"ancestorTitles":["Errors Module"],"fullName":"Errors Module should handle basic error logic","status":"passed","title":"should handle basic error logic","duration":0.5334000000000287,"failureMessages":[],"meta":{}}],"startTime":1759393107062,"endTime":1759393107066.5334,"status":"passed","message":"","name":"C:/Users/Usuario/ECONEURA-/ECONEURA-/packages/shared/src/__tests__/errors.test.ts"},{"assertionResults":[{"ancestorTitles":["Errors Module"],"fullName":"Errors Module should be testable","status":"passed","title":"should be testable","duration":5.0055999999999585,"failureMessages":[],"meta":{}},{"ancestorTitles":["Errors Module"],"fullName":"Errors Module should handle basic error logic","status":"passed","title":"should handle basic error logic","duration":0.40980000000001837,"failureMessages":[],"meta":{}}],"startTime":1759393108113,"endTime":1759393108118.41,"status":"passed","message":"","name":"C:/Users/Usuario/ECONEURA-/ECONEURA-/packages/shared/src/__tests__/errors.test.ts"},{"assertionResults":[{"ancestorTitles":["HealthChecker","constructor"],"fullName":"HealthChecker constructor should create a new HealthChecker instance","status":"passed","title":"should create a new HealthChecker instance","duration":3.327900000000227,"failureMessages":[],"meta":{}},{"ancestorTitles":["HealthChecker","registerService"],"fullName":"HealthChecker registerService should register a service check","status":"passed","title":"should register a service check","duration":4.07549999999992,"failureMessages":[],"meta":{}},{"ancestorTitles":["HealthChecker","checkHealth"],"fullName":"HealthChecker checkHealth should return healthy status when all services are up","status":"passed","title":"should return healthy status when all services are up","duration":0.8557000000000698,"failureMessages":[],"meta":{}},{"ancestorTitles":["HealthChecker","checkHealth"],"fullName":"HealthChecker checkHealth should return unhealthy status when any service is down","status":"passed","title":"should return unhealthy status when any service is down","duration":0.3310999999998785,"failureMessages":[],"meta":{}},{"ancestorTitles":["HealthChecker","checkHealth"],"fullName":"HealthChecker checkHealth should handle service check errors","status":"passed","title":"should handle service check errors","duration":0.4034999999998945,"failureMessages":[],"meta":{}},{"ancestorTitles":["HealthChecker","checkHealth"],"fullName":"HealthChecker checkHealth should measure response time","status":"passed","title":"should measure response time","duration":11.955900000000383,"failureMessages":[],"meta":{}},{"ancestorTitles":["HealthChecker","getUptime"],"fullName":"HealthChecker getUptime should return uptime in milliseconds","status":"passed","title":"should return uptime in milliseconds","duration":0.41879999999991924,"failureMessages":[],"meta":{}},{"ancestorTitles":["HealthChecker","helper functions","createHealthCheck"],"fullName":"HealthChecker helper functions createHealthCheck should return the check function","status":"passed","title":"should return the check function","duration":0.5832000000000335,"failureMessages":[],"meta":{}},{"ancestorTitles":["HealthChecker","helper functions","databaseHealthCheck"],"fullName":"HealthChecker helper functions databaseHealthCheck should return true for valid connection string","status":"passed","title":"should return true for valid connection string","duration":0.2976000000003296,"failureMessages":[],"meta":{}},{"ancestorTitles":["HealthChecker","helper functions","databaseHealthCheck"],"fullName":"HealthChecker helper functions databaseHealthCheck should return false for empty connection string","status":"passed","title":"should return false for empty connection string","duration":0.2294000000001688,"failureMessages":[],"meta":{}},{"ancestorTitles":["HealthChecker","helper functions","redisHealthCheck"],"fullName":"HealthChecker helper functions redisHealthCheck should return true for valid redis URL","status":"passed","title":"should return true for valid redis URL","duration":0.2798999999999978,"failureMessages":[],"meta":{}},{"ancestorTitles":["HealthChecker","helper functions","redisHealthCheck"],"fullName":"HealthChecker helper functions redisHealthCheck should return false for invalid redis URL","status":"passed","title":"should return false for invalid redis URL","duration":0.2448999999996886,"failureMessages":[],"meta":{}},{"ancestorTitles":["HealthChecker","singleton instance"],"fullName":"HealthChecker singleton instance should export a singleton healthChecker instance","status":"passed","title":"should export a singleton healthChecker instance","duration":0.25090000000000146,"failureMessages":[],"meta":{}}],"startTime":1759393068883,"endTime":1759393068908.251,"status":"passed","message":"","name":"C:/Users/Usuario/ECONEURA-/ECONEURA-/packages/shared/src/__tests__/health.test.ts"},{"assertionResults":[{"ancestorTitles":["HealthChecker","constructor"],"fullName":"HealthChecker constructor should create a new HealthChecker instance","status":"passed","title":"should create a new HealthChecker instance","duration":2.1020999999998367,"failureMessages":[],"meta":{}},{"ancestorTitles":["HealthChecker","registerService"],"fullName":"HealthChecker registerService should register a service check","status":"passed","title":"should register a service check","duration":3.8463999999999032,"failureMessages":[],"meta":{}},{"ancestorTitles":["HealthChecker","checkHealth"],"fullName":"HealthChecker checkHealth should return healthy status when all services are up","status":"passed","title":"should return healthy status when all services are up","duration":0.8748000000000502,"failureMessages":[],"meta":{}},{"ancestorTitles":["HealthChecker","checkHealth"],"fullName":"HealthChecker checkHealth should return unhealthy status when any service is down","status":"passed","title":"should return unhealthy status when any service is down","duration":0.32970000000000255,"failureMessages":[],"meta":{}},{"ancestorTitles":["HealthChecker","checkHealth"],"fullName":"HealthChecker checkHealth should handle service check errors","status":"passed","title":"should handle service check errors","duration":0.4057000000000244,"failureMessages":[],"meta":{}},{"ancestorTitles":["HealthChecker","checkHealth"],"fullName":"HealthChecker checkHealth should measure response time","status":"passed","title":"should measure response time","duration":21.472999999999956,"failureMessages":[],"meta":{}},{"ancestorTitles":["HealthChecker","getUptime"],"fullName":"HealthChecker getUptime should return uptime in milliseconds","status":"passed","title":"should return uptime in milliseconds","duration":0.6651999999999134,"failureMessages":[],"meta":{}},{"ancestorTitles":["HealthChecker","helper functions","createHealthCheck"],"fullName":"HealthChecker helper functions createHealthCheck should return the check function","status":"passed","title":"should return the check function","duration":0.45329999999989923,"failureMessages":[],"meta":{}},{"ancestorTitles":["HealthChecker","helper functions","databaseHealthCheck"],"fullName":"HealthChecker helper functions databaseHealthCheck should return true for valid connection string","status":"passed","title":"should return true for valid connection string","duration":0.5681999999999334,"failureMessages":[],"meta":{}},{"ancestorTitles":["HealthChecker","helper functions","databaseHealthCheck"],"fullName":"HealthChecker helper functions databaseHealthCheck should return false for empty connection string","status":"passed","title":"should return false for empty connection string","duration":0.2219000000000051,"failureMessages":[],"meta":{}},{"ancestorTitles":["HealthChecker","helper functions","redisHealthCheck"],"fullName":"HealthChecker helper functions redisHealthCheck should return true for valid redis URL","status":"passed","title":"should return true for valid redis URL","duration":0.3062999999999647,"failureMessages":[],"meta":{}},{"ancestorTitles":["HealthChecker","helper functions","redisHealthCheck"],"fullName":"HealthChecker helper functions redisHealthCheck should return false for invalid redis URL","status":"passed","title":"should return false for invalid redis URL","duration":0.26739999999995234,"failureMessages":[],"meta":{}},{"ancestorTitles":["HealthChecker","singleton instance"],"fullName":"HealthChecker singleton instance should export a singleton healthChecker instance","status":"passed","title":"should export a singleton healthChecker instance","duration":0.22420000000010987,"failureMessages":[],"meta":{}}],"startTime":1759393096511,"endTime":1759393096544.224,"status":"passed","message":"","name":"C:/Users/Usuario/ECONEURA-/ECONEURA-/packages/shared/src/__tests__/health.test.ts"},{"assertionResults":[{"ancestorTitles":["HealthChecker","constructor"],"fullName":"HealthChecker constructor should create a new HealthChecker instance","status":"passed","title":"should create a new HealthChecker instance","duration":1.871900000000096,"failureMessages":[],"meta":{}},{"ancestorTitles":["HealthChecker","registerService"],"fullName":"HealthChecker registerService should register a service check","status":"passed","title":"should register a service check","duration":3.7457999999999174,"failureMessages":[],"meta":{}},{"ancestorTitles":["HealthChecker","checkHealth"],"fullName":"HealthChecker checkHealth should return healthy status when all services are up","status":"passed","title":"should return healthy status when all services are up","duration":1.0921000000000731,"failureMessages":[],"meta":{}},{"ancestorTitles":["HealthChecker","checkHealth"],"fullName":"HealthChecker checkHealth should return unhealthy status when any service is down","status":"passed","title":"should return unhealthy status when any service is down","duration":0.3738999999998214,"failureMessages":[],"meta":{}},{"ancestorTitles":["HealthChecker","checkHealth"],"fullName":"HealthChecker checkHealth should handle service check errors","status":"passed","title":"should handle service check errors","duration":0.4308000000000902,"failureMessages":[],"meta":{}},{"ancestorTitles":["HealthChecker","checkHealth"],"fullName":"HealthChecker checkHealth should measure response time","status":"passed","title":"should measure response time","duration":23.699699999999893,"failureMessages":[],"meta":{}},{"ancestorTitles":["HealthChecker","getUptime"],"fullName":"HealthChecker getUptime should return uptime in milliseconds","status":"passed","title":"should return uptime in milliseconds","duration":0.3322000000000571,"failureMessages":[],"meta":{}},{"ancestorTitles":["HealthChecker","helper functions","createHealthCheck"],"fullName":"HealthChecker helper functions createHealthCheck should return the check function","status":"passed","title":"should return the check function","duration":0.31899999999996,"failureMessages":[],"meta":{}},{"ancestorTitles":["HealthChecker","helper functions","databaseHealthCheck"],"fullName":"HealthChecker helper functions databaseHealthCheck should return true for valid connection string","status":"passed","title":"should return true for valid connection string","duration":0.2980999999999767,"failureMessages":[],"meta":{}},{"ancestorTitles":["HealthChecker","helper functions","databaseHealthCheck"],"fullName":"HealthChecker helper functions databaseHealthCheck should return false for empty connection string","status":"passed","title":"should return false for empty connection string","duration":0.21499999999991815,"failureMessages":[],"meta":{}},{"ancestorTitles":["HealthChecker","helper functions","redisHealthCheck"],"fullName":"HealthChecker helper functions redisHealthCheck should return true for valid redis URL","status":"passed","title":"should return true for valid redis URL","duration":0.2659000000001015,"failureMessages":[],"meta":{}},{"ancestorTitles":["HealthChecker","helper functions","redisHealthCheck"],"fullName":"HealthChecker helper functions redisHealthCheck should return false for invalid redis URL","status":"passed","title":"should return false for invalid redis URL","duration":0.2533000000000811,"failureMessages":[],"meta":{}},{"ancestorTitles":["HealthChecker","singleton instance"],"fullName":"HealthChecker singleton instance should export a singleton healthChecker instance","status":"passed","title":"should export a singleton healthChecker instance","duration":0.2624000000000706,"failureMessages":[],"meta":{}}],"startTime":1759393097211,"endTime":1759393097245.2659,"status":"passed","message":"","name":"C:/Users/Usuario/ECONEURA-/ECONEURA-/packages/shared/src/__tests__/health.test.ts"},{"assertionResults":[{"ancestorTitles":["Logging Module"],"fullName":"Logging Module should be testable","status":"passed","title":"should be testable","duration":4.157399999999598,"failureMessages":[],"meta":{}},{"ancestorTitles":["Logging Module"],"fullName":"Logging Module should handle log levels","status":"passed","title":"should handle log levels","duration":1.3326999999999316,"failureMessages":[],"meta":{}}],"startTime":1759393094788,"endTime":1759393094793.3328,"status":"passed","message":"","name":"C:/Users/Usuario/ECONEURA-/ECONEURA-/packages/shared/src/__tests__/logging.test.ts"},{"assertionResults":[{"ancestorTitles":["Logging Module"],"fullName":"Logging Module should be testable","status":"passed","title":"should be testable","duration":3.0768000000000484,"failureMessages":[],"meta":{}},{"ancestorTitles":["Logging Module"],"fullName":"Logging Module should handle log levels","status":"passed","title":"should handle log levels","duration":1.6225999999999203,"failureMessages":[],"meta":{}}],"startTime":1759393107150,"endTime":1759393107154.6226,"status":"passed","message":"","name":"C:/Users/Usuario/ECONEURA-/ECONEURA-/packages/shared/src/__tests__/logging.test.ts"},{"assertionResults":[{"ancestorTitles":["Logging Module"],"fullName":"Logging Module should be testable","status":"passed","title":"should be testable","duration":1.8498999999999342,"failureMessages":[],"meta":{}},{"ancestorTitles":["Logging Module"],"fullName":"Logging Module should handle log levels","status":"passed","title":"should handle log levels","duration":1.2624000000000706,"failureMessages":[],"meta":{}}],"startTime":1759393107284,"endTime":1759393107287.2625,"status":"passed","message":"","name":"C:/Users/Usuario/ECONEURA-/ECONEURA-/packages/shared/src/__tests__/logging.test.ts"},{"assertionResults":[{"ancestorTitles":["logging shim"],"fullName":"logging shim logger methods call console","status":"failed","title":"logger methods call console","duration":15.082899999999881,"failureMessages":["AssertionError: expected \"info\" to be called at least once\n    at Proxy.<anonymous> (file:///C:/Users/Usuario/ECONEURA-/ECONEURA-/node_modules/.pnpm/@vitest+expect@2.1.9/node_modules/@vitest/expect/dist/index.js:1448:13)\n    at Proxy.<anonymous> (file:///C:/Users/Usuario/ECONEURA-/ECONEURA-/node_modules/.pnpm/@vitest+expect@2.1.9/node_modules/@vitest/expect/dist/index.js:972:17)\n    at Proxy.methodWrapper (file:///C:/Users/Usuario/ECONEURA-/ECONEURA-/node_modules/.pnpm/chai@5.3.3/node_modules/chai/index.js:1686:25)\n    at C:\\Users\\Usuario\\ECONEURA-\\ECONEURA-\\packages\\shared\\src\\__tests__\\logging.unit.test.ts:16:21\n    at file:///C:/Users/Usuario/ECONEURA-/ECONEURA-/node_modules/.pnpm/@vitest+runner@2.1.9/node_modules/@vitest/runner/dist/index.js:146:14\n    at file:///C:/Users/Usuario/ECONEURA-/ECONEURA-/node_modules/.pnpm/@vitest+runner@2.1.9/node_modules/@vitest/runner/dist/index.js:533:11\n    at runWithTimeout (file:///C:/Users/Usuario/ECONEURA-/ECONEURA-/node_modules/.pnpm/@vitest+runner@2.1.9/node_modules/@vitest/runner/dist/index.js:39:7)\n    at runTest (file:///C:/Users/Usuario/ECONEURA-/ECONEURA-/node_modules/.pnpm/@vitest+runner@2.1.9/node_modules/@vitest/runner/dist/index.js:1056:17)\n    at processTicksAndRejections (node:internal/process/task_queues:105:5)\n    at runSuite (file:///C:/Users/Usuario/ECONEURA-/ECONEURA-/node_modules/.pnpm/@vitest+runner@2.1.9/node_modules/@vitest/runner/dist/index.js:1205:15)","AssertionError: expected \"info\" to be called at least once\n    at Proxy.<anonymous> (file:///C:/Users/Usuario/ECONEURA-/ECONEURA-/node_modules/.pnpm/@vitest+expect@2.1.9/node_modules/@vitest/expect/dist/index.js:1448:13)\n    at Proxy.<anonymous> (file:///C:/Users/Usuario/ECONEURA-/ECONEURA-/node_modules/.pnpm/@vitest+expect@2.1.9/node_modules/@vitest/expect/dist/index.js:972:17)\n    at Proxy.methodWrapper (file:///C:/Users/Usuario/ECONEURA-/ECONEURA-/node_modules/.pnpm/chai@5.3.3/node_modules/chai/index.js:1686:25)\n    at C:\\Users\\Usuario\\ECONEURA-\\ECONEURA-\\packages\\shared\\src\\__tests__\\logging.unit.test.ts:16:21\n    at file:///C:/Users/Usuario/ECONEURA-/ECONEURA-/node_modules/.pnpm/@vitest+runner@2.1.9/node_modules/@vitest/runner/dist/index.js:146:14\n    at file:///C:/Users/Usuario/ECONEURA-/ECONEURA-/node_modules/.pnpm/@vitest+runner@2.1.9/node_modules/@vitest/runner/dist/index.js:533:11\n    at runWithTimeout (file:///C:/Users/Usuario/ECONEURA-/ECONEURA-/node_modules/.pnpm/@vitest+runner@2.1.9/node_modules/@vitest/runner/dist/index.js:39:7)\n    at runTest (file:///C:/Users/Usuario/ECONEURA-/ECONEURA-/node_modules/.pnpm/@vitest+runner@2.1.9/node_modules/@vitest/runner/dist/index.js:1056:17)\n    at processTicksAndRejections (node:internal/process/task_queues:105:5)\n    at runSuite (file:///C:/Users/Usuario/ECONEURA-/ECONEURA-/node_modules/.pnpm/@vitest+runner@2.1.9/node_modules/@vitest/runner/dist/index.js:1205:15)"],"meta":{}},{"ancestorTitles":["logging shim"],"fullName":"logging shim apiLogger uses logger.info","status":"failed","title":"apiLogger uses logger.info","duration":1.5356000000001586,"failureMessages":["AssertionError: expected \"info\" to be called at least once\n    at Proxy.<anonymous> (file:///C:/Users/Usuario/ECONEURA-/ECONEURA-/node_modules/.pnpm/@vitest+expect@2.1.9/node_modules/@vitest/expect/dist/index.js:1448:13)\n    at Proxy.<anonymous> (file:///C:/Users/Usuario/ECONEURA-/ECONEURA-/node_modules/.pnpm/@vitest+expect@2.1.9/node_modules/@vitest/expect/dist/index.js:972:17)\n    at Proxy.methodWrapper (file:///C:/Users/Usuario/ECONEURA-/ECONEURA-/node_modules/.pnpm/chai@5.3.3/node_modules/chai/index.js:1686:25)\n    at C:\\Users\\Usuario\\ECONEURA-\\ECONEURA-\\packages\\shared\\src\\__tests__\\logging.unit.test.ts:31:21\n    at file:///C:/Users/Usuario/ECONEURA-/ECONEURA-/node_modules/.pnpm/@vitest+runner@2.1.9/node_modules/@vitest/runner/dist/index.js:146:14\n    at file:///C:/Users/Usuario/ECONEURA-/ECONEURA-/node_modules/.pnpm/@vitest+runner@2.1.9/node_modules/@vitest/runner/dist/index.js:533:11\n    at runWithTimeout (file:///C:/Users/Usuario/ECONEURA-/ECONEURA-/node_modules/.pnpm/@vitest+runner@2.1.9/node_modules/@vitest/runner/dist/index.js:39:7)\n    at runTest (file:///C:/Users/Usuario/ECONEURA-/ECONEURA-/node_modules/.pnpm/@vitest+runner@2.1.9/node_modules/@vitest/runner/dist/index.js:1056:17)\n    at processTicksAndRejections (node:internal/process/task_queues:105:5)\n    at runSuite (file:///C:/Users/Usuario/ECONEURA-/ECONEURA-/node_modules/.pnpm/@vitest+runner@2.1.9/node_modules/@vitest/runner/dist/index.js:1205:15)","AssertionError: expected \"info\" to be called at least once\n    at Proxy.<anonymous> (file:///C:/Users/Usuario/ECONEURA-/ECONEURA-/node_modules/.pnpm/@vitest+expect@2.1.9/node_modules/@vitest/expect/dist/index.js:1448:13)\n    at Proxy.<anonymous> (file:///C:/Users/Usuario/ECONEURA-/ECONEURA-/node_modules/.pnpm/@vitest+expect@2.1.9/node_modules/@vitest/expect/dist/index.js:972:17)\n    at Proxy.methodWrapper (file:///C:/Users/Usuario/ECONEURA-/ECONEURA-/node_modules/.pnpm/chai@5.3.3/node_modules/chai/index.js:1686:25)\n    at C:\\Users\\Usuario\\ECONEURA-\\ECONEURA-\\packages\\shared\\src\\__tests__\\logging.unit.test.ts:31:21\n    at file:///C:/Users/Usuario/ECONEURA-/ECONEURA-/node_modules/.pnpm/@vitest+runner@2.1.9/node_modules/@vitest/runner/dist/index.js:146:14\n    at file:///C:/Users/Usuario/ECONEURA-/ECONEURA-/node_modules/.pnpm/@vitest+runner@2.1.9/node_modules/@vitest/runner/dist/index.js:533:11\n    at runWithTimeout (file:///C:/Users/Usuario/ECONEURA-/ECONEURA-/node_modules/.pnpm/@vitest+runner@2.1.9/node_modules/@vitest/runner/dist/index.js:39:7)\n    at runTest (file:///C:/Users/Usuario/ECONEURA-/ECONEURA-/node_modules/.pnpm/@vitest+runner@2.1.9/node_modules/@vitest/runner/dist/index.js:1056:17)\n    at processTicksAndRejections (node:internal/process/task_queues:105:5)\n    at runSuite (file:///C:/Users/Usuario/ECONEURA-/ECONEURA-/node_modules/.pnpm/@vitest+runner@2.1.9/node_modules/@vitest/runner/dist/index.js:1205:15)"],"meta":{}}],"startTime":1759393078014,"endTime":1759393078030.5356,"status":"failed","message":"","name":"C:/Users/Usuario/ECONEURA-/ECONEURA-/packages/shared/src/__tests__/logging.unit.test.ts"},{"assertionResults":[{"ancestorTitles":["logging shim"],"fullName":"logging shim logger methods call console","status":"failed","title":"logger methods call console","duration":16.4215999999999,"failureMessages":["AssertionError: expected \"info\" to be called at least once\n    at Proxy.<anonymous> (file:///C:/Users/Usuario/ECONEURA-/ECONEURA-/node_modules/.pnpm/@vitest+expect@2.1.9/node_modules/@vitest/expect/dist/index.js:1448:13)\n    at Proxy.<anonymous> (file:///C:/Users/Usuario/ECONEURA-/ECONEURA-/node_modules/.pnpm/@vitest+expect@2.1.9/node_modules/@vitest/expect/dist/index.js:972:17)\n    at Proxy.methodWrapper (file:///C:/Users/Usuario/ECONEURA-/ECONEURA-/node_modules/.pnpm/chai@5.3.3/node_modules/chai/index.js:1686:25)\n    at C:\\Users\\Usuario\\ECONEURA-\\ECONEURA-\\packages\\shared\\src\\__tests__\\logging.unit.test.ts:16:21\n    at file:///C:/Users/Usuario/ECONEURA-/ECONEURA-/node_modules/.pnpm/@vitest+runner@2.1.9/node_modules/@vitest/runner/dist/index.js:146:14\n    at file:///C:/Users/Usuario/ECONEURA-/ECONEURA-/node_modules/.pnpm/@vitest+runner@2.1.9/node_modules/@vitest/runner/dist/index.js:533:11\n    at runWithTimeout (file:///C:/Users/Usuario/ECONEURA-/ECONEURA-/node_modules/.pnpm/@vitest+runner@2.1.9/node_modules/@vitest/runner/dist/index.js:39:7)\n    at runTest (file:///C:/Users/Usuario/ECONEURA-/ECONEURA-/node_modules/.pnpm/@vitest+runner@2.1.9/node_modules/@vitest/runner/dist/index.js:1056:17)\n    at processTicksAndRejections (node:internal/process/task_queues:105:5)\n    at runSuite (file:///C:/Users/Usuario/ECONEURA-/ECONEURA-/node_modules/.pnpm/@vitest+runner@2.1.9/node_modules/@vitest/runner/dist/index.js:1205:15)","AssertionError: expected \"info\" to be called at least once\n    at Proxy.<anonymous> (file:///C:/Users/Usuario/ECONEURA-/ECONEURA-/node_modules/.pnpm/@vitest+expect@2.1.9/node_modules/@vitest/expect/dist/index.js:1448:13)\n    at Proxy.<anonymous> (file:///C:/Users/Usuario/ECONEURA-/ECONEURA-/node_modules/.pnpm/@vitest+expect@2.1.9/node_modules/@vitest/expect/dist/index.js:972:17)\n    at Proxy.methodWrapper (file:///C:/Users/Usuario/ECONEURA-/ECONEURA-/node_modules/.pnpm/chai@5.3.3/node_modules/chai/index.js:1686:25)\n    at C:\\Users\\Usuario\\ECONEURA-\\ECONEURA-\\packages\\shared\\src\\__tests__\\logging.unit.test.ts:16:21\n    at file:///C:/Users/Usuario/ECONEURA-/ECONEURA-/node_modules/.pnpm/@vitest+runner@2.1.9/node_modules/@vitest/runner/dist/index.js:146:14\n    at file:///C:/Users/Usuario/ECONEURA-/ECONEURA-/node_modules/.pnpm/@vitest+runner@2.1.9/node_modules/@vitest/runner/dist/index.js:533:11\n    at runWithTimeout (file:///C:/Users/Usuario/ECONEURA-/ECONEURA-/node_modules/.pnpm/@vitest+runner@2.1.9/node_modules/@vitest/runner/dist/index.js:39:7)\n    at runTest (file:///C:/Users/Usuario/ECONEURA-/ECONEURA-/node_modules/.pnpm/@vitest+runner@2.1.9/node_modules/@vitest/runner/dist/index.js:1056:17)\n    at processTicksAndRejections (node:internal/process/task_queues:105:5)\n    at runSuite (file:///C:/Users/Usuario/ECONEURA-/ECONEURA-/node_modules/.pnpm/@vitest+runner@2.1.9/node_modules/@vitest/runner/dist/index.js:1205:15)"],"meta":{}},{"ancestorTitles":["logging shim"],"fullName":"logging shim apiLogger uses logger.info","status":"failed","title":"apiLogger uses logger.info","duration":1.4151999999999134,"failureMessages":["AssertionError: expected \"info\" to be called at least once\n    at Proxy.<anonymous> (file:///C:/Users/Usuario/ECONEURA-/ECONEURA-/node_modules/.pnpm/@vitest+expect@2.1.9/node_modules/@vitest/expect/dist/index.js:1448:13)\n    at Proxy.<anonymous> (file:///C:/Users/Usuario/ECONEURA-/ECONEURA-/node_modules/.pnpm/@vitest+expect@2.1.9/node_modules/@vitest/expect/dist/index.js:972:17)\n    at Proxy.methodWrapper (file:///C:/Users/Usuario/ECONEURA-/ECONEURA-/node_modules/.pnpm/chai@5.3.3/node_modules/chai/index.js:1686:25)\n    at C:\\Users\\Usuario\\ECONEURA-\\ECONEURA-\\packages\\shared\\src\\__tests__\\logging.unit.test.ts:31:21\n    at file:///C:/Users/Usuario/ECONEURA-/ECONEURA-/node_modules/.pnpm/@vitest+runner@2.1.9/node_modules/@vitest/runner/dist/index.js:146:14\n    at file:///C:/Users/Usuario/ECONEURA-/ECONEURA-/node_modules/.pnpm/@vitest+runner@2.1.9/node_modules/@vitest/runner/dist/index.js:533:11\n    at runWithTimeout (file:///C:/Users/Usuario/ECONEURA-/ECONEURA-/node_modules/.pnpm/@vitest+runner@2.1.9/node_modules/@vitest/runner/dist/index.js:39:7)\n    at runTest (file:///C:/Users/Usuario/ECONEURA-/ECONEURA-/node_modules/.pnpm/@vitest+runner@2.1.9/node_modules/@vitest/runner/dist/index.js:1056:17)\n    at processTicksAndRejections (node:internal/process/task_queues:105:5)\n    at runSuite (file:///C:/Users/Usuario/ECONEURA-/ECONEURA-/node_modules/.pnpm/@vitest+runner@2.1.9/node_modules/@vitest/runner/dist/index.js:1205:15)","AssertionError: expected \"info\" to be called at least once\n    at Proxy.<anonymous> (file:///C:/Users/Usuario/ECONEURA-/ECONEURA-/node_modules/.pnpm/@vitest+expect@2.1.9/node_modules/@vitest/expect/dist/index.js:1448:13)\n    at Proxy.<anonymous> (file:///C:/Users/Usuario/ECONEURA-/ECONEURA-/node_modules/.pnpm/@vitest+expect@2.1.9/node_modules/@vitest/expect/dist/index.js:972:17)\n    at Proxy.methodWrapper (file:///C:/Users/Usuario/ECONEURA-/ECONEURA-/node_modules/.pnpm/chai@5.3.3/node_modules/chai/index.js:1686:25)\n    at C:\\Users\\Usuario\\ECONEURA-\\ECONEURA-\\packages\\shared\\src\\__tests__\\logging.unit.test.ts:31:21\n    at file:///C:/Users/Usuario/ECONEURA-/ECONEURA-/node_modules/.pnpm/@vitest+runner@2.1.9/node_modules/@vitest/runner/dist/index.js:146:14\n    at file:///C:/Users/Usuario/ECONEURA-/ECONEURA-/node_modules/.pnpm/@vitest+runner@2.1.9/node_modules/@vitest/runner/dist/index.js:533:11\n    at runWithTimeout (file:///C:/Users/Usuario/ECONEURA-/ECONEURA-/node_modules/.pnpm/@vitest+runner@2.1.9/node_modules/@vitest/runner/dist/index.js:39:7)\n    at runTest (file:///C:/Users/Usuario/ECONEURA-/ECONEURA-/node_modules/.pnpm/@vitest+runner@2.1.9/node_modules/@vitest/runner/dist/index.js:1056:17)\n    at processTicksAndRejections (node:internal/process/task_queues:105:5)\n    at runSuite (file:///C:/Users/Usuario/ECONEURA-/ECONEURA-/node_modules/.pnpm/@vitest+runner@2.1.9/node_modules/@vitest/runner/dist/index.js:1205:15)"],"meta":{}}],"startTime":1759393103109,"endTime":1759393103126.4153,"status":"failed","message":"","name":"C:/Users/Usuario/ECONEURA-/ECONEURA-/packages/shared/src/__tests__/logging.unit.test.ts"},{"assertionResults":[{"ancestorTitles":["logging shim"],"fullName":"logging shim logger methods call console","status":"failed","title":"logger methods call console","duration":15.828899999999976,"failureMessages":["AssertionError: expected \"info\" to be called at least once\n    at Proxy.<anonymous> (file:///C:/Users/Usuario/ECONEURA-/ECONEURA-/node_modules/.pnpm/@vitest+expect@2.1.9/node_modules/@vitest/expect/dist/index.js:1448:13)\n    at Proxy.<anonymous> (file:///C:/Users/Usuario/ECONEURA-/ECONEURA-/node_modules/.pnpm/@vitest+expect@2.1.9/node_modules/@vitest/expect/dist/index.js:972:17)\n    at Proxy.methodWrapper (file:///C:/Users/Usuario/ECONEURA-/ECONEURA-/node_modules/.pnpm/chai@5.3.3/node_modules/chai/index.js:1686:25)\n    at C:\\Users\\Usuario\\ECONEURA-\\ECONEURA-\\packages\\shared\\src\\__tests__\\logging.unit.test.ts:16:21\n    at file:///C:/Users/Usuario/ECONEURA-/ECONEURA-/node_modules/.pnpm/@vitest+runner@2.1.9/node_modules/@vitest/runner/dist/index.js:146:14\n    at file:///C:/Users/Usuario/ECONEURA-/ECONEURA-/node_modules/.pnpm/@vitest+runner@2.1.9/node_modules/@vitest/runner/dist/index.js:533:11\n    at runWithTimeout (file:///C:/Users/Usuario/ECONEURA-/ECONEURA-/node_modules/.pnpm/@vitest+runner@2.1.9/node_modules/@vitest/runner/dist/index.js:39:7)\n    at runTest (file:///C:/Users/Usuario/ECONEURA-/ECONEURA-/node_modules/.pnpm/@vitest+runner@2.1.9/node_modules/@vitest/runner/dist/index.js:1056:17)\n    at processTicksAndRejections (node:internal/process/task_queues:105:5)\n    at runSuite (file:///C:/Users/Usuario/ECONEURA-/ECONEURA-/node_modules/.pnpm/@vitest+runner@2.1.9/node_modules/@vitest/runner/dist/index.js:1205:15)","AssertionError: expected \"info\" to be called at least once\n    at Proxy.<anonymous> (file:///C:/Users/Usuario/ECONEURA-/ECONEURA-/node_modules/.pnpm/@vitest+expect@2.1.9/node_modules/@vitest/expect/dist/index.js:1448:13)\n    at Proxy.<anonymous> (file:///C:/Users/Usuario/ECONEURA-/ECONEURA-/node_modules/.pnpm/@vitest+expect@2.1.9/node_modules/@vitest/expect/dist/index.js:972:17)\n    at Proxy.methodWrapper (file:///C:/Users/Usuario/ECONEURA-/ECONEURA-/node_modules/.pnpm/chai@5.3.3/node_modules/chai/index.js:1686:25)\n    at C:\\Users\\Usuario\\ECONEURA-\\ECONEURA-\\packages\\shared\\src\\__tests__\\logging.unit.test.ts:16:21\n    at file:///C:/Users/Usuario/ECONEURA-/ECONEURA-/node_modules/.pnpm/@vitest+runner@2.1.9/node_modules/@vitest/runner/dist/index.js:146:14\n    at file:///C:/Users/Usuario/ECONEURA-/ECONEURA-/node_modules/.pnpm/@vitest+runner@2.1.9/node_modules/@vitest/runner/dist/index.js:533:11\n    at runWithTimeout (file:///C:/Users/Usuario/ECONEURA-/ECONEURA-/node_modules/.pnpm/@vitest+runner@2.1.9/node_modules/@vitest/runner/dist/index.js:39:7)\n    at runTest (file:///C:/Users/Usuario/ECONEURA-/ECONEURA-/node_modules/.pnpm/@vitest+runner@2.1.9/node_modules/@vitest/runner/dist/index.js:1056:17)\n    at processTicksAndRejections (node:internal/process/task_queues:105:5)\n    at runSuite (file:///C:/Users/Usuario/ECONEURA-/ECONEURA-/node_modules/.pnpm/@vitest+runner@2.1.9/node_modules/@vitest/runner/dist/index.js:1205:15)"],"meta":{}},{"ancestorTitles":["logging shim"],"fullName":"logging shim apiLogger uses logger.info","status":"failed","title":"apiLogger uses logger.info","duration":6.136600000000271,"failureMessages":["AssertionError: expected \"info\" to be called at least once\n    at Proxy.<anonymous> (file:///C:/Users/Usuario/ECONEURA-/ECONEURA-/node_modules/.pnpm/@vitest+expect@2.1.9/node_modules/@vitest/expect/dist/index.js:1448:13)\n    at Proxy.<anonymous> (file:///C:/Users/Usuario/ECONEURA-/ECONEURA-/node_modules/.pnpm/@vitest+expect@2.1.9/node_modules/@vitest/expect/dist/index.js:972:17)\n    at Proxy.methodWrapper (file:///C:/Users/Usuario/ECONEURA-/ECONEURA-/node_modules/.pnpm/chai@5.3.3/node_modules/chai/index.js:1686:25)\n    at C:\\Users\\Usuario\\ECONEURA-\\ECONEURA-\\packages\\shared\\src\\__tests__\\logging.unit.test.ts:31:21\n    at file:///C:/Users/Usuario/ECONEURA-/ECONEURA-/node_modules/.pnpm/@vitest+runner@2.1.9/node_modules/@vitest/runner/dist/index.js:146:14\n    at file:///C:/Users/Usuario/ECONEURA-/ECONEURA-/node_modules/.pnpm/@vitest+runner@2.1.9/node_modules/@vitest/runner/dist/index.js:533:11\n    at runWithTimeout (file:///C:/Users/Usuario/ECONEURA-/ECONEURA-/node_modules/.pnpm/@vitest+runner@2.1.9/node_modules/@vitest/runner/dist/index.js:39:7)\n    at runTest (file:///C:/Users/Usuario/ECONEURA-/ECONEURA-/node_modules/.pnpm/@vitest+runner@2.1.9/node_modules/@vitest/runner/dist/index.js:1056:17)\n    at processTicksAndRejections (node:internal/process/task_queues:105:5)\n    at runSuite (file:///C:/Users/Usuario/ECONEURA-/ECONEURA-/node_modules/.pnpm/@vitest+runner@2.1.9/node_modules/@vitest/runner/dist/index.js:1205:15)","AssertionError: expected \"info\" to be called at least once\n    at Proxy.<anonymous> (file:///C:/Users/Usuario/ECONEURA-/ECONEURA-/node_modules/.pnpm/@vitest+expect@2.1.9/node_modules/@vitest/expect/dist/index.js:1448:13)\n    at Proxy.<anonymous> (file:///C:/Users/Usuario/ECONEURA-/ECONEURA-/node_modules/.pnpm/@vitest+expect@2.1.9/node_modules/@vitest/expect/dist/index.js:972:17)\n    at Proxy.methodWrapper (file:///C:/Users/Usuario/ECONEURA-/ECONEURA-/node_modules/.pnpm/chai@5.3.3/node_modules/chai/index.js:1686:25)\n    at C:\\Users\\Usuario\\ECONEURA-\\ECONEURA-\\packages\\shared\\src\\__tests__\\logging.unit.test.ts:31:21\n    at file:///C:/Users/Usuario/ECONEURA-/ECONEURA-/node_modules/.pnpm/@vitest+runner@2.1.9/node_modules/@vitest/runner/dist/index.js:146:14\n    at file:///C:/Users/Usuario/ECONEURA-/ECONEURA-/node_modules/.pnpm/@vitest+runner@2.1.9/node_modules/@vitest/runner/dist/index.js:533:11\n    at runWithTimeout (file:///C:/Users/Usuario/ECONEURA-/ECONEURA-/node_modules/.pnpm/@vitest+runner@2.1.9/node_modules/@vitest/runner/dist/index.js:39:7)\n    at runTest (file:///C:/Users/Usuario/ECONEURA-/ECONEURA-/node_modules/.pnpm/@vitest+runner@2.1.9/node_modules/@vitest/runner/dist/index.js:1056:17)\n    at processTicksAndRejections (node:internal/process/task_queues:105:5)\n    at runSuite (file:///C:/Users/Usuario/ECONEURA-/ECONEURA-/node_modules/.pnpm/@vitest+runner@2.1.9/node_modules/@vitest/runner/dist/index.js:1205:15)"],"meta":{}}],"startTime":1759393105288,"endTime":1759393105310.1367,"status":"failed","message":"","name":"C:/Users/Usuario/ECONEURA-/ECONEURA-/packages/shared/src/__tests__/logging.unit.test.ts"},{"assertionResults":[{"ancestorTitles":["Middleware Module","corsMiddleware"],"fullName":"Middleware Module corsMiddleware should set CORS headers for regular requests","status":"passed","title":"should set CORS headers for regular requests","duration":5.984699999999975,"failureMessages":[],"meta":{}},{"ancestorTitles":["Middleware Module","corsMiddleware"],"fullName":"Middleware Module corsMiddleware should handle OPTIONS requests","status":"passed","title":"should handle OPTIONS requests","duration":0.8773000000001048,"failureMessages":[],"meta":{}},{"ancestorTitles":["Middleware Module","corsMiddleware"],"fullName":"Middleware Module corsMiddleware should use custom origin","status":"passed","title":"should use custom origin","duration":0.4456000000000131,"failureMessages":[],"meta":{}},{"ancestorTitles":["Middleware Module","requestLogger"],"fullName":"Middleware Module requestLogger should log requests","status":"passed","title":"should log requests","duration":18.273499999999785,"failureMessages":[],"meta":{}},{"ancestorTitles":["Middleware Module","errorHandler"],"fullName":"Middleware Module errorHandler should intercept error status codes and set content type","status":"passed","title":"should intercept error status codes and set content type","duration":0.6592000000000553,"failureMessages":[],"meta":{}},{"ancestorTitles":["Middleware Module","errorHandler"],"fullName":"Middleware Module errorHandler should not set content type for successful responses","status":"passed","title":"should not set content type for successful responses","duration":0.3989999999998872,"failureMessages":[],"meta":{}}],"startTime":1759393069255,"endTime":1759393069282.399,"status":"passed","message":"","name":"C:/Users/Usuario/ECONEURA-/ECONEURA-/packages/shared/src/__tests__/middleware.test.ts"},{"assertionResults":[{"ancestorTitles":["Middleware Module","corsMiddleware"],"fullName":"Middleware Module corsMiddleware should set CORS headers for regular requests","status":"passed","title":"should set CORS headers for regular requests","duration":5.738100000000031,"failureMessages":[],"meta":{}},{"ancestorTitles":["Middleware Module","corsMiddleware"],"fullName":"Middleware Module corsMiddleware should handle OPTIONS requests","status":"passed","title":"should handle OPTIONS requests","duration":0.8266000000000986,"failureMessages":[],"meta":{}},{"ancestorTitles":["Middleware Module","corsMiddleware"],"fullName":"Middleware Module corsMiddleware should use custom origin","status":"passed","title":"should use custom origin","duration":0.41239999999993415,"failureMessages":[],"meta":{}},{"ancestorTitles":["Middleware Module","requestLogger"],"fullName":"Middleware Module requestLogger should log requests","status":"passed","title":"should log requests","duration":13.196100000000115,"failureMessages":[],"meta":{}},{"ancestorTitles":["Middleware Module","errorHandler"],"fullName":"Middleware Module errorHandler should intercept error status codes and set content type","status":"passed","title":"should intercept error status codes and set content type","duration":0.6268000000000029,"failureMessages":[],"meta":{}},{"ancestorTitles":["Middleware Module","errorHandler"],"fullName":"Middleware Module errorHandler should not set content type for successful responses","status":"passed","title":"should not set content type for successful responses","duration":0.3971999999998843,"failureMessages":[],"meta":{}}],"startTime":1759393097491,"endTime":1759393097512.6267,"status":"passed","message":"","name":"C:/Users/Usuario/ECONEURA-/ECONEURA-/packages/shared/src/__tests__/middleware.test.ts"},{"assertionResults":[{"ancestorTitles":["Middleware Module","corsMiddleware"],"fullName":"Middleware Module corsMiddleware should set CORS headers for regular requests","status":"passed","title":"should set CORS headers for regular requests","duration":5.2193999999999505,"failureMessages":[],"meta":{}},{"ancestorTitles":["Middleware Module","corsMiddleware"],"fullName":"Middleware Module corsMiddleware should handle OPTIONS requests","status":"passed","title":"should handle OPTIONS requests","duration":0.8377000000000407,"failureMessages":[],"meta":{}},{"ancestorTitles":["Middleware Module","corsMiddleware"],"fullName":"Middleware Module corsMiddleware should use custom origin","status":"passed","title":"should use custom origin","duration":0.41770000000019536,"failureMessages":[],"meta":{}},{"ancestorTitles":["Middleware Module","requestLogger"],"fullName":"Middleware Module requestLogger should log requests","status":"passed","title":"should log requests","duration":12.726399999999785,"failureMessages":[],"meta":{}},{"ancestorTitles":["Middleware Module","errorHandler"],"fullName":"Middleware Module errorHandler should intercept error status codes and set content type","status":"passed","title":"should intercept error status codes and set content type","duration":0.6617999999998574,"failureMessages":[],"meta":{}},{"ancestorTitles":["Middleware Module","errorHandler"],"fullName":"Middleware Module errorHandler should not set content type for successful responses","status":"passed","title":"should not set content type for successful responses","duration":0.4208000000000993,"failureMessages":[],"meta":{}}],"startTime":1759393097796,"endTime":1759393097817.421,"status":"passed","message":"","name":"C:/Users/Usuario/ECONEURA-/ECONEURA-/packages/shared/src/__tests__/middleware.test.ts"},{"assertionResults":[{"ancestorTitles":["RateLimiter","constructor"],"fullName":"RateLimiter constructor should create with default values","status":"passed","title":"should create with default values","duration":2.0047999999997046,"failureMessages":[],"meta":{}},{"ancestorTitles":["RateLimiter","constructor"],"fullName":"RateLimiter constructor should create with custom values","status":"passed","title":"should create with custom values","duration":0.35310000000026776,"failureMessages":[],"meta":{}},{"ancestorTitles":["RateLimiter","isAllowed"],"fullName":"RateLimiter isAllowed should allow first request","status":"passed","title":"should allow first request","duration":0.3312999999998283,"failureMessages":[],"meta":{}},{"ancestorTitles":["RateLimiter","isAllowed"],"fullName":"RateLimiter isAllowed should allow requests within limit","status":"passed","title":"should allow requests within limit","duration":0.20509999999967476,"failureMessages":[],"meta":{}},{"ancestorTitles":["RateLimiter","isAllowed"],"fullName":"RateLimiter isAllowed should block requests over limit","status":"passed","title":"should block requests over limit","duration":0.19200000000000728,"failureMessages":[],"meta":{}},{"ancestorTi
[...]
0000025,"failureMessages":[],"meta":{}},{"ancestorTitles":["RateLimiter","isAllowed"],"fullName":"RateLimiter isAllowed should handle different keys independently","status":"passed","title":"should handle different keys independently","duration":0.3410999999998694,"failureMessages":[],"meta":{}},{"ancestorTitles":["RateLimiter","getRemainingRequests"],"fullName":"RateLimiter getRemainingRequests should return max requests for new key","status":"passed","title":"should return max requests for new key","duration":0.3217000000001917,"failureMessages":[],"meta":{}},{"ancestorTitles":["RateLimiter","getRemainingRequests"],"fullName":"RateLimiter getRemainingRequests should decrease remaining requests","status":"passed","title":"should decrease remaining requests","duration":0.3308999999999287,"failureMessages":[],"meta":{}},{"ancestorTitles":["RateLimiter","getRemainingRequests"],"fullName":"RateLimiter getRemainingRequests should not go below zero","status":"passed","title":"should not go below zero","duration":0.2336999999999989,"failureMessages":[],"meta":{}},{"ancestorTitles":["RateLimiter","getResetTime"],"fullName":"RateLimiter getResetTime should return future time for new key","status":"passed","title":"should return future time for new key","duration":0.3120000000001255,"failureMessages":[],"meta":{}},{"ancestorTitles":["RateLimiter","getResetTime"],"fullName":"RateLimiter getResetTime should return same reset time for existing key","status":"passed","title":"should return same reset time for existing key","duration":0.2076999999999316,"failureMessages":[],"meta":{}},{"ancestorTitles":["RateLimiter","clear"],"fullName":"RateLimiter clear should clear all entries","status":"passed","title":"should clear all entries","duration":0.34560000000010405,"failureMessages":[],"meta":{}},{"ancestorTitles":["createRateLimitMiddleware"],"fullName":"createRateLimitMiddleware should allow requests within limit","status":"passed","title":"should allow requests within limit","duration":3.9017999999998665,"failureMessages":[],"meta":{}},{"ancestorTitles":["createRateLimitMiddleware"],"fullName":"createRateLimitMiddleware should block requests over limit","status":"passed","title":"should block requests over limit","duration":3.0851000000000113,"failureMessages":[],"meta":{}},{"ancestorTitles":["createRateLimitMiddleware"],"fullName":"createRateLimitMiddleware should use custom key function","status":"passed","title":"should use custom key function","duration":1.0018999999999778,"failureMessages":[],"meta":{}},{"ancestorTitles":["createRateLimitMiddleware"],"fullName":"createRateLimitMiddleware should use anonymous key by default","status":"passed","title":"should use anonymous key by default","duration":0.5108999999999924,"failureMessages":[],"meta":{}}],"startTime":1759393096171,"endTime":1759393096189.511,"status":"passed","message":"","name":"C:/Users/Usuario/ECONEURA-/ECONEURA-/packages/shared/src/__tests__/rate-limiter.test.ts"},{"assertionResults":[{"ancestorTitles":["Retry Module","withRetry"],"fullName":"Retry Module withRetry should return result on first attempt","status":"passed","title":"should return result on first attempt","duration":3.0986000000002605,"failureMessages":[],"meta":{}},{"ancestorTitles":["Retry Module","withRetry"],"fullName":"Retry Module withRetry should retry on failure and succeed","status":"passed","title":"should retry on failure and succeed","duration":2.886099999999715,"failureMessages":[],"meta":{}},{"ancestorTitles":["Retry Module","withRetry"],"fullName":"Retry Module withRetry should fail after max attempts","status":"passed","title":"should fail after max attempts","duration":19.105199999999968,"failureMessages":[],"meta":{}},{"ancestorTitles":["Retry Module","withRetry"],"fullName":"Retry Module withRetry should use custom retry condition","status":"passed","title":"should use custom retry condition","duration":6.061099999999897,"failureMessages":[],"meta":{}},{"ancestorTitles":["Retry Module","withRetry"],"fullName":"Retry Module withRetry should not retry when condition returns false","status":"passed","title":"should not retry when condition returns false","duration":0.7307000000000698,"failureMessages":[],"meta":{}},{"ancestorTitles":["Retry Module","defaultRetryOptions"],"fullName":"Retry Module defaultRetryOptions should have sensible defaults","status":"passed","title":"should have sensible defaults","duration":0.46410000000014406,"failureMessages":[],"meta":{}},{"ancestorTitles":["Retry Module","defaultRetryOptions"],"fullName":"Retry Module defaultRetryOptions should retry on network errors","status":"passed","title":"should retry on network errors","duration":0.4360999999998967,"failureMessages":[],"meta":{}}],"startTime":1759393077203,"endTime":1759393077236.464,"status":"passed","message":"","name":"C:/Users/Usuario/ECONEURA-/ECONEURA-/packages/shared/src/__tests__/retry.test.ts"},{"assertionResults":[{"ancestorTitles":["Retry Module","withRetry"],"fullName":"Retry Module withRetry should return result on first attempt","status":"passed","title":"should return result on first attempt","duration":3.365099999999984,"failureMessages":[],"meta":{}},{"ancestorTitles":["Retry Module","withRetry"],"fullName":"Retry Module withRetry should retry on failure and succeed","status":"passed","title":"should retry on failure and succeed","duration":1.8737999999998465,"failureMessages":[],"meta":{}},{"ancestorTitles":["Retry Module","withRetry"],"fullName":"Retry Module withRetry should fail after max attempts","status":"passed","title":"should fail after max attempts","duration":2.718499999999949,"failureMessages":[],"meta":{}},{"ancestorTitles":["Retry Module","withRetry"],"fullName":"Retry Module withRetry should use custom retry condition","status":"passed","title":"should use custom retry condition","duration":21.684999999999945,"failureMessages":[],"meta":{}},{"ancestorTitles":["Retry Module","withRetry"],"fullName":"Retry Module withRetry should not retry when condition returns false","status":"passed","title":"should not retry when condition returns false","duration":1.1966999999999643,"failureMessages":[],"meta":{}},{"ancestorTitles":["Retry Module","defaultRetryOptions"],"fullName":"Retry Module defaultRetryOptions should have sensible defaults","status":"passed","title":"should have sensible defaults","duration":0.5399999999999636,"failureMessages":[],"meta":{}},{"ancestorTitles":["Retry Module","defaultRetryOptions"],"fullName":"Retry Module defaultRetryOptions should retry on network errors","status":"passed","title":"should retry on network errors","duration":0.5601999999998952,"failureMessages":[],"meta":{}}],"startTime":1759393101648,"endTime":1759393101680.5603,"status":"passed","message":"","name":"C:/Users/Usuario/ECONEURA-/ECONEURA-/packages/shared/src/__tests__/retry.test.ts"},{"assertionResults":[{"ancestorTitles":["Retry Module","withRetry"],"fullName":"Retry Module withRetry should return result on first attempt","status":"passed","title":"should return result on first attempt","duration":4.163099999999986,"failureMessages":[],"meta":{}},{"ancestorTitles":["Retry Module","withRetry"],"fullName":"Retry Module withRetry should retry on failure and succeed","status":"passed","title":"should retry on failure and succeed","duration":1.7329999999999472,"failureMessages":[],"meta":{}},{"ancestorTitles":["Retry Module","withRetry"],"fullName":"Retry Module withRetry should fail after max attempts","status":"passed","title":"should fail after max attempts","duration":5.085900000000038,"failureMessages":[],"meta":{}},{"ancestorTitles":["Retry Module","withRetry"],"fullName":"Retry Module withRetry should use custom retry condition","status":"passed","title":"should use custom retry condition","duration":10.830699999999979,"failureMessages":[],"meta":{}},{"ancestorTitles":["Retry Module","withRetry"],"fullName":"Retry Module withRetry should not retry when condition returns false","status":"passed","title":"should not retry when condition returns false","duration":0.7481999999999971,"failureMessages":[],"meta":{}},{"ancestorTitles":["Retry Module","defaultRetryOptions"],"fullName":"Retry Module defaultRetryOptions should have sensible defaults","status":"passed","title":"should have sensible defaults","duration":0.44849999999996726,"failureMessages":[],"meta":{}},{"ancestorTitles":["Retry Module","defaultRetryOptions"],"fullName":"Retry Module defaultRetryOptions should retry on network errors","status":"passed","title":"should retry on network errors","duration":0.48119999999994434,"failureMessages":[],"meta":{}}],"startTime":1759393101710,"endTime":1759393101734.4812,"status":"passed","message":"","name":"C:/Users/Usuario/ECONEURA-/ECONEURA-/packages/shared/src/__tests__/retry.test.ts"},{"assertionResults":[{"ancestorTitles":["ServiceClient"],"fullName":"ServiceClient createServiceClient returns a client with stats and a mock request","status":"passed","title":"createServiceClient returns a client with stats and a mock request","duration":2.1385999999997694,"failureMessages":[],"meta":{}}],"startTime":1759393087887,"endTime":1759393087889.1387,"status":"passed","message":"","name":"C:/Users/Usuario/ECONEURA-/ECONEURA-/packages/shared/src/__tests__/service-client.test.ts"},{"assertionResults":[{"ancestorTitles":["ServiceClient"],"fullName":"ServiceClient createServiceClient returns a client with stats and a mock request","status":"passed","title":"createServiceClient returns a client with stats and a mock request","duration":2.2826999999997497,"failureMessages":[],"meta":{}}],"startTime":1759393105742,"endTime":1759393105744.2827,"status":"passed","message":"","name":"C:/Users/Usuario/ECONEURA-/ECONEURA-/packages/shared/src/__tests__/service-client.test.ts"},{"assertionResults":[{"ancestorTitles":["ServiceClient"],"fullName":"ServiceClient createServiceClient returns a client with stats and a mock request","status":"passed","title":"createServiceClient returns a client with stats and a mock request","duration":2.1107999999999265,"failureMessages":[],"meta":{}}],"startTime":1759393105756,"endTime":1759393105758.1108,"status":"passed","message":"","name":"C:/Users/Usuario/ECONEURA-/ECONEURA-/packages/shared/src/__tests__/service-client.test.ts"},{"assertionResults":[{"ancestorTitles":["Validation Module","validateEmail"],"fullName":"Validation Module validateEmail should validate correct email addresses","status":"passed","title":"should validate correct email addresses","duration":3.3157000000001062,"failureMessages":[],"meta":{}},{"ancestorTitles":["Validation Module","validateEmail"],"fullName":"Validation Module validateEmail should reject invalid email addresses","status":"passed","title":"should reject invalid email addresses","duration":0.8742999999999483,"failureMessages":[],"meta":{}},{"ancestorTitles":["Validation Module","validateUUID"],"fullName":"Validation Module validateUUID should validate correct UUID v4 format","status":"passed","title":"should validate correct UUID v4 format","duration":0.33799999999973807,"failureMessages":[],"meta":{}},{"ancestorTitles":["Validation Module","validateUUID"],"fullName":"Validation Module validateUUID should reject invalid UUID formats","status":"passed","title":"should reject invalid UUID formats","duration":1.1446000000000822,"failureMessages":[],"meta":{}},{"ancestorTitles":["Validation Module","validateData"],"fullName":"Validation Module validateData should validate data against Zod schema successfully","status":"passed","title":"should validate data against Zod schema successfully","duration":6.466200000000299,"failureMessages":[],"meta":{}},{"ancestorTitles":["Validation Module","validateData"],"fullName":"Validation Module validateData should return errors for invalid data","status":"passed","title":"should return errors for invalid data","duration":1.5644999999999527,"failureMessages":[],"meta":{}},{"ancestorTitles":["Validation Module","validateData"],"fullName":"Validation Module validateData should handle simple schemas","status":"passed","title":"should handle simple schemas","duration":0.7339000000001761,"failureMessages":[],"meta":{}},{"ancestorTitles":["Validation Module","validateData"],"fullName":"Validation Module validateData should validate with custom error messages","status":"passed","title":"should validate with custom error messages","duration":1.5261999999997897,"failureMessages":[],"meta":{}}],"startTime":1759393072597,"endTime":1759393072614.5261,"status":"passed","message":"","name":"C:/Users/Usuario/ECONEURA-/ECONEURA-/packages/shared/src/__tests__/validation.test.ts"},{"assertionResults":[{"ancestorTitles":["Validation Module","validateEmail"],"fullName":"Validation Module validateEmail should validate correct email addresses","status":"passed","title":"should validate correct email addresses","duration":4.2159999999998945,"failureMessages":[],"meta":{}},{"ancestorTitles":["Validation Module","validateEmail"],"fullName":"Validation Module validateEmail should reject invalid email addresses","status":"passed","title":"should reject invalid email addresses","duration":0.8399999999999181,"failureMessages":[],"meta":{}},{"ancestorTitles":["Validation Module","validateUUID"],"fullName":"Validation Module validateUUID should validate correct UUID v4 format","status":"passed","title":"should validate correct UUID v4 format","duration":0.3283000000001266,"failureMessages":[],"meta":{}},{"ancestorTitles":["Validation Module","validateUUID"],"fullName":"Validation Module validateUUID should reject invalid UUID formats","status":"passed","title":"should reject invalid UUID formats","duration":0.49720000000002074,"failureMessages":[],"meta":{}},{"ancestorTitles":["Validation Module","validateData"],"fullName":"Validation Module validateData should validate data against Zod schema successfully","status":"passed","title":"should validate data against Zod schema successfully","duration":2.3593000000000757,"failureMessages":[],"meta":{}},{"ancestorTitles":["Validation Module","validateData"],"fullName":"Validation Module validateData should return errors for invalid data","status":"passed","title":"should return errors for invalid data","duration":1.1216999999999189,"failureMessages":[],"meta":{}},{"ancestorTitles":["Validation Module","validateData"],"fullName":"Validation Module validateData should handle simple schemas","status":"passed","title":"should handle simple schemas","duration":0.5486000000000786,"failureMessages":[],"meta":{}},{"ancestorTitles":["Validation Module","validateData"],"fullName":"Validation Module validateData should validate with custom error messages","status":"passed","title":"should validate with custom error messages","duration":1.1305999999999585,"failureMessages":[],"meta":{}}],"startTime":1759393099492,"endTime":1759393099504.1306,"status":"passed","message":"","name":"C:/Users/Usuario/ECONEURA-/ECONEURA-/packages/shared/src/__tests__/validation.test.ts"},{"assertionResults":[{"ancestorTitles":["Validation Module","validateEmail"],"fullName":"Validation Module validateEmail should validate correct email addresses","status":"passed","title":"should validate correct email addresses","duration":3.160000000000082,"failureMessages":[],"meta":{}},{"ancestorTitles":["Validation Module","validateEmail"],"fullName":"Validation Module validateEmail should reject invalid email addresses","status":"passed","title":"should reject invalid email addresses","duration":0.8061000000000149,"failureMessages":[],"meta":{}},{"ancestorTitles":["Validation Module","validateUUID"],"fullName":"Validation Module validateUUID should validate correct UUID v4 format","status":"passed","title":"should validate correct UUID v4 format","duration":0.3202000000001135,"failureMessages":[],"meta":{}},{"ancestorTitles":["Validation Module","validateUUID"],"fullName":"Validation Module validateUUID should reject invalid UUID formats","status":"passed","title":"should reject invalid UUID formats","duration":0.4413999999999305,"failureMessages":[],"meta":{}},{"ancestorTitles":["Validation Module","validateData"],"fullName":"Validation Module validateData should validate data against Zod schema successfully","status":"passed","title":"should validate data against Zod schema successfully","duration":2.350500000000011,"failureMessages":[],"meta":{}},{"ancestorTitles":["Validation Module","validateData"],"fullName":"Validation Module validateData should return errors for invalid data","status":"passed","title":"should return errors for invalid data","duration":3.627899999999954,"failureMessages":[],"meta":{}},{"ancestorTitles":["Validation Module","validateData"],"fullName":"Validation Module validateData should handle simple schemas","status":"passed","title":"should handle simple schemas","duration":1.1355999999998403,"failureMessages":[],"meta":{}},{"ancestorTitles":["Validation Module","validateData"],"fullName":"Validation Module validateData should validate with custom error messages","status":"passed","title":"should validate with custom error messages","duration":1.2070999999998548,"failureMessages":[],"meta":{}}],"startTime":1759393100383,"endTime":1759393100396.207,"status":"passed","message":"","name":"C:/Users/Usuario/ECONEURA-/ECONEURA-/packages/shared/src/__tests__/validation.test.ts"},{"assertionResults":[{"ancestorTitles":["AgentCard busy state"],"fullName":"AgentCard busy state disables Ejecutar button when busy is true","status":"passed","title":"disables Ejecutar button when busy is true","duration":650.1867999999995,"failureMessages":[],"meta":{}}],"startTime":1759393089675,"endTime":1759393090325.1868,"status":"passed","message":"","name":"C:/Users/Usuario/ECONEURA-/ECONEURA-/apps/cockpit/src/components/__tests__/AgentCard.busy.test.tsx"},{"assertionResults":[{"ancestorTitles":["AgentCard busy state"],"fullName":"AgentCard busy state disables Ejecutar button when busy is true","status":"passed","title":"disables Ejecutar button when busy is true","duration":565.4522999999999,"failureMessages":[],"meta":{}}],"startTime":1759393089998,"endTime":1759393090563.4524,"status":"passed","message":"","name":"C:/Users/Usuario/ECONEURA-/ECONEURA-/apps/cockpit/src/components/__tests__/AgentCard.busy.test.tsx"},{"assertionResults":[{"ancestorTitles":["AgentCard busy state"],"fullName":"AgentCard busy state disables Ejecutar button when busy is true","status":"passed","title":"disables Ejecutar button when busy is true","duration":586.0058999999992,"failureMessages":[],"meta":{}}],"startTime":1759393093461,"endTime":1759393094047.0059,"status":"passed","message":"","name":"C:/Users/Usuario/ECONEURA-/ECONEURA-/apps/cockpit/src/components/__tests__/AgentCard.busy.test.tsx"},{"assertionResults":[{"ancestorTitles":["AgentCard"],"fullName":"AgentCard renders title and primary action","status":"passed","title":"renders title and primary action","duration":604.2740000000003,"failureMessages":[],"meta":{}}],"startTime":1759393083137,"endTime":1759393083741.274,"status":"passed","message":"","name":"C:/Users/Usuario/ECONEURA-/ECONEURA-/apps/cockpit/src/components/__tests__/AgentCard.test.tsx"},{"assertionResults":[{"ancestorTitles":["AgentCard"],"fullName":"AgentCard renders title and primary action","status":"passed","title":"renders title and primary action","duration":550.4474999999993,"failureMessages":[],"meta":{}}],"startTime":1759393083724,"endTime":1759393084274.4475,"status":"passed","message":"","name":"C:/Users/Usuario/ECONEURA-/ECONEURA-/apps/cockpit/src/components/__tests__/AgentCard.test.tsx"},{"assertionResults":[{"ancestorTitles":["AgentCard"],"fullName":"AgentCard renders title and primary action","status":"passed","title":"renders title and primary action","duration":521.1359999999995,"failureMessages":[],"meta":{}}],"startTime":1759393083757,"endTime":1759393084278.136,"status":"passed","message":"","name":"C:/Users/Usuario/ECONEURA-/ECONEURA-/apps/cockpit/src/components/__tests__/AgentCard.test.tsx"}]}