{"numTotalTestSuites":121,"numPassedTestSuites":86,"numFailedTestSuites":35,"numPendingTestSuites":0,"numTotalTests":174,"numPassedTests":146,"numFailedTests":28,"numPendingTests":0,"numTodoTests":0,"snapshot":{"added":0,"failure":false,"filesAdded":0,"filesRemoved":0,"filesRemovedList":[],"filesUnmatched":0,"filesUpdated":0,"matched":0,"total":0,"unchecked":0,"uncheckedKeysByFile":[],"unmatched":0,"updated":0,"didUpdate":false},"startTime":1759355485804,"success":false,"testResults":[{"assertionResults":[],"startTime":1759355485804,"endTime":1759355485804,"status":"failed","message":"Failed to load url C:/Users/Usuario/ECONEURA-/test/setup.ts (resolved id: C:/Users/Usuario/ECONEURA-/test/setup.ts). Does the file exist?","name":"C:/Users/Usuario/ECONEURA-/ECONEURA-/apps/web/src/EconeuraCockpit.e2e.test.js"},{"assertionResults":[],"startTime":1759355485804,"endTime":1759355485804,"status":"failed","message":"Failed to load url C:/Users/Usuario/ECONEURA-/test/setup.ts (resolved id: C:/Users/Usuario/ECONEURA-/test/setup.ts). Does the file exist?","name":"C:/Users/Usuario/ECONEURA-/ECONEURA-/apps/web/src/EconeuraCockpit.e2e.test.js"},{"assertionResults":[],"startTime":1759355485804,"endTime":1759355485804,"status":"failed","message":"Failed to load url C:/Users/Usuario/ECONEURA-/test/setup.ts (resolved id: C:/Users/Usuario/ECONEURA-/test/setup.ts). Does the file exist?","name":"C:/Users/Usuario/ECONEURA-/ECONEURA-/apps/web/src/EconeuraCockpit.e2e.test.js"},{"assertionResults":[],"startTime":1759355485804,"endTime":1759355485804,"status":"failed","message":"Failed to load url C:/Users/Usuario/ECONEURA-/test/setup.ts (resolved id: C:/Users/Usuario/ECONEURA-/test/setup.ts). Does the file exist?","name":"C:/Users/Usuario/ECONEURA-/ECONEURA-/apps/web/src/EconeuraCockpit.e2e.test.tsx"},{"assertionResults":[{"ancestorTitles":["EconeuraCockpit","Login Flow"],"fullName":"EconeuraCockpit Login Flow should show login button initially","status":"failed","title":"should show login button initially","duration":16.178699999999935,"failureMessages":["ReferenceError: document is not defined\n    at Proxy.render (C:\\Users\\Usuario\\ECONEURA-\\node_modules\\@testing-library\\react\\dist\\pure.js:257:5)\n    at C:\\Users\\Usuario\\ECONEURA-\\ECONEURA-\\apps\\web\\src\\EconeuraCockpit.e2e.test.tsx:21:7\n    at file:///C:/Users/Usuario/ECONEURA-/ECONEURA-/node_modules/.pnpm/@vitest+runner@2.1.9/node_modules/@vitest/runner/dist/index.js:146:14\n    at file:///C:/Users/Usuario/ECONEURA-/ECONEURA-/node_modules/.pnpm/@vitest+runner@2.1.9/node_modules/@vitest/runner/dist/index.js:533:11\n    at runWithTimeout (file:///C:/Users/Usuario/ECONEURA-/ECONEURA-/node_modules/.pnpm/@vitest+runner@2.1.9/node_modules/@vitest/runner/dist/index.js:39:7)\n    at runTest (file:///C:/Users/Usuario/ECONEURA-/ECONEURA-/node_modules/.pnpm/@vitest+runner@2.1.9/node_modules/@vitest/runner/dist/index.js:1056:17)\n    at processTicksAndRejections (node:internal/process/task_queues:105:5)\n    at runSuite (file:///C:/Users/Usuario/ECONEURA-/ECONEURA-/node_modules/.pnpm/@vitest+runner@2.1.9/node_modules/@vitest/runner/dist/index.js:1205:15)\n    at runSuite (file:///C:/Users/Usuario/ECONEURA-/ECONEURA-/node_modules/.pnpm/@vitest+runner@2.1.9/node_modules/@vitest/runner/dist/index.js:1205:15)\n    at runSuite (file:///C:/Users/Usuario/ECONEURA-/ECONEURA-/node_modules/.pnpm/@vitest+runner@2.1.9/node_modules/@vitest/runner/dist/index.js:1205:15)","TypeError: Cannot read properties of undefined (reading 'navigator')\n    at resetClipboardStubOnView (file:///C:/Users/Usuario/ECONEURA-/node_modules/@testing-library/user-event/dist/esm/utils/dataTransfer/Clipboard.js:115:32)\n    at file:///C:/Users/Usuario/ECONEURA-/node_modules/@testing-library/user-event/dist/esm/utils/dataTransfer/Clipboard.js:156:21\n    at file:///C:/Users/Usuario/ECONEURA-/ECONEURA-/node_modules/.pnpm/@vitest+runner@2.1.9/node_modules/@vitest/runner/dist/index.js:146:14\n    at runWithTimeout (file:///C:/Users/Usuario/ECONEURA-/ECONEURA-/node_modules/.pnpm/@vitest+runner@2.1.9/node_modules/@vitest/runner/dist/index.js:39:7)\n    at callSuiteHook (file:///C:/Users/Usuario/ECONEURA-/ECONEURA-/node_modules/.pnpm/@vitest+runner@2.1.9/node_modules/@vitest/runner/dist/index.js:964:28)\n    at callSuiteHook (file:///C:/Users/Usuario/ECONEURA-/ECONEURA-/node_modules/.pnpm/@vitest+runner@2.1.9/node_modules/@vitest/runner/dist/index.js:970:16)\n    at callSuiteHook (file:///C:/Users/Usuario/ECONEURA-/ECONEURA-/node_modules/.pnpm/@vitest+runner@2.1.9/node_modules/@vitest/runner/dist/index.js:970:16)\n    at runTest (file:///C:/Users/Usuario/ECONEURA-/ECONEURA-/node_modules/.pnpm/@vitest+runner@2.1.9/node_modules/@vitest/runner/dist/index.js:1085:15)\n    at processTicksAndRejections (node:internal/process/task_queues:105:5)\n    at runSuite (file:///C:/Users/Usuario/ECONEURA-/ECONEURA-/node_modules/.pnpm/@vitest+runner@2.1.9/node_modules/@vitest/runner/dist/index.js:1205:15)","ReferenceError: document is not defined\n    at Proxy.render (C:\\Users\\Usuario\\ECONEURA-\\node_modules\\@testing-library\\react\\dist\\pure.js:257:5)\n    at C:\\Users\\Usuario\\ECONEURA-\\ECONEURA-\\apps\\web\\src\\EconeuraCockpit.e2e.test.tsx:21:7\n    at file:///C:/Users/Usuario/ECONEURA-/ECONEURA-/node_modules/.pnpm/@vitest+runner@2.1.9/node_modules/@vitest/runner/dist/index.js:146:14\n    at file:///C:/Users/Usuario/ECONEURA-/ECONEURA-/node_modules/.pnpm/@vitest+runner@2.1.9/node_modules/@vitest/runner/dist/index.js:533:11\n    at runWithTimeout (file:///C:/Users/Usuario/ECONEURA-/ECONEURA-/node_modules/.pnpm/@vitest+runner@2.1.9/node_modules/@vitest/runner/dist/index.js:39:7)\n    at runTest (file:///C:/Users/Usuario/ECONEURA-/ECONEURA-/node_modules/.pnpm/@vitest+runner@2.1.9/node_modules/@vitest/runner/dist/index.js:1056:17)\n    at processTicksAndRejections (node:internal/process/task_queues:105:5)\n    at runSuite (file:///C:/Users/Usuario/ECONEURA-/ECONEURA-/node_modules/.pnpm/@vitest+runner@2.1.9/node_modules/@vitest/runner/dist/index.js:1205:15)\n    at runSuite (file:///C:/Users/Usuario/ECONEURA-/ECONEURA-/node_modules/.pnpm/@vitest+runner@2.1.9/node_modules/@vitest/runner/dist/index.js:1205:15)\n    at runSuite (file:///C:/Users/Usuario/ECONEURA-/ECONEURA-/node_modules/.pnpm/@vitest+runner@2.1.9/node_modules/@vitest/runner/dist/index.js:1205:15)","TypeError: Cannot read properties of undefined (reading 'navigator')\n    at resetClipboardStubOnView (file:///C:/Users/Usuario/ECONEURA-/node_modules/@testing-library/user-event/dist/esm/utils/dataTransfer/Clipboard.js:115:32)\n    at file:///C:/Users/Usuario/ECONEURA-/node_modules/@testing-library/user-event/dist/esm/utils/dataTransfer/Clipboard.js:156:21\n    at file:///C:/Users/Usuario/ECONEURA-/ECONEURA-/node_modules/.pnpm/@vitest+runner@2.1.9/node_modules/@vitest/runner/dist/index.js:146:14\n    at runWithTimeout (file:///C:/Users/Usuario/ECONEURA-/ECONEURA-/node_modules/.pnpm/@vitest+runner@2.1.9/node_modules/@vitest/runner/dist/index.js:39:7)\n    at callSuiteHook (file:///C:/Users/Usuario/ECONEURA-/ECONEURA-/node_modules/.pnpm/@vitest+runner@2.1.9/node_modules/@vitest/runner/dist/index.js:964:28)\n    at callSuiteHook (file:///C:/Users/Usuario/ECONEURA-/ECONEURA-/node_modules/.pnpm/@vitest+runner@2.1.9/node_modules/@vitest/runner/dist/index.js:970:16)\n    at callSuiteHook (file:///C:/Users/Usuario/ECONEURA-/ECONEURA-/node_modules/.pnpm/@vitest+runner@2.1.9/node_modules/@vitest/runner/dist/index.js:970:16)\n    at runTest (file:///C:/Users/Usuario/ECONEURA-/ECONEURA-/node_modules/.pnpm/@vitest+runner@2.1.9/node_modules/@vitest/runner/dist/index.js:1085:15)\n    at processTicksAndRejections (node:internal/process/task_queues:105:5)\n    at runSuite (file:///C:/Users/Usuario/ECONEURA-/ECONEURA-/node_modules/.pnpm/@vitest+runner@2.1.9/node_modules/@vitest/runner/dist/index.js:1205:15)"],"meta":{}},{"ancestorTitles":["EconeuraCockpit","Login Flow"],"fullName":"EconeuraCockpit Login Flow should login and show cockpit interface","status":"failed","title":"should login and show cockpit interface","duration":3.422599999999875,"failureMessages":["TypeError: Cannot read properties of undefined (reading 'Symbol(Node prepared with document state workarounds)')\n    at prepareDocument (file:///C:/Users/Usuario/ECONEURA-/node_modules/@testing-library/user-event/dist/esm/document/prepareDocument.js:10:17)\n    at Object.setupMain [as setup] (file:///C:/Users/Usuario/ECONEURA-/node_modules/@testing-library/user-event/dist/esm/setup/setup.js:52:5)\n    at C:\\Users\\Usuario\\ECONEURA-\\ECONEURA-\\apps\\web\\src\\EconeuraCockpit.e2e.test.tsx:28:30\n    at file:///C:/Users/Usuario/ECONEURA-/ECONEURA-/node_modules/.pnpm/@vitest+runner@2.1.9/node_modules/@vitest/runner/dist/index.js:146:14\n    at file:///C:/Users/Usuario/ECONEURA-/ECONEURA-/node_modules/.pnpm/@vitest+runner@2.1.9/node_modules/@vitest/runner/dist/index.js:533:11\n    at runWithTimeout (file:///C:/Users/Usuario/ECONEURA-/ECONEURA-/node_modules/.pnpm/@vitest+runner@2.1.9/node_modules/@vitest/runner/dist/index.js:39:7)\n    at runTest (file:///C:/Users/Usuario/ECONEURA-/ECONEURA-/node_modules/.pnpm/@vitest+runner@2.1.9/node_modules/@vitest/runner/dist/index.js:1056:17)\n    at processTicksAndRejections (node:internal/process/task_queues:105:5)\n    at runSuite (file:///C:/Users/Usuario/ECONEURA-/ECONEURA-/node_modules/.pnpm/@vitest+runner@2.1.9/node_modules/@vitest/runner/dist/index.js:1205:15)\n    at runSuite (file:///C:/Users/Usuario/ECONEURA-/ECONEURA-/node_modules/.pnpm/@vitest+runner@2.1.9/node_modules/@vitest/runner/dist/index.js:1205:15)","TypeError: Cannot read properties of undefined (reading 'navigator')\n    at resetClipboardStubOnView (file:///C:/Users/Usuario/ECONEURA-/node_modules/@testing-library/user-event/dist/esm/utils/dataTransfer/Clipboard.js:115:32)\n    at file:///C:/Users/Usuario/ECONEURA-/node_modules/@testing-library/user-event/dist/esm/utils/dataTransfer/Clipboard.js:156:21\n    at file:///C:/Users/Usuario/ECONEURA-/ECONEURA-/node_modules/.pnpm/@vitest+runner@2.1.9/node_modules/@vitest/runner/dist/index.js:146:14\n    at runWithTimeout (file:///C:/Users/Usuario/ECONEURA-/ECONEURA-/node_modules/.pnpm/@vitest+runner@2.1.9/node_modules/@vitest/runner/dist/index.js:39:7)\n    at callSuiteHook (file:///C:/Users/Usuario/ECONEURA-/ECONEURA-/node_modules/.pnpm/@vitest+runner@2.1.9/node_modules/@vitest/runner/dist/index.js:964:28)\n    at callSuiteHook (file:///C:/Users/Usuario/ECONEURA-/ECONEURA-/node_modules/.pnpm/@vitest+runner@2.1.9/node_modules/@vitest/runner/dist/index.js:970:16)\n    at callSuiteHook (file:///C:/Users/Usuario/ECONEURA-/ECONEURA-/node_modules/.pnpm/@vitest+runner@2.1.9/node_modules/@vitest/runner/dist/index.js:970:16)\n    at runTest (file:///C:/Users/Usuario/ECONEURA-/ECONEURA-/node_modules/.pnpm/@vitest+runner@2.1.9/node_modules/@vitest/runner/dist/index.js:1085:15)\n    at processTicksAndRejections (node:internal/process/task_queues:105:5)\n    at runSuite (file:///C:/Users/Usuario/ECONEURA-/ECONEURA-/node_modules/.pnpm/@vitest+runner@2.1.9/node_modules/@vitest/runner/dist/index.js:1205:15)","TypeError: Cannot read properties of undefined (reading 'Symbol(Node prepared with document state workarounds)')\n    at prepareDocument (file:///C:/Users/Usuario/ECONEURA-/node_modules/@testing-library/user-event/dist/esm/document/prepareDocument.js:10:17)\n    at Object.setupMain [as setup] (file:///C:/Users/Usuario/ECONEURA-/node_modules/@testing-library/user-event/dist/esm/setup/setup.js:52:5)\n    at C:\\Users\\Usuario\\ECONEURA-\\ECONEURA-\\apps\\web\\src\\EconeuraCockpit.e2e.test.tsx:28:30\n    at file:///C:/Users/Usuario/ECONEURA-/ECONEURA-/node_modules/.pnpm/@vitest+runner@2.1.9/node_modules/@vitest/runner/dist/index.js:146:14\n    at file:///C:/Users/Usuario/ECONEURA-/ECONEURA-/node_modules/.pnpm/@vitest+runner@2.1.9/node_modules/@vitest/runner/dist/index.js:533:11\n    at runWithTimeout (file:///C:/Users/Usuario/ECONEURA-/ECONEURA-/node_modules/.pnpm/@vitest+runner@2.1.9/node_modules/@vitest/runner/dist/index.js:39:7)\n    at runTest (file:///C:/Users/Usuario/ECONEURA-/ECONEURA-/node_modules/.pnpm/@vitest+runner@2.1.9/node_modules/@vitest/runner/dist/index.js:1056:17)\n    at processTicksAndRejections (node:internal/process/task_queues:105:5)\n    at runSuite (file:///C:/Users/Usuario/ECONEURA-/ECONEURA-/node_modules/.pnpm/@vitest+runner@2.1.9/node_modules/@vitest/runner/dist/index.js:1205:15)\n    at runSuite (file:///C:/Users/Usuario/ECONEURA-/ECONEURA-/node_modules/.pnpm/@vitest+runner@2.1.9/node_modules/@vitest/runner/dist/index.js:1205:15)","TypeError: Cannot read properties of undefined (reading 'navigator')\n    at resetClipboardStubOnView (file:///C:/Users/Usuario/ECONEURA-/node_modules/@testing-library/user-event/dist/esm/utils/dataTransfer/Clipboard.js:115:32)\n    at file:///C:/Users/Usuario/ECONEURA-/node_modules/@testing-library/user-event/dist/esm/utils/dataTransfer/Clipboard.js:156:21\n    at file:///C:/Users/Usuario/ECONEURA-/ECONEURA-/node_modules/.pnpm/@vitest+runner@2.1.9/node_modules/@vitest/runner/dist/index.js:146:14\n    at runWithTimeout (file:///C:/Users/Usuario/ECONEURA-/ECONEURA-/node_modules/.pnpm/@vitest+runner@2.1.9/node_modules/@vitest/runner/dist/index.js:39:7)\n    at callSuiteHook (file:///C:/Users/Usuario/ECONEURA-/ECONEURA-/node_modules/.pnpm/@vitest+runner@2.1.9/node_modules/@vitest/runner/dist/index.js:964:28)\n    at callSuiteHook (file:///C:/Users/Usuario/ECONEURA-/ECONEURA-/node_modules/.pnpm/@vitest+runner@2.1.9/node_modules/@vitest/runner/dist/index.js:970:16)\n    at callSuiteHook (file:///C:/Users/Usuario/ECONEURA-/ECONEURA-/node_modules/.pnpm/@vitest+runner@2.1.9/node_modules/@vitest/runner/dist/index.js:970:16)\n    at runTest (file:///C:/Users/Usuario/ECONEURA-/ECONEURA-/node_modules/.pnpm/@vitest+runner@2.1.9/node_modules/@vitest/runner/dist/index.js:1085:15)\n    at processTicksAndRejections (node:internal/process/task_queues:105:5)\n    at runSuite (file:///C:/Users/Usuario/ECONEURA-/ECONEURA-/node_modules/.pnpm/@vitest+runner@2.1.9/node_modules/@vitest/runner/dist/index.js:1205:15)"],"meta":{}},{"ancestorTitles":["EconeuraCockpit","Login Flow"],"fullName":"EconeuraCockpit Login Flow should set bearer token on login","status":"failed","title":"should set bearer token on login","duration":1.8256999999998698,"failureMessages":["TypeError: Cannot read properties of undefined (reading 'Symbol(Node prepared with document state workarounds)')\n    at prepareDocument (file:///C:/Users/Usuario/ECONEURA-/node_modules/@testing-library/user-event/dist/esm/document/prepareDocument.js:10:17)\n    at Object.setupMain [as setup] (file:///C:/Users/Usuario/ECONEURA-/node_modules/@testing-library/user-event/dist/esm/setup/setup.js:52:5)\n    at C:\\Users\\Usuario\\ECONEURA-\\ECONEURA-\\apps\\web\\src\\EconeuraCockpit.e2e.test.tsx:43:30\n    at file:///C:/Users/Usuario/ECONEURA-/ECONEURA-/node_modules/.pnpm/@vitest+runner@2.1.9/node_modules/@vitest/runner/dist/index.js:146:14\n    at file:///C:/Users/Usuario/ECONEURA-/ECONEURA-/node_modules/.pnpm/@vitest+runner@2.1.9/node_modules/@vitest/runner/dist/index.js:533:11\n    at runWithTimeout (file:///C:/Users/Usuario/ECONEURA-/ECONEURA-/node_modules/.pnpm/@vitest+runner@2.1.9/node_modules/@vitest/runner/dist/index.js:39:7)\n    at runTest (file:///C:/Users/Usuario/ECONEURA-/ECONEURA-/node_modules/.pnpm/@vitest+runner@2.1.9/node_modules/@vitest/runner/dist/index.js:1056:17)\n    at processTicksAndRejections (node:internal/process/task_queues:105:5)\n    at runSuite (file:///C:/Users/Usuario/ECONEURA-/ECONEURA-/node_modules/.pnpm/@vitest+runner@2.1.9/node_modules/@vitest/runner/dist/index.js:1205:15)\n    at runSuite (file:///C:/Users/Usuario/ECONEURA-/ECONEURA-/node_modules/.pnpm/@vitest+runner@2.1.9/node_modules/@vitest/runner/dist/index.js:1205:15)","TypeError: Cannot read properties of undefined (reading 'navigator')\n    at resetClipboardStubOnView (file:///C:/Users/Usuario/ECONEURA-/node_modules/@testing-library/user-event/dist/esm/utils/dataTransfer/Clipboard.js:115:32)\n    at file:///C:/Users/Usuario/ECONEURA-/node_modules/@testing-library/user-event/dist/esm/utils/dataTransfer/Clipboard.js:156:21\n    at file:///C:/Users/Usuario/ECONEURA-/ECONEURA-/node_modules/.pnpm/@vitest+runner@2.1.9/node_modules/@vitest/runner/dist/index.js:146:14\n    at runWithTimeout (file:///C:/Users/Usuario/ECONEURA-/ECONEURA-/node_modules/.pnpm/@vitest+runner@2.1.9/node_modules/@vitest/runner/dist/index.js:39:7)\n    at callSuiteHook (file:///C:/Users/Usuario/ECONEURA-/ECONEURA-/node_modules/.pnpm/@vitest+runner@2.1.9/node_modules/@vitest/runner/dist/index.js:964:28)\n    at callSuiteHook (file:///C:/Users/Usuario/ECONEURA-/ECONEURA-/node_modules/.pnpm/@vitest+runner@2.1.9/node_modules/@vitest/runner/dist/index.js:970:16)\n    at callSuiteHook (file:///C:/Users/Usuario/ECONEURA-/ECONEURA-/node_modules/.pnpm/@vitest+runner@2.1.9/node_modules/@vitest/runner/dist/index.js:970:16)\n    at runTest (file:///C:/Users/Usuario/ECONEURA-/ECONEURA-/node_modules/.pnpm/@vitest+runner@2.1.9/node_modules/@vitest/runner/dist/index.js:1085:15)\n    at processTicksAndRejections (node:internal/process/task_queues:105:5)\n    at runSuite (file:///C:/Users/Usuario/ECONEURA-/ECONEURA-/node_modules/.pnpm/@vitest+runner@2.1.9/node_modules/@vitest/runner/dist/index.js:1205:15)","TypeError: Cannot read properties of undefined (reading 'Symbol(Node prepared with document state workarounds)')\n    at prepareDocument (file:///C:/Users/Usuario/ECONEURA-/node_modules/@testing-library/user-event/dist/esm/document/prepareDocument.js:10:17)\n    at Object.setupMain [as setup] (file:///C:/Users/Usuario/ECONEURA-/node_modules/@testing-library/user-event/dist/esm/setup/setup.js:52:5)\n    at C:\\Users\\Usuario\\ECONEURA-\\ECONEURA-\\apps\\web\\src\\EconeuraCockpit.e2e.test.tsx:43:30\n    at file:///C:/Users/Usuario/ECONEURA-/ECONEURA-/node_modules/.pnpm/@vitest+runner@2.1.9/node_modules/@vitest/runner/dist/index.js:146:14\n    at file:///C:/Users/Usuario/ECONEURA-/ECONEURA-/node_modules/.pnpm/@vitest+runner@2.1.9/node_modules/@vitest/runner/dist/index.js:533:11\n    at runWithTimeout (file:///C:/Users/Usuario/ECONEURA-/ECONEURA-/node_modules/.pnpm/@vitest+runner@2.1.9/node_modules/@vitest/runner/dist/index.js:39:7)\n    at runTest (file:///C:/Users/Usuario/ECONEURA-/ECONEURA-/node_modules/.pnpm/@vitest+runner@2.1.9/node_modules/@vitest/runner/dist/index.js:1056:17)\n    at processTicksAndRejections (node:internal/process/task_queues:105:5)\n    at runSuite (file:///C:/Users/Usuario/ECONEURA-/ECONEURA-/node_modules/.pnpm/@vitest+runner@2.1.9/node_modules/@vitest/runner/dist/index.js:1205:15)\n    at runSuite (file:///C:/Users/Usuario/ECONEURA-/ECONEURA-/node_modules/.pnpm/@vitest+runner@2.1.9/node_modules/@vitest/runner/dist/index.js:1205:15)","TypeError: Cannot read properties of undefined (reading 'navigator')\n    at resetClipboardStubOnView (file:///C:/Users/Usuario/ECONEURA-/node_modules/@testing-library/user-event/dist/esm/utils/dataTransfer/Clipboard.js:115:32)\n    at file:///C:/Users/Usuario/ECONEURA-/node_modules/@testing-library/user-event/dist/esm/utils/dataTransfer/Clipboard.js:156:21\n    at file:///C:/Users/Usuario/ECONEURA-/ECONEURA-/node_modules/.pnpm/@vitest+runner@2.1.9/node_modules/@vitest/runner/dist/index.js:146:14\n    at runWithTimeout (file:///C:/Users/Usuario/ECONEURA-/ECONEURA-/node_modules/.pnpm/@vitest+runner@2.1.9/node_modules/@vitest/runner/dist/index.js:39:7)\n    at callSuiteHook (file:///C:/Users/Usuario/ECONEURA-/ECONEURA-/node_modules/.pnpm/@vitest+runner@2.1.9/node_modules/@vitest/runner/dist/index.js:964:28)\n    at callSuiteHook (file:///C:/Users/Usuario/ECONEURA-/ECONEURA-/node_modules/.pnpm/@vitest+runner@2.1.9/node_modules/@vitest/runner/dist/index.js:970:16)\n    at callSuiteHook (file:///C:/Users/Usuario/ECONEURA-/ECONEURA-/node_modules/.pnpm/@vitest+runner@2.1.9/node_modules/@vitest/runner/dist/index.js:970:16)\n    at runTest (file:///C:/Users/Usuario/ECONEURA-/ECONEURA-/node_modules/.pnpm/@vitest+runner@2.1.9/node_modules/@vitest/runner/dist/index.js:1085:15)\n    at processTicksAndRejections (node:internal/process/task_queues:105:5)\n    at runSuite (file:///C:/Users/Usuario/ECONEURA-/ECONEURA-/node_modules/.pnpm/@vitest+runner@2.1.9/node_modules/@vitest/runner/dist/index.js:1205:15)"],"meta":{}},{"ancestorTitles":["EconeuraCockpit","Agent Search"],"fullName":"EconeuraCockpit Agent Search should filter agents by name","status":"failed","title":"should filter agents by name","duration":1.5330000000001291,"failureMessages":["TypeError: Cannot read properties of undefined (reading 'Symbol(Node prepared with document state workarounds)')\n    at prepareDocument (file:///C:/Users/Usuario/ECONEURA-/node_modules/@testing-library/user-event/dist/esm/document/prepareDocument.js:10:17)\n    at Object.setupMain [as setup] (file:///C:/Users/Usuario/ECONEURA-/node_modules/@testing-library/user-event/dist/esm/setup/setup.js:52:5)\n    at C:\\Users\\Usuario\\ECONEURA-\\ECONEURA-\\apps\\web\\src\\EconeuraCockpit.e2e.test.tsx:56:30\n    at file:///C:/Users/Usuario/ECONEURA-/ECONEURA-/node_modules/.pnpm/@vitest+runner@2.1.9/node_modules/@vitest/runner/dist/index.js:146:14\n    at runWithTimeout (file:///C:/Users/Usuario/ECONEURA-/ECONEURA-/node_modules/.pnpm/@vitest+runner@2.1.9/node_modules/@vitest/runner/dist/index.js:39:7)\n    at callSuiteHook (file:///C:/Users/Usuario/ECONEURA-/ECONEURA-/node_modules/.pnpm/@vitest+runner@2.1.9/node_modules/@vitest/runner/dist/index.js:964:28)\n    at processTicksAndRejections (node:internal/process/task_queues:105:5)\n    at runTest (file:///C:/Users/Usuario/ECONEURA-/ECONEURA-/node_modules/.pnpm/@vitest+runner@2.1.9/node_modules/@vitest/runner/dist/index.js:1040:30)\n    at runSuite (file:///C:/Users/Usuario/ECONEURA-/ECONEURA-/node_modules/.pnpm/@vitest+runner@2.1.9/node_modules/@vitest/runner/dist/index.js:1205:15)\n    at runSuite (file:///C:/Users/Usuario/ECONEURA-/ECONEURA-/node_modules/.pnpm/@vitest+runner@2.1.9/node_modules/@vitest/runner/dist/index.js:1205:15)","TypeError: Cannot read properties of undefined (reading 'navigator')\n    at resetClipboardStubOnView (file:///C:/Users/Usuario/ECONEURA-/node_modules/@testing-library/user-event/dist/esm/utils/dataTransfer/Clipboard.js:115:32)\n    at file:///C:/Users/Usuario/ECONEURA-/node_modules/@testing-library/user-event/dist/esm/utils/dataTransfer/Clipboard.js:156:21\n    at file:///C:/Users/Usuario/ECONEURA-/ECONEURA-/node_modules/.pnpm/@vitest+runner@2.1.9/node_modules/@vitest/runner/dist/index.js:146:14\n    at runWithTimeout (file:///C:/Users/Usuario/ECONEURA-/ECONEURA-/node_modules/.pnpm/@vitest+runner@2.1.9/node_modules/@vitest/runner/dist/index.js:39:7)\n    at callSuiteHook (file:///C:/Users/Usuario/ECONEURA-/ECONEURA-/node_modules/.pnpm/@vitest+runner@2.1.9/node_modules/@vitest/runner/dist/index.js:964:28)\n    at callSuiteHook (file:///C:/Users/Usuario/ECONEURA-/ECONEURA-/node_modules/.pnpm/@vitest+runner@2.1.9/node_modules/@vitest/runner/dist/index.js:970:16)\n    at callSuiteHook (file:///C:/Users/Usuario/ECONEURA-/ECONEURA-/node_modules/.pnpm/@vitest+runner@2.1.9/node_modules/@vitest/runner/dist/index.js:970:16)\n    at runTest (file:///C:/Users/Usuario/ECONEURA-/ECONEURA-/node_modules/.pnpm/@vitest+runner@2.1.9/node_modules/@vitest/runner/dist/index.js:1085:15)\n    at processTicksAndRejections (node:internal/process/task_queues:105:5)\n    at runSuite (file:///C:/Users/Usuario/ECONEURA-/ECONEURA-/node_modules/.pnpm/@vitest+runner@2.1.9/node_modules/@vitest/runner/dist/index.js:1205:15)","TypeError: Cannot read properties of undefined (reading 'Symbol(Node prepared with document state workarounds)')\n    at prepareDocument (file:///C:/Users/Usuario/ECONEURA-/node_modules/@testing-library/user-event/dist/esm/document/prepareDocument.js:10:17)\n    at Object.setupMain [as setup] (file:///C:/Users/Usuario/ECONEURA-/node_modules/@testing-library/user-event/dist/esm/setup/setup.js:52:5)\n    at C:\\Users\\Usuario\\ECONEURA-\\ECONEURA-\\apps\\web\\src\\EconeuraCockpit.e2e.test.tsx:56:30\n    at file:///C:/Users/Usuario/ECONEURA-/ECONEURA-/node_modules/.pnpm/@vitest+runner@2.1.9/node_modules/@vitest/runner/dist/index.js:146:14\n    at runWithTimeout (file:///C:/Users/Usuario/ECONEURA-/ECONEURA-/node_modules/.pnpm/@vitest+runner@2.1.9/node_modules/@vitest/runner/dist/index.js:39:7)\n    at callSuiteHook (file:///C:/Users/Usuario/ECONEURA-/ECONEURA-/node_modules/.pnpm/@vitest+runner@2.1.9/node_modules/@vitest/runner/dist/index.js:964:28)\n    at processTicksAndRejections (node:internal/process/task_queues:105:5)\n    at runTest (file:///C:/Users/Usuario/ECONEURA-/ECONEURA-/node_modules/.pnpm/@vitest+runner@2.1.9/node_modules/@vitest/runner/dist/index.js:1040:30)\n    at runSuite (file:///C:/Users/Usuario/ECONEURA-/ECONEURA-/node_modules/.pnpm/@vitest+runner@2.1.9/node_modules/@vitest/runner/dist/index.js:1205:15)\n    at runSuite (file:///C:/Users/Usuario/ECONEURA-/ECONEURA-/node_modules/.pnpm/@vitest+runner@2.1.9/node_modules/@vitest/runner/dist/index.js:1205:15)","TypeError: Cannot read properties of undefined (reading 'navigator')\n    at resetClipboardStubOnView (file:///C:/Users/Usuario/ECONEURA-/node_modules/@testing-library/user-event/dist/esm/utils/dataTransfer/Clipboard.js:115:32)\n    at file:///C:/Users/Usuario/ECONEURA-/node_modules/@testing-library/user-event/dist/esm/utils/dataTransfer/Clipboard.js:156:21\n    at file:///C:/Users/Usuario/ECONEURA-/ECONEURA-/node_modules/.pnpm/@vitest+runner@2.1.9/node_modules/@vitest/runner/dist/index.js:146:14\n    at runWithTimeout (file:///C:/Users/Usuario/ECONEURA-/ECONEURA-/node_modules/.pnpm/@vitest+runner@2.1.9/node_modules/@vitest/runner/dist/index.js:39:7)\n    at callSuiteHook (file:///C:/Users/Usuario/ECONEURA-/ECONEURA-/node_modules/.pnpm/@vitest+runner@2.1.9/node_modules/@vitest/runner/dist/index.js:964:28)\n    at callSuiteHook (file:///C:/Users/Usuario/ECONEURA-/ECONEURA-/node_modules/.pnpm/@vitest+runner@2.1.9/node_modules/@vitest/runner/dist/index.js:970:16)\n    at callSuiteHook (file:///C:/Users/Usuario/ECONEURA-/ECONEURA-/node_modules/.pnpm/@vitest+runner@2.1.9/node_modules/@vitest/runner/dist/index.js:970:16)\n    at runTest (file:///C:/Users/Usuario/ECONEURA-/ECONEURA-/node_modules/.pnpm/@vitest+runner@2.1.9/node_modules/@vitest/runner/dist/index.js:1085:15)\n    at processTicksAndRejections (node:internal/process/task_queues:105:5)\n    at runSuite (file:///C:/Users/Usuario/ECONEURA-/ECONEURA-/node_modules/.pnpm/@vitest+runner@2.1.9/node_modules/@vitest/runner/dist/index.js:1205:15)"],"meta":{}},{"ancestorTitles":["EconeuraCockpit","Agent Search"],"fullName":"EconeuraCockpit Agent Search should filter agents by description","status":"failed","title":"should filter agents by description","duration":1.4186999999999443,"failureMessages":["TypeError: Cannot read properties of undefined (reading 'Symbol(Node prepared with document state workarounds)')\n    at prepareDocument (file:///C:/Users/Usuario/ECONEURA-/node_modules/@testing-library/user-event/dist/esm/document/prepareDocument.js:10:17)\n    at Object.setupMain [as setup] (file:///C:/Users/Usuario/ECONEURA-/node_modules/@testing-library/user-event/dist/esm/setup/setup.js:52:5)\n    at C:\\Users\\Usuario\\ECONEURA-\\ECONEURA-\\apps\\web\\src\\EconeuraCockpit.e2e.test.tsx:56:30\n    at file:///C:/Users/Usuario/ECONEURA-/ECONEURA-/node_modules/.pnpm/@vitest+runner@2.1.9/node_modules/@vitest/runner/dist/index.js:146:14\n    at runWithTimeout (file:///C:/Users/Usuario/ECONEURA-/ECONEURA-/node_modules/.pnpm/@vitest+runner@2.1.9/node_modules/@vitest/runner/dist/index.js:39:7)\n    at callSuiteHook (file:///C:/Users/Usuario/ECONEURA-/ECONEURA-/node_modules/.pnpm/@vitest+runner@2.1.9/node_modules/@vitest/runner/dist/index.js:964:28)\n    at processTicksAndRejections (node:internal/process/task_queues:105:5)\n    at runTest (file:///C:/Users/Usuario/ECONEURA-/ECONEURA-/node_modules/.pnpm/@vitest+runner@2.1.9/node_modules/@vitest/runner/dist/index.js:1040:30)\n    at runSuite (file:///C:/Users/Usuario/ECONEURA-/ECONEURA-/node_modules/.pnpm/@vitest+runner@2.1.9/node_modules/@vitest/runner/dist/index.js:1205:15)\n    at runSuite (file:///C:/Users/Usuario/ECONEURA-/ECONEURA-/node_modules/.pnpm/@vitest+runner@2.1.9/node_modules/@vitest/runner/dist/index.js:1205:15)","TypeError: Cannot read properties of undefined (reading 'navigator')\n    at resetClipboardStubOnView (file:///C:/Users/Usuario/ECONEURA-/node_modules/@testing-library/user-event/dist/esm/utils/dataTransfer/Clipboard.js:115:32)\n    at file:///C:/Users/Usuario/ECONEURA-/node_modules/@testing-library/user-event/dist/esm/utils/dataTransfer/Clipboard.js:156:21\n    at file:///C:/Users/Usuario/ECONEURA-/ECONEURA-/node_modules/.pnpm/@vitest+runner@2.1.9/node_modules/@vitest/runner/dist/index.js:146:14\n    at runWithTimeout (file:///C:/Users/Usuario/ECONEURA-/ECONEURA-/node_modules/.pnpm/@vitest+runner@2.1.9/node_modules/@vitest/runner/dist/index.js:39:7)\n    at callSuiteHook (file:///C:/Users/Usuario/ECONEURA-/ECONEURA-/node_modules/.pnpm/@vitest+runner@2.1.9/node_modules/@vitest/runner/dist/index.js:964:28)\n    at callSuiteHook (file:///C:/Users/Usuario/ECONEURA-/ECONEURA-/node_modules/.pnpm/@vitest+runner@2.1.9/node_modules/@vitest/runner/dist/index.js:970:16)\n    at callSuiteHook (file:///C:/Users/Usuario/ECONEURA-/ECONEURA-/node_modules/.pnpm/@vitest+runner@2.1.9/node_modules/@vitest/runner/dist/index.js:970:16)\n    at runTest (file:///C:/Users/Usuario/ECONEURA-/ECONEURA-/node_modules/.pnpm/@vitest+runner@2.1.9/node_modules/@vitest/runner/dist/index.js:1085:15)\n    at processTicksAndRejections (node:internal/process/task_queues:105:5)\n    at runSuite (file:///C:/Users/Usuario/ECONEURA-/ECONEURA-/node_modules/.pnpm/@vitest+runner@2.1.9/node_modules/@vitest/runner/dist/index.js:1205:15)","TypeError: Cannot read properties of undefined (reading 'Symbol(Node prepared with document state workarounds)')\n    at prepareDocument (file:///C:/Users/Usuario/ECONEURA-/node_modules/@testing-library/user-event/dist/esm/document/prepareDocument.js:10:17)\n    at Object.setupMain [as setup] (file:///C:/Users/Usuario/ECONEURA-/node_modules/@testing-library/user-event/dist/esm/setup/setup.js:52:5)\n    at C:\\Users\\Usuario\\ECONEURA-\\ECONEURA-\\apps\\web\\src\\EconeuraCockpit.e2e.test.tsx:56:30\n    at file:///C:/Users/Usuario/ECONEURA-/ECONEURA-/node_modules/.pnpm/@vitest+runner@2.1.9/node_modules/@vitest/runner/dist/index.js:146:14\n    at runWithTimeout (file:///C:/Users/Usuario/ECONEURA-/ECONEURA-/node_modules/.pnpm/@vitest+runner@2.1.9/node_modules/@vitest/runner/dist/index.js:39:7)\n    at callSuiteHook (file:///C:/Users/Usuario/ECONEURA-/ECONEURA-/node_modules/.pnpm/@vitest+runner@2.1.9/node_modules/@vitest/runner/dist/index.js:964:28)\n    at processTicksAndRejections (node:internal/process/task_queues:105:5)\n    at runTest (file:///C:/Users/Usuario/ECONEURA-/ECONEURA-/node_modules/.pnpm/@vitest+runner@2.1.9/node_modules/@vitest/runner/dist/index.js:1040:30)\n    at runSuite (file:///C:/Users/Usuario/ECONEURA-/ECONEURA-/node_modules/.pnpm/@vitest+runner@2.1.9/node_modules/@vitest/runner/dist/index.js:1205:15)\n    at runSuite (file:///C:/Users/Usuario/ECONEURA-/ECONEURA-/node_modules/.pnpm/@vitest+runner@2.1.9/node_modules/@vitest/runner/dist/index.js:1205:15)","TypeError: Cannot read properties of undefined (reading 'navigator')\n    at resetClipboardStubOnView (file:///C:/Users/Usuario/ECONEURA-/node_modules/@testing-library/user-event/dist/esm/utils/dataTransfer/Clipboard.js:115:32)\n    at file:///C:/Users/Usuario/ECONEURA-/node_modules/@testing-library/user-event/dist/esm/utils/dataTransfer/Clipboard.js:156:21\n    at file:///C:/Users/Usuario/ECONEURA-/ECONEURA-/node_modules/.pnpm/@vitest+runner@2.1.9/node_modules/@vitest/runner/dist/index.js:146:14\n    at runWithTimeout (file:///C:/Users/Usuario/ECONEURA-/ECONEURA-/node_modules/.pnpm/@vitest+runner@2.1.9/node_modules/@vitest/runner/dist/index.js:39:7)\n    at callSuiteHook (file:///C:/Users/Usuario/ECONEURA-/ECONEURA-/node_modules/.pnpm/@vitest+runner@2.1.9/node_modules/@vitest/runner/dist/index.js:964:28)\n    at callSuiteHook (file:///C:/Users/Usuario/ECONEURA-/ECONEURA-/node_modules/.pnpm/@vitest+runner@2.1.9/node_modules/@vitest/runner/dist/index.js:970:16)\n    at callSuiteHook (file:///C:/Users/Usuario/ECONEURA-/ECONEURA-/node_modules/.pnpm/@vitest+runner@2.1.9/node_modules/@vitest/runner/dist/index.js:970:16)\n    at runTest (file:///C:/Users/Usuario/ECONEURA-/ECONEURA-/node_modules/.pnpm/@vitest+runner@2.1.9/node_modules/@vitest/runner/dist/index.js:1085:15)\n    at processTicksAndRejections (node:internal/process/task_queues:105:5)\n    at runSuite (file:///C:/Users/Usuario/ECONEURA-/ECONEURA-/node_modules/.pnpm/@vitest+runner@2.1.9/node_modules/@vitest/runner/dist/index.js:1205:15)"],"meta":{}},{"ancestorTitles":["EconeuraCockpit","Agent Search"],"fullName":"EconeuraCockpit Agent Search should show all agents when search is empty","status":"failed","title":"should show all agents when search is empty","duration":1.40949999999998,"failureMessages":["TypeError: Cannot read properties of undefined (reading 'Symbol(Node prepared with document state workarounds)')\n    at prepareDocument (file:///C:/Users/Usuario/ECONEURA-/node_modules/@testing-library/user-event/dist/esm/document/prepareDocument.js:10:17)\n    at Object.setupMain [as setup] (file:///C:/Users/Usuario/ECONEURA-/node_modules/@testing-library/user-event/dist/esm/setup/setup.js:52:5)\n    at C:\\Users\\Usuario\\ECONEURA-\\ECONEURA-\\apps\\web\\src\\EconeuraCockpit.e2e.test.tsx:56:30\n    at file:///C:/Users/Usuario/ECONEURA-/ECONEURA-/node_modules/.pnpm/@vitest+runner@2.1.9/node_modules/@vitest/runner/dist/index.js:146:14\n    at runWithTimeout (file:///C:/Users/Usuario/ECONEURA-/ECONEURA-/node_modules/.pnpm/@vitest+runner@2.1.9/node_modules/@vitest/runner/dist/index.js:39:7)\n    at callSuiteHook (file:///C:/Users/Usuario/ECONEURA-/ECONEURA-/node_modules/.pnpm/@vitest+runner@2.1.9/node_modules/@vitest/runner/dist/index.js:964:28)\n    at processTicksAndRejections (node:internal/process/task_queues:105:5)\n    at runTest (file:///C:/Users/Usuario/ECONEURA-/ECONEURA-/node_modules/.pnpm/@vitest+runner@2.1.9/node_modules/@vitest/runner/dist/index.js:1040:30)\n    at runSuite (file:///C:/Users/Usuario/ECONEURA-/ECONEURA-/node_modules/.pnpm/@vitest+runner@2.1.9/node_modules/@vitest/runner/dist/index.js:1205:15)\n    at runSuite (file:///C:/Users/Usuario/ECONEURA-/ECONEURA-/node_modules/.pnpm/@vitest+runner@2.1.9/node_modules/@vitest/runner/dist/index.js:1205:15)","TypeError: Cannot read properties of undefined (reading 'navigator')\n    at resetClipboardStubOnView (file:///C:/Users/Usuario/ECONEURA-/node_modules/@testing-library/user-event/dist/esm/utils/dataTransfer/Clipboard.js:115:32)\n    at file:///C:/Users/Usuario/ECONEURA-/node_modules/@testing-library/user-event/dist/esm/utils/dataTransfer/Clipboard.js:156:21\n    at file:///C:/Users/Usuario/ECONEURA-/ECONEURA-/node_modules/.pnpm/@vitest+runner@2.1.9/node_modules/@vitest/runner/dist/index.js:146:14\n    at runWithTimeout (file:///C:/Users/Usuario/ECONEURA-/ECONEURA-/node_modules/.pnpm/@vitest+runner@2.1.9/node_modules/@vitest/runner/dist/index.js:39:7)\n    at callSuiteHook (file:///C:/Users/Usuario/ECONEURA-/ECONEURA-/node_modules/.pnpm/@vitest+runner@2.1.9/node_modules/@vitest/runner/dist/index.js:964:28)\n    at callSuiteHook (file:///C:/Users/Usuario/ECONEURA-/ECONEURA-/node_modules/.pnpm/@vitest+runner@2.1.9/node_modules/@vitest/runner/dist/index.js:970:16)\n    at callSuiteHook (file:///C:/Users/Usuario/ECONEURA-/ECONEURA-/node_modules/.pnpm/@vitest+runner@2.1.9/node_modules/@vitest/runner/dist/index.js:970:16)\n    at runTest (file:///C:/Users/Usuario/ECONEURA-/ECONEURA-/node_modules/.pnpm/@vitest+runner@2.1.9/node_modules/@vitest/runner/dist/index.js:1085:15)\n    at processTicksAndRejections (node:internal/process/task_queues:105:5)\n    at runSuite (file:///C:/Users/Usuario/ECONEURA-/ECONEURA-/node_modules/.pnpm/@vitest+runner@2.1.9/node_modules/@vitest/runner/dist/index.js:1205:15)","TypeError: Cannot read properties of undefined (reading 'Symbol(Node prepared with document state workarounds)')\n    at prepareDocument (file:///C:/Users/Usuario/ECONEURA-/node_modules/@testing-library/user-event/dist/esm/document/prepareDocument.js:10:17)\n    at Object.setupMain [as setup] (file:///C:/Users/Usuario/ECONEURA-/node_modules/@testing-library/user-event/dist/esm/setup/setup.js:52:5)\n    at C:\\Users\\Usuario\\ECONEURA-\\ECONEURA-\\apps\\web\\src\\EconeuraCockpit.e2e.test.tsx:56:30\n    at file:///C:/Users/Usuario/ECONEURA-/ECONEURA-/node_modules/.pnpm/@vitest+runner@2.1.9/node_modules/@vitest/runner/dist/index.js:146:14\n    at runWithTimeout (file:///C:/Users/Usuario/ECONEURA-/ECONEURA-/node_modules/.pnpm/@vitest+runner@2.1.9/node_modules/@vitest/runner/dist/index.js:39:7)\n    at callSuiteHook (file:///C:/Users/Usuario/ECONEURA-/ECONEURA-/node_modules/.pnpm/@vitest+runner@2.1.9/node_modules/@vitest/runner/dist/index.js:964:28)\n    at processTicksAndRejections (node:internal/process/task_queues:105:5)\n    at runTest (file:///C:/Users/Usuario/ECONEURA-/ECONEURA-/node_modules/.pnpm/@vitest+runner@2.1.9/node_modules/@vitest/runner/dist/index.js:1040:30)\n    at runSuite (file:///C:/Users/Usuario/ECONEURA-/ECONEURA-/node_modules/.pnpm/@vitest+runner@2.1.9/node_modules/@vitest/runner/dist/index.js:1205:15)\n    at runSuite (file:///C:/Users/Usuario/ECONEURA-/ECONEURA-/node_modules/.pnpm/@vitest+runner@2.1.9/node_modules/@vitest/runner/dist/index.js:1205:15)","TypeError: Cannot read properties of undefined (reading 'navigator')\n    at resetClipboardStubOnView (file:///C:/Users/Usuario/ECONEURA-/node_modules/@testing-library/user-event/dist/esm/utils/dataTransfer/Clipboard.js:115:32)\n    at file:///C:/Users/Usuario/ECONEURA-/node_modules/@testing-library/user-event/dist/esm/utils/dataTransfer/Clipboard.js:156:21\n    at file:///C:/Users/Usuario/ECONEURA-/ECONEURA-/node_modules/.pnpm/@vitest+runner@2.1.9/node_modules/@vitest/runner/dist/index.js:146:14\n    at runWithTimeout (file:///C:/Users/Usuario/ECONEURA-/ECONEURA-/node_modules/.pnpm/@vitest+runner@2.1.9/node_modules/@vitest/runner/dist/index.js:39:7)\n    at callSuiteHook (file:///C:/Users/Usuario/ECONEURA-/ECONEURA-/node_modules/.pnpm/@vitest+runner@2.1.9/node_modules/@vitest/runner/dist/index.js:964:28)\n    at callSuiteHook (file:///C:/Users/Usuario/ECONEURA-/ECONEURA-/node_modules/.pnpm/@vitest+runner@2.1.9/node_modules/@vitest/runner/dist/index.js:970:16)\n    at callSuiteHook (file:///C:/Users/Usuario/ECONEURA-/ECONEURA-/node_modules/.pnpm/@vitest+runner@2.1.9/node_modules/@vitest/runner/dist/index.js:970:16)\n    at runTest (file:///C:/Users/Usuario/ECONEURA-/ECONEURA-/node_modules/.pnpm/@vitest+runner@2.1.9/node_modules/@vitest/runner/dist/index.js:1085:15)\n    at processTicksAndRejections (node:internal/process/task_queues:105:5)\n    at runSuite (file:///C:/Users/Usuario/ECONEURA-/ECONEURA-/node_modules/.pnpm/@vitest+runner@2.1.9/node_modules/@vitest/runner/dist/index.js:1205:15)"],"meta":{}},{"ancestorTitles":["EconeuraCockpit","Agent Execution"],"fullName":"EconeuraCockpit Agent Execution should execute agent and show result in activity log","status":"failed","title":"should execute agent and show result in activity log","duration":4.794900000000098,"failureMessages":["TypeError: Cannot read properties of undefined (reading 'Symbol(Node prepared with document state workarounds)')\n    at prepareDocument (file:///C:/Users/Usuario/ECONEURA-/node_modules/@testing-library/user-event/dist/esm/document/prepareDocument.js:10:17)\n    at Object.setupMain [as setup] (file:///C:/Users/Usuario/ECONEURA-/node_modules/@testing-library/user-event/dist/esm/setup/setup.js:52:5)\n    at C:\\Users\\Usuario\\ECONEURA-\\ECONEURA-\\apps\\web\\src\\EconeuraCockpit.e2e.test.tsx:96:30\n    at file:///C:/Users/Usuario/ECONEURA-/ECONEURA-/node_modules/.pnpm/@vitest+runner@2.1.9/node_modules/@vitest/runner/dist/index.js:146:14\n    at file:///C:/Users/Usuario/ECONEURA-/ECONEURA-/node_modules/.pnpm/@vitest+runner@2.1.9/node_modules/@vitest/runner/dist/index.js:533:11\n    at runWithTimeout (file:///C:/Users/Usuario/ECONEURA-/ECONEURA-/node_modules/.pnpm/@vitest+runner@2.1.9/node_modules/@vitest/runner/dist/index.js:39:7)\n    at runTest (file:///C:/Users/Usuario/ECONEURA-/ECONEURA-/node_modules/.pnpm/@vitest+runner@2.1.9/node_modules/@vitest/runner/dist/index.js:1056:17)\n    at processTicksAndRejections (node:internal/process/task_queues:105:5)\n    at runSuite (file:///C:/Users/Usuario/ECONEURA-/ECONEURA-/node_modules/.pnpm/@vitest+runner@2.1.9/node_modules/@vitest/runner/dist/index.js:1205:15)\n    at runSuite (file:///C:/Users/Usuario/ECONEURA-/ECONEURA-/node_modules/.pnpm/@vitest+runner@2.1.9/node_modules/@vitest/runner/dist/index.js:1205:15)","TypeError: Cannot read properties of undefined (reading 'navigator')\n    at resetClipboardStubOnView (file:///C:/Users/Usuario/ECONEURA-/node_modules/@testing-library/user-event/dist/esm/utils/dataTransfer/Clipboard.js:115:32)\n    at file:///C:/Users/Usuario/ECONEURA-/node_modules/@testing-library/user-event/dist/esm/utils/dataTransfer/Clipboard.js:156:21\n    at file:///C:/Users/Usuario/ECONEURA-/ECONEURA-/node_modules/.pnpm/@vitest+runner@2.1.9/node_modules/@vitest/runner/dist/index.js:146:14\n    at runWithTimeout (file:///C:/Users/Usuario/ECONEURA-/ECONEURA-/node_modules/.pnpm/@vitest+runner@2.1.9/node_modules/@vitest/runner/dist/index.js:39:7)\n    at callSuiteHook (file:///C:/Users/Usuario/ECONEURA-/ECONEURA-/node_modules/.pnpm/@vitest+runner@2.1.9/node_modules/@vitest/runner/dist/index.js:964:28)\n    at callSuiteHook (file:///C:/Users/Usuario/ECONEURA-/ECONEURA-/node_modules/.pnpm/@vitest+runner@2.1.9/node_modules/@vitest/runner/dist/index.js:970:16)\n    at callSuiteHook (file:///C:/Users/Usuario/ECONEURA-/ECONEURA-/node_modules/.pnpm/@vitest+runner@2.1.9/node_modules/@vitest/runner/dist/index.js:970:16)\n    at runTest (file:///C:/Users/Usuario/ECONEURA-/ECONEURA-/node_modules/.pnpm/@vitest+runner@2.1.9/node_modules/@vitest/runner/dist/index.js:1085:15)\n    at processTicksAndRejections (node:internal/process/task_queues:105:5)\n    at runSuite (file:///C:/Users/Usuario/ECONEURA-/ECONEURA-/node_modules/.pnpm/@vitest+runner@2.1.9/node_modules/@vitest/runner/dist/index.js:1205:15)","TypeError: Cannot read properties of undefined (reading 'Symbol(Node prepared with document state workarounds)')\n    at prepareDocument (file:///C:/Users/Usuario/ECONEURA-/node_modules/@testing-library/user-event/dist/esm/document/prepareDocument.js:10:17)\n    at Object.setupMain [as setup] (file:///C:/Users/Usuario/ECONEURA-/node_modules/@testing-library/user-event/dist/esm/setup/setup.js:52:5)\n    at C:\\Users\\Usuario\\ECONEURA-\\ECONEURA-\\apps\\web\\src\\EconeuraCockpit.e2e.test.tsx:96:30\n    at file:///C:/Users/Usuario/ECONEURA-/ECONEURA-/node_modules/.pnpm/@vitest+runner@2.1.9/node_modules/@vitest/runner/dist/index.js:146:14\n    at file:///C:/Users/Usuario/ECONEURA-/ECONEURA-/node_modules/.pnpm/@vitest+runner@2.1.9/node_modules/@vitest/runner/dist/index.js:533:11\n    at runWithTimeout (file:///C:/Users/Usuario/ECONEURA-/ECONEURA-/node_modules/.pnpm/@vitest+runner@2.1.9/node_modules/@vitest/runner/dist/index.js:39:7)\n    at runTest (file:///C:/Users/Usuario/ECONEURA-/ECONEURA-/node_modules/.pnpm/@vitest+runner@2.1.9/node_modules/@vitest/runner/dist/index.js:1056:17)\n    at processTicksAndRejections (node:internal/process/task_queues:105:5)\n    at runSuite (file:///C:/Users/Usuario/ECONEURA-/ECONEURA-/node_modules/.pnpm/@vitest+runner@2.1.9/node_modules/@vitest/runner/dist/index.js:1205:15)\n    at runSuite (file:///C:/Users/Usuario/ECONEURA-/ECONEURA-/node_modules/.pnpm/@vitest+runner@2.1.9/node_modules/@vitest/runner/dist/index.js:1205:15)","TypeError: Cannot read properties of undefined (reading 'navigator')\n    at resetClipboardStubOnView (file:///C:/Users/Usuario/ECONEURA-/node_modules/@testing-library/user-event/dist/esm/utils/dataTransfer/Clipboard.js:115:32)\n    at file:///C:/Users/Usuario/ECONEURA-/node_modules/@testing-library/user-event/dist/esm/utils/dataTransfer/Clipboard.js:156:21\n    at file:///C:/Users/Usuario/ECONEURA-/ECONEURA-/node_modules/.pnpm/@vitest+runner@2.1.9/node_modules/@vitest/runner/dist/index.js:146:14\n    at runWithTimeout (file:///C:/Users/Usuario/ECONEURA-/ECONEURA-/node_modules/.pnpm/@vitest+runner@2.1.9/node_modules/@vitest/runner/dist/index.js:39:7)\n    at callSuiteHook (file:///C:/Users/Usuario/ECONEURA-/ECONEURA-/node_modules/.pnpm/@vitest+runner@2.1.9/node_modules/@vitest/runner/dist/index.js:964:28)\n    at callSuiteHook (file:///C:/Users/Usuario/ECONEURA-/ECONEURA-/node_modules/.pnpm/@vitest+runner@2.1.9/node_modules/@vitest/runner/dist/index.js:970:16)\n    at callSuiteHook (file:///C:/Users/Usuario/ECONEURA-/ECONEURA-/node_modules/.pnpm/@vitest+runner@2.1.9/node_modules/@vitest/runner/dist/index.js:970:16)\n    at runTest (file:///C:/Users/Usuario/ECONEURA-/ECONEURA-/node_modules/.pnpm/@vitest+runner@2.1.9/node_modules/@vitest/runner/dist/index.js:1085:15)\n    at processTicksAndRejections (node:internal/process/task_queues:105:5)\n    at runSuite (file:///C:/Users/Usuario/ECONEURA-/ECONEURA-/node_modules/.pnpm/@vitest+runner@2.1.9/node_modules/@vitest/runner/dist/index.js:1205:15)"],"meta":{}},{"ancestorTitles":["EconeuraCockpit","Agent Execution"],"fullName":"EconeuraCockpit Agent Execution should handle agent execution errors","status":"failed","title":"should handle agent execution errors","duration":2.404199999999946,"failureMessages":["TypeError: Cannot read properties of undefined (reading 'Symbol(Node prepared with document state workarounds)')\n    at prepareDocument (file:///C:/Users/Usuario/ECONEURA-/node_modules/@testing-library/user-event/dist/esm/document/prepareDocument.js:10:17)\n    at Object.setupMain [as setup] (file:///C:/Users/Usuario/ECONEURA-/node_modules/@testing-library/user-event/dist/esm/setup/setup.js:52:5)\n    at C:\\Users\\Usuario\\ECONEURA-\\ECONEURA-\\apps\\web\\src\\EconeuraCockpit.e2e.test.tsx:127:30\n    at file:///C:/Users/Usuario/ECONEURA-/ECONEURA-/node_modules/.pnpm/@vitest+runner@2.1.9/node_modules/@vitest/runner/dist/index.js:146:14\n    at file:///C:/Users/Usuario/ECONEURA-/ECONEURA-/node_modules/.pnpm/@vitest+runner@2.1.9/node_modules/@vitest/runner/dist/index.js:533:11\n    at runWithTimeout (file:///C:/Users/Usuario/ECONEURA-/ECONEURA-/node_modules/.pnpm/@vitest+runner@2.1.9/node_modules/@vitest/runner/dist/index.js:39:7)\n    at runTest (file:///C:/Users/Usuario/ECONEURA-/ECONEURA-/node_modules/.pnpm/@vitest+runner@2.1.9/node_modules/@vitest/runner/dist/index.js:1056:17)\n    at processTicksAndRejections (node:internal/process/task_queues:105:5)\n    at runSuite (file:///C:/Users/Usuario/ECONEURA-/ECONEURA-/node_modules/.pnpm/@vitest+runner@2.1.9/node_modules/@vitest/runner/dist/index.js:1205:15)\n    at runSuite (file:///C:/Users/Usuario/ECONEURA-/ECONEURA-/node_modules/.pnpm/@vitest+runner@2.1.9/node_modules/@vitest/runner/dist/index.js:1205:15)","TypeError: Cannot read properties of undefined (reading 'navigator')\n    at resetClipboardStubOnView (file:///C:/Users/Usuario/ECONEURA-/node_modules/@testing-library/user-event/dist/esm/utils/dataTransfer/Clipboard.js:115:32)\n    at file:///C:/Users/Usuario/ECONEURA-/node_modules/@testing-library/user-event/dist/esm/utils/dataTransfer/Clipboard.js:156:21\n    at file:///C:/Users/Usuario/ECONEURA-/ECONEURA-/node_modules/.pnpm/@vitest+runner@2.1.9/node_modules/@vitest/runner/dist/index.js:146:14\n    at runWithTimeout (file:///C:/Users/Usuario/ECONEURA-/ECONEURA-/node_modules/.pnpm/@vitest+runner@2.1.9/node_modules/@vitest/runner/dist/index.js:39:7)\n    at callSuiteHook (file:///C:/Users/Usuario/ECONEURA-/ECONEURA-/node_modules/.pnpm/@vitest+runner@2.1.9/node_modules/@vitest/runner/dist/index.js:964:28)\n    at callSuiteHook (file:///C:/Users/Usuario/ECONEURA-/ECONEURA-/node_modules/.pnpm/@vitest+runner@2.1.9/node_modules/@vitest/runner/dist/index.js:970:16)\n    at callSuiteHook (file:///C:/Users/Usuario/ECONEURA-/ECONEURA-/node_modules/.pnpm/@vitest+runner@2.1.9/node_modules/@vitest/runner/dist/index.js:970:16)\n    at runTest (file:///C:/Users/Usuario/ECONEURA-/ECONEURA-/node_modules/.pnpm/@vitest+runner@2.1.9/node_modules/@vitest/runner/dist/index.js:1085:15)\n    at processTicksAndRejections (node:internal/process/task_queues:105:5)\n    at runSuite (file:///C:/Users/Usuario/ECONEURA-/ECONEURA-/node_modules/.pnpm/@vitest+runner@2.1.9/node_modules/@vitest/runner/dist/index.js:1205:15)","TypeError: Cannot read properties of undefined (reading 'Symbol(Node prepared with document state workarounds)')\n    at prepareDocument (file:///C:/Users/Usuario/ECONEURA-/node_modules/@testing-library/user-event/dist/esm/document/prepareDocument.js:10:17)\n    at Object.setupMain [as setup] (file:///C:/Users/Usuario/ECONEURA-/node_modules/@testing-library/user-event/dist/esm/setup/setup.js:52:5)\n    at C:\\Users\\Usuario\\ECONEURA-\\ECONEURA-\\apps\\web\\src\\EconeuraCockpit.e2e.test.tsx:127:30\n    at file:///C:/Users/Usuario/ECONEURA-/ECONEURA-/node_modules/.pnpm/@vitest+runner@2.1.9/node_modules/@vitest/runner/dist/index.js:146:14\n    at file:///C:/Users/Usuario/ECONEURA-/ECONEURA-/node_modules/.pnpm/@vitest+runner@2.1.9/node_modules/@vitest/runner/dist/index.js:533:11\n    at runWithTimeout (file:///C:/Users/Usuario/ECONEURA-/ECONEURA-/node_modules/.pnpm/@vitest+runner@2.1.9/node_modules/@vitest/runner/dist/index.js:39:7)\n    at runTest (file:///C:/Users/Usuario/ECONEURA-/ECONEURA-/node_modules/.pnpm/@vitest+runner@2.1.9/node_modules/@vitest/runner/dist/index.js:1056:17)\n    at processTicksAndRejections (node:internal/process/task_queues:105:5)\n    at runSuite (file:///C:/Users/Usuario/ECONEURA-/ECONEURA-/node_modules/.pnpm/@vitest+runner@2.1.9/node_modules/@vitest/runner/dist/index.js:1205:15)\n    at runSuite (file:///C:/Users/Usuario/ECONEURA-/ECONEURA-/node_modules/.pnpm/@vitest+runner@2.1.9/node_modules/@vitest/runner/dist/index.js:1205:15)","TypeError: Cannot read properties of undefined (reading 'navigator')\n    at resetClipboardStubOnView (file:///C:/Users/Usuario/ECONEURA-/node_modules/@testing-library/user-event/dist/esm/utils/dataTransfer/Clipboard.js:115:32)\n    at file:///C:/Users/Usuario/ECONEURA-/node_modules/@testing-library/user-event/dist/esm/utils/dataTransfer/Clipboard.js:156:21\n    at file:///C:/Users/Usuario/ECONEURA-/ECONEURA-/node_modules/.pnpm/@vitest+runner@2.1.9/node_modules/@vitest/runner/dist/index.js:146:14\n    at runWithTimeout (file:///C:/Users/Usuario/ECONEURA-/ECONEURA-/node_modules/.pnpm/@vitest+runner@2.1.9/node_modules/@vitest/runner/dist/index.js:39:7)\n    at callSuiteHook (file:///C:/Users/Usuario/ECONEURA-/ECONEURA-/node_modules/.pnpm/@vitest+runner@2.1.9/node_modules/@vitest/runner/dist/index.js:964:28)\n    at callSuiteHook (file:///C:/Users/Usuario/ECONEURA-/ECONEURA-/node_modules/.pnpm/@vitest+runner@2.1.9/node_modules/@vitest/runner/dist/index.js:970:16)\n    at callSuiteHook (file:///C:/Users/Usuario/ECONEURA-/ECONEURA-/node_modules/.pnpm/@vitest+runner@2.1.9/node_modules/@vitest/runner/dist/index.js:970:16)\n    at runTest (file:///C:/Users/Usuario/ECONEURA-/ECONEURA-/node_modules/.pnpm/@vitest+runner@2.1.9/node_modules/@vitest/runner/dist/index.js:1085:15)\n    at processTicksAndRejections (node:internal/process/task_queues:105:5)\n    at runSuite (file:///C:/Users/Usuario/ECONEURA-/ECONEURA-/node_modules/.pnpm/@vitest+runner@2.1.9/node_modules/@vitest/runner/dist/index.js:1205:15)"],"meta":{}},{"ancestorTitles":["EconeuraCockpit","Agent Execution"],"fullName":"EconeuraCockpit Agent Execution should accumulate activity log entries","status":"failed","title":"should accumulate activity log entries","duration":1.796199999999999,"failureMessages":["TypeError: Cannot read properties of undefined (reading 'Symbol(Node prepared with document state workarounds)')\n    at prepareDocument (file:///C:/Users/Usuario/ECONEURA-/node_modules/@testing-library/user-event/dist/esm/document/prepareDocument.js:10:17)\n    at Object.setupMain [as setup] (file:///C:/Users/Usuario/ECONEURA-/node_modules/@testing-library/user-event/dist/esm/setup/setup.js:52:5)\n    at C:\\Users\\Usuario\\ECONEURA-\\ECONEURA-\\apps\\web\\src\\EconeuraCockpit.e2e.test.tsx:148:30\n    at file:///C:/Users/Usuario/ECONEURA-/ECONEURA-/node_modules/.pnpm/@vitest+runner@2.1.9/node_modules/@vitest/runner/dist/index.js:146:14\n    at file:///C:/Users/Usuario/ECONEURA-/ECONEURA-/node_modules/.pnpm/@vitest+runner@2.1.9/node_modules/@vitest/runner/dist/index.js:533:11\n    at runWithTimeout (file:///C:/Users/Usuario/ECONEURA-/ECONEURA-/node_modules/.pnpm/@vitest+runner@2.1.9/node_modules/@vitest/runner/dist/index.js:39:7)\n    at runTest (file:///C:/Users/Usuario/ECONEURA-/ECONEURA-/node_modules/.pnpm/@vitest+runner@2.1.9/node_modules/@vitest/runner/dist/index.js:1056:17)\n    at processTicksAndRejections (node:internal/process/task_queues:105:5)\n    at runSuite (file:///C:/Users/Usuario/ECONEURA-/ECONEURA-/node_modules/.pnpm/@vitest+runner@2.1.9/node_modules/@vitest/runner/dist/index.js:1205:15)\n    at runSuite (file:///C:/Users/Usuario/ECONEURA-/ECONEURA-/node_modules/.pnpm/@vitest+runner@2.1.9/node_modules/@vitest/runner/dist/index.js:1205:15)","TypeError: Cannot read properties of undefined (reading 'navigator')\n    at resetClipboardStubOnView (file:///C:/Users/Usuario/ECONEURA-/node_modules/@testing-library/user-event/dist/esm/utils/dataTransfer/Clipboard.js:115:32)\n    at file:///C:/Users/Usuario/ECONEURA-/node_modules/@testing-library/user-event/dist/esm/utils/dataTransfer/Clipboard.js:156:21\n    at file:///C:/Users/Usuario/ECONEURA-/ECONEURA-/node_modules/.pnpm/@vitest+runner@2.1.9/node_modules/@vitest/runner/dist/index.js:146:14\n    at runWithTimeout (file:///C:/Users/Usuario/ECONEURA-/ECONEURA-/node_modules/.pnpm/@vitest+runner@2.1.9/node_modules/@vitest/runner/dist/index.js:39:7)\n    at callSuiteHook (file:///C:/Users/Usuario/ECONEURA-/ECONEURA-/node_modules/.pnpm/@vitest+runner@2.1.9/node_modules/@vitest/runner/dist/index.js:964:28)\n    at callSuiteHook (file:///C:/Users/Usuario/ECONEURA-/ECONEURA-/node_modules/.pnpm/@vitest+runner@2.1.9/node_modules/@vitest/runner/dist/index.js:970:16)\n    at callSuiteHook (file:///C:/Users/Usuario/ECONEURA-/ECONEURA-/node_modules/.pnpm/@vitest+runner@2.1.9/node_modules/@vitest/runner/dist/index.js:970:16)\n    at runTest (file:///C:/Users/Usuario/ECONEURA-/ECONEURA-/node_modules/.pnpm/@vitest+runner@2.1.9/node_modules/@vitest/runner/dist/index.js:1085:15)\n    at processTicksAndRejections (node:internal/process/task_queues:105:5)\n    at runSuite (file:///C:/Users/Usuario/ECONEURA-/ECONEURA-/node_modules/.pnpm/@vitest+runner@2.1.9/node_modules/@vitest/runner/dist/index.js:1205:15)","TypeError: Cannot read properties of undefined (reading 'Symbol(Node prepared with document state workarounds)')\n    at prepareDocument (file:///C:/Users/Usuario/ECONEURA-/node_modules/@testing-library/user-event/dist/esm/document/prepareDocument.js:10:17)\n    at Object.setupMain [as setup] (file:///C:/Users/Usuario/ECONEURA-/node_modules/@testing-library/user-event/dist/esm/setup/setup.js:52:5)\n    at C:\\Users\\Usuario\\ECONEURA-\\ECONEURA-\\apps\\web\\src\\EconeuraCockpit.e2e.test.tsx:148:30\n    at file:///C:/Users/Usuario/ECONEURA-/ECONEURA-/node_modules/.pnpm/@vitest+runner@2.1.9/node_modules/@vitest/runner/dist/index.js:146:14\n    at file:///C:/Users/Usuario/ECONEURA-/ECONEURA-/node_modules/.pnpm/@vitest+runner@2.1.9/node_modules/@vitest/runner/dist/index.js:533:11\n    at runWithTimeout (file:///C:/Users/Usuario/ECONEURA-/ECONEURA-/node_modules/.pnpm/@vitest+runner@2.1.9/node_modules/@vitest/runner/dist/index.js:39:7)\n    at runTest (file:///C:/Users/Usuario/ECONEURA-/ECONEURA-/node_modules/.pnpm/@vitest+runner@2.1.9/node_modules/@vitest/runner/dist/index.js:1056:17)\n    at processTicksAndRejections (node:internal/process/task_queues:105:5)\n    at runSuite (file:///C:/Users/Usuario/ECONEURA-/ECONEURA-/node_modules/.pnpm/@vitest+runner@2.1.9/node_modules/@vitest/runner/dist/index.js:1205:15)\n    at runSuite (file:///C:/Users/Usuario/ECONEURA-/ECONEURA-/node_modules/.pnpm/@vitest+runner@2.1.9/node_modules/@vitest/runner/dist/index.js:1205:15)","TypeError: Cannot read properties of undefined (reading 'navigator')\n    at resetClipboardStubOnView (file:///C:/Users/Usuario/ECONEURA-/node_modules/@testing-library/user-event/dist/esm/utils/dataTransfer/Clipboard.js:115:32)\n    at file:///C:/Users/Usuario/ECONEURA-/node_modules/@testing-library/user-event/dist/esm/utils/dataTransfer/Clipboard.js:156:21\n    at file:///C:/Users/Usuario/ECONEURA-/ECONEURA-/node_modules/.pnpm/@vitest+runner@2.1.9/node_modules/@vitest/runner/dist/index.js:146:14\n    at runWithTimeout (file:///C:/Users/Usuario/ECONEURA-/ECONEURA-/node_modules/.pnpm/@vitest+runner@2.1.9/node_modules/@vitest/runner/dist/index.js:39:7)\n    at callSuiteHook (file:///C:/Users/Usuario/ECONEURA-/ECONEURA-/node_modules/.pnpm/@vitest+runner@2.1.9/node_modules/@vitest/runner/dist/index.js:964:28)\n    at callSuiteHook (file:///C:/Users/Usuario/ECONEURA-/ECONEURA-/node_modules/.pnpm/@vitest+runner@2.1.9/node_modules/@vitest/runner/dist/index.js:970:16)\n    at callSuiteHook (file:///C:/Users/Usuario/ECONEURA-/ECONEURA-/node_modules/.pnpm/@vitest+runner@2.1.9/node_modules/@vitest/runner/dist/index.js:970:16)\n    at runTest (file:///C:/Users/Usuario/ECONEURA-/ECONEURA-/node_modules/.pnpm/@vitest+runner@2.1.9/node_modules/@vitest/runner/dist/index.js:1085:15)\n    at processTicksAndRejections (node:internal/process/task_queues:105:5)\n    at runSuite (file:///C:/Users/Usuario/ECONEURA-/ECONEURA-/node_modules/.pnpm/@vitest+runner@2.1.9/node_modules/@vitest/runner/dist/index.js:1205:15)"],"meta":{}},{"ancestorTitles":["EconeuraCockpit","UI Structure"],"fullName":"EconeuraCockpit UI Structure should render main cockpit title","status":"failed","title":"should render main cockpit title","duration":1.6904000000001815,"failureMessages":["ReferenceError: document is not defined\n    at Proxy.render (C:\\Users\\Usuario\\ECONEURA-\\node_modules\\@testing-library\\react\\dist\\pure.js:257:5)\n    at C:\\Users\\Usuario\\ECONEURA-\\ECONEURA-\\apps\\web\\src\\EconeuraCockpit.e2e.test.tsx:177:7\n    at file:///C:/Users/Usuario/ECONEURA-/ECONEURA-/node_modules/.pnpm/@vitest+runner@2.1.9/node_modules/@vitest/runner/dist/index.js:146:14\n    at file:///C:/Users/Usuario/ECONEURA-/ECONEURA-/node_modules/.pnpm/@vitest+runner@2.1.9/node_modules/@vitest/runner/dist/index.js:533:11\n    at runWithTimeout (file:///C:/Users/Usuario/ECONEURA-/ECONEURA-/node_modules/.pnpm/@vitest+runner@2.1.9/node_modules/@vitest/runner/dist/index.js:39:7)\n    at runTest (file:///C:/Users/Usuario/ECONEURA-/ECONEURA-/node_modules/.pnpm/@vitest+runner@2.1.9/node_modules/@vitest/runner/dist/index.js:1056:17)\n    at processTicksAndRejections (node:internal/process/task_queues:105:5)\n    at runSuite (file:///C:/Users/Usuario/ECONEURA-/ECONEURA-/node_modules/.pnpm/@vitest+runner@2.1.9/node_modules/@vitest/runner/dist/index.js:1205:15)\n    at runSuite (file:///C:/Users/Usuario/ECONEURA-/ECONEURA-/node_modules/.pnpm/@vitest+runner@2.1.9/node_modules/@vitest/runner/dist/index.js:1205:15)\n    at runSuite (file:///C:/Users/Usuario/ECONEURA-/ECONEURA-/node_modules/.pnpm/@vitest+runner@2.1.9/node_modules/@vitest/runner/dist/index.js:1205:15)","TypeError: Cannot read properties of undefined (reading 'navigator')\n    at resetClipboardStubOnView (file:///C:/Users/Usuario/ECONEURA-/node_modules/@testing-library/user-event/dist/esm/utils/dataTransfer/Clipboard.js:115:32)\n    at file:///C:/Users/Usuario/ECONEURA-/node_modules/@testing-library/user-event/dist/esm/utils/dataTransfer/Clipboard.js:156:21\n    at file:///C:/Users/Usuario/ECONEURA-/ECONEURA-/node_modules/.pnpm/@vitest+runner@2.1.9/node_modules/@vitest/runner/dist/index.js:146:14\n    at runWithTimeout (file:///C:/Users/Usuario/ECONEURA-/ECONEURA-/node_modules/.pnpm/@vitest+runner@2.1.9/node_modules/@vitest/runner/dist/index.js:39:7)\n    at callSuiteHook (file:///C:/Users/Usuario/ECONEURA-/ECONEURA-/node_modules/.pnpm/@vitest+runner@2.1.9/node_modules/@vitest/runner/dist/index.js:964:28)\n    at callSuiteHook (file:///C:/Users/Usuario/ECONEURA-/ECONEURA-/node_modules/.pnpm/@vitest+runner@2.1.9/node_modules/@vitest/runner/dist/index.js:970:16)\n    at callSuiteHook (file:///C:/Users/Usuario/ECONEURA-/ECONEURA-/node_modules/.pnpm/@vitest+runner@2.1.9/node_modules/@vitest/runner/dist/index.js:970:16)\n    at runTest (file:///C:/Users/Usuario/ECONEURA-/ECONEURA-/node_modules/.pnpm/@vitest+runner@2.1.9/node_modules/@vitest/runner/dist/index.js:1085:15)\n    at processTicksAndRejections (node:internal/process/task_queues:105:5)\n    at runSuite (file:///C:/Users/Usuario/ECONEURA-/ECONEURA-/node_modules/.pnpm/@vitest+runner@2.1.9/node_modules/@vitest/runner/dist/index.js:1205:15)","ReferenceError: document is not defined\n    at Proxy.render (C:\\Users\\Usuario\\ECONEURA-\\node_modules\\@testing-library\\react\\dist\\pure.js:257:5)\n    at C:\\Users\\Usuario\\ECONEURA-\\ECONEURA-\\apps\\web\\src\\EconeuraCockpit.e2e.test.tsx:177:7\n    at file:///C:/Users/Usuario/ECONEURA-/ECONEURA-/node_modules/.pnpm/@vitest+runner@2.1.9/node_modules/@vitest/runner/dist/index.js:146:14\n    at file:///C:/Users/Usuario/ECONEURA-/ECONEURA-/node_modules/.pnpm/@vitest+runner@2.1.9/node_modules/@vitest/runner/dist/index.js:533:11\n    at runWithTimeout (file:///C:/Users/Usuario/ECONEURA-/ECONEURA-/node_modules/.pnpm/@vitest+runner@2.1.9/node_modules/@vitest/runner/dist/index.js:39:7)\n    at runTest (file:///C:/Users/Usuario/ECONEURA-/ECONEURA-/node_modules/.pnpm/@vitest+runner@2.1.9/node_modules/@vitest/runner/dist/index.js:1056:17)\n    at processTicksAndRejections (node:internal/process/task_queues:105:5)\n    at runSuite (file:///C:/Users/Usuario/ECONEURA-/ECONEURA-/node_modules/.pnpm/@vitest+runner@2.1.9/node_modules/@vitest/runner/dist/index.js:1205:15)\n    at runSuite (file:///C:/Users/Usuario/ECONEURA-/ECONEURA-/node_modules/.pnpm/@vitest+runner@2.1.9/node_modules/@vitest/runner/dist/index.js:1205:15)\n    at runSuite (file:///C:/Users/Usuario/ECONEURA-/ECONEURA-/node_modules/.pnpm/@vitest+runner@2.1.9/node_modules/@vitest/runner/dist/index.js:1205:15)","TypeError: Cannot read properties of undefined (reading 'navigator')\n    at resetClipboardStubOnView (file:///C:/Users/Usuario/ECONEURA-/node_modules/@testing-library/user-event/dist/esm/utils/dataTransfer/Clipboard.js:115:32)\n    at file:///C:/Users/Usuario/ECONEURA-/node_modules/@testing-library/user-event/dist/esm/utils/dataTransfer/Clipboard.js:156:21\n    at file:///C:/Users/Usuario/ECONEURA-/ECONEURA-/node_modules/.pnpm/@vitest+runner@2.1.9/node_modules/@vitest/runner/dist/index.js:146:14\n    at runWithTimeout (file:///C:/Users/Usuario/ECONEURA-/ECONEURA-/node_modules/.pnpm/@vitest+runner@2.1.9/node_modules/@vitest/runner/dist/index.js:39:7)\n    at callSuiteHook (file:///C:/Users/Usuario/ECONEURA-/ECONEURA-/node_modules/.pnpm/@vitest+runner@2.1.9/node_modules/@vitest/runner/dist/index.js:964:28)\n    at callSuiteHook (file:///C:/Users/Usuario/ECONEURA-/ECONEURA-/node_modules/.pnpm/@vitest+runner@2.1.9/node_modules/@vitest/runner/dist/index.js:970:16)\n    at callSuiteHook (file:///C:/Users/Usuario/ECONEURA-/ECONEURA-/node_modules/.pnpm/@vitest+runner@2.1.9/node_modules/@vitest/runner/dist/index.js:970:16)\n    at runTest (file:///C:/Users/Usuario/ECONEURA-/ECONEURA-/node_modules/.pnpm/@vitest+runner@2.1.9/node_modules/@vitest/runner/dist/index.js:1085:15)\n    at processTicksAndRejections (node:internal/process/task_queues:105:5)\n    at runSuite (file:///C:/Users/Usuario/ECONEURA-/ECONEURA-/node_modules/.pnpm/@vitest+runner@2.1.9/node_modules/@vitest/runner/dist/index.js:1205:15)"],"meta":{}},{"ancestorTitles":["EconeuraCockpit","UI Structure"],"fullName":"EconeuraCockpit UI Structure should have proper semantic structure","status":"failed","title":"should have proper semantic structure","duration":17.43860000000018,"failureMessages":["TypeError: Cannot read properties of undefined (reading 'Symbol(Node prepared with document state workarounds)')\n    at prepareDocument (file:///C:/Users/Usuario/ECONEURA-/node_modules/@testing-library/user-event/dist/esm/document/prepareDocument.js:10:17)\n    at Object.setupMain [as setup] (file:///C:/Users/Usuario/ECONEURA-/node_modules/@testing-library/user-event/dist/esm/setup/setup.js:52:5)\n    at C:\\Users\\Usuario\\ECONEURA-\\ECONEURA-\\apps\\web\\src\\EconeuraCockpit.e2e.test.tsx:183:30\n    at file:///C:/Users/Usuario/ECONEURA-/ECONEURA-/node_modules/.pnpm/@vitest+runner@2.1.9/node_modules/@vitest/runner/dist/index.js:146:14\n    at file:///C:/Users/Usuario/ECONEURA-/ECONEURA-/node_modules/.pnpm/@vitest+runner@2.1.9/node_modules/@vitest/runner/dist/index.js:533:11\n    at runWithTimeout (file:///C:/Users/Usuario/ECONEURA-/ECONEURA-/node_modules/.pnpm/@vitest+runner@2.1.9/node_modules/@vitest/runner/dist/index.js:39:7)\n    at runTest (file:///C:/Users/Usuario/ECONEURA-/ECONEURA-/node_modules/.pnpm/@vitest+runner@2.1.9/node_modules/@vitest/runner/dist/index.js:1056:17)\n    at processTicksAndRejections (node:internal/process/task_queues:105:5)\n    at runSuite (file:///C:/Users/Usuario/ECONEURA-/ECONEURA-/node_modules/.pnpm/@vitest+runner@2.1.9/node_modules/@vitest/runner/dist/index.js:1205:15)\n    at runSuite (file:///C:/Users/Usuario/ECONEURA-/ECONEURA-/node_modules/.pnpm/@vitest+runner@2.1.9/node_modules/@vitest/runner/dist/index.js:1205:15)","TypeError: Cannot read properties of undefined (reading 'navigator')\n    at resetClipboardStubOnView (file:///C:/Users/Usuario/ECONEURA-/node_modules/@testing-library/user-event/dist/esm/utils/dataTransfer/Clipboard.js:115:32)\n    at file:///C:/Users/Usuario/ECONEURA-/node_modules/@testing-library/user-event/dist/esm/utils/dataTransfer/Clipboard.js:156:21\n    at file:///C:/Users/Usuario/ECONEURA-/ECONEURA-/node_modules/.pnpm/@vitest+runner@2.1.9/node_modules/@vitest/runner/dist/index.js:146:14\n    at runWithTimeout (file:///C:/Users/Usuario/ECONEURA-/ECONEURA-/node_modules/.pnpm/@vitest+runner@2.1.9/node_modules/@vitest/runner/dist/index.js:39:7)\n    at callSuiteHook (file:///C:/Users/Usuario/ECONEURA-/ECONEURA-/node_modules/.pnpm/@vitest+runner@2.1.9/node_modules/@vitest/runner/dist/index.js:964:28)\n    at callSuiteHook (file:///C:/Users/Usuario/ECONEURA-/ECONEURA-/node_modules/.pnpm/@vitest+runner@2.1.9/node_modules/@vitest/runner/dist/index.js:970:16)\n    at callSuiteHook (file:///C:/Users/Usuario/ECONEURA-/ECONEURA-/node_modules/.pnpm/@vitest+runner@2.1.9/node_modules/@vitest/runner/dist/index.js:970:16)\n    at runTest (file:///C:/Users/Usuario/ECONEURA-/ECONEURA-/node_modules/.pnpm/@vitest+runner@2.1.9/node_modules/@vitest/runner/dist/index.js:1085:15)\n    at processTicksAndRejections (node:internal/process/task_queues:105:5)\n    at runSuite (file:///C:/Users/Usuario/ECONEURA-/ECONEURA-/node_modules/.pnpm/@vitest+runner@2.1.9/node_modules/@vitest/runner/dist/index.js:1205:15)","TypeError: Cannot read properties of undefined (reading 'Symbol(Node prepared with document state workarounds)')\n    at prepareDocument (file:///C:/Users/Usuario/ECONEURA-/node_modules/@testing-library/user-event/dist/esm/document/prepareDocument.js:10:17)\n    at Object.setupMain [as setup] (file:///C:/Users/Usuario/ECONEURA-/node_modules/@testing-library/user-event/dist/esm/setup/setup.js:52:5)\n    at C:\\Users\\Usuario\\ECONEURA-\\ECONEURA-\\apps\\web\\src\\EconeuraCockpit.e2e.test.tsx:183:30\n    at file:///C:/Users/Usuario/ECONEURA-/ECONEURA-/node_modules/.pnpm/@vitest+runner@2.1.9/node_modules/@vitest/runner/dist/index.js:146:14\n    at file:///C:/Users/Usuario/ECONEURA-/ECONEURA-/node_modules/.pnpm/@vitest+runner@2.1.9/node_modules/@vitest/runner/dist/index.js:533:11\n    at runWithTimeout (file:///C:/Users/Usuario/ECONEURA-/ECONEURA-/node_modules/.pnpm/@vitest+runner@2.1.9/node_modules/@vitest/runner/dist/index.js:39:7)\n    at runTest (file:///C:/Users/Usuario/ECONEURA-/ECONEURA-/node_modules/.pnpm/@vitest+runner@2.1.9/node_modules/@vitest/runner/dist/index.js:1056:17)\n    at processTicksAndRejections (node:internal/process/task_queues:105:5)\n    at runSuite (file:///C:/Users/Usuario/ECONEURA-/ECONEURA-/node_modules/.pnpm/@vitest+runner@2.1.9/node_modules/@vitest/runner/dist/index.js:1205:15)\n    at runSuite (file:///C:/Users/Usuario/ECONEURA-/ECONEURA-/node_modules/.pnpm/@vitest+runner@2.1.9/node_modules/@vitest/runner/dist/index.js:1205:15)","TypeError: Cannot read properties of undefined (reading 'navigator')\n    at resetClipboardStubOnView (file:///C:/Users/Usuario/ECONEURA-/node_modules/@testing-library/user-event/dist/esm/utils/dataTransfer/Clipboard.js:115:32)\n    at file:///C:/Users/Usuario/ECONEURA-/node_modules/@testing-library/user-event/dist/esm/utils/dataTransfer/Clipboard.js:156:21\n    at file:///C:/Users/Usuario/ECONEURA-/ECONEURA-/node_modules/.pnpm/@vitest+runner@2.1.9/node_modules/@vitest/runner/dist/index.js:146:14\n    at runWithTimeout (file:///C:/Users/Usuario/ECONEURA-/ECONEURA-/node_modules/.pnpm/@vitest+runner@2.1.9/node_modules/@vitest/runner/dist/index.js:39:7)\n    at callSuiteHook (file:///C:/Users/Usuario/ECONEURA-/ECONEURA-/node_modules/.pnpm/@vitest+runner@2.1.9/node_modules/@vitest/runner/dist/index.js:964:28)\n    at callSuiteHook (file:///C:/Users/Usuario/ECONEURA-/ECONEURA-/node_modules/.pnpm/@vitest+runner@2.1.9/node_modules/@vitest/runner/dist/index.js:970:16)\n    at callSuiteHook (file:///C:/Users/Usuario/ECONEURA-/ECONEURA-/node_modules/.pnpm/@vitest+runner@2.1.9/node_modules/@vitest/runner/dist/index.js:970:16)\n    at runTest (file:///C:/Users/Usuario/ECONEURA-/ECONEURA-/node_modules/.pnpm/@vitest+runner@2.1.9/node_modules/@vitest/runner/dist/index.js:1085:15)\n    at processTicksAndRejections (node:internal/process/task_queues:105:5)\n    at runSuite (file:///C:/Users/Usuario/ECONEURA-/ECONEURA-/node_modules/.pnpm/@vitest+runner@2.1.9/node_modules/@vitest/runner/dist/index.js:1205:15)"],"meta":{}},{"ancestorTitles":["EconeuraCockpit","UI Structure"],"fullName":"EconeuraCockpit UI Structure should display agent cards with proper information","status":"failed","title":"should display agent cards with proper information","duration":16.577099999999973,"failureMessages":["TypeError: Cannot read properties of undefined (reading 'Symbol(Node prepared with document state workarounds)')\n    at prepareDocument (file:///C:/Users/Usuario/ECONEURA-/node_modules/@testing-library/user-event/dist/esm/document/prepareDocument.js:10:17)\n    at Object.setupMain [as setup] (file:///C:/Users/Usuario/ECONEURA-/node_modules/@testing-library/user-event/dist/esm/setup/setup.js:52:5)\n    at C:\\Users\\Usuario\\ECONEURA-\\ECONEURA-\\apps\\web\\src\\EconeuraCockpit.e2e.test.tsx:194:30\n    at file:///C:/Users/Usuario/ECONEURA-/ECONEURA-/node_modules/.pnpm/@vitest+runner@2.1.9/node_modules/@vitest/runner/dist/index.js:146:14\n    at file:///C:/Users/Usuario/ECONEURA-/ECONEURA-/node_modules/.pnpm/@vitest+runner@2.1.9/node_modules/@vitest/runner/dist/index.js:533:11\n    at runWithTimeout (file:///C:/Users/Usuario/ECONEURA-/ECONEURA-/node_modules/.pnpm/@vitest+runner@2.1.9/node_modules/@vitest/runner/dist/index.js:39:7)\n    at runTest (file:///C:/Users/Usuario/ECONEURA-/ECONEURA-/node_modules/.pnpm/@vitest+runner@2.1.9/node_modules/@vitest/runner/dist/index.js:1056:17)\n    at processTicksAndRejections (node:internal/process/task_queues:105:5)\n    at runSuite (file:///C:/Users/Usuario/ECONEURA-/ECONEURA-/node_modules/.pnpm/@vitest+runner@2.1.9/node_modules/@vitest/runner/dist/index.js:1205:15)\n    at runSuite (file:///C:/Users/Usuario/ECONEURA-/ECONEURA-/node_modules/.pnpm/@vitest+runner@2.1.9/node_modules/@vitest/runner/dist/index.js:1205:15)","TypeError: Cannot read properties of undefined (reading 'navigator')\n    at resetClipboardStubOnView (file:///C:/Users/Usuario/ECONEURA-/node_modules/@testing-library/user-event/dist/esm/utils/dataTransfer/Clipboard.js:115:32)\n    at file:///C:/Users/Usuario/ECONEURA-/node_modules/@testing-library/user-event/dist/esm/utils/dataTransfer/Clipboard.js:156:21\n    at file:///C:/Users/Usuario/ECONEURA-/ECONEURA-/node_modules/.pnpm/@vitest+runner@2.1.9/node_modules/@vitest/runner/dist/index.js:146:14\n    at runWithTimeout (file:///C:/Users/Usuario/ECONEURA-/ECONEURA-/node_modules/.pnpm/@vitest+runner@2.1.9/node_modules/@vitest/runner/dist/index.js:39:7)\n    at callSuiteHook (file:///C:/Users/Usuario/ECONEURA-/ECONEURA-/node_modules/.pnpm/@vitest+runner@2.1.9/node_modules/@vitest/runner/dist/index.js:964:28)\n    at callSuiteHook (file:///C:/Users/Usuario/ECONEURA-/ECONEURA-/node_modules/.pnpm/@vitest+runner@2.1.9/node_modules/@vitest/runner/dist/index.js:970:16)\n    at callSuiteHook (file:///C:/Users/Usuario/ECONEURA-/ECONEURA-/node_modules/.pnpm/@vitest+runner@2.1.9/node_modules/@vitest/runner/dist/index.js:970:16)\n    at runTest (file:///C:/Users/Usuario/ECONEURA-/ECONEURA-/node_modules/.pnpm/@vitest+runner@2.1.9/node_modules/@vitest/runner/dist/index.js:1085:15)\n    at processTicksAndRejections (node:internal/process/task_queues:105:5)\n    at runSuite (file:///C:/Users/Usuario/ECONEURA-/ECONEURA-/node_modules/.pnpm/@vitest+runner@2.1.9/node_modules/@vitest/runner/dist/index.js:1205:15)","TypeError: Cannot read properties of undefined (reading 'Symbol(Node prepared with document state workarounds)')\n    at prepareDocument (file:///C:/Users/Usuario/ECONEURA-/node_modules/@testing-library/user-event/dist/esm/document/prepareDocument.js:10:17)\n    at Object.setupMain [as setup] (file:///C:/Users/Usuario/ECONEURA-/node_modules/@testing-library/user-event/dist/esm/setup/setup.js:52:5)\n    at C:\\Users\\Usuario\\ECONEURA-\\ECONEURA-\\apps\\web\\src\\EconeuraCockpit.e2e.test.tsx:194:30\n    at file:///C:/Users/Usuario/ECONEURA-/ECONEURA-/node_modules/.pnpm/@vitest+runner@2.1.9/node_modules/@vitest/runner/dist/index.js:146:14\n    at file:///C:/Users/Usuario/ECONEURA-/ECONEURA-/node_modules/.pnpm/@vitest+runner@2.1.9/node_modules/@vitest/runner/dist/index.js:533:11\n    at runWithTimeout (file:///C:/Users/Usuario/ECONEURA-/ECONEURA-/node_modules/.pnpm/@vitest+runner@2.1.9/node_modules/@vitest/runner/dist/index.js:39:7)\n    at runTest (file:///C:/Users/Usuario/ECONEURA-/ECONEURA-/node_modules/.pnpm/@vitest+runner@2.1.9/node_modules/@vitest/runner/dist/index.js:1056:17)\n    at processTicksAndRejections (node:internal/process/task_queues:105:5)\n    at runSuite (file:///C:/Users/Usuario/ECONEURA-/ECONEURA-/node_modules/.pnpm/@vitest+runner@2.1.9/node_modules/@vitest/runner/dist/index.js:1205:15)\n    at runSuite (file:///C:/Users/Usuario/ECONEURA-/ECONEURA-/node_modules/.pnpm/@vitest+runner@2.1.9/node_modules/@vitest/runner/dist/index.js:1205:15)","TypeError: Cannot read properties of undefined (reading 'navigator')\n    at resetClipboardStubOnView (file:///C:/Users/Usuario/ECONEURA-/node_modules/@testing-library/user-event/dist/esm/utils/dataTransfer/Clipboard.js:115:32)\n    at file:///C:/Users/Usuario/ECONEURA-/node_modules/@testing-library/user-event/dist/esm/utils/dataTransfer/Clipboard.js:156:21\n    at file:///C:/Users/Usuario/ECONEURA-/ECONEURA-/node_modules/.pnpm/@vitest+runner@2.1.9/node_modules/@vitest/runner/dist/index.js:146:14\n    at runWithTimeout (file:///C:/Users/Usuario/ECONEURA-/ECONEURA-/node_modules/.pnpm/@vitest+runner@2.1.9/node_modules/@vitest/runner/dist/index.js:39:7)\n    at callSuiteHook (file:///C:/Users/Usuario/ECONEURA-/ECONEURA-/node_modules/.pnpm/@vitest+runner@2.1.9/node_modules/@vitest/runner/dist/index.js:964:28)\n    at callSuiteHook (file:///C:/Users/Usuario/ECONEURA-/ECONEURA-/node_modules/.pnpm/@vitest+runner@2.1.9/node_modules/@vitest/runner/dist/index.js:970:16)\n    at callSuiteHook (file:///C:/Users/Usuario/ECONEURA-/ECONEURA-/node_modules/.pnpm/@vitest+runner@2.1.9/node_modules/@vitest/runner/dist/index.js:970:16)\n    at runTest (file:///C:/Users/Usuario/ECONEURA-/ECONEURA-/node_modules/.pnpm/@vitest+runner@2.1.9/node_modules/@vitest/runner/dist/index.js:1085:15)\n    at processTicksAndRejections (node:internal/process/task_queues:105:5)\n    at runSuite (file:///C:/Users/Usuario/ECONEURA-/ECONEURA-/node_modules/.pnpm/@vitest+runner@2.1.9/node_modules/@vitest/runner/dist/index.js:1205:15)"],"meta":{}}],"startTime":1759355498857,"endTime":1759355498928.5771,"status":"failed","message":"Cannot read properties of undefined (reading 'navigator')","name":"C:/Users/Usuario/ECONEURA-/ECONEURA-/apps/web/src/EconeuraCockpit.e2e.test.tsx"},{"assertionResults":[{"ancestorTitles":["EconeuraCockpit","Login Flow"],"fullName":"EconeuraCockpit Login Flow should show login button initially","status":"failed","title":"should show login button initially","duration":13.396299999999883,"failureMessages":["ReferenceError: document is not defined\n    at Proxy.render (C:\\Users\\Usuario\\ECONEURA-\\node_modules\\@testing-library\\react\\dist\\pure.js:257:5)\n    at C:\\Users\\Usuario\\ECONEURA-\\ECONEURA-\\apps\\web\\src\\EconeuraCockpit.e2e.test.tsx:21:7\n    at file:///C:/Users/Usuario/ECONEURA-/ECONEURA-/node_modules/.pnpm/@vitest+runner@2.1.9/node_modules/@vitest/runner/dist/index.js:146:14\n    at file:///C:/Users/Usuario/ECONEURA-/ECONEURA-/node_modules/.pnpm/@vitest+runner@2.1.9/node_modules/@vitest/runner/dist/index.js:533:11\n    at runWithTimeout (file:///C:/Users/Usuario/ECONEURA-/ECONEURA-/node_modules/.pnpm/@vitest+runner@2.1.9/node_modules/@vitest/runner/dist/index.js:39:7)\n    at runTest (file:///C:/Users/Usuario/ECONEURA-/ECONEURA-/node_modules/.pnpm/@vitest+runner@2.1.9/node_modules/@vitest/runner/dist/index.js:1056:17)\n    at processTicksAndRejections (node:internal/process/task_queues:105:5)\n    at runSuite (file:///C:/Users/Usuario/ECONEURA-/ECONEURA-/node_modules/.pnpm/@vitest+runner@2.1.9/node_modules/@vitest/runner/dist/index.js:1205:15)\n    at runSuite (file:///C:/Users/Usuario/ECONEURA-/ECONEURA-/node_modules/.pnpm/@vitest+runner@2.1.9/node_modules/@vitest/runner/dist/index.js:1205:15)\n    at runSuite (file:///C:/Users/Usuario/ECONEURA-/ECONEURA-/node_modules/.pnpm/@vitest+runner@2.1.9/node_modules/@vitest/runner/dist/index.js:1205:15)","TypeError: Cannot read properties of undefined (reading 'navigator')\n    at resetClipboardStubOnView (file:///C:/Users/Usuario/ECONEURA-/node_modules/@testing-library/user-event/dist/esm/utils/dataTransfer/Clipboard.js:115:32)\n    at file:///C:/Users/Usuario/ECONEURA-/node_modules/@testing-library/user-event/dist/esm/utils/dataTransfer/Clipboard.js:156:21\n    at file:///C:/Users/Usuario/ECONEURA-/ECONEURA-/node_modules/.pnpm/@vitest+runner@2.1.9/node_modules/@vitest/runner/dist/index.js:146:14\n    at runWithTimeout (file:///C:/Users/Usuario/ECONEURA-/ECONEURA-/node_modules/.pnpm/@vitest+runner@2.1.9/node_modules/@vitest/runner/dist/index.js:39:7)\n    at callSuiteHook (file:///C:/Users/Usuario/ECONEURA-/ECONEURA-/node_modules/.pnpm/@vitest+runner@2.1.9/node_modules/@vitest/runner/dist/index.js:964:28)\n    at callSuiteHook (file:///C:/Users/Usuario/ECONEURA-/ECONEURA-/node_modules/.pnpm/@vitest+runner@2.1.9/node_modules/@vitest/runner/dist/index.js:970:16)\n    at callSuiteHook (file:///C:/Users/Usuario/ECONEURA-/ECONEURA-/node_modules/.pnpm/@vitest+runner@2.1.9/node_modules/@vitest/runner/dist/index.js:970:16)\n    at runTest (file:///C:/Users/Usuario/ECONEURA-/ECONEURA-/node_modules/.pnpm/@vitest+runner@2.1.9/node_modules/@vitest/runner/dist/index.js:1085:15)\n    at processTicksAndRejections (node:internal/process/task_queues:105:5)\n    at runSuite (file:///C:/Users/Usuario/ECONEURA-/ECONEURA
[...]
faults","duration":0.5271000000000186,"failureMessages":[],"meta":{}},{"ancestorTitles":["Retry Module","defaultRetryOptions"],"fullName":"Retry Module defaultRetryOptions should retry on network errors","status":"passed","title":"should retry on network errors","duration":0.5296999999999343,"failureMessages":[],"meta":{}}],"startTime":1759355503783,"endTime":1759355503832.5298,"status":"passed","message":"","name":"C:/Users/Usuario/ECONEURA-/ECONEURA-/packages/shared/src/__tests__/retry.test.ts"},{"assertionResults":[],"startTime":1759355485804,"endTime":1759355485804,"status":"failed","message":"Failed to load url C:/Users/Usuario/ECONEURA-/test/setup.ts (resolved id: C:/Users/Usuario/ECONEURA-/test/setup.ts). Does the file exist?","name":"C:/Users/Usuario/ECONEURA-/ECONEURA-/packages/shared/src/__tests__/validation.test.ts"},{"assertionResults":[{"ancestorTitles":["Validation Module","validateEmail"],"fullName":"Validation Module validateEmail should validate correct email addresses","status":"passed","title":"should validate correct email addresses","duration":3.47969999999998,"failureMessages":[],"meta":{}},{"ancestorTitles":["Validation Module","validateEmail"],"fullName":"Validation Module validateEmail should reject invalid email addresses","status":"passed","title":"should reject invalid email addresses","duration":0.8539999999999281,"failureMessages":[],"meta":{}},{"ancestorTitles":["Validation Module","validateUUID"],"fullName":"Validation Module validateUUID should validate correct UUID v4 format","status":"passed","title":"should validate correct UUID v4 format","duration":0.3261999999999716,"failureMessages":[],"meta":{}},{"ancestorTitles":["Validation Module","validateUUID"],"fullName":"Validation Module validateUUID should reject invalid UUID formats","status":"passed","title":"should reject invalid UUID formats","duration":0.4834999999999354,"failureMessages":[],"meta":{}},{"ancestorTitles":["Validation Module","validateData"],"fullName":"Validation Module validateData should validate data against Zod schema successfully","status":"passed","title":"should validate data against Zod schema successfully","duration":4.470900000000029,"failureMessages":[],"meta":{}},{"ancestorTitles":["Validation Module","validateData"],"fullName":"Validation Module validateData should return errors for invalid data","status":"passed","title":"should return errors for invalid data","duration":1.3327999999999065,"failureMessages":[],"meta":{}},{"ancestorTitles":["Validation Module","validateData"],"fullName":"Validation Module validateData should handle simple schemas","status":"passed","title":"should handle simple schemas","duration":0.5970999999999549,"failureMessages":[],"meta":{}},{"ancestorTitles":["Validation Module","validateData"],"fullName":"Validation Module validateData should validate with custom error messages","status":"passed","title":"should validate with custom error messages","duration":1.281099999999924,"failureMessages":[],"meta":{}}],"startTime":1759355501930,"endTime":1759355501943.281,"status":"passed","message":"","name":"C:/Users/Usuario/ECONEURA-/ECONEURA-/packages/shared/src/__tests__/validation.test.ts"},{"assertionResults":[{"ancestorTitles":["Validation Module","validateEmail"],"fullName":"Validation Module validateEmail should validate correct email addresses","status":"passed","title":"should validate correct email addresses","duration":3.3057000000000016,"failureMessages":[],"meta":{}},{"ancestorTitles":["Validation Module","validateEmail"],"fullName":"Validation Module validateEmail should reject invalid email addresses","status":"passed","title":"should reject invalid email addresses","duration":0.8011000000000195,"failureMessages":[],"meta":{}},{"ancestorTitles":["Validation Module","validateUUID"],"fullName":"Validation Module validateUUID should validate correct UUID v4 format","status":"passed","title":"should validate correct UUID v4 format","duration":0.3307999999999538,"failureMessages":[],"meta":{}},{"ancestorTitles":["Validation Module","validateUUID"],"fullName":"Validation Module validateUUID should reject invalid UUID formats","status":"passed","title":"should reject invalid UUID formats","duration":0.44020000000000437,"failureMessages":[],"meta":{}},{"ancestorTitles":["Validation Module","validateData"],"fullName":"Validation Module validateData should validate data against Zod schema successfully","status":"passed","title":"should validate data against Zod schema successfully","duration":6.689000000000078,"failureMessages":[],"meta":{}},{"ancestorTitles":["Validation Module","validateData"],"fullName":"Validation Module validateData should return errors for invalid data","status":"passed","title":"should return errors for invalid data","duration":1.2315999999999576,"failureMessages":[],"meta":{}},{"ancestorTitles":["Validation Module","validateData"],"fullName":"Validation Module validateData should handle simple schemas","status":"passed","title":"should handle simple schemas","duration":0.49720000000002074,"failureMessages":[],"meta":{}},{"ancestorTitles":["Validation Module","validateData"],"fullName":"Validation Module validateData should validate with custom error messages","status":"passed","title":"should validate with custom error messages","duration":1.1016000000000759,"failureMessages":[],"meta":{}}],"startTime":1759355502081,"endTime":1759355502096.1016,"status":"passed","message":"","name":"C:/Users/Usuario/ECONEURA-/ECONEURA-/packages/shared/src/__tests__/validation.test.ts"},{"assertionResults":[],"startTime":1759355485804,"endTime":1759355485804,"status":"failed","message":"Failed to load url C:/Users/Usuario/ECONEURA-/test/setup.ts (resolved id: C:/Users/Usuario/ECONEURA-/test/setup.ts). Does the file exist?","name":"C:/Users/Usuario/ECONEURA-/ECONEURA-/apps/cockpit/src/components/__tests__/AgentCard.busy.test.tsx"},{"assertionResults":[{"ancestorTitles":["AgentCard busy state"],"fullName":"AgentCard busy state disables Ejecutar button when busy is true","status":"failed","title":"disables Ejecutar button when busy is true","duration":13.180599999999686,"failureMessages":["ReferenceError: document is not defined\n    at Proxy.render (C:\\Users\\Usuario\\ECONEURA-\\ECONEURA-\\node_modules\\.pnpm\\@testing-library+react@14.3.1_react-dom@18.3.1_react@18.3.1\\node_modules\\@testing-library\\react\\dist\\pure.js:239:5)\n    at C:\\Users\\Usuario\\ECONEURA-\\ECONEURA-\\apps\\cockpit\\src\\components\\__tests__\\AgentCard.busy.test.tsx:11:5\n    at file:///C:/Users/Usuario/ECONEURA-/ECONEURA-/node_modules/.pnpm/@vitest+runner@2.1.9/node_modules/@vitest/runner/dist/index.js:146:14\n    at file:///C:/Users/Usuario/ECONEURA-/ECONEURA-/node_modules/.pnpm/@vitest+runner@2.1.9/node_modules/@vitest/runner/dist/index.js:533:11\n    at runWithTimeout (file:///C:/Users/Usuario/ECONEURA-/ECONEURA-/node_modules/.pnpm/@vitest+runner@2.1.9/node_modules/@vitest/runner/dist/index.js:39:7)\n    at runTest (file:///C:/Users/Usuario/ECONEURA-/ECONEURA-/node_modules/.pnpm/@vitest+runner@2.1.9/node_modules/@vitest/runner/dist/index.js:1056:17)\n    at processTicksAndRejections (node:internal/process/task_queues:105:5)\n    at runSuite (file:///C:/Users/Usuario/ECONEURA-/ECONEURA-/node_modules/.pnpm/@vitest+runner@2.1.9/node_modules/@vitest/runner/dist/index.js:1205:15)\n    at runSuite (file:///C:/Users/Usuario/ECONEURA-/ECONEURA-/node_modules/.pnpm/@vitest+runner@2.1.9/node_modules/@vitest/runner/dist/index.js:1205:15)\n    at runFiles (file:///C:/Users/Usuario/ECONEURA-/ECONEURA-/node_modules/.pnpm/@vitest+runner@2.1.9/node_modules/@vitest/runner/dist/index.js:1262:5)","ReferenceError: document is not defined\n    at Proxy.render (C:\\Users\\Usuario\\ECONEURA-\\ECONEURA-\\node_modules\\.pnpm\\@testing-library+react@14.3.1_react-dom@18.3.1_react@18.3.1\\node_modules\\@testing-library\\react\\dist\\pure.js:239:5)\n    at C:\\Users\\Usuario\\ECONEURA-\\ECONEURA-\\apps\\cockpit\\src\\components\\__tests__\\AgentCard.busy.test.tsx:11:5\n    at file:///C:/Users/Usuario/ECONEURA-/ECONEURA-/node_modules/.pnpm/@vitest+runner@2.1.9/node_modules/@vitest/runner/dist/index.js:146:14\n    at file:///C:/Users/Usuario/ECONEURA-/ECONEURA-/node_modules/.pnpm/@vitest+runner@2.1.9/node_modules/@vitest/runner/dist/index.js:533:11\n    at runWithTimeout (file:///C:/Users/Usuario/ECONEURA-/ECONEURA-/node_modules/.pnpm/@vitest+runner@2.1.9/node_modules/@vitest/runner/dist/index.js:39:7)\n    at runTest (file:///C:/Users/Usuario/ECONEURA-/ECONEURA-/node_modules/.pnpm/@vitest+runner@2.1.9/node_modules/@vitest/runner/dist/index.js:1056:17)\n    at processTicksAndRejections (node:internal/process/task_queues:105:5)\n    at runSuite (file:///C:/Users/Usuario/ECONEURA-/ECONEURA-/node_modules/.pnpm/@vitest+runner@2.1.9/node_modules/@vitest/runner/dist/index.js:1205:15)\n    at runSuite (file:///C:/Users/Usuario/ECONEURA-/ECONEURA-/node_modules/.pnpm/@vitest+runner@2.1.9/node_modules/@vitest/runner/dist/index.js:1205:15)\n    at runFiles (file:///C:/Users/Usuario/ECONEURA-/ECONEURA-/node_modules/.pnpm/@vitest+runner@2.1.9/node_modules/@vitest/runner/dist/index.js:1262:5)"],"meta":{}}],"startTime":1759355506281,"endTime":1759355506294.1807,"status":"failed","message":"","name":"C:/Users/Usuario/ECONEURA-/ECONEURA-/apps/cockpit/src/components/__tests__/AgentCard.busy.test.tsx"},{"assertionResults":[{"ancestorTitles":["AgentCard busy state"],"fullName":"AgentCard busy state disables Ejecutar button when busy is true","status":"failed","title":"disables Ejecutar button when busy is true","duration":9.423199999999952,"failureMessages":["ReferenceError: document is not defined\n    at Proxy.render (C:\\Users\\Usuario\\ECONEURA-\\ECONEURA-\\node_modules\\.pnpm\\@testing-library+react@14.3.1_react-dom@18.3.1_react@18.3.1\\node_modules\\@testing-library\\react\\dist\\pure.js:239:5)\n    at C:\\Users\\Usuario\\ECONEURA-\\ECONEURA-\\apps\\cockpit\\src\\components\\__tests__\\AgentCard.busy.test.tsx:11:5\n    at file:///C:/Users/Usuario/ECONEURA-/ECONEURA-/node_modules/.pnpm/@vitest+runner@2.1.9/node_modules/@vitest/runner/dist/index.js:146:14\n    at file:///C:/Users/Usuario/ECONEURA-/ECONEURA-/node_modules/.pnpm/@vitest+runner@2.1.9/node_modules/@vitest/runner/dist/index.js:533:11\n    at runWithTimeout (file:///C:/Users/Usuario/ECONEURA-/ECONEURA-/node_modules/.pnpm/@vitest+runner@2.1.9/node_modules/@vitest/runner/dist/index.js:39:7)\n    at runTest (file:///C:/Users/Usuario/ECONEURA-/ECONEURA-/node_modules/.pnpm/@vitest+runner@2.1.9/node_modules/@vitest/runner/dist/index.js:1056:17)\n    at processTicksAndRejections (node:internal/process/task_queues:105:5)\n    at runSuite (file:///C:/Users/Usuario/ECONEURA-/ECONEURA-/node_modules/.pnpm/@vitest+runner@2.1.9/node_modules/@vitest/runner/dist/index.js:1205:15)\n    at runSuite (file:///C:/Users/Usuario/ECONEURA-/ECONEURA-/node_modules/.pnpm/@vitest+runner@2.1.9/node_modules/@vitest/runner/dist/index.js:1205:15)\n    at runFiles (file:///C:/Users/Usuario/ECONEURA-/ECONEURA-/node_modules/.pnpm/@vitest+runner@2.1.9/node_modules/@vitest/runner/dist/index.js:1262:5)","ReferenceError: document is not defined\n    at Proxy.render (C:\\Users\\Usuario\\ECONEURA-\\ECONEURA-\\node_modules\\.pnpm\\@testing-library+react@14.3.1_react-dom@18.3.1_react@18.3.1\\node_modules\\@testing-library\\react\\dist\\pure.js:239:5)\n    at C:\\Users\\Usuario\\ECONEURA-\\ECONEURA-\\apps\\cockpit\\src\\components\\__tests__\\AgentCard.busy.test.tsx:11:5\n    at file:///C:/Users/Usuario/ECONEURA-/ECONEURA-/node_modules/.pnpm/@vitest+runner@2.1.9/node_modules/@vitest/runner/dist/index.js:146:14\n    at file:///C:/Users/Usuario/ECONEURA-/ECONEURA-/node_modules/.pnpm/@vitest+runner@2.1.9/node_modules/@vitest/runner/dist/index.js:533:11\n    at runWithTimeout (file:///C:/Users/Usuario/ECONEURA-/ECONEURA-/node_modules/.pnpm/@vitest+runner@2.1.9/node_modules/@vitest/runner/dist/index.js:39:7)\n    at runTest (file:///C:/Users/Usuario/ECONEURA-/ECONEURA-/node_modules/.pnpm/@vitest+runner@2.1.9/node_modules/@vitest/runner/dist/index.js:1056:17)\n    at processTicksAndRejections (node:internal/process/task_queues:105:5)\n    at runSuite (file:///C:/Users/Usuario/ECONEURA-/ECONEURA-/node_modules/.pnpm/@vitest+runner@2.1.9/node_modules/@vitest/runner/dist/index.js:1205:15)\n    at runSuite (file:///C:/Users/Usuario/ECONEURA-/ECONEURA-/node_modules/.pnpm/@vitest+runner@2.1.9/node_modules/@vitest/runner/dist/index.js:1205:15)\n    at runFiles (file:///C:/Users/Usuario/ECONEURA-/ECONEURA-/node_modules/.pnpm/@vitest+runner@2.1.9/node_modules/@vitest/runner/dist/index.js:1262:5)"],"meta":{}}],"startTime":1759355507444,"endTime":1759355507453.423,"status":"failed","message":"","name":"C:/Users/Usuario/ECONEURA-/ECONEURA-/apps/cockpit/src/components/__tests__/AgentCard.busy.test.tsx"},{"assertionResults":[],"startTime":1759355485804,"endTime":1759355485804,"status":"failed","message":"Failed to load url C:/Users/Usuario/ECONEURA-/test/setup.ts (resolved id: C:/Users/Usuario/ECONEURA-/test/setup.ts). Does the file exist?","name":"C:/Users/Usuario/ECONEURA-/ECONEURA-/apps/cockpit/src/components/__tests__/AgentCard.test.tsx"},{"assertionResults":[{"ancestorTitles":["AgentCard"],"fullName":"AgentCard renders title and primary action","status":"failed","title":"renders title and primary action","duration":14.227699999999913,"failureMessages":["ReferenceError: document is not defined\n    at Proxy.render (C:\\Users\\Usuario\\ECONEURA-\\ECONEURA-\\node_modules\\.pnpm\\@testing-library+react@14.3.1_react-dom@18.3.1_react@18.3.1\\node_modules\\@testing-library\\react\\dist\\pure.js:239:5)\n    at C:\\Users\\Usuario\\ECONEURA-\\ECONEURA-\\apps\\cockpit\\src\\components\\__tests__\\AgentCard.test.tsx:16:5\n    at file:///C:/Users/Usuario/ECONEURA-/ECONEURA-/node_modules/.pnpm/@vitest+runner@2.1.9/node_modules/@vitest/runner/dist/index.js:146:14\n    at file:///C:/Users/Usuario/ECONEURA-/ECONEURA-/node_modules/.pnpm/@vitest+runner@2.1.9/node_modules/@vitest/runner/dist/index.js:533:11\n    at runWithTimeout (file:///C:/Users/Usuario/ECONEURA-/ECONEURA-/node_modules/.pnpm/@vitest+runner@2.1.9/node_modules/@vitest/runner/dist/index.js:39:7)\n    at runTest (file:///C:/Users/Usuario/ECONEURA-/ECONEURA-/node_modules/.pnpm/@vitest+runner@2.1.9/node_modules/@vitest/runner/dist/index.js:1056:17)\n    at processTicksAndRejections (node:internal/process/task_queues:105:5)\n    at runSuite (file:///C:/Users/Usuario/ECONEURA-/ECONEURA-/node_modules/.pnpm/@vitest+runner@2.1.9/node_modules/@vitest/runner/dist/index.js:1205:15)\n    at runSuite (file:///C:/Users/Usuario/ECONEURA-/ECONEURA-/node_modules/.pnpm/@vitest+runner@2.1.9/node_modules/@vitest/runner/dist/index.js:1205:15)\n    at runFiles (file:///C:/Users/Usuario/ECONEURA-/ECONEURA-/node_modules/.pnpm/@vitest+runner@2.1.9/node_modules/@vitest/runner/dist/index.js:1262:5)","ReferenceError: document is not defined\n    at Proxy.render (C:\\Users\\Usuario\\ECONEURA-\\ECONEURA-\\node_modules\\.pnpm\\@testing-library+react@14.3.1_react-dom@18.3.1_react@18.3.1\\node_modules\\@testing-library\\react\\dist\\pure.js:239:5)\n    at C:\\Users\\Usuario\\ECONEURA-\\ECONEURA-\\apps\\cockpit\\src\\components\\__tests__\\AgentCard.test.tsx:16:5\n    at file:///C:/Users/Usuario/ECONEURA-/ECONEURA-/node_modules/.pnpm/@vitest+runner@2.1.9/node_modules/@vitest/runner/dist/index.js:146:14\n    at file:///C:/Users/Usuario/ECONEURA-/ECONEURA-/node_modules/.pnpm/@vitest+runner@2.1.9/node_modules/@vitest/runner/dist/index.js:533:11\n    at runWithTimeout (file:///C:/Users/Usuario/ECONEURA-/ECONEURA-/node_modules/.pnpm/@vitest+runner@2.1.9/node_modules/@vitest/runner/dist/index.js:39:7)\n    at runTest (file:///C:/Users/Usuario/ECONEURA-/ECONEURA-/node_modules/.pnpm/@vitest+runner@2.1.9/node_modules/@vitest/runner/dist/index.js:1056:17)\n    at processTicksAndRejections (node:internal/process/task_queues:105:5)\n    at runSuite (file:///C:/Users/Usuario/ECONEURA-/ECONEURA-/node_modules/.pnpm/@vitest+runner@2.1.9/node_modules/@vitest/runner/dist/index.js:1205:15)\n    at runSuite (file:///C:/Users/Usuario/ECONEURA-/ECONEURA-/node_modules/.pnpm/@vitest+runner@2.1.9/node_modules/@vitest/runner/dist/index.js:1205:15)\n    at runFiles (file:///C:/Users/Usuario/ECONEURA-/ECONEURA-/node_modules/.pnpm/@vitest+runner@2.1.9/node_modules/@vitest/runner/dist/index.js:1262:5)"],"meta":{}}],"startTime":1759355505416,"endTime":1759355505430.2278,"status":"failed","message":"","name":"C:/Users/Usuario/ECONEURA-/ECONEURA-/apps/cockpit/src/components/__tests__/AgentCard.test.tsx"},{"assertionResults":[{"ancestorTitles":["AgentCard"],"fullName":"AgentCard renders title and primary action","status":"failed","title":"renders title and primary action","duration":10.986499999999978,"failureMessages":["ReferenceError: document is not defined\n    at Proxy.render (C:\\Users\\Usuario\\ECONEURA-\\ECONEURA-\\node_modules\\.pnpm\\@testing-library+react@14.3.1_react-dom@18.3.1_react@18.3.1\\node_modules\\@testing-library\\react\\dist\\pure.js:239:5)\n    at C:\\Users\\Usuario\\ECONEURA-\\ECONEURA-\\apps\\cockpit\\src\\components\\__tests__\\AgentCard.test.tsx:16:5\n    at file:///C:/Users/Usuario/ECONEURA-/ECONEURA-/node_modules/.pnpm/@vitest+runner@2.1.9/node_modules/@vitest/runner/dist/index.js:146:14\n    at file:///C:/Users/Usuario/ECONEURA-/ECONEURA-/node_modules/.pnpm/@vitest+runner@2.1.9/node_modules/@vitest/runner/dist/index.js:533:11\n    at runWithTimeout (file:///C:/Users/Usuario/ECONEURA-/ECONEURA-/node_modules/.pnpm/@vitest+runner@2.1.9/node_modules/@vitest/runner/dist/index.js:39:7)\n    at runTest (file:///C:/Users/Usuario/ECONEURA-/ECONEURA-/node_modules/.pnpm/@vitest+runner@2.1.9/node_modules/@vitest/runner/dist/index.js:1056:17)\n    at processTicksAndRejections (node:internal/process/task_queues:105:5)\n    at runSuite (file:///C:/Users/Usuario/ECONEURA-/ECONEURA-/node_modules/.pnpm/@vitest+runner@2.1.9/node_modules/@vitest/runner/dist/index.js:1205:15)\n    at runSuite (file:///C:/Users/Usuario/ECONEURA-/ECONEURA-/node_modules/.pnpm/@vitest+runner@2.1.9/node_modules/@vitest/runner/dist/index.js:1205:15)\n    at runFiles (file:///C:/Users/Usuario/ECONEURA-/ECONEURA-/node_modules/.pnpm/@vitest+runner@2.1.9/node_modules/@vitest/runner/dist/index.js:1262:5)","ReferenceError: document is not defined\n    at Proxy.render (C:\\Users\\Usuario\\ECONEURA-\\ECONEURA-\\node_modules\\.pnpm\\@testing-library+react@14.3.1_react-dom@18.3.1_react@18.3.1\\node_modules\\@testing-library\\react\\dist\\pure.js:239:5)\n    at C:\\Users\\Usuario\\ECONEURA-\\ECONEURA-\\apps\\cockpit\\src\\components\\__tests__\\AgentCard.test.tsx:16:5\n    at file:///C:/Users/Usuario/ECONEURA-/ECONEURA-/node_modules/.pnpm/@vitest+runner@2.1.9/node_modules/@vitest/runner/dist/index.js:146:14\n    at file:///C:/Users/Usuario/ECONEURA-/ECONEURA-/node_modules/.pnpm/@vitest+runner@2.1.9/node_modules/@vitest/runner/dist/index.js:533:11\n    at runWithTimeout (file:///C:/Users/Usuario/ECONEURA-/ECONEURA-/node_modules/.pnpm/@vitest+runner@2.1.9/node_modules/@vitest/runner/dist/index.js:39:7)\n    at runTest (file:///C:/Users/Usuario/ECONEURA-/ECONEURA-/node_modules/.pnpm/@vitest+runner@2.1.9/node_modules/@vitest/runner/dist/index.js:1056:17)\n    at processTicksAndRejections (node:internal/process/task_queues:105:5)\n    at runSuite (file:///C:/Users/Usuario/ECONEURA-/ECONEURA-/node_modules/.pnpm/@vitest+runner@2.1.9/node_modules/@vitest/runner/dist/index.js:1205:15)\n    at runSuite (file:///C:/Users/Usuario/ECONEURA-/ECONEURA-/node_modules/.pnpm/@vitest+runner@2.1.9/node_modules/@vitest/runner/dist/index.js:1205:15)\n    at runFiles (file:///C:/Users/Usuario/ECONEURA-/ECONEURA-/node_modules/.pnpm/@vitest+runner@2.1.9/node_modules/@vitest/runner/dist/index.js:1262:5)"],"meta":{}}],"startTime":1759355505441,"endTime":1759355505451.9866,"status":"failed","message":"","name":"C:/Users/Usuario/ECONEURA-/ECONEURA-/apps/cockpit/src/components/__tests__/AgentCard.test.tsx"}]}