{"numTotalTestSuites":84,"numPassedTestSuites":84,"numFailedTestSuites":0,"numPendingTestSuites":0,"numTotalTests":135,"numPassedTests":135,"numFailedTests":0,"numPendingTests":0,"numTodoTests":0,"snapshot":{"added":0,"failure":false,"filesAdded":0,"filesRemoved":0,"filesRemovedList":[],"filesUnmatched":0,"filesUpdated":0,"matched":0,"total":0,"unchecked":0,"uncheckedKeysByFile":[],"unmatched":0,"updated":0,"didUpdate":false},"startTime":1759621206615,"success":true,"testResults":[{"assertionResults":[{"ancestorTitles":["shared smoke test"],"fullName":"shared smoke test should pass basic assertion","status":"passed","title":"should pass basic assertion","duration":3.0929290000000265,"failureMessages":[],"meta":{}},{"ancestorTitles":["shared smoke test"],"fullName":"shared smoke test should import shared modules","status":"passed","title":"should import shared modules","duration":0.1791440000000648,"failureMessages":[],"meta":{}},{"ancestorTitles":["shared smoke test","minimal.ts"],"fullName":"shared smoke test minimal.ts should create API response","status":"passed","title":"should create API response","duration":1.1036179999999831,"failureMessages":[],"meta":{}},{"ancestorTitles":["shared smoke test","minimal.ts"],"fullName":"shared smoke test minimal.ts should create API response without message","status":"passed","title":"should create API response without message","duration":0.3682459999999992,"failureMessages":[],"meta":{}},{"ancestorTitles":["shared smoke test","minimal.ts"],"fullName":"shared smoke test minimal.ts should create error response","status":"passed","title":"should create error response","duration":0.3293939999999793,"failureMessages":[],"meta":{}},{"ancestorTitles":["shared smoke test","minimal.ts"],"fullName":"shared smoke test minimal.ts should validate User interface","status":"passed","title":"should validate User interface","duration":0.20416000000000167,"failureMessages":[],"meta":{}},{"ancestorTitles":["shared smoke test","minimal.ts"],"fullName":"shared smoke test minimal.ts should validate ApiResponse interface","status":"passed","title":"should validate ApiResponse interface","duration":0.19977300000005016,"failureMessages":[],"meta":{}},{"ancestorTitles":["shared smoke test","utils/fetch-safe.ts"],"fullName":"shared smoke test utils/fetch-safe.ts should export fetchSafe function","status":"passed","title":"should export fetchSafe function","duration":0.1763189999999213,"failureMessages":[],"meta":{}},{"ancestorTitles":["shared smoke test","utils/fetch-safe.ts"],"fullName":"shared smoke test utils/fetch-safe.ts should export FetchLike type","status":"passed","title":"should export FetchLike type","duration":0.15606100000002243,"failureMessages":[],"meta":{}},{"ancestorTitles":["shared smoke test","utils/fetch-safe.ts"],"fullName":"shared smoke test utils/fetch-safe.ts should call fetch with merged headers","status":"passed","title":"should call fetch with merged headers","duration":3.85737400000005,"failureMessages":[],"meta":{}},{"ancestorTitles":["shared smoke test","utils/fetch-safe.ts"],"fullName":"shared smoke test utils/fetch-safe.ts should handle empty headers","status":"passed","title":"should handle empty headers","duration":0.4518830000000662,"failureMessages":[],"meta":{}}],"startTime":1759621209709,"endTime":1759621209720.452,"status":"passed","message":"","name":"/workspaces/ECONEURA-/packages/shared/src/smoke.shared.test.ts"},{"assertionResults":[{"ancestorTitles":["Config Module"],"fullName":"Config Module should validate required environment variables","status":"passed","title":"should validate required environment variables","duration":4.750969999999995,"failureMessages":[],"meta":{}},{"ancestorTitles":["Config Module"],"fullName":"Config Module should validate URL formats","status":"passed","title":"should validate URL formats","duration":5.731257000000028,"failureMessages":[],"meta":{}},{"ancestorTitles":["Config Module"],"fullName":"Config Module should validate JWT secret minimum length","status":"passed","title":"should validate JWT secret minimum length","duration":2.81082200000003,"failureMessages":[],"meta":{}},{"ancestorTitles":["Config Module"],"fullName":"Config Module should validate numeric transformations","status":"passed","title":"should validate numeric transformations","duration":2.227854999999977,"failureMessages":[],"meta":{}},{"ancestorTitles":["Config Module"],"fullName":"Config Module should validate enum values","status":"passed","title":"should validate enum values","duration":2.5806230000000028,"failureMessages":[],"meta":{}},{"ancestorTitles":["Config Module"],"fullName":"Config Module should handle default values correctly","status":"passed","title":"should handle default values correctly","duration":1.5295219999999858,"failureMessages":[],"meta":{}},{"ancestorTitles":["Config Module"],"fullName":"Config Module should validate Azure OpenAI configuration","status":"passed","title":"should validate Azure OpenAI configuration","duration":1.066769000000022,"failureMessages":[],"meta":{}}],"startTime":1759621209644,"endTime":1759621209665.0667,"status":"passed","message":"","name":"/workspaces/ECONEURA-/packages/shared/src/__tests__/config.test.ts"},{"assertionResults":[{"ancestorTitles":["config helpers"],"fullName":"config helpers loadConfig returns parsed config with defaults","status":"passed","title":"loadConfig returns parsed config with defaults","duration":39.310641999999916,"failureMessages":[],"meta":{}},{"ancestorTitles":["config helpers"],"fullName":"config helpers loadConfig throws when required var missing","status":"passed","title":"loadConfig throws when required var missing","duration":18.517831,"failureMessages":[],"meta":{}},{"ancestorTitles":["config helpers"],"fullName":"config helpers getRequiredConfig returns value and respects defaults; throws for missing optional keys","status":"passed","title":"getRequiredConfig returns value and respects defaults; throws for missing optional keys","duration":16.34281199999998,"failureMessages":[],"meta":{}},{"ancestorTitles":["config helpers"],"fullName":"config helpers getOptionalConfig returns default when missing","status":"passed","title":"getOptionalConfig returns default when missing","duration":4.772987999999941,"failureMessages":[],"meta":{}}],"startTime":1759621207284,"endTime":1759621207365.773,"status":"passed","message":"","name":"/workspaces/ECONEURA-/packages/shared/src/__tests__/config.unit.test.ts"},{"assertionResults":[{"ancestorTitles":["coverage smoke"],"fullName":"coverage smoke imports ai cost-utils safely","status":"passed","title":"imports ai cost-utils safely","duration":6.317171999999971,"failureMessages":[],"meta":{}},{"ancestorTitles":["coverage smoke"],"fullName":"coverage smoke imports graph env.guard safely","status":"passed","title":"imports graph env.guard safely","duration":1.6618400000000406,"failureMessages":[],"meta":{}},{"ancestorTitles":["coverage smoke"],"fullName":"coverage smoke imports otel index safely","status":"passed","title":"imports otel index safely","duration":1.3649360000000001,"failureMessages":[],"meta":{}},{"ancestorTitles":["coverage smoke"],"fullName":"coverage smoke imports schemas index safely","status":"passed","title":"imports schemas index safely","duration":1.477595000000008,"failureMessages":[],"meta":{}},{"ancestorTitles":["coverage smoke"],"fullName":"coverage smoke imports types index safely","status":"passed","title":"imports types index safely","duration":1.1379220000000032,"failureMessages":[],"meta":{}}],"startTime":1759621210669,"endTime":1759621210681.138,"status":"passed","message":"","name":"/workspaces/ECONEURA-/packages/shared/src/__tests__/coverage.smoke.test.ts"},{"assertionResults":[{"ancestorTitles":["coverage smoke 2"],"fullName":"coverage smoke 2 imports ../ai/cost-utils","status":"passed","title":"imports ../ai/cost-utils","duration":30.579144000000042,"failureMessages":[],"meta":{}},{"ancestorTitles":["coverage smoke 2"],"fullName":"coverage smoke 2 imports ../clients/admin-client","status":"passed","title":"imports ../clients/admin-client","duration":18.23385099999996,"failureMessages":[],"meta":{}},{"ancestorTitles":["coverage smoke 2"],"fullName":"coverage smoke 2 imports ../clients/ai-client","status":"passed","title":"imports ../clients/ai-client","duration":10.708522000000016,"failureMessages":[],"meta":{}},{"ancestorTitles":["coverage smoke 2"],"fullName":"coverage smoke 2 imports ../clients/flows-client","status":"passed","title":"imports ../clients/flows-client","duration":8.67095100000006,"failureMessages":[],"meta":{}},{"ancestorTitles":["coverage smoke 2"],"fullName":"coverage smoke 2 imports ../clients/integrations-client","status":"passed","title":"imports ../clients/integrations-client","duration":42.09078699999998,"failureMessages":[],"meta":{}},{"ancestorTitles":["coverage smoke 2"],"fullName":"coverage smoke 2 imports ../graph/env.guard","status":"passed","title":"imports ../graph/env.guard","duration":10.268372,"failureMessages":[],"meta":{}},{"ancestorTitles":["coverage smoke 2"],"fullName":"coverage smoke 2 imports ../otel/index","status":"passed","title":"imports ../otel/index","duration":6.5947740000000294,"failureMessages":[],"meta":{}},{"ancestorTitles":["coverage smoke 2"],"fullName":"coverage smoke 2 imports ../schemas/ai","status":"passed","title":"imports ../schemas/ai","duration":4.964658999999983,"failureMessages":[],"meta":{}},{"ancestorTitles":["coverage smoke 2"],"fullName":"coverage smoke 2 imports ../schemas/base","status":"passed","title":"imports ../schemas/base","duration":7.0079789999999775,"failureMessages":[],"meta":{}},{"ancestorTitles":["coverage smoke 2"],"fullName":"coverage smoke 2 imports ../schemas/flows","status":"passed","title":"imports ../schemas/flows","duration":7.948087999999984,"failureMessages":[],"meta":{}},{"ancestorTitles":["coverage smoke 2"],"fullName":"coverage smoke 2 imports ../schemas/integrations","status":"passed","title":"imports ../schemas/integrations","duration":6.089443999999958,"failureMessages":[],"meta":{}},{"ancestorTitles":["coverage smoke 2"],"fullName":"coverage smoke 2 imports ../schemas/org","status":"passed","title":"imports ../schemas/org","duration":15.726388000000043,"failureMessages":[],"meta":{}},{"ancestorTitles":["coverage smoke 2"],"fullName":"coverage smoke 2 imports ../types/index","status":"passed","title":"imports ../types/index","duration":3.120341000000053,"failureMessages":[],"meta":{}},{"ancestorTitles":["coverage smoke 2"],"fullName":"coverage smoke 2 imports ../types/api","status":"passed","title":"imports ../types/api","duration":8.548110999999949,"failureMessages":[],"meta":{}},{"ancestorTitles":["coverage smoke 2"],"fullName":"coverage smoke 2 imports ../types/models","status":"passed","title":"imports ../types/models","duration":5.366117999999915,"failureMessages":[],"meta":{}},{"ancestorTitles":["coverage smoke 2"],"fullName":"coverage smoke 2 imports ../types/system","status":"passed","title":"imports ../types/system","duration":5.202871999999957,"failureMessages":[],"meta":{}},{"ancestorTitles":["coverage smoke 2"],"fullName":"coverage smoke 2 imports ../validation/crm","status":"passed","title":"imports ../validation/crm","duration":6.110795999999937,"failureMessages":[],"meta":{}},{"ancestorTitles":["coverage smoke 2"],"fullName":"coverage smoke 2 imports ../validation/erp","status":"passed","title":"imports ../validation/erp","duration":4.9572050000000445,"failureMessages":[],"meta":{}}],"startTime":1759621207250,"endTime":1759621207452.9573,"status":"passed","message":"","name":"/workspaces/ECONEURA-/packages/shared/src/__tests__/coverage.smoke2.test.ts"},{"assertionResults":[{"ancestorTitles":["env.guard edge cases"],"fullName":"env.guard edge cases requireGraphEnvOrThrow passes when process.env present","status":"passed","title":"requireGraphEnvOrThrow passes when process.env present","duration":3.64563899999996,"failureMessages":[],"meta":{}},{"ancestorTitles":["env.guard edge cases"],"fullName":"env.guard edge cases requireGraphEnvOrThrow throws when missing","status":"passed","title":"requireGraphEnvOrThrow throws when missing","duration":2.1076909999999316,"failureMessages":[],"meta":{}},{"ancestorTitles":["logging edge cases"],"fullName":"logging edge cases serializes Error, functions and circular refs and routes to transport","status":"passed","title":"serializes Error, functions and circular refs and routes to transport","duration":7.5327290000000175,"failureMessages":[],"meta":{}},{"ancestorTitles":["logging edge cases"],"fullName":"logging edge cases fallbacks if console.debug missing","status":"passed","title":"fallbacks if console.debug missing","duration":0.29158400000005713,"failureMessages":[],"meta":{}},{"ancestorTitles":["config load errors and success"],"fullName":"config load errors and success loadConfig throws when required vars missing","status":"passed","title":"loadConfig throws when required vars missing","duration":25.24138400000004,"failureMessages":[],"meta":{}}],"startTime":1759621207936,"endTime":1759621207975.2415,"status":"passed","message":"","name":"/workspaces/ECONEURA-/packages/shared/src/__tests__/edge-cases.test.ts"},{"assertionResults":[{"ancestorTitles":["Errors Module"],"fullName":"Errors Module should be testable","status":"passed","title":"should be testable","duration":3.703567000000021,"failureMessages":[],"meta":{}},{"ancestorTitles":["Errors Module"],"fullName":"Errors Module should handle basic error logic","status":"passed","title":"should handle basic error logic","duration":0.2836900000000355,"failureMessages":[],"meta":{}}],"startTime":1759621212338,"endTime":1759621212342.2837,"status":"passed","message":"","name":"/workspaces/ECONEURA-/packages/shared/src/__tests__/errors.test.ts"},{"assertionResults":[{"ancestorTitles":["HealthChecker","constructor"],"fullName":"HealthChecker constructor should create a new HealthChecker instance","status":"passed","title":"should create a new HealthChecker instance","duration":3.824362000000008,"failureMessages":[],"meta":{}},{"ancestorTitles":["HealthChecker","registerService"],"fullName":"HealthChecker registerService should register a service check","status":"passed","title":"should register a service check","duration":16.017191000000025,"failureMessages":[],"meta":{}},{"ancestorTitles":["HealthChecker","checkHealth"],"fullName":"HealthChecker checkHealth should return healthy status when all services are up","status":"passed","title":"should return healthy status when all services are up","duration":1.3075289999999882,"failureMessages":[],"meta":{}},{"ancestorTitles":["HealthChecker","checkHealth"],"fullName":"HealthChecker checkHealth should return unhealthy status when any service is down","status":"passed","title":"should return unhealthy status when any service is down","duration":0.5202400000000011,"failureMessages":[],"meta":{}},{"ancestorTitles":["HealthChecker","checkHealth"],"fullName":"HealthChecker checkHealth should handle service check errors","status":"passed","title":"should handle service check errors","duration":0.5442449999999894,"failureMessages":[],"meta":{}},{"ancestorTitles":["HealthChecker","checkHealth"],"fullName":"HealthChecker checkHealth should measure response time","status":"passed","title":"should measure response time","duration":4.847952000000021,"failureMessages":[],"meta":{}},{"ancestorTitles":["HealthChecker","getUptime"],"fullName":"HealthChecker getUptime should return uptime in milliseconds","status":"passed","title":"should return uptime in milliseconds","duration":0.4742749999999205,"failureMessages":[],"meta":{}},{"ancestorTitles":["HealthChecker","helper functions","createHealthCheck"],"fullName":"HealthChecker helper functions createHealthCheck should return the check function","status":"passed","title":"should return the check function","duration":0.30329600000004575,"failureMessages":[],"meta":{}},{"ancestorTitles":["HealthChecker","helper functions","databaseHealthCheck"],"fullName":"HealthChecker helper functions databaseHealthCheck should return true for valid connection string","status":"passed","title":"should return true for valid connection string","duration":0.4944220000000996,"failureMessages":[],"meta":{}},{"ancestorTitles":["HealthChecker","helper functions","databaseHealthCheck"],"fullName":"HealthChecker helper functions databaseHealthCheck should return false for empty connection string","status":"passed","title":"should return false for empty connection string","duration":0.2360200000000532,"failureMessages":[],"meta":{}},{"ancestorTitles":["HealthChecker","helper functions","redisHealthCheck"],"fullName":"HealthChecker helper functions redisHealthCheck should return true for valid redis URL","status":"passed","title":"should return true for valid redis URL","duration":0.30353600000000824,"failureMessages":[],"meta":{}},{"ancestorTitles":["HealthChecker","helper functions","redisHealthCheck"],"fullName":"HealthChecker helper functions redisHealthCheck should return false for invalid redis URL","status":"passed","title":"should return false for invalid redis URL","duration":0.258391999999958,"failureMessages":[],"meta":{}},{"ancestorTitles":["HealthChecker","singleton instance"],"fullName":"HealthChecker singleton instance should export a singleton healthChecker instance","status":"passed","title":"should export a singleton healthChecker instance","duration":0.27200700000003053,"failureMessages":[],"meta":{}}],"startTime":1759621208008,"endTime":1759621208038.3035,"status":"passed","message":"","name":"/workspaces/ECONEURA-/packages/shared/src/__tests__/health.test.ts"},{"assertionResults":[{"ancestorTitles":["logging coverage edge cases"],"fullName":"logging coverage edge cases handles JSON.parse failure fallback path in formatMeta","status":"passed","title":"handles JSON.parse failure fallback path in formatMeta","duration":4.899698000000001,"failureMessages":[],"meta":{}},{"ancestorTitles":["logging coverage edge cases"],"fullName":"logging coverage edge cases formats functions and fallback values","status":"passed","title":"formats functions and fallback values","duration":0.622099999999989,"failureMessages":[],"meta":{}}],"startTime":1759621211378,"endTime":1759621211383.622,"status":"passed","message":"","name":"/workspaces/ECONEURA-/packages/shared/src/__tests__/logging.cover.test.ts"},{"assertionResults":[{"ancestorTitles":["Logging Module"],"fullName":"Logging Module should be testable","status":"passed","title":"should be testable","duration":3.7628070000000093,"failureMessages":[],"meta":{}},{"ancestorTitles":["Logging Module"],"fullName":"Logging Module should handle log levels","status":"passed","title":"should handle log levels","duration":1.8887929999999642,"failureMessages":[],"meta":{}}],"startTime":1759621211903,"endTime":1759621211908.8887,"status":"passed","message":"","name":"/workspaces/ECONEURA-/packages/shared/src/__tests__/logging.test.ts"},{"assertionResults":[{"ancestorTitles":["logging shim"],"fullName":"logging shim logger methods call console","status":"passed","title":"logger methods call console","duration":13.100060999999982,"failureMessages":[],"meta":{}},{"ancestorTitles":["logging shim"],"fullName":"logging shim apiLogger uses logger.info","status":"passed","title":"apiLogger uses logger.info","duration":0.6064510000000496,"failureMessages":[],"meta":{}}],"startTime":1759621210779,"endTime":1759621210793.6064,"status":"passed","message":"","name":"/workspaces/ECONEURA-/packages/shared/src/__tests__/logging.unit.test.ts"},{"assertionResults":[{"ancestorTitles":["metrics functions smoke"],"fullName":"metrics functions smoke calls metrics helpers without throwing","status":"passed","title":"calls metrics helpers without throwing","duration":4.5161620000000084,"failureMessages":[],"meta":{}}],"startTime":1759621211286,"endTime":1759621211290.516,"status":"passed","message":"","name":"/workspaces/ECONEURA-/packages/shared/src/__tests__/metrics.functions.test.ts"},{"assertionResults":[{"ancestorTitles":["shared middleware - smoke"],"fullName":"shared middleware - smoke loads shared core module","status":"passed","title":"loads shared core module","duration":3.373180999999988,"failureMessages":[],"meta":{}}],"startTime":1759621211927,"endTime":1759621211930.3733,"status":"passed","message":"","name":"/workspaces/ECONEURA-/packages/shared/src/__tests__/middleware.spec.ts"},{"assertionResults":[{"ancestorTitles":["Middleware Module","corsMiddleware"],"fullName":"Middleware Module corsMiddleware should set CORS headers for regular requests","status":"passed","title":"should set CORS headers for regular requests","duration":11.662079000000006,"failureMessages":[],"meta":{}},{"ancestorTitles":["Middleware Module","corsMiddleware"],"fullName":"Middleware Module corsMiddleware should handle OPTIONS requests","status":"passed","title":"should handle OPTIONS requests","duration":1.1007730000000038,"failureMessages":[],"meta":{}},{"ancestorTitles":["Middleware Module","corsMiddleware"],"fullName":"Middleware Module corsMiddleware should use custom origin","status":"passed","title":"should use custom origin","duration":0.568870000000004,"failureMessages":[],"meta":{}},{"ancestorTitles":["Middleware Module","requestLogger"],"fullName":"Middleware Module requestLogger should log requests","status":"passed","title":"should log requests","duration":16.66633300000001,"failureMessages":[],"meta":{}},{"ancestorTitles":["Middleware Module","errorHandler"],"fullName":"Middleware Module errorHandler should intercept error status codes and set content type","status":"passed","title":"should intercept error status codes and set content type","duration":0.9216180000000236,"failureMessages":[],"meta":{}},{"ancestorTitles":["Middleware Module","errorHandler"],"fullName":"Middleware Module errorHandler should not set content type for successful responses","status":"passed","title":"should not set content type for successful responses","duration":0.6040160000000014,"failureMessages":[],"meta":{}}],"startTime":1759621208506,"endTime":1759621208538.604,"status":"passed","message":"","name":"/workspaces/ECONEURA-/packages/shared/src/__tests__/middleware.test.ts"},{"assertionResults":[{"ancestorTitles":["middleware"],"fullName":"middleware corsMiddleware sets headers and handles OPTIONS","status":"passed","title":"corsMiddleware sets headers and handles OPTIONS","duration":7.151546999999994,"failureMessages":[],"meta":{}},{"ancestorTitles":["middleware"],"fullName":"middleware jsonBodyParser parses JSON and handles invalid JSON","status":"passed","title":"jsonBodyParser parses JSON and handles invalid JSON","duration":10.069628999999964,"failureMessages":[],"meta":{}},{"ancestorTitles":["middleware"],"fullName":"middleware requestLogger logs on finish","status":"passed","title":"requestLogger logs on finish","duration":1.8155060000000276,"failureMessages":[],"meta":{}},{"ancestorTitles":["middleware"],"fullName":"middleware errorHandler decorates writeHead","status":"passed","title":"errorHandler decorates writeHead","duration":0.9532080000000178,"failureMessages":[],"meta":{}}],"startTime":1759621209089,"endTime":1759621209108.9531,"status":"passed","message":"","name":"/workspaces/ECONEURA-/packages/shared/src/__tests__/middleware.unit.test.ts"},{"assertionResults":[{"ancestorTitles":["env.guard"],"fullName":"env.guard ensureGraphEnv false when no env and empty vars","status":"passed","title":"ensureGraphEnv false when no env and empty vars","duration":4.174074000000019,"failureMessages":[],"meta":{}},{"ancestorTitles":["env.guard"],"fullName":"env.guard ensureGraphEnv true when provided","status":"passed","title":"ensureGraphEnv true when provided","duration":0.2789099999999962,"failureMessages":[],"meta":{}},{"ancestorTitles":["env.guard"],"fullName":"env.guard requireGraphEnvOrThrow throws when missing","status":"passed","title":"requireGraphEnvOrThrow throws when missing","duration":2.1063479999999686,"failureMessages":[],"meta":{}},{"ancestorTitles":["ai client and cost utils"],"fullName":"ai client and cost utils ai client generate and parse","status":"passed","title":"ai client generate and parse","duration":1.0466620000000262,"failureMessages":[],"meta":{}},{"ancestorTitles":["ai client and cost utils"],"fullName":"ai client and cost utils estimateAICost and formatCostEur","status":"passed","title":"estimateAICost and formatCostEur","duration":0.7786930000000325,"failureMessages":[],"meta":{}},{"ancestorTitles":["logging helpers"],"fullName":"logging helpers formatting and transport routing","status":"passed","title":"formatting and transport routing","duration":1.5466450000000123,"failureMessages":[],"meta":{}},{"ancestorTitles":["logging helpers"],"fullName":"logging helpers apiLogger shims to routedLogger","status":"passed","title":"apiLogger shims to routedLogger","duration":0.5113929999999982,"failureMessages":[],"meta":{}},{"ancestorTitles":["logging helpers"],"fullName":"logging helpers log level getters/setters","status":"passed","title":"log level getters/setters","duration":0.5709550000000263,"failureMessages":[],"meta":{}}],"startTime":1759621210235,"endTime":1759621210246.571,"status":"passed","message":"","name":"/workspaces/ECONEURA-/packages/shared/src/__tests__/misc.test.ts"},{"assertionResults":[{"ancestorTitles":["placeholder modules smoke"],"fullName":"placeholder modules smoke invokes placeholder functions","status":"passed","title":"invokes placeholder functions","duration":5.692837000000054,"failureMessages":[],"meta":{}}],"startTime":1759621210833,"endTime":1759621210838.6929,"status":"passed","message":"","name":"/workspaces/ECONEURA-/packages/shared/src/__tests__/placeholders.functions.test.ts"},{"assertionResults":[{"ancestorTitles":["RateLimiter","constructor"],"fullName":"RateLimiter constructor should create with default values","status":"passed","title":"should create with default values","duration":4.685668000000021,"failureMessages":[],"meta":{}},{"ancestorTitles":["RateLimiter","constructor"],"fullName":"RateLimiter constructor should create with custom values","status":"passed","title":"should create with custom values","duration":0.409292999999991,"failureMessages":[],"meta":{}},{"ancestorTitles":["RateLimiter","isAllowed"],"fullName":"RateLimiter isAllowed should allow first request","status":"passed","title":"should allow first request","duration":0.4154949999999644,"failureMessages":[],"meta":{}},{"ancestorTitles":["RateLimiter","isAllowed"],"fullName":"RateLimiter isAllowed should allow requests within limit","status":"passed","title":"should allow requests within limit","duration":0.28197600000004286,"failureMessages":[],"meta":{}},{"ancestorTitles":["RateLimiter","isAllowed"],"fullName":"RateLimiter isAllowed should block requests over limit","status":"passed","title":"should block requests over limit","duration":0.2996589999999628,"failureMessages":[],"meta":{}},{"ancestorTitles":["RateLimiter","isAllowed"],"fullName":"RateLimiter isAllowed should reset after window expires","status":"passed","title":"should reset after window expires","duration":5.00305000000003,"failureMessages":[],"meta":{}},{"ancestorTitles":["RateLimiter","isAllowed"],"fullName":"RateLimiter isAllowed should handle different keys independently","status":"passed","title":"should handle different keys independently","duration":0.3300960000000259,"failureMessages":[],"meta":{}},{"ancestorTitles":["RateLimiter","getRemainingRequests"],"fullName":"RateLimiter getRemainingRequests should return max requests for new key","status":"passed","title":"should return max requests for new key","duration":0.32789200000001983,"failureMessages":[],"meta":{}},{"ancestorTitles":["RateLimiter","getRemainingRequests"],"fullName":"RateLimiter getRemainingRequests should decrease remaining requests","status":"passed","title":"should decrease remaining requests","duration":0.5083769999999959,"failureMessages":[],"meta":{}},{"ancestorTitles":["RateLimiter","getRemainingRequests"],"fullName":"RateLimiter getRemainingRequests should not go below zero","status":"passed","title":"should not go below zero","duration":0.24551800000000412,"failureMessages":[],"meta":{}},{"ancestorTitles":["RateLimiter","getResetTime"],"fullName":"RateLimiter getResetTime should return future time for new key","status":"passed","title":"should return future time for new key","duration":0.41898099999997385,"failureMessages":[],"meta":{}},{"ancestorTitles":["RateLimiter","getResetTime"],"fullName":"RateLimiter getResetTime should return same reset time for existing key","status":"passed","title":"should return same reset time for existing key","duration":0.25639900000004445,"failureMessages":[],"meta":{}},{"ancestorTitles":["RateLimiter","clear"],"fullName":"RateLimiter clear should clear all entries","status":"passed","title":"should clear all entries","duration":0.4663599999999519,"failureMessages":[],"meta":{}},{"ancestorTitles":["createRateLimitMiddleware"],"fullName":"createRateLimitMiddleware should allow requests within limit","status":"passed","title":"should allow requests within limit","duration":6.591161999999997,"failureMessages":[],"meta":{}},{"ancestorTitles":["createRateLimitMiddleware"],"fullName":"createRateLimitMiddleware should block requests over limit","status":"passed","title":"should block requests over limit","duration":9.453850999999986,"failureMessages":[],"meta":{}},{"ancestorTitles":["createRateLimitMiddleware"],"fullName":"createRateLimitMiddleware should use custom key function","status":"passed","title":"should use custom key function","duration":0.719381999999996,"failureMessages":[],"meta":{}},{"ancestorTitles":["createRateLimitMiddleware"],"fullName":"createRateLimitMiddleware should use anonymous key by default","status":"passed","title":"should use anonymous key by default","duration":2.7462510000000293,"failureMessages":[],"meta":{}}],"startTime":1759621208500,"endTime":1759621208534.7463,"status":"passed","message":"","name":"/workspaces/ECONEURA-/packages/shared/src/__tests__/rate-limiter.test.ts"},{"assertionResults":[{"ancestorTitles":["shared retry - smoke"],"fullName":"shared retry - smoke basic assertion","status":"passed","title":"basic assertion","duration":2.330304999999953,"failureMessages":[],"meta":{}}],"startTime":1759621211364,"endTime":1759621211366.3303,"status":"passed","message":"","name":"/workspaces/ECONEURA-/packages/shared/src/__tests__/retry.spec.ts"},{"assertionResults":[{"ancestorTitles":["Retry Module","withRetry"],"fullName":"Retry Module withRetry should return result on first attempt","status":"passed","title":"should return result on first attempt","duration":5.565139000000045,"failureMessages":[],"meta":{}},{"ancestorTitles":["Retry Module","withRetry"],"fullName":"Retry Module withRetry should retry on failure and succeed","status":"passed","title":"should retry on failure and succeed","duration":2.9745570000000043,"failureMessages":[],"meta":{}},{"ancestorTitles":["Retry Module","withRetry"],"fullName":"Retry Module withRetry should fail after max attempts","status":"passed","title":"should fail after max attempts","duration":6.34727700000002,"failureMessages":[],"meta":{}},{"ancestorTitles":["Retry Module","withRetry"],"fullName":"Retry Module withRetry should use custom retry condition","status":"passed","title":"should use custom retry condition","duration":6.7531680000000165,"failureMessages":[],"meta":{}},{"ancestorTitles":["Retry Module","withRetry"],"fullName":"Retry Module withRetry should not retry when condition returns false","status":"passed","title":"should not retry when condition returns false","duration":0.6508739999999875,"failureMessages":[],"meta":{}},{"ancestorTitles":["Retry Module","defaultRetryOptions"],"fullName":"Retry Module defaultRetryOptions should have sensible defaults","status":"passed","title":"should have sensible defaults","duration":0.33599600000002283,"failureMessages":[],"meta":{}},{"ancestorTitles":["Retry Module","defaultRetryOptions"],"fullName":"Retry Module defaultRetryOptions should retry on network errors","status":"passed","title":"should retry on network errors","duration":0.467301999999961,"failureMessages":[],"meta":{}}],"startTime":1759621208564,"endTime":1759621208588.4673,"status":"passed","message":"","name":"/workspaces/ECONEURA-/packages/shared/src/__tests__/retry.test.ts"},{"assertionResults":[{"ancestorTitles":["retry"],"fullName":"retry withRetry succeeds without retries","status":"passed","title":"withRetry succeeds without retries","duration":7.790659000000005,"failureMessages":[],"meta":{}},{"ancestorTitles":["retry"],"fullName":"retry withRetry retries on error and eventually throws","status":"passed","title":"withRetry retries on error and eventually throws","duration":5.571550000000002,"failureMessages":[],"meta":{}},{"ancestorTitles":["retry"],"fullName":"retry retryable decorator wraps method with retry","status":"passed","title":"retryable decorator wraps method with retry","duration":1.2491899999999987,"failureMessages":[],"meta":{}}],"startTime":1759621209634,"endTime":1759621209648.2493,"status":"passed","message":"","name":"/workspaces/ECONEURA-/packages/shared/src/__tests__/retry.unit.test.ts"},{"assertionResults":[{"ancestorTitles":["ServiceClient"],"fullName":"ServiceClient createServiceClient returns a client with stats and a mock request","status":"passed","title":"createServiceClient returns a client with stats and a mock request","duration":3.810455999999988,"failureMessages":[],"meta":{}}],"startTime":1759621212374,"endTime":1759621212377.8105,"status":"passed","message":"","name":"/workspaces/ECONEURA-/packages/shared/src/__tests__/service-client.test.ts"},{"assertionResults":[{"ancestorTitles":["core smoke"],"fullName":"core smoke can import core module and its re-exports","status":"passed","title":"can import core module and its re-exports","duration":47.279904000000045,"failureMessages":[],"meta":{}}],"startTime":1759621207930,"endTime":1759621207977.2798,"status":"passed","message":"","name":"/workspaces/ECONEURA-/packages/shared/src/__tests__/smoke.core.test.ts"},{"assertionResults":[{"ancestorTitles":["events smoke"],"fullName":"events smoke can import events module","status":"passed","title":"can import events module","duration":6.288997999999992,"failureMessages":[],"meta":{}}],"startTime":1759621210176,"endTime":1759621210182.289,"status":"passed","message":"","name":"/workspaces/ECONEURA-/packages/shared/src/__tests__/smoke.events.test.ts"},{"assertionResults":[{"ancestorTitles":["shared index smoke"],"fullName":"shared index smoke provides default export and env helper","status":"passed","title":"provides default export and env helper","duration":184.72975100000008,"failureMessages":[],"meta":{}}],"startTime":1759621207194,"endTime":1759621207378.7297,"status":"passed","message":"","name":"/workspaces/ECONEURA-/packages/shared/src/__tests__/smoke.index.test.ts"},{"assertionResults":[{"ancestorTitles":["metrics smoke"],"fullName":"metrics smoke exports metrics object and helpers","status":"passed","title":"exports metrics object and helpers","duration":3.8273590000000013,"failureMessages":[],"meta":{}}],"startTime":1759621211878,"endTime":1759621211881.8274,"status":"passed","message":"","name":"/workspaces/ECONEURA-/packages/shared/src/__tests__/smoke.metrics.test.ts"},{"assertionResults":[{"ancestorTitles":["validation helpers"],"fullName":"validation helpers validateEmail accepts valid and rejects invalid","status":"passed","title":"validateEmail accepts valid and rejects invalid","duration":6.368326999999908,"failureMessages":[],"meta":{}},{"ancestorTitles":["validation helpers"],"fullName":"validation helpers validateUUID works","status":"passed","title":"validateUUID works","duration":0.7059759999999642,"failureMessages":[],"meta":{}},{"ancestorTitles":["validation helpers"],"fullName":"validation helpers validatePositiveNumber and nonEmptyString","status":"passed","title":"validatePositiveNumber and nonEmptyString","duration":1.1033679999999322,"failureMessages":[],"meta":{}},{"ancestorTitles":["validation helpers"],"fullName":"validation helpers validateData returns success or errors","status":"passed","title":"validateData returns success or errors","duration":2.3886850000000095,"failureMessages":[],"meta":{}}],"startTime":1759621210261,"endTime":1759621210272.3887,"status":"passed","message":"","name":"/workspaces/ECONEURA-/packages/shared/src/__tests__/validation.test.ts"},{"assertionResults":[{"ancestorTitles":["shared/logger"],"fullName":"shared/logger calls console methods with message and meta","status":"passed","title":"calls console methods with message and meta","duration":9.941461000000004,"failureMessages":[],"meta":{}},{"ancestorTitles":["shared/logger"],"fullName":"shared/logger serializes Error objects into plain objects","status":"passed","title":"serializes Error objects into plain objects","duration":8.390177999999992,"failureMessages":[],"meta":{}},{"ancestorTitles":["shared/logger"],"fullName":"shared/logger handles circular references gracefully","status":"passed","title":"handles circular references gracefully","duration":0.8964619999999854,"failureMessages":[],"meta":{}},{"ancestorTitles":["shared/logger"],"fullName":"shared/logger respects log level filtering","status":"passed","title":"respects log level filtering","duration":1.2063999999999737,"failureMessages":[],"meta":{}}],"startTime":1759621209105,"endTime":1759621209126.2063,"status":"passed","message":"","name":"/workspaces/ECONEURA-/packages/shared/src/logging/index.test.ts"},{"assertionResults":[{"ancestorTitles":["shared/logger - transport"],"fullName":"shared/logger - transport routes logs to the configured transport","status":"passed","title":"routes logs to the configured transport","duration":10.381530999999995,"failureMessages":[],"meta":{}},{"ancestorTitles":["shared/logger - transport"],"fullName":"shared/logger - transport clearTransport restores console routing","status":"passed","title":"clearTransport restores console routing","duration":3.345889999999997,"failureMessages":[],"meta":{}}],"startTime":1759621209099,"endTime":1759621209113.346,"status":"passed","message":"","name":"/workspaces/ECONEURA-/packages/shared/src/logging/transport.test.ts"}],"coverageMap":{"/workspaces/ECONEURA-/packages/shared/src/ai/cost-utils.ts":{"path":"/workspaces/ECONEURA-/packages/shared/src/ai/cost-utils.ts","all":false,"statementMap":{"1":{"start":{"line":2,"column":0},"end":{"line":2,"column":72}},"2":{"start":{"line":3,"column":0},"end":{"line":3,"column":37}},"3":{"start":{"line":4,"column":0},"end":{"line":4,"column":30}},"4":{"start":{"line":5,"column":0},"end":{"line":5,"column":1}},"6":{"start":{"line":7,"column":0},"end":{"line":7,"column":46}},"7":{"start":{"line":8,"column":0},"end":{"line":8,"column":38}},"8":{"start":{"line":9,"column":0},"end":{"line":9,"column":1}}},"s":{"1":1,"2":3,"3":2,"4":2,"6":1,"7":2,"8":2},"branchMap":{"0":{"type":"branch","line":2,"loc":{"start":{"line":2,"column":7},"end":{"line":5,"column":1}},"locations":[{"start":{"line":2,"column":7},"end":{"line":5,"column":1}}]},"1":{"type":"branch","line":3,"loc":{"start":{"line":3,"column":6},"end":{"line":3,"column":29}},"locations":[{"start":{"line":3,"column":6},"end":{"line":3,"column":29}}]},"2":{"type":"branch","line":3,"loc":{"start":{"line":3,"column":29},"end":{"line":5,"column":1}},"locations":[{"start":{"line":3,"column":29},"end":{"line":5,"column":1}}]},"3":{"type":"branch","line":3,"loc":{"start":{"line":3,"column":29},"end":{"line":3,"column":37}},"locations":[{"start":{"line":3,"column":29},"end":{"line":3,"column":37}}]},"4":{"type":"branch","line":7,"loc":{"start":{"line":7,"column":7},"end":{"line":9,"column":1}},"locations":[{"start":{"line":7,"column":7},"end":{"line":9,"column":1}}]}},"b":{"0":[3],"1":[2],"2":[2],"3":[1],"4":[2]},"fnMap":{"0":{"name":"estimateAICost","decl":{"start":{"line":2,"column":7},"end":{"line":5,"column":1}},"loc":{"start":{"line":2,"column":7},"end":{"line":5,"column":1}},"line":2},"1":{"name":"formatCostEur","decl":{"start":{"line":7,"column":7},"end":{"line":9,"column":1}},"loc":{"start":{"line":7,"column":7},"end":{"line":9,"column":1}},"line":7}},"f":{"0":3,"1":2}},"/workspaces/ECONEURA-/packages/shared/src/clients/admin-client.ts":{"path":"/workspaces/ECONEURA-/packages/shared/src/clients/admin-client.ts","all":false,"statementMap":{"1":{"start":{"line":2,"column":0},"end":{"line":2,"column":49}},"2":{"start":{"line":3,"column":0},"end":{"line":3,"column":9}},"3":{"start":{"line":4,"column":0},"end":{"line":4,"column":10}},"4":{"start":{"line":5,"column":0},"end":{"line":5,"column":49}},"5":{"start":{"line":6,"column":0},"end":{"line":6,"column":2}},"6":{"start":{"line":7,"column":0},"end":{"line":7,"column":1}},"8":{"start":{"line":9,"column":0},"end":{"line":9,"column":37}},"9":{"start":{"line":10,"column":0},"end":{"line":10,"column":25}},"10":{"start":{"line":11,"column":0},"end":{"line":11,"column":1}}},"s":{"1":1,"2":1,"3":1,"4":1,"5":1,"6":1,"8":1,"9":1,"10":1},"branchMap":{"0":{"type":"branch","line":2,"loc":{"start":{"line":2,"column":7},"end":{"line":7,"column":1}},"locations":[{"start":{"line":2,"column":7},"end":{"line":7,"column":1}}]},"1":{"type":"branch","line":5,"loc":{"start":{"line":5,"column":8},"end":{"line":5,"column":49}},"locations":[{"start":{"line":5,"column":8},"end":{"line":5,"column":49}}]},"2":{"type":"branch","line":9,"loc":{"start":{"line":9,"column":0},"end":{"line":11,"column":1}},"locations":[{"start":{"line":9,"column":0},"end":{"line":11,"column":1}}]}},"b":{"0":[1],"1":[1],"2":[1]},"fnMap":{"0":{"name":"createAdminClient","decl":{"start":{"line":2,"column":7},"end":{"line":7,"column":1}},"loc":{"start":{"line":2,"column":7},"end":{"line":7,"column":1}},"line":2},"1":{"name":"ping","decl":{"start":{"line":5,"column":8},"end":{"line":5,"column":49}},"loc":{"start":{"line":5,"column":8},"end":{"line":5,"column":49}},"line":5},"2":{"name":"adminHealth","decl":{"start":{"line":9,"column":0},"end":{"line":11,"column":1}},"loc":{"start":{"line":9,"column":0},"end":{"line":11,"column":1}},"line":9}},"f":{"0":1,"1":1,"2":1}},"/workspaces/ECONEURA-/packages/shared/src/clients/ai-client.ts":{"path":"/workspaces/ECONEURA-/packages/shared/src/clients/ai-client.ts","all":false,"statementMap":{"1":{"start":{"line":2,"column":0},"end":{"line":2,"column":34}},"2":{"start":{"line":3,"column":0},"end":{"line":3,"column":9}},"3":{"start":{"line":4,"column":0},"end":{"line":4,"column":65}},"4":{"start":{"line":5,"column":0},"end":{"line":5,"column":2}},"5":{"start":{"line":6,"column":0},"end":{"line":6,"column":1}},"7":{"start":{"line":8,"column":0},"end":{"line":8,"column":44}},"8":{"start":{"line":9,"column":0},"end":{"line":9,"column":24}},"9":{"start":{"line":10,"column":0},"end":{"line":10,"column":1}}},"s":{"1":1,"2":2,"3":2,"4":2,"5":2,"7":1,"8":3,"9":3},"branchMap":{"0":{"type":"branch","line":2,"loc":{"start":{"line":2,"column":7},"end":{"line":6,"column":1}},"locations":[{"start":{"line":2,"column":7},"end":{"line":6,"column":1}}]},"1":{"type":"branch","line":4,"loc":{"start":{"line":4,"column":12},"end":{"line":4,"column":65}},"locations":[{"start":{"line":4,"column":12},"end":{"line":4,"column":65}}]},"2":{"type":"branch","line":8,"loc":{"start":{"line":8,"column":7},"end":{"line":10,"column":1}},"locations":[{"start":{"line":8,"column":7},"end":{"line":10,"column":1}}]},"3":{"type":"branch","line":9,"loc":{"start":{"line":9,"column":8},"end":{"line":9,"column":22}},"locations":[{"start":{"line":9,"column":8},"end":{"line":9,"column":22}}]},"4":{"type":"branch","line":9,"loc":{"start":{"line":9,"column":14},"end":{"line":9,"column":24}},"locations":[{"start":{"line":9,"column":14},"end":{"line":9,"column":24}}]}},"b":{"0":[2],"1":[2],"2":[3],"3":[2],"4":[1]},"fnMap":{"0":{"name":"createAIClient","decl":{"start":{"line":2,"column":7},"end":{"line":6,"column":1}},"loc":{"start":{"line":2,"column":7},"end":{"line":6,"column":1}},"line":2},"1":{"name":"generate","decl":{"start":{"line":4,"column":12},"end":{"line":4,"column":65}},"loc":{"start":{"line":4,"column":12},"end":{"line":4,"column":65}},"line":4},"2":{"name":"parseAIResponse","decl":{"start":{"line":8,"column":7},"end":{"line":10,"column":1}},"loc":{"start":{"line":8,"column":7},"end":{"line":10,"column":1}},"line":8}},"f":{"0":2,"1":2,"2":3}},"/workspaces/ECONEURA-/packages/shared/src/clients/flows-client.ts":{"path":"/workspaces/ECONEURA-/packages/shared/src/clients/flows-client.ts","all":false,"statementMap":{"1":{"start":{"line":2,"column":0},"end":{"line":2,"column":37}},"2":{"start":{"line":3,"column":0},"end":{"line":3,"column":9}},"3":{"start":{"line":4,"column":0},"end":{"line":4,"column":59}},"4":{"start":{"line":5,"column":0},"end":{"line":5,"column":2}},"5":{"start":{"line":6,"column":0},"end":{"line":6,"column":1}},"7":{"start":{"line":8,"column":0},"end":{"line":8,"column":35}},"8":{"start":{"line":9,"column":0},"end":{"line":9,"column":47}},"9":{"start":{"line":10,"column":0},"end":{"line":10,"column":1}}},"s":{"1":1,"2":1,"3":1,"4":1,"5":1,"7":1,"8":1,"9":1},"branchMap":{"0":{"type":"branch","line":2,"loc":{"start":{"line":2,"column":7},"end":{"line":6,"column":1}},"locations":[{"start":{"line":2,"column":7},"end":{"line":6,"column":1}}]},"1":{"type":"branch","line":4,"loc":{"start":{"line":4,"column":13},"end":{"line":4,"column":59}},"locations":[{"start":{"line":4,"column":13},"end":{"line":4,"column":59}}]},"2":{"type":"branch","line":8,"loc":{"start":{"line":8,"column":7},"end":{"line":10,"column":1}},"locations":[{"start":{"line":8,"column":7},"end":{"line":10,"column":1}}]}},"b":{"0":[1],"1":[1],"2":[1]},"fnMap":{"0":{"name":"createFlowsClient","decl":{"start":{"line":2,"column":7},"end":{"line":6,"column":1}},"loc":{"start":{"line":2,"column":7},"end":{"line":6,"column":1}},"line":2},"1":{"name":"startFlow","decl":{"start":{"line":4,"column":13},"end":{"line":4,"column":59}},"loc":{"start":{"line":4,"column":13},"end":{"line":4,"column":59}},"line":4},"2":{"name":"isFlowId","decl":{"start":{"line":8,"column":7},"end":{"line":10,"column":1}},"loc":{"start":{"line":8,"column":7},"end":{"line":10,"column":1}},"line":8}},"f":{"0":1,"1":1,"2":1}},"/workspaces/ECONEURA-/packages/shared/src/clients/integrations-client.ts":{"path":"/workspaces/ECONEURA-/packages/shared/src/clients/integrations-client.ts","all":false,"statementMap":{"1":{"start":{"line":2,"column":0},"end":{"line":2,"column":44}},"2":{"start":{"line":3,"column":0},"end":{"line":3,"column":9}},"3":{"start":{"line":4,"column":0},"end":{"line":4,"column":46}},"4":{"start":{"line":5,"column":0},"end":{"line":5,"column":2}},"5":{"start":{"line":6,"column":0},"end":{"line":6,"column":1}},"7":{"start":{"line":8,"column":0},"end":{"line":8,"column":46}},"8":{"start":{"line":9,"column":0},"end":{"line":9,"column":46}},"9":{"start":{"line":10,"column":0},"end":{"line":10,"column":1}}},"s":{"1":1,"2":1,"3":1,"4":1,"5":1,"7":1,"8":1,"9":1},"branchMap":{"0":{"type":"branch","line":2,"loc":{"start":{"line":2,"column":7},"end":{"line":6,"column":1}},"locations":[{"start":{"line":2,"column":7},"end":{"line":6,"column":1}}]},"1":{"type":"branch","line":4,"loc":{"start":{"line":4,"column":20},"end":{"line":4,"column":46}},"locations":[{"start":{"line":4,"column":20},"end":{"line":4,"column":46}}]},"2":{"type":"branch","line":8,"loc":{"start":{"line":8,"column":7},"end":{"line":10,"column":1}},"locations":[{"start":{"line":8,"column":7},"end":{"line":10,"column":1}}]}},"b":{"0":[1],"1":[1],"2":[1]},"fnMap":{"0":{"name":"createIntegrationsClient","decl":{"start":{"line":2,"column":7},"end":{"line":6,"column":1}},"loc":{"start":{"line":2,"column":7},"end":{"line":6,"column":1}},"line":2},"1":{"name":"listIntegrations","decl":{"start":{"line":4,"column":20},"end":{"line":4,"column":46}},"loc":{"start":{"line":4,"column":20},"end":{"line":4,"column":46}},"line":4},"2":{"name":"hasIntegrations","decl":{"start":{"line":8,"column":7},"end":{"line":10,"column":1}},"loc":{"start":{"line":8,"column":7},"end":{"line":10,"column":1}},"line":8}},"f":{"0":1,"1":1,"2":1}},"/workspaces/ECONEURA-/packages/shared/src/clients/service-client.ts":{"path":"/workspaces/ECONEURA-/packages/shared/src/clients/service-client.ts","all":false,"statementMap":{"27":{"start":{"line":28,"column":0},"end":{"line":28,"column":28}},"28":{"start":{"line":29,"column":0},"end":{"line":29,"column":48}},"30":{"start":{"line":31,"column":0},"end":{"line":31,"column":44}},"31":{"start":{"line":32,"column":0},"end":{"line":32,"column":19}},"32":{"start":{"line":33,"column":0},"end":{"line":33,"column":21}},"33":{"start":{"line":34,"column":0},"end":{"line":34,"column":17}},"34":{"start":{"line":35,"column":0},"end":{"line":35,"column":23}},"35":{"start":{"line":36,"column":0},"end":{"line":36,"column":33}},"36":{"start":{"line":37,"column":0},"end":{"line":37,"column":35}},"37":{"start":{"line":38,"column":0},"end":{"line":38,"column":15}},"38":{"start":{"line":39,"column":0},"end":{"line":39,"column":6}},"39":{"start":{"line":40,"column":0},"end":{"line":40,"column":3}},"41":{"start":{"line":42,"column":0},"end":{"line":42,"column":81}},"43":{"start":{"line":44,"column":0},"end":{"line":44,"column":12}},"44":{"start":{"line":45,"column":0},"end":{"line":45,"column":20}},"45":{"start":{"line":46,"column":0},"end":{"line":46,"column":20}},"46":{"start":{"line":47,"column":0},"end":{"line":47,"column":32}},"47":{"start":{"line":48,"column":0},"end":{"line":48,"column":24}},"48":{"start":{"line":49,"column":0},"end":{"line":49,"column":16}},"49":{"start":{"line":50,"column":0},"end":{"line":50,"column":6}},"50":{"start":{"line":51,"column":0},"end":{"line":51,"column":3}},"52":{"start":{"line":53,"column":0},"end":{"line":53,"column":14}},"53":{"start":{"line":54,"column":0},"end":{"line":54,"column":12}},"54":{"start":{"line":55,"column":0},"end":{"line":55,"column":43}},"55":{"start":{"line":56,"column":0},"end":{"line":56,"column":27}},"56":{"start":{"line":57,"column":0},"end":{"line":57,"column":26}},"57":{"start":{"line":58,"column":0},"end":{"line":58,"column":26}},"58":{"start":{"line":59,"column":0},"end":{"line":59,"column":6}},"59":{"start":{"line":60,"column":0},"end":{"line":60,"column":3}},"60":{"start":{"line":61,"column":0},"end":{"line":61,"column":1}},"62":{"start":{"line":63,"column":0},"end":{"line":63,"column":81}},"63":{"start":{"line":64,"column":0},"end":{"line":64,"column":35}},"64":{"start":{"line":65,"column":0},"end":{"line":65,"column":1}}},"s":{"27":1,"28":1,"30":1,"31":1,"32":1,"33":1,"34":1,"35":1,"36":1,"37":1,"38":1,"39":1,"41":1,"43":1,"44":1,"45":1,"46":1,"47":1,"48":1,"49":1,"50":1,"52":1,"53":1,"54":1,"55":1,"56":1,"57":1,"58":1,"59":1,"60":1,"62":1,"63":1,"64":1},"branchMap":{"0":{"type":"branch","line":28,"loc":{"start":{"line":28,"column":27},"end":{"line":61,"column":1}},"locations":[{"start":{"line":28,"column":27},"end":{"line":61,"column":1}}]},"1":{"type":"branch","line":31,"loc":{"start":{"line":31,"column":2},"end":{"line":40,"column":3}},"locations":[{"start":{"line":31,"column":2},"end":{"line":40,"column":3}}]},"2":{"type":"branch","line":42,"loc":{"start":{"line":42,"column":2},"end":{"line":51,"column":3}},"locations":[{"start":{"line":42,"column":2},"end":{"line":51,"column":3}}]},"3":{"type":"branch","line":53,"loc":{"start":{"line":53,"column":2},"end":{"line":60,"column":3}},"locations":[{"start":{"line":53,"column":2},"end":{"line":60,"column":3}}]},"4":{"type":"branch","line":63,"loc":{"start":{"line":63,"column":7},"end":{"line":65,"column":1}},"locations":[{"start":{"line":63,"column":7},"end":{"line":65,"column":1}}]}},"b":{"0":[1],"1":[1],"2":[1],"3":[1],"4":[1]},"fnMap":{"0":{"name":"<instance_members_initializer>","decl":{"start":{"line":28,"column":27},"end":{"line":61,"column":1}},"loc":{"start":{"line":28,"column":27},"end":{"line":61,"column":1}},"line":28},"1":{"name":"ServiceClient","decl":{"start":{"line":31,"column":2},"end":{"line":40,"column":3}},"loc":{"start":{"line":31,"column":2},"end":{"line":40,"column":3}},"line":31},"2":{"name":"request","decl":{"start":{"line":42,"column":2},"end":{"line":51,"column":3}},"loc":{"start":{"line":42,"column":2},"end":{"line":51,"column":3}},"line":42},"3":{"name":"getStats","decl":{"start":{"line":53,"column":2},"end":{"line":60,"column":3}},"loc":{"start":{"line":53,"column":2},"end":{"line":60,"column":3}},"line":53},"4":{"name":"createServiceClient","decl":{"start":{"line":63,"column":7},"end":{"line":65,"column":1}},"loc":{"start":{"line":63,"column":7},"end":{"line":65,"column":1}},"line":63}},"f":{"0":1,"1":1,"2":1,"3":1,"4":1}},"/workspaces/ECONEURA-/packages/shared/src/config.ts":{"path":"/workspaces/ECONEURA-/packages/shared/src/config.ts","all":false,"statementMap":{"0":{"start":{"line":1,"column":0},"end":{"line":1,"column":24}},"3":{"start":{"line":4,"column":0},"end":{"line":4,"column":38}},"5":{"start":{"line":6,"column":0},"end":{"line":6,"column":35}},"8":{"start":{"line":9,"column":0},"end":{"line":9,"column":81}},"11":{"start":{"line":12,"column":0},"end":{"line":12,"column":33}},"12":{"start":{"line":13,"column":0},"end":{"line":13,"column":37}},"13":{"start":{"line":14,"column":0},"end":{"line":14,"column":30}},"16":{"start":{"line":17,"column":0},"end":{"line":17,"column":33}},"19":{"start":{"line":20,"column":0},"end":{"line":20,"column":30}},"22":{"start":{"line":23,"column":0},"end":{"line":23,"column":35}},"23":{"start":{"line":24,"column":0},"end":{"line":24,"column":46}},"24":{"start":{"line":25,"column":0},"end":{"line":25,"column":39}},"25":{"start":{"line":26,"column":0},"end":{"line":26,"column":58}},"28":{"start":{"line":29,"column":0},"end":{"line":29,"column":72}},"29":{"start":{"line":30,"column":0},"end":{"line":30,"column":59}},"32":{"start":{"line":33,"column":0},"end":{"line":33,"column":118}},"33":{"start":{"line":34,"column":0},"end":{"line":34,"column":115}},"34":{"start":{"line":35,"column":0},"end":{"line":35,"column":109}},"35":{"start":{"line":36,"column":0},"end":{"line":36,"column":115}},"36":{"start":{"line":37,"column":0},"end":{"line":37,"column":3}},"40":{"start":{"line":41,"column":0},"end":{"line":41,"column":61}},"42":{"start":{"line":43,"column":0},"end":{"line":43,"column":30}},"43":{"start":{"line":44,"column":0},"end":{"line":44,"column":21}},"44":{"start":{"line":45,"column":0},"end":{"line":45,"column":24}},"45":{"start":{"line":46,"column":0},"end":{"line":46,"column":3}},"47":{"start":{"line":48,"column":0},"end":{"line":48,"column":7}},"48":{"start":{"line":49,"column":0},"end":{"line":49,"column":51}},"49":{"start":{"line":50,"column":0},"end":{"line":50,"column":24}},"50":{"start":{"line":51,"column":0},"end":{"line":51,"column":19}},"51":{"start":{"line":52,"column":0},"end":{"line":52,"column":38}},"52":{"start":{"line":53,"column":0},"end":{"line":53,"column":56}},"53":{"start":{"line":54,"column":0},"end":{"line":54,"column":37}},"54":{"start":{"line":55,"column":0},"end":{"line":55,"column":65}},"55":{"start":{"line":56,"column":0},"end":{"line":56,"column":9}},"56":{"start":{"line":57,"column":0},"end":{"line":57,"column":5}},"57":{"start":{"line":58,"column":0},"end":{"line":58,"column":52}},"58":{"start":{"line":59,"column":0},"end":{"line":59,"column":3}},"59":{"start":{"line":60,"column":0},"end":{"line":60,"column":1}},"62":{"start":{"line":63,"column":0},"end":{"line":63,"column":36}},"63":{"start":{"line":64,"column":0},"end":{"line":64,"column":22}},"64":{"start":{"line":65,"column":0},"end":{"line":65,"column":20}},"65":{"start":{"line":66,"column":0},"end":{"line":66,"column":1}},"68":{"start":{"line":69,"column":0},"end":{"line":69,"column":59}},"70":{"start":{"line":71,"column":0},"end":{"line":71,"column":99}},"71":{"start":{"line":72,"column":0},"end":{"line":72,"column":21}},"72":{"start":{"line":73,"column":0},"end":{"line":73,"column":22}},"73":{"start":{"line":74,"column":0},"end":{"line":74,"column":32}},"74":{"start":{"line":75,"column":0},"end":{"line":75,"column":5}},"75":{"start":{"line":76,"column":0},"end":{"line":76,"column":55}},"76":{"start":{"line":77,"column":0},"end":{"line":77,"column":3}},"77":{"start":{"line":78,"column":0},"end":{"line":78,"column":3}},"83":{"start":{"line":84,"column":0},"end":{"line":84,"column":20}},"84":{"start":{"line":85,"column":0},"end":{"line":85,"column":43}},"85":{"start":{"line":86,"column":0},"end":{"line":86,"column":43}},"86":{"start":{"line":87,"column":0},"end":{"line":87,"column":37}},"87":{"start":{"line":88,"column":0},"end":{"line":88,"column":11}},"90":{"start":{"line":91,"column":0},"end":{"line":91,"column":78}},"91":{"start":{"line":92,"column":0},"end":{"line":92,"column":28}},"92":{"start":{"line":93,"column":0},"end":{"line":93,"column":28}},"93":{"start":{"line":94,"column":0},"end":{"line":94,"column":70}},"94":{"start":{"line":95,"column":0},"end":{"line":95,"column":3}},"95":{"start":{"line":96,"column":0},"end":{"line":96,"column":15}},"96":{"start":{"line":97,"column":0},"end":{"line":97,"column":1}},"98":{"start":{"line":99,"column":0},"end":{"line":99,"column":103}},"99":{"start":{"line":100,"column":0},"end":{"line":100,"column":37}},"100":{"start":{"line":101,"column":0},"end":{"line":101,"column":1}}},"s":{"0":1,"3":1,"5":1,"8":1,"11":1,"12":1,"13":1,"16":1,"19":1,"22":1,"23":1,"24":1,"25":1,"28":1,"29":1,"32":1,"33":1,"34":1,"35":1,"36":1,"40":1,"42":1,"43":13,"44":1,"45":1,"47":12,"48":12,"49":12,"50":13,"51":2,"52":2,"53":2,"54":9,"55":2,"56":2,"57":2,"58":2,"59":13,"62":1,"63":9,"64":9,"65":9,"68":1,"70":1,"71":1,"72":23,"73":11,"74":11,"75":22,"76":23,"77":1,"83":1,"84":1,"85":1,"86":1,"87":1,"90":1,"91":3,"92":3,"93":1,"94":1,"95":2,"96":2,"98":1,"99":1,"100":1},"branchMap":{"0":{"type":"branch","line":33,"loc":{"start":{"line":33,"column":37},"end":{"line":33,"column":90}},"locations":[{"start":{"line":33,"column":37},"end":{"line":33,"column":90}}]},"1":{"type":"branch","line":33,"loc":{"start":{"line":33,"column":46},"end":{"line":33,"column":82}},"locations":[{"start":{"line":33,"column":46},"end":{"line":33,"column":82}}]},"2":{"type":"branch","line":34,"loc":{"start":{"line":34,"column":40},"end":{"line":34,"column":90}},"locations":[{"start":{"line":34,"column":40},"end":{"line":34,"column":90}}]},"3":{"type":"branch","line":34,"loc":{"start":{"line":34,"column":49},"end":{"line":34,"column":85}},"locations":[{"start":{"line":34,"column":49},"end":{"line":34,"column":85}}]},"4":{"type":"branch","line":35,"loc":{"start":{"line":35,"column":36},"end":{"line":35,"column":84}},"locations":[{"start":{"line":35,"column":36},"end":{"line":35,"column":84}}]},"5":{"type":"branch","line":35,"loc":{"start":{"line":35,"column":45},"end":{"line":35,"column":79}},"locations":[{"start":{"line":35,"column":45},"end":{"line":35,"column":79}}]},"6":{"type":"branch","line":36,"loc":{"start":{"line":36,"column":42},"end":{"line":36,"column":90}},"locations":[{"start":{"line":36,"column":42},"end":{"line":36,"column":90}}]},"7":{"type":"branch","line":36,"loc":{"start":{"line":36,"column":51},"end":{"line":36,"column":85}},"locations":[{"start":{"line":36,"column":51},"end":{"line":36,"column":85}}]},"8":{"type":"branch","line":43,"loc":{"start":{"line":43,"column":7},"end":{"line":60,"column":1}},"locations":[{"start":{"line":43,"column":7},"end":{"line":60,"column":1}}]},"9":{"type":"branch","line":44,"loc":{"start":{"line":44,"column":20},"end":{"line":46,"column":3}},"locations":[{"start":{"line":44,"column":20},"end":{"line":46,"column":3}}]},"10":{"type":"branch","line":46,"loc":{"start":{"line":46,"column":2},"end":{"line":51,"column":11}},"locations":[{"start":{"line":46,"column":2},"end":{"line":51,"column":11}}]},"11":{"type":"branch","line":51,"loc":{"start":{"line":51,"column":2},"end":{"line":59,"column":3}},"locations":[{"start":{"line":51,"column":2},"end":{"line":59,"column":3}}]},"12":{"type":"branch","line":54,"loc":{"start":{"line":54,"column":27},"end":{"line":56,"column":7}},"locations":[{"start":{"line":54,"column":27},"end":{"line":56,"column":7}}]},"13":{"type":"branch","line":63,"loc":{"start":{"line":63,"column":7},"end":{"line":66,"column":1}},"locations":[{"start":{"line":63,"column":7},"end":{"line":66,"column":1}}]},"14":{"type":"branch","line":72,"loc":{"start":{"line":72,"column":2},"end":{"line":77,"column":3}},"locations":[{"start":{"line":72,"column":2},"end":{"line":77,"column":3}}]},"15":{"type":"branch","line":73,"loc":{"start":{"line":73,"column":21},"end":{"line":75,"column":5}},"locations":[{"start":{"line":73,"column":21},"end":{"line":75,"column":5}}]},"16":{"type":"branch","line":75,"loc":{"start":{"line":75,"column":4},"end":{"line":76,"column":55}},"locations":[{"start":{"line":75,"column":4},"end":{"line":76,"column":55}}]},"17":{"type":"branch","line":91,"loc":{"start":{"line":91,"column":7},"end":{"line":97,"column":1}},"locations":[{"start":{"line":91,"column":7},"end":{"line":97,"column":1}}]},"18":{"type":"branch","line":93,"loc":{"start":{"line":93,"column":27},"end":{"line":95,"column":3}},"locations":[{"start":{"line":93,"column":27},"end":{"line":95,"column":3}}]},"19":{"type":"branch","line":95,"loc":{"start":{"line":95,"column":2},"end":{"line":97,"column":1}},"locations":[{"start":{"line":95,"column":2},"end":{"line":97,"column":1}}]},"20":{"type":"branch","line":99,"loc":{"start":{"line":99,"column":7},"end":{"line":101,"column":1}},"locations":[{"start":{"line":99,"column":7},"end":{"line":101,"column":1}}]},"21":{"type":"branch","line":100,"loc":{"start":{"line":100,"column":19},"end":{"line":100,"column":37}},"locations":[{"start":{"line":100,"column":19},"end":{"line":100,"column":37}}]}},"b":{"0":[12],"1":[0],"2":[12],"3":[0],"4":[12],"5":[0],"6":[12],"7":[0],"8":[13],"9":[1],"10":[12],"11":[2],"12":[9],"13":[9],"14":[23],"15":[11],"16":[22],"17":[3],"18":[1],"19":[2],"20":[1],"21":[0]},"fnMap":{"0":{"name":"loadConfig","decl":{"start":{"line":43,"column":7},"end":{"line":60,"column":1}},"loc":{"start":{"line":43,"column":7},"end":{"line":60,"column":1}},"line":43},"1":{"name":"resetConfigCache","decl":{"start":{"line":63,"column":7},"end":{"line":66,"column":1}},"loc":{"start":{"line":63,"column":7},"end":{"line":66,"column":1}},"line":63},"2":{"name":"get","decl":{"start":{"line":72,"column":2},"end":{"line":77,"column":3}},"loc":{"start":{"line":72,"column":2},"end":{"line":77,"column":3}},"line":72},"3":{"name":"getRequiredConfig","decl":{"start":{"line":91,"column":7},"end":{"line":97,"column":1}},"loc":{"start":{"line":91,"column":7},"end":{"line":97,"column":1}},"line":91},"4":{"name":"getOptionalConfig","decl":{"start":{"line":99,"column":7},"end":{"line":101,"column":1}},"loc":{"start":{"line":99,"column":7},"end":{"line":101,"column":1}},"line":99}},"f":{"0":13,"1":9,"2":23,"3":3,"4":1}},"/workspaces/ECONEURA-/packages/shared/src/core/index.ts":{"path":"/workspaces/ECONEURA-/packages/shared/src/core/index.ts","all":false,"statementMap":{"3":{"start":{"line":4,"column":0},"end":{"line":4,"column":104}},"5":{"start":{"line":6,"column":0},"end":{"line":6,"column":36}},"9":{"start":{"line":10,"column":0},"end":{"line":10,"column":55}},"10":{"start":{"line":11,"column":0},"end":{"line":11,"column":55}}},"s":{"3":1,"5":1,"9":1,"10":1},"branchMap":{},"b":{},"fnMap":{},"f":{}},"/workspaces/ECONEURA-/packages/shared/src/events.ts":{"path":"/workspaces/ECONEURA-/packages/shared/src/events.ts","all":false,"statementMap":{"1":{"start":{"line":2,"column":0},"end":{"line":2,"column":25}}},"s":{"1":1},"branchMap":{},"b":{},"fnMap":{},"f":{}},"/workspaces/ECONEURA-/packages/shared/src/graph/env.guard.ts":{"path":"/workspaces/ECONEURA-/packages/shared/src/graph/env.guard.ts","all":false,"statementMap":{"1":{"start":{"line":2,"column":0},"end":{"line":2,"column":64}},"3":{"start":{"line":4,"column":0},"end":{"line":4,"column":54}},"4":{"start":{"line":5,"column":0},"end":{"line":5,"column":1}},"6":{"start":{"line":7,"column":0},"end":{"line":7,"column":72}},"7":{"start":{"line":8,"column":0},"end":{"line":8,"column":64}},"8":{"start":{"line":9,"column":0},"end":{"line":9,"column":12}},"9":{"start":{"line":10,"column":0},"end":{"line":10,"column":1}}},"s":{"1":1,"3":8,"4":8,"6":1,"7":4,"8":1,"9":1},"branchMap":{"0":{"type":"branch","line":2,"loc":{"start":{"line":2,"column":7},"end":{"line":5,"column":1}},"locations":[{"start":{"line":2,"column":7},"end":{"line":5,"column":1}}]},"1":{"type":"branch","line":4,"loc":{"start":{"line":4,"column":27},"end":{"line":4,"column":54}},"locations":[{"start":{"line":4,"column":27},"end":{"line":4,"column":54}}]},"2":{"type":"branch","line":7,"loc":{"start":{"line":7,"column":7},"end":{"line":10,"column":1}},"locations":[{"start":{"line":7,"column":7},"end":{"line":10,"column":1}}]},"3":{"type":"branch","line":8,"loc":{"start":{"line":8,"column":28},"end":{"line":10,"column":1}},"locations":[{"start":{"line":8,"column":28},"end":{"line":10,"column":1}}]},"4":{"type":"branch","line":8,"loc":{"start":{"line":8,"column":63},"end":{"line":10,"column":1}},"locations":[{"start":{"line":8,"column":63},"end":{"line":10,"column":1}}]}},"b":{"0":[8],"1":[7],"2":[4],"3":[3],"4":[1]},"fnMap":{"0":{"name":"ensureGraphEnv","decl":{"start":{"line":2,"column":7},"end":{"line":5,"column":1}},"loc":{"start":{"line":2,"column":7},"end":{"line":5,"column":1}},"line":2},"1":{"name":"requireGraphEnvOrThrow","decl":{"start":{"line":7,"column":7},"end":{"line":10,"column":1}},"loc":{"start":{"line":7,"column":7},"end":{"line":10,"column":1}},"line":7}},"f":{"0":8,"1":4}},"/workspaces/ECONEURA-/packages/shared/src/health.ts":{"path":"/workspaces/ECONEURA-/packages/shared/src/health.ts","all":false,"statementMap":{"14":{"start":{"line":15,"column":0},"end":{"line":15,"column":28}},"15":{"start":{"line":16,"column":0},"end":{"line":16,"column":63}},"16":{"start":{"line":17,"column":0},"end":{"line":17,"column":33}},"18":{"start":{"line":19,"column":0},"end":{"line":19,"column":70}},"19":{"start":{"line":20,"column":0},"end":{"line":20,"column":35}},"20":{"start":{"line":21,"column":0},"end":{"line":21,"column":3}},"22":{"start":{"line":23,"column":0},"end":{"line":23,"column":46}},"23":{"start":{"line":24,"column":0},"end":{"line":24,"column":55}},"24":{"start":{"line":25,"column":0},"end":{"line":25,"column":59}},"26":{"start":{"line":27,"column":0},"end":{"line":27,"column":48}},"27":{"start":{"line":28,"column":0},"end":{"line":28,"column":35}},"28":{"start":{"line":29,"column":0},"end":{"line":29,"column":11}},"29":{"start":{"line":30,"column":0},"end":{"line":30,"column":40}},"30":{"start":{"line":31,"column":0},"end":{"line":31,"column":52}},"32":{"start":{"line":33,"column":0},"end":{"line":33,"column":26}},"33":{"start":{"line":34,"column":0},"end":{"line":34,"column":44}},"34":{"start":{"line":35,"column":0},"end":{"line":35,"column":22}},"35":{"start":{"line":36,"column":0},"end":{"line":36,"column":10}},"37":{"start":{"line":38,"column":0},"end":{"line":38,"column":25}},"38":{"start":{"line":39,"column":0},"end":{"line":39,"column":38}},"39":{"start":{"line":40,"column":0},"end":{"line":40,"column":9}},"40":{"start":{"line":41,"column":0},"end":{"line":41,"column":23}},"41":{"start":{"line":42,"column":0},"end":{"line":42,"column":26}},"42":{"start":{"line":43,"column":0},"end":{"line":43,"column":25}},"43":{"start":{"line":44,"column":0},"end":{"line":44,"column":73}},"44":{"start":{"line":45,"column":0},"end":{"line":45,"column":10}},"45":{"start":{"line":46,"column":0},"end":{"line":46,"column":36}},"46":{"start":{"line":47,"column":0},"end":{"line":47,"column":7}},"47":{"start":{"line":48,"column":0},"end":{"line":48,"column":5}},"49":{"start":{"line":50,"column":0},"end":{"line":50,"column":12}},"50":{"start":{"line":51,"column":0},"end":{"line":51,"column":28}},"51":{"start":{"line":52,"column":0},"end":{"line":52,"column":42}},"52":{"start":{"line":53,"column":0},"end":{"line":53,"column":58}},"53":{"start":{"line":54,"column":0},"end":{"line":54,"column":42}},"54":{"start":{"line":55,"column":0},"end":{"line":55,"column":14}},"55":{"start":{"line":56,"column":0},"end":{"line":56,"column":6}},"56":{"start":{"line":57,"column":0},"end":{"line":57,"column":3}},"58":{"start":{"line":59,"column":0},"end":{"line":59,"column":23}},"59":{"start":{"line":60,"column":0},"end":{"line":60,"column":39}},"60":{"start":{"line":61,"column":0},"end":{"line":61,"column":3}},"61":{"start":{"line":62,"column":0},"end":{"line":62,"column":1}},"64":{"start":{"line":65,"column":0},"end":{"line":65,"column":49}},"67":{"start":{"line":68,"column":0},"end":{"line":68,"column":74}},"69":{"start":{"line":70,"column":0},"end":{"line":70,"column":90}},"71":{"start":{"line":72,"column":0},"end":{"line":72,"column":37}},"72":{"start":{"line":73,"column":0},"end":{"line":73,"column":2}},"74":{"start":{"line":75,"column":0},"end":{"line":75,"column":79}},"76":{"start":{"line":77,"column":0},"end":{"line":77,"column":41}},"77":{"start":{"line":78,"column":0},"end":{"line":78,"column":2}}},"s":{"14":1,"15":14,"16":14,"18":14,"19":7,"20":7,"22":14,"23":5,"24":5,"26":5,"27":7,"28":7,"29":7,"30":6,"32":6,"33":7,"34":7,"35":7,"37":7,"38":1,"39":1,"40":7,"41":1,"42":1,"43":1,"44":1,"45":1,"46":1,"47":7,"49":5,"50":5,"51":5,"52":5,"53":5,"54":5,"55":5,"56":5,"58":14,"59":1,"60":1,"61":14,"64":1,"67":1,"69":1,"71":2,"72":2,"74":1,"76":2,"77":2},"branchMap":{"0":{"type":"branch","line":15,"loc":{"start":{"line":15,"column":27},"end":{"line":62,"column":1}},"locations":[{"start":{"line":15,"column":27},"end":{"line":62,"column":1}}]},"1":{"type":"branch","line":19,"loc":{"start":{"line":19,"column":2},"end":{"line":21,"column":3}},"locations":[{"start":{"line":19,"column":2},"end":{"line":21,"column":3}}]},"2":{"type":"branch","line":23,"loc":{"start":{"line":23,"column":2},"end":{"line":57,"column":3}},"locations":[{"start":{"line":23,"column":2},"end":{"line":57,"column":3}}]},"3":{"type":"branch","line":27,"loc":{"start":{"line":27,"column":47},"end":{"line":48,"column":5}},"locations":[{"start":{"line":27,"column":47},"end":{"line":48,"column":5}}]},"4":{"type":"branch","line":30,"loc":{"start":{"line":30,"column":38},"end":{"line":34,"column":30}},"locations":[{"start":{"line":30,"column":38},"end":{"line":34,"column":30}}]},"5":{"type":"branch","line":34,"loc":{"start":{"line":34,"column":18},"end":{"line":34,"column":37}},"locations":[{"start":{"line":34,"column":18},"end":{"line":34,"column":37}}]},"6":{"type":"branch","line":34,"loc":{"start":{"line":34,"column":30},"end":{"line":34,"column":44}},"locations":[{"start":{"line":34,"column":30},"end":{"line":34,"column":44}}]},"7":{"type":"branch","line":38,"loc":{"start":{"line":38,"column":24},"end":{"line":40,"column":9}},"locations":[{"start":{"line":38,"column":24},"end":{"line":40,"column":9}}]},"8":{"type":"branch","line":41,"loc":{"start":{"line":41,"column":6},"end":{"line":47,"column":7}},"locations":[{"start":{"line":41,"column":6},"end":{"line":47,"column":7}}]},"9":{"type":"branch","line":44,"loc":{"start":{"line":44,"column":48},"end":{"line":44,"column":73}},"locations":[{"start":{"line":44,"column":48},"end":{"line":44,"column":73}}]},"10":{"type":"branch","line":53,"loc":{"start":{"line":53,"column":27},"end":{"line":53,"column":58}},"locations":[{"start":{"line":53,"column":27},"end":{"line":53,"column":58}}]},"11":{"type":"branch","line":59,"loc":{"start":{"line":59,"column":2},"end":{"line":61,"column":3}},"locations":[{"start":{"line":59,"column":2},"end":{"line":61,"column":3}}]},"12":{"type":"branch","line":68,"loc":{"start":{"line":68,"column":33},"end":{"line":68,"column":74}},"locations":[{"start":{"line":68,"column":33},"end":{"line":68,"column":74}}]},"13":{"type":"branch","line":70,"loc":{"start":{"line":70,"column":35},"end":{"line":73,"column":2}},"locations":[{"start":{"line":70,"column":35},"end":{"line":73,"column":2}}]},"14":{"type":"branch","line":75,"loc":{"start":{"line":75,"column":32},"end":{"line":78,"column":2}},"locations":[{"start":{"line":75,"column":32},"end":{"line":78,"column":2}}]}},"b":{"0":[14],"1":[7],"2":[5],"3":[7],"4":[6],"5":[5],"6":[1],"7":[1],"8":[1],"9":[0],"10":[0],"11":[1],"12":[1],"13":[2],"14":[2]},"fnMap":{"0":{"name":"<instance_members_initializer>","decl":{"start":{"line":15,"column":27},"end":{"line":62,"column":1}},"loc":{"start":{"line":15,"column":27},"end":{"line":62,"column":1}},"line":15},"1":{"name":"registerService","decl":{"start":{"line":19,"column":2},"end":{"line":21,"column":3}},"loc":{"start":{"line":19,"column":2},"end":{"line":21,"column":3}},"line":19},"2":{"name":"checkHealth","decl":{"start":{"line":23,"column":2},"end":{"line":57,"column":3}},"loc":{"start":{"line":23,"column":2},"end":{"line":57,"column":3}},"line":23},"3":{"name":"getUptime","decl":{"start":{"line":59,"column":2},"end":{"line":61,"column":3}},"loc":{"start":{"line":59,"column":2},"end":{"line":61,"column":3}},"line":59},"4":{"name":"createHealthCheck","decl":{"start":{"line":68,"column":33},"end":{"line":68,"column":74}},"loc":{"start":{"line":68,"column":33},"end":{"line":68,"column":74}},"line":68},"5":{"name":"databaseHealthCheck","decl":{"start":{"line":70,"column":35},"end":{"line":73,"column":2}},"loc":{"start":{"line":70,"column":35},"end":{"line":73,"column":2}},"line":70},"6":{"name":"redisHealthCheck","decl":{"start":{"line":75,"column":32},"end":{"line":78,"column":2}},"loc":{"start":{"line":75,"column":32},"end":{"line":78,"column":2}},"line":75}},"f":{"0":14,"1":7,"2":5,"3":1,"4":1,"5":2,"6":2}},"/workspaces/ECONEURA-/packages/shared/src/index.ts":{"path":"/workspaces/ECONEURA-/packages/shared/src/index.ts","all":false,"statementMap":{"1":{"start":{"line":2,"column":0},"end":{"line":2,"column":32}},"2":{"start":{"line":3,"column":0},"end":{"line":3,"column":55}},"5":{"start":{"line":6,"column":0},"end":{"line":6,"column":80}},"6":{"start":{"line":7,"column":0},"end":{"line":7,"column":58}},"10":{"start":{"line":11,"column":0},"end":{"line":11,"column":23}},"11":{"start":{"line":12,"column":0},"end":{"line":12,"column":6}},"12":{"start":{"line":13,"column":0},"end":{"line":13,"column":48}},"13":{"start":{"line":14,"column":0},"end":{"line":14,"column":10}},"15":{"start":{"line":16,"column":0},"end":{"line":16,"column":28}},"16":{"start":{"line":17,"column":0},"end":{"line":17,"column":2}},"17":{"start":{"line":18,"column":0},"end":{"line":18,"column":1}}},"s":{"1":1,"2":1,"5":1,"6":1,"10":1,"11":1,"12":1,"13":1,"15":1,"16":1,"17":1},"branchMap":{"0":{"type":"branch","line":11,"loc":{"start":{"line":11,"column":7},"end":{"line":18,"column":1}},"locations":[{"start":{"line":11,"column":7},"end":{"line":18,"column":1}}]}},"b":{"0":[1]},"fnMap":{"0":{"name":"env","decl":{"start":{"line":11,"column":7},"end":{"line":18,"column":1}},"loc":{"start":{"line":11,"column":7},"end":{"line":18,"column":1}},"line":11}},"f":{"0":1}},"/workspaces/ECONEURA-/packages/shared/src/logging/index.ts":{"path":"/workspaces/ECONEURA-/packages/shared/src/logging/index.ts","all":false,"statementMap":{"25":{"start":{"line":26,"column":0},"end":{"line":26,"column":48}},"26":{"start":{"line":27,"column":0},"end":{"line":27,"column":34}},"27":{"start":{"line":28,"column":0},"end":{"line":28,"column":53}},"29":{"start":{"line":30,"column":0},"end":{"line":30,"column":31}},"30":{"start":{"line":31,"column":0},"end":{"line":31,"column":84}},"31":{"start":{"line":32,"column":0},"end":{"line":32,"column":43}},"32":{"start":{"line":33,"column":0},"end":{"line":33,"column":17}},"33":{"start":{"line":34,"column":0},"end":{"line":34,"column":5}},"35":{"start":{"line":36,"column":0},"end":{"line":36,"column":83}},"37":{"start":{"line":38,"column":0},"end":{"line":38,"column":41}},"38":{"start":{"line":39,"column":0},"end":{"line":39,"column":45}},"39":{"start":{"line":40,"column":0},"end":{"line":40,"column":20}},"40":{"start":{"line":41,"column":0},"end":{"line":41,"column":5}},"41":{"start":{"line":42,"column":0},"end":{"line":42,"column":15}},"42":{"start":{"line":43,"column":0},"end":{"line":43,"column":5}},"43":{"start":{"line":44,"column":0},"end":{"line":44,"column":1}},"45":{"start":{"line":46,"column":0},"end":{"line":46,"column":49}},"46":{"start":{"line":47,"column":0},"end":{"line":47,"column":44}},"47":{"start":{"line":48,"column":0},"end":{"line":48,"column":24}},"48":{"start":{"line":49,"column":0},"end":{"line":49,"column":48}},"49":{"start":{"line":50,"column":0},"end":{"line":50,"column":23}},"50":{"start":{"line":51,"column":0},"end":{"line":51,"column":70}},"51":{"start":{"line":52,"column":0},"end":{"line":52,"column":9}},"53":{"start":{"line":54,"column":0},"end":{"line":54,"column":42}},"54":{"start":{"line":55,"column":0},"end":{"line":55,"column":13}},"56":{"start":{"line":57,"column":0},"end":{"line":57,"column":11}},"57":{"start":{"line":58,"column":0},"end":{"line":58,"column":32}},"58":{"start":{"line":59,"column":0},"end":{"line":59,"column":15}},"59":{"start":{"line":60,"column":0},"end":{"line":60,"column":25}},"60":{"start":{"line":61,"column":0},"end":{"line":61,"column":7}},"61":{"start":{"line":62,"column":0},"end":{"line":62,"column":5}},"62":{"start":{"line":63,"column":0},"end":{"line":63,"column":5}},"63":{"start":{"line":64,"column":0},"end":{"line":64,"column":1}},"70":{"start":{"line":71,"column":0},"end":{"line":71,"column":80}},"72":{"start":{"line":73,"column":0},"end":{"line":73,"column":27}},"73":{"start":{"line":74,"column":0},"end":{"line":74,"column":75}},"74":{"start":{"line":75,"column":0},"end":{"line":75,"column":37}},"75":{"start":{"line":76,"column":0},"end":{"line":76,"column":5}},"77":{"start":{"line":78,"column":0},"end":{"line":78,"column":66}},"78":{"start":{"line":79,"column":0},"end":{"line":79,"column":53}},"79":{"start":{"line":80,"column":0},"end":{"line":80,"column":56}},"80":{"start":{"line":81,"column":0},"end":{"line":81,"column":41}},"81":{"start":{"line":82,"column":0},"end":{"line":82,"column":39}},"82":{"start":{"line":83,"column":0},"end":{"line":83,"column":56}},"83":{"start":{"line":84,"column":0},"end":{"line":84,"column":3}},"84":{"start":{"line":85,"column":0},"end":{"line":85,"column":1}},"86":{"start":{"line":87,"column":0},"end":{"line":87,"column":39}},"87":{"start":{"line":88,"column":0},"end":{"line":88,"column":75}},"88":{"start":{"line":89,"column":0},"end":{"line":89,"column":39}},"89":{"start":{"line":90,"column":0},"end":{"line":90,"column":1}},"91":{"start":{"line":92,"column":0},"end":{"line":92,"column":31}},"92":{"start":{"line":93,"column":0},"end":{"line":93,"column":46}},"93":{"start":{"line":94,"column":0},"end":{"line":94,"column":43}},"94":{"start":{"line":95,"column":0},"end":{"line":95,"column":39}},"96":{"start":{"line":97,"column":0},"end":{"line":97,"column":45}},"97":{"start":{"line":98,"column":0},"end":{"line":98,"column":4}},"98":{"start":{"line":99,"column":0},"end":{"line":99,"column":46}},"99":{"start":{"line":100,"column":0},"end":{"line":100,"column":43}},"100":{"start":{"line":101,"column":0},"end":{"line":101,"column":39}},"101":{"start":{"line":102,"column":0},"end":{"line":102,"column":45}},"102":{"start":{"line":103,"column":0},"end":{"line":103,"column":4}},"103":{"start":{"line":104,"column":0},"end":{"line":104,"column":47}},"104":{"start":{"line":105,"column":0},"end":{"line":105,"column":44}},"105":{"start":{"line":106,"column":0},"end":{"line":106,"column":39}},"106":{"start":{"line":107,"column":0},"end":{"line":107,"column":46}},"107":{"start":{"line":108,"column":0},"end":{"line":108,"column":4}},"108":{"start":{"line":109,"column":0},"end":{"line":109,"column":47}},"109":{"start":{"line":110,"column":0},"end":{"line":110,"column":44}},"110":{"start":{"line":111,"column":0},"end":{"line":111,"column":39}},"113":{"start":{"line":114,"column":0},"end":{"line":114,"column":46}},"114":{"start":{"line":115,"col
[...]
,"end":{"line":44,"column":3}},"locations":[{"start":{"line":38,"column":2},"end":{"line":44,"column":3}}]},"9":{"type":"branch","line":40,"loc":{"start":{"line":40,"column":9},"end":{"line":40,"column":48}},"locations":[{"start":{"line":40,"column":9},"end":{"line":40,"column":48}}]},"10":{"type":"branch","line":40,"loc":{"start":{"line":40,"column":48},"end":{"line":42,"column":5}},"locations":[{"start":{"line":40,"column":48},"end":{"line":42,"column":5}}]},"11":{"type":"branch","line":42,"loc":{"start":{"line":42,"column":4},"end":{"line":43,"column":55}},"locations":[{"start":{"line":42,"column":4},"end":{"line":43,"column":55}}]},"12":{"type":"branch","line":46,"loc":{"start":{"line":46,"column":2},"end":{"line":49,"column":3}},"locations":[{"start":{"line":46,"column":2},"end":{"line":49,"column":3}}]},"13":{"type":"branch","line":48,"loc":{"start":{"line":48,"column":11},"end":{"line":48,"column":31}},"locations":[{"start":{"line":48,"column":11},"end":{"line":48,"column":31}}]},"14":{"type":"branch","line":48,"loc":{"start":{"line":48,"column":18},"end":{"line":48,"column":58}},"locations":[{"start":{"line":48,"column":18},"end":{"line":48,"column":58}}]},"15":{"type":"branch","line":51,"loc":{"start":{"line":51,"column":2},"end":{"line":53,"column":3}},"locations":[{"start":{"line":51,"column":2},"end":{"line":53,"column":3}}]},"16":{"type":"branch","line":57,"loc":{"start":{"line":57,"column":7},"end":{"line":77,"column":1}},"locations":[{"start":{"line":57,"column":7},"end":{"line":77,"column":1}}]},"17":{"type":"branch","line":58,"loc":{"start":{"line":58,"column":9},"end":{"line":76,"column":4}},"locations":[{"start":{"line":58,"column":9},"end":{"line":76,"column":4}}]},"18":{"type":"branch","line":59,"loc":{"start":{"line":59,"column":16},"end":{"line":59,"column":38}},"locations":[{"start":{"line":59,"column":16},"end":{"line":59,"column":38}}]},"19":{"type":"branch","line":59,"loc":{"start":{"line":59,"column":34},"end":{"line":59,"column":50}},"locations":[{"start":{"line":59,"column":34},"end":{"line":59,"column":50}}]},"20":{"type":"branch","line":61,"loc":{"start":{"line":61,"column":33},"end":{"line":68,"column":5}},"locations":[{"start":{"line":61,"column":33},"end":{"line":68,"column":5}}]},"21":{"type":"branch","line":68,"loc":{"start":{"line":68,"column":4},"end":{"line":75,"column":11}},"locations":[{"start":{"line":68,"column":4},"end":{"line":75,"column":11}}]}},"b":{"0":[19],"1":[19],"2":[33],"3":[18],"4":[16],"5":[17],"6":[4],"7":[13],"8":[13],"9":[10],"10":[3],"11":[10],"12":[9],"13":[8],"14":[1],"15":[1],"16":[4],"17":[6],"18":[1],"19":[5],"20":[1],"21":[5]},"fnMap":{"0":{"name":"<instance_members_initializer>","decl":{"start":{"line":7,"column":25},"end":{"line":54,"column":1}},"loc":{"start":{"line":7,"column":25},"end":{"line":54,"column":1}},"line":7},"1":{"name":"RateLimiter","decl":{"start":{"line":12,"column":2},"end":{"line":15,"column":3}},"loc":{"start":{"line":12,"column":2},"end":{"line":15,"column":3}},"line":12},"2":{"name":"isAllowed","decl":{"start":{"line":17,"column":2},"end":{"line":36,"column":3}},"loc":{"start":{"line":17,"column":2},"end":{"line":36,"column":3}},"line":17},"3":{"name":"getRemainingRequests","decl":{"start":{"line":38,"column":2},"end":{"line":44,"column":3}},"loc":{"start":{"line":38,"column":2},"end":{"line":44,"column":3}},"line":38},"4":{"name":"getResetTime","decl":{"start":{"line":46,"column":2},"end":{"line":49,"column":3}},"loc":{"start":{"line":46,"column":2},"end":{"line":49,"column":3}},"line":46},"5":{"name":"clear","decl":{"start":{"line":51,"column":2},"end":{"line":53,"column":3}},"loc":{"start":{"line":51,"column":2},"end":{"line":53,"column":3}},"line":51},"6":{"name":"createRateLimitMiddleware","decl":{"start":{"line":57,"column":7},"end":{"line":77,"column":1}},"loc":{"start":{"line":57,"column":7},"end":{"line":77,"column":1}},"line":57}},"f":{"0":19,"1":19,"2":33,"3":13,"4":9,"5":1,"6":4}},"/workspaces/ECONEURA-/packages/shared/src/retry.ts":{"path":"/workspaces/ECONEURA-/packages/shared/src/retry.ts","all":false,"statementMap":{"10":{"start":{"line":11,"column":0},"end":{"line":11,"column":50}},"11":{"start":{"line":12,"column":0},"end":{"line":12,"column":17}},"12":{"start":{"line":13,"column":0},"end":{"line":13,"column":16}},"13":{"start":{"line":14,"column":0},"end":{"line":14,"column":23}},"14":{"start":{"line":15,"column":0},"end":{"line":15,"column":20}},"15":{"start":{"line":16,"column":0},"end":{"line":16,"column":37}},"17":{"start":{"line":18,"column":0},"end":{"line":18,"column":47}},"18":{"start":{"line":19,"column":0},"end":{"line":19,"column":47}},"19":{"start":{"line":20,"column":0},"end":{"line":20,"column":50}},"20":{"start":{"line":21,"column":0},"end":{"line":21,"column":47}},"21":{"start":{"line":22,"column":0},"end":{"line":22,"column":3}},"22":{"start":{"line":23,"column":0},"end":{"line":23,"column":2}},"25":{"start":{"line":26,"column":0},"end":{"line":26,"column":43}},"26":{"start":{"line":27,"column":0},"end":{"line":27,"column":57}},"27":{"start":{"line":28,"column":0},"end":{"line":28,"column":1}},"30":{"start":{"line":31,"column":0},"end":{"line":31,"column":35}},"31":{"start":{"line":32,"column":0},"end":{"line":32,"column":23}},"32":{"start":{"line":33,"column":0},"end":{"line":33,"column":37}},"33":{"start":{"line":34,"column":0},"end":{"line":34,"column":15}},"34":{"start":{"line":35,"column":0},"end":{"line":35,"column":54}},"35":{"start":{"line":36,"column":0},"end":{"line":36,"column":23}},"37":{"start":{"line":38,"column":0},"end":{"line":38,"column":65}},"38":{"start":{"line":39,"column":0},"end":{"line":39,"column":9}},"39":{"start":{"line":40,"column":0},"end":{"line":40,"column":24}},"40":{"start":{"line":41,"column":0},"end":{"line":41,"column":21}},"41":{"start":{"line":42,"column":0},"end":{"line":42,"column":33}},"44":{"start":{"line":45,"column":0},"end":{"line":45,"column":41}},"45":{"start":{"line":46,"column":0},"end":{"line":46,"column":14}},"46":{"start":{"line":47,"column":0},"end":{"line":47,"column":7}},"49":{"start":{"line":50,"column":0},"end":{"line":50,"column":67}},"50":{"start":{"line":51,"column":0},"end":{"line":51,"column":14}},"51":{"start":{"line":52,"column":0},"end":{"line":52,"column":7}},"54":{"start":{"line":55,"column":0},"end":{"line":55,"column":108}},"56":{"start":{"line":57,"column":0},"end":{"line":57,"column":91}},"57":{"start":{"line":58,"column":0},"end":{"line":58,"column":25}},"58":{"start":{"line":59,"column":0},"end":{"line":59,"column":5}},"59":{"start":{"line":60,"column":0},"end":{"line":60,"column":3}},"61":{"start":{"line":62,"column":0},"end":{"line":62,"column":19}},"62":{"start":{"line":63,"column":0},"end":{"line":63,"column":1}},"65":{"start":{"line":66,"column":0},"end":{"line":66,"column":64}},"66":{"start":{"line":67,"column":0},"end":{"line":67,"column":19}},"67":{"start":{"line":68,"column":0},"end":{"line":68,"column":21}},"68":{"start":{"line":69,"column":0},"end":{"line":69,"column":25}},"69":{"start":{"line":70,"column":0},"end":{"line":70,"column":34}},"70":{"start":{"line":71,"column":0},"end":{"line":71,"column":5}},"71":{"start":{"line":72,"column":0},"end":{"line":72,"column":45}},"73":{"start":{"line":74,"column":0},"end":{"line":74,"column":60}},"74":{"start":{"line":75,"column":0},"end":{"line":75,"column":72}},"75":{"start":{"line":76,"column":0},"end":{"line":76,"column":6}},"77":{"start":{"line":78,"column":0},"end":{"line":78,"column":22}},"78":{"start":{"line":79,"column":0},"end":{"line":79,"column":4}},"79":{"start":{"line":80,"column":0},"end":{"line":80,"column":1}}},"s":{"10":1,"11":1,"12":1,"13":1,"14":1,"15":1,"17":9,"18":5,"19":3,"20":2,"21":9,"22":1,"25":5,"26":5,"27":5,"30":8,"31":8,"32":8,"33":8,"34":8,"35":8,"37":8,"38":13,"39":13,"40":13,"41":8,"44":8,"45":2,"46":2,"49":8,"50":1,"51":1,"54":5,"56":5,"57":5,"58":5,"59":13,"61":3,"62":3,"65":1,"66":1,"67":1,"68":1,"69":1,"70":1,"71":1,"73":1,"74":1,"75":1,"77":1,"78":1,"79":1},"branchMap":{"0":{"type":"branch","line":16,"loc":{"start":{"line":16,"column":18},"end":{"line":22,"column":3}},"locations":[{"start":{"line":16,"column":18},"end":{"line":22,"column":3}}]},"1":{"type":"branch","line":18,"loc":{"start":{"line":18,"column":43},"end":{"line":19,"column":47}},"locations":[{"start":{"line":18,"column":43},"end":{"line":19,"column":47}}]},"2":{"type":"branch","line":19,"loc":{"start":{"line":19,"column":43},"end":{"line":20,"column":50}},"locations":[{"start":{"line":19,"column":43},"end":{"line":20,"column":50}}]},"3":{"type":"branch","line":20,"loc":{"start":{"line":20,"column":46},"end":{"line":21,"column":47}},"locations":[{"start":{"line":20,"column":46},"end":{"line":21,"column":47}}]},"4":{"type":"branch","line":26,"loc":{"start":{"line":26,"column":0},"end":{"line":28,"column":1}},"locations":[{"start":{"line":26,"column":0},"end":{"line":28,"column":1}}]},"5":{"type":"branch","line":27,"loc":{"start":{"line":27,"column":21},"end":{"line":27,"column":55}},"locations":[{"start":{"line":27,"column":21},"end":{"line":27,"column":55}}]},"6":{"type":"branch","line":31,"loc":{"start":{"line":31,"column":0},"end":{"line":63,"column":1}},"locations":[{"start":{"line":31,"column":0},"end":{"line":63,"column":1}}]},"7":{"type":"branch","line":38,"loc":{"start":{"line":38,"column":64},"end":{"line":60,"column":3}},"locations":[{"start":{"line":38,"column":64},"end":{"line":60,"column":3}}]},"8":{"type":"branch","line":41,"loc":{"start":{"line":41,"column":4},"end":{"line":59,"column":5}},"locations":[{"start":{"line":41,"column":4},"end":{"line":59,"column":5}}]},"9":{"type":"branch","line":45,"loc":{"start":{"line":45,"column":40},"end":{"line":47,"column":7}},"locations":[{"start":{"line":45,"column":40},"end":{"line":47,"column":7}}]},"10":{"type":"branch","line":47,"loc":{"start":{"line":47,"column":6},"end":{"line":50,"column":66}},"locations":[{"start":{"line":47,"column":6},"end":{"line":50,"column":66}}]},"11":{"type":"branch","line":50,"loc":{"start":{"line":50,"column":66},"end":{"line":52,"column":7}},"locations":[{"start":{"line":50,"column":66},"end":{"line":52,"column":7}}]},"12":{"type":"branch","line":52,"loc":{"start":{"line":52,"column":6},"end":{"line":59,"column":5}},"locations":[{"start":{"line":52,"column":6},"end":{"line":59,"column":5}}]},"13":{"type":"branch","line":60,"loc":{"start":{"line":60,"column":2},"end":{"line":63,"column":1}},"locations":[{"start":{"line":60,"column":2},"end":{"line":63,"column":1}}]},"14":{"type":"branch","line":66,"loc":{"start":{"line":66,"column":7},"end":{"line":80,"column":1}},"locations":[{"start":{"line":66,"column":7},"end":{"line":80,"column":1}}]},"15":{"type":"branch","line":67,"loc":{"start":{"line":67,"column":9},"end":{"line":79,"column":4}},"locations":[{"start":{"line":67,"column":9},"end":{"line":79,"column":4}}]},"16":{"type":"branch","line":74,"loc":{"start":{"line":74,"column":23},"end":{"line":76,"column":6}},"locations":[{"start":{"line":74,"column":23},"end":{"line":76,"column":6}}]},"17":{"type":"branch","line":75,"loc":{"start":{"line":75,"column":23},"end":{"line":75,"column":63}},"locations":[{"start":{"line":75,"column":23},"end":{"line":75,"column":63}}]}},"b":{"0":[9],"1":[5],"2":[3],"3":[2],"4":[5],"5":[5],"6":[8],"7":[13],"8":[8],"9":[2],"10":[6],"11":[1],"12":[5],"13":[3],"14":[1],"15":[1],"16":[1],"17":[2]},"fnMap":{"0":{"name":"retryCondition","decl":{"start":{"line":16,"column":18},"end":{"line":22,"column":3}},"loc":{"start":{"line":16,"column":18},"end":{"line":22,"column":3}},"line":16},"1":{"name":"sleep","decl":{"start":{"line":26,"column":0},"end":{"line":28,"column":1}},"loc":{"start":{"line":26,"column":0},"end":{"line":28,"column":1}},"line":26},"2":{"name":"withRetry","decl":{"start":{"line":31,"column":0},"end":{"line":63,"column":1}},"loc":{"start":{"line":31,"column":0},"end":{"line":63,"column":1}},"line":31},"3":{"name":"retryable","decl":{"start":{"line":66,"column":7},"end":{"line":80,"column":1}},"loc":{"start":{"line":66,"column":7},"end":{"line":80,"column":1}},"line":66},"4":{"name":"descriptor.value","decl":{"start":{"line":74,"column":23},"end":{"line":76,"column":6}},"loc":{"start":{"line":74,"column":23},"end":{"line":76,"column":6}},"line":74}},"f":{"0":9,"1":5,"2":8,"3":1,"4":1}},"/workspaces/ECONEURA-/packages/shared/src/utils/fetch-safe.ts":{"path":"/workspaces/ECONEURA-/packages/shared/src/utils/fetch-safe.ts","all":false,"statementMap":{"1":{"start":{"line":2,"column":0},"end":{"line":2,"column":138}}},"s":{"1":2},"branchMap":{"0":{"type":"branch","line":2,"loc":{"start":{"line":2,"column":0},"end":{"line":2,"column":138}},"locations":[{"start":{"line":2,"column":0},"end":{"line":2,"column":138}}]},"1":{"type":"branch","line":2,"loc":{"start":{"line":2,"column":121},"end":{"line":2,"column":133}},"locations":[{"start":{"line":2,"column":121},"end":{"line":2,"column":133}}]}},"b":{"0":[2],"1":[1]},"fnMap":{"0":{"name":"fetchSafe","decl":{"start":{"line":2,"column":0},"end":{"line":2,"column":138}},"loc":{"start":{"line":2,"column":0},"end":{"line":2,"column":138}},"line":2}},"f":{"0":2}},"/workspaces/ECONEURA-/packages/shared/src/validation.ts":{"path":"/workspaces/ECONEURA-/packages/shared/src/validation.ts","all":false,"statementMap":{"0":{"start":{"line":1,"column":0},"end":{"line":1,"column":24}},"3":{"start":{"line":4,"column":0},"end":{"line":4,"column":68}},"5":{"start":{"line":6,"column":0},"end":{"line":6,"column":65}},"7":{"start":{"line":8,"column":0},"end":{"line":8,"column":76}},"9":{"start":{"line":10,"column":0},"end":{"line":10,"column":73}},"12":{"start":{"line":13,"column":0},"end":{"line":13,"column":55}},"13":{"start":{"line":14,"column":0},"end":{"line":14,"column":46}},"14":{"start":{"line":15,"column":0},"end":{"line":15,"column":1}},"16":{"start":{"line":17,"column":0},"end":{"line":17,"column":53}},"17":{"start":{"line":18,"column":0},"end":{"line":18,"column":44}},"18":{"start":{"line":19,"column":0},"end":{"line":19,"column":1}},"20":{"start":{"line":21,"column":0},"end":{"line":21,"column":63}},"21":{"start":{"line":22,"column":0},"end":{"line":22,"column":53}},"22":{"start":{"line":23,"column":0},"end":{"line":23,"column":1}},"24":{"start":{"line":25,"column":0},"end":{"line":25,"column":63}},"25":{"start":{"line":26,"column":0},"end":{"line":26,"column":53}},"26":{"start":{"line":27,"column":0},"end":{"line":27,"column":1}},"29":{"start":{"line":30,"column":0},"end":{"line":30,"column":143}},"30":{"start":{"line":31,"column":0},"end":{"line":31,"column":40}},"31":{"start":{"line":32,"column":0},"end":{"line":32,"column":23}},"32":{"start":{"line":33,"column":0},"end":{"line":33,"column":48}},"33":{"start":{"line":34,"column":0},"end":{"line":34,"column":3}},"34":{"start":{"line":35,"column":0},"end":{"line":35,"column":57}},"35":{"start":{"line":36,"column":0},"end":{"line":36,"column":1}}},"s":{"0":1,"3":1,"5":1,"7":1,"9":1,"12":1,"13":2,"14":2,"16":1,"17":2,"18":2,"20":1,"21":2,"22":2,"24":1,"25":2,"26":2,"29":1,"30":2,"31":2,"32":1,"33":1,"34":1,"35":1},"branchMap":{"0":{"type":"branch","line":13,"loc":{"start":{"line":13,"column":7},"end":{"line":15,"column":1}},"locations":[{"start":{"line":13,"column":7},"end":{"line":15,"column":1}}]},"1":{"type":"branch","line":17,"loc":{"start":{"line":17,"column":7},"end":{"line":19,"column":1}},"locations":[{"start":{"line":17,"column":7},"end":{"line":19,"column":1}}]},"2":{"type":"branch","line":21,"loc":{"start":{"line":21,"column":7},"end":{"line":23,"column":1}},"locations":[{"start":{"line":21,"column":7},"end":{"line":23,"column":1}}]},"3":{"type":"branch","line":25,"loc":{"start":{"line":25,"column":7},"end":{"line":27,"column":1}},"locations":[{"start":{"line":25,"column":7},"end":{"line":27,"column":1}}]},"4":{"type":"branch","line":30,"loc":{"start":{"line":30,"column":7},"end":{"line":36,"column":1}},"locations":[{"start":{"line":30,"column":7},"end":{"line":36,"column":1}}]},"5":{"type":"branch","line":32,"loc":{"start":{"line":32,"column":22},"end":{"line":36,"column":1}},"locations":[{"start":{"line":32,"column":22},"end":{"line":36,"column":1}}]}},"b":{"0":[2],"1":[2],"2":[2],"3":[2],"4":[2],"5":[1]},"fnMap":{"0":{"name":"validateEmail","decl":{"start":{"line":13,"column":7},"end":{"line":15,"column":1}},"loc":{"start":{"line":13,"column":7},"end":{"line":15,"column":1}},"line":13},"1":{"name":"validateUUID","decl":{"start":{"line":17,"column":7},"end":{"line":19,"column":1}},"loc":{"start":{"line":17,"column":7},"end":{"line":19,"column":1}},"line":17},"2":{"name":"validatePositiveNumber","decl":{"start":{"line":21,"column":7},"end":{"line":23,"column":1}},"loc":{"start":{"line":21,"column":7},"end":{"line":23,"column":1}},"line":21},"3":{"name":"validateNonEmptyString","decl":{"start":{"line":25,"column":7},"end":{"line":27,"column":1}},"loc":{"start":{"line":25,"column":7},"end":{"line":27,"column":1}},"line":25},"4":{"name":"validateData","decl":{"start":{"line":30,"column":7},"end":{"line":36,"column":1}},"loc":{"start":{"line":30,"column":7},"end":{"line":36,"column":1}},"line":30}},"f":{"0":2,"1":2,"2":2,"3":2,"4":2}},"/workspaces/ECONEURA-/packages/shared/src/validation/crm.ts":{"path":"/workspaces/ECONEURA-/packages/shared/src/validation/crm.ts","all":false,"statementMap":{"1":{"start":{"line":2,"column":0},"end":{"line":2,"column":47}},"2":{"start":{"line":3,"column":0},"end":{"line":3,"column":35}},"3":{"start":{"line":4,"column":0},"end":{"line":4,"column":1}},"5":{"start":{"line":6,"column":0},"end":{"line":6,"column":47}},"6":{"start":{"line":7,"column":0},"end":{"line":7,"column":54}},"7":{"start":{"line":8,"column":0},"end":{"line":8,"column":1}}},"s":{"1":1,"2":1,"3":1,"5":1,"6":1,"7":1},"branchMap":{"0":{"type":"branch","line":2,"loc":{"start":{"line":2,"column":7},"end":{"line":4,"column":1}},"locations":[{"start":{"line":2,"column":7},"end":{"line":4,"column":1}}]},"1":{"type":"branch","line":6,"loc":{"start":{"line":6,"column":7},"end":{"line":8,"column":1}},"locations":[{"start":{"line":6,"column":7},"end":{"line":8,"column":1}}]},"2":{"type":"branch","line":7,"loc":{"start":{"line":7,"column":31},"end":{"line":7,"column":54}},"locations":[{"start":{"line":7,"column":31},"end":{"line":7,"column":54}}]}},"b":{"0":[1],"1":[1],"2":[0]},"fnMap":{"0":{"name":"validateCompany","decl":{"start":{"line":2,"column":7},"end":{"line":4,"column":1}},"loc":{"start":{"line":2,"column":7},"end":{"line":4,"column":1}},"line":2},"1":{"name":"validateContact","decl":{"start":{"line":6,"column":7},"end":{"line":8,"column":1}},"loc":{"start":{"line":6,"column":7},"end":{"line":8,"column":1}},"line":6}},"f":{"0":1,"1":1}},"/workspaces/ECONEURA-/packages/shared/src/validation/erp.ts":{"path":"/workspaces/ECONEURA-/packages/shared/src/validation/erp.ts","all":false,"statementMap":{"1":{"start":{"line":2,"column":0},"end":{"line":2,"column":47}},"2":{"start":{"line":3,"column":0},"end":{"line":3,"column":36}},"3":{"start":{"line":4,"column":0},"end":{"line":4,"column":1}},"5":{"start":{"line":6,"column":0},"end":{"line":6,"column":48}},"6":{"start":{"line":7,"column":0},"end":{"line":7,"column":35}},"7":{"start":{"line":8,"column":0},"end":{"line":8,"column":1}}},"s":{"1":1,"2":1,"3":1,"5":1,"6":1,"7":1},"branchMap":{"0":{"type":"branch","line":2,"loc":{"start":{"line":2,"column":7},"end":{"line":4,"column":1}},"locations":[{"start":{"line":2,"column":7},"end":{"line":4,"column":1}}]},"1":{"type":"branch","line":6,"loc":{"start":{"line":6,"column":7},"end":{"line":8,"column":1}},"locations":[{"start":{"line":6,"column":7},"end":{"line":8,"column":1}}]}},"b":{"0":[1],"1":[1]},"fnMap":{"0":{"name":"validateInvoice","decl":{"start":{"line":2,"column":7},"end":{"line":4,"column":1}},"loc":{"start":{"line":2,"column":7},"end":{"line":4,"column":1}},"line":2},"1":{"name":"validateCustomer","decl":{"start":{"line":6,"column":7},"end":{"line":8,"column":1}},"loc":{"start":{"line":6,"column":7},"end":{"line":8,"column":1}},"line":6}},"f":{"0":1,"1":1}}}}