{"numTotalTestSuites":77,"numPassedTestSuites":77,"numFailedTestSuites":0,"numPendingTestSuites":0,"numTotalTests":124,"numPassedTests":124,"numFailedTests":0,"numPendingTests":0,"numTodoTests":0,"snapshot":{"added":0,"failure":false,"filesAdded":0,"filesRemoved":0,"filesRemovedList":[],"filesUnmatched":0,"filesUpdated":0,"matched":0,"total":0,"unchecked":0,"uncheckedKeysByFile":[],"unmatched":0,"updated":0,"didUpdate":false},"startTime":1759455478505,"success":true,"testResults":[{"assertionResults":[{"ancestorTitles":["shared smoke test"],"fullName":"shared smoke test should pass basic assertion","status":"passed","title":"should pass basic assertion","duration":2.477800000000002,"failureMessages":[],"meta":{}},{"ancestorTitles":["shared smoke test"],"fullName":"shared smoke test should import shared modules","status":"passed","title":"should import shared modules","duration":0.25880000000006476,"failureMessages":[],"meta":{}},{"ancestorTitles":["shared smoke test","minimal.ts"],"fullName":"shared smoke test minimal.ts should create API response","status":"passed","title":"should create API response","duration":1.0217999999999847,"failureMessages":[],"meta":{}},{"ancestorTitles":["shared smoke test","minimal.ts"],"fullName":"shared smoke test minimal.ts should create API response without message","status":"passed","title":"should create API response without message","duration":0.33360000000004675,"failureMessages":[],"meta":{}},{"ancestorTitles":["shared smoke test","minimal.ts"],"fullName":"shared smoke test minimal.ts should create error response","status":"passed","title":"should create error response","duration":0.33789999999999054,"failureMessages":[],"meta":{}},{"ancestorTitles":["shared smoke test","minimal.ts"],"fullName":"shared smoke test minimal.ts should validate User interface","status":"passed","title":"should validate User interface","duration":0.2397000000000844,"failureMessages":[],"meta":{}},{"ancestorTitles":["shared smoke test","minimal.ts"],"fullName":"shared smoke test minimal.ts should validate ApiResponse interface","status":"passed","title":"should validate ApiResponse interface","duration":0.32599999999990814,"failureMessages":[],"meta":{}},{"ancestorTitles":["shared smoke test","utils/fetch-safe.ts"],"fullName":"shared smoke test utils/fetch-safe.ts should export fetchSafe function","status":"passed","title":"should export fetchSafe function","duration":0.20119999999997162,"failureMessages":[],"meta":{}},{"ancestorTitles":["shared smoke test","utils/fetch-safe.ts"],"fullName":"shared smoke test utils/fetch-safe.ts should export FetchLike type","status":"passed","title":"should export FetchLike type","duration":0.24569999999994252,"failureMessages":[],"meta":{}},{"ancestorTitles":["shared smoke test","utils/fetch-safe.ts"],"fullName":"shared smoke test utils/fetch-safe.ts should call fetch with merged headers","status":"passed","title":"should call fetch with merged headers","duration":3.180499999999938,"failureMessages":[],"meta":{}},{"ancestorTitles":["shared smoke test","utils/fetch-safe.ts"],"fullName":"shared smoke test utils/fetch-safe.ts should handle empty headers","status":"passed","title":"should handle empty headers","duration":0.7320999999999458,"failureMessages":[],"meta":{}}],"startTime":1759455485754,"endTime":1759455485763.7322,"status":"passed","message":"","name":"C:/Users/Usuario/ECONEURA-/ECONEURA-/packages/shared/src/smoke.shared.test.ts"},{"assertionResults":[{"ancestorTitles":["shared/logger"],"fullName":"shared/logger calls console methods with message and meta","status":"passed","title":"calls console methods with message and meta","duration":6.09030000000007,"failureMessages":[],"meta":{}},{"ancestorTitles":["shared/logger"],"fullName":"shared/logger serializes Error objects into plain objects","status":"passed","title":"serializes Error objects into plain objects","duration":11.41210000000001,"failureMessages":[],"meta":{}},{"ancestorTitles":["shared/logger"],"fullName":"shared/logger handles circular references gracefully","status":"passed","title":"handles circular references gracefully","duration":0.7671000000000276,"failureMessages":[],"meta":{}},{"ancestorTitles":["shared/logger"],"fullName":"shared/logger respects log level filtering","status":"passed","title":"respects log level filtering","duration":0.8088999999999942,"failureMessages":[],"meta":{}}],"startTime":1759455483389,"endTime":1759455483408.8088,"status":"passed","message":"","name":"C:/Users/Usuario/ECONEURA-/ECONEURA-/packages/shared/src/logging/index.test.ts"},{"assertionResults":[{"ancestorTitles":["shared/logger - transport"],"fullName":"shared/logger - transport routes logs to the configured transport","status":"passed","title":"routes logs to the configured transport","duration":13.501099999999951,"failureMessages":[],"meta":{}},{"ancestorTitles":["shared/logger - transport"],"fullName":"shared/logger - transport clearTransport restores console routing","status":"passed","title":"clearTransport restores console routing","duration":3.0423000000000684,"failureMessages":[],"meta":{}}],"startTime":1759455484732,"endTime":1759455484749.0422,"status":"passed","message":"","name":"C:/Users/Usuario/ECONEURA-/ECONEURA-/packages/shared/src/logging/transport.test.ts"},{"assertionResults":[{"ancestorTitles":["Config Module"],"fullName":"Config Module should validate required environment variables","status":"passed","title":"should validate required environment variables","duration":3.4087999999999283,"failureMessages":[],"meta":{}},{"ancestorTitles":["Config Module"],"fullName":"Config Module should validate URL formats","status":"passed","title":"should validate URL formats","duration":3.611599999999953,"failureMessages":[],"meta":{}},{"ancestorTitles":["Config Module"],"fullName":"Config Module should validate JWT secret minimum length","status":"passed","title":"should validate JWT secret minimum length","duration":2.143199999999979,"failureMessages":[],"meta":{}},{"ancestorTitles":["Config Module"],"fullName":"Config Module should validate numeric transformations","status":"passed","title":"should validate numeric transformations","duration":1.7545999999999822,"failureMessages":[],"meta":{}},{"ancestorTitles":["Config Module"],"fullName":"Config Module should validate enum values","status":"passed","title":"should validate enum values","duration":1.9515999999998712,"failureMessages":[],"meta":{}},{"ancestorTitles":["Config Module"],"fullName":"Config Module should handle default values correctly","status":"passed","title":"should handle default values correctly","duration":3.449299999999994,"failureMessages":[],"meta":{}},{"ancestorTitles":["Config Module"],"fullName":"Config Module should validate Azure OpenAI configuration","status":"passed","title":"should validate Azure OpenAI configuration","duration":1.211999999999989,"failureMessages":[],"meta":{}}],"startTime":1759455483068,"endTime":1759455483086.212,"status":"passed","message":"","name":"C:/Users/Usuario/ECONEURA-/ECONEURA-/packages/shared/src/__tests__/config.test.ts"},{"assertionResults":[{"ancestorTitles":["config helpers"],"fullName":"config helpers loadConfig returns parsed config with defaults","status":"passed","title":"loadConfig returns parsed config with defaults","duration":34.2663,"failureMessages":[],"meta":{}},{"ancestorTitles":["config helpers"],"fullName":"config helpers loadConfig throws when required var missing","status":"passed","title":"loadConfig throws when required var missing","duration":9.16339999999991,"failureMessages":[],"meta":{}},{"ancestorTitles":["config helpers"],"fullName":"config helpers getRequiredConfig returns value and respects defaults; throws for missing optional keys","status":"passed","title":"getRequiredConfig returns value and respects defaults; throws for missing optional keys","duration":7.581100000000106,"failureMessages":[],"meta":{}},{"ancestorTitles":["config helpers"],"fullName":"config helpers getOptionalConfig returns default when missing","status":"passed","title":"getOptionalConfig returns default when missing","duration":3.313699999999926,"failureMessages":[],"meta":{}}],"startTime":1759455479838,"endTime":1759455479892.3137,"status":"passed","message":"","name":"C:/Users/Usuario/ECONEURA-/ECONEURA-/packages/shared/src/__tests__/config.unit.test.ts"},{"assertionResults":[{"ancestorTitles":["coverage smoke"],"fullName":"coverage smoke imports ai cost-utils safely","status":"passed","title":"imports ai cost-utils safely","duration":6.656900000000064,"failureMessages":[],"meta":{}},{"ancestorTitles":["coverage smoke"],"fullName":"coverage smoke imports graph env.guard safely","status":"passed","title":"imports graph env.guard safely","duration":1.7463000000000193,"failureMessages":[],"meta":{}},{"ancestorTitles":["coverage smoke"],"fullName":"coverage smoke imports otel index safely","status":"passed","title":"imports otel index safely","duration":1.7024999999999864,"failureMessages":[],"meta":{}},{"ancestorTitles":["coverage smoke"],"fullName":"coverage smoke imports schemas index safely","status":"passed","title":"imports schemas index safely","duration":1.5103000000000293,"failureMessages":[],"meta":{}},{"ancestorTitles":["coverage smoke"],"fullName":"coverage smoke imports types index safely","status":"passed","title":"imports types index safely","duration":1.4177000000000817,"failureMessages":[],"meta":{}}],"startTime":1759455485616,"endTime":1759455485629.4177,"status":"passed","message":"","name":"C:/Users/Usuario/ECONEURA-/ECONEURA-/packages/shared/src/__tests__/coverage.smoke.test.ts"},{"assertionResults":[{"ancestorTitles":["coverage smoke 2"],"fullName":"coverage smoke 2 imports ../ai/cost-utils","status":"passed","title":"imports ../ai/cost-utils","duration":66.774,"failureMessages":[],"meta":{}},{"ancestorTitles":["coverage smoke 2"],"fullName":"coverage smoke 2 imports ../clients/admin-client","status":"passed","title":"imports ../clients/admin-client","duration":33.45729999999992,"failureMessages":[],"meta":{}},{"ancestorTitles":["coverage smoke 2"],"fullName":"coverage smoke 2 imports ../clients/ai-client","status":"passed","title":"imports ../clients/ai-client","duration":50.178699999999935,"failureMessages":[],"meta":{}},{"ancestorTitles":["coverage smoke 2"],"fullName":"coverage smoke 2 imports ../clients/flows-client","status":"passed","title":"imports ../clients/flows-client","duration":24.873299999999972,"failureMessages":[],"meta":{}},{"ancestorTitles":["coverage smoke 2"],"fullName":"coverage smoke 2 imports ../clients/integrations-client","status":"passed","title":"imports ../clients/integrations-client","duration":34.3273999999999,"failureMessages":[],"meta":{}},{"ancestorTitles":["coverage smoke 2"],"fullName":"coverage smoke 2 imports ../graph/env.guard","status":"passed","title":"imports ../graph/env.guard","duration":17.25499999999988,"failureMessages":[],"meta":{}},{"ancestorTitles":["coverage smoke 2"],"fullName":"coverage smoke 2 imports ../otel/index","status":"passed","title":"imports ../otel/index","duration":15.939100000000053,"failureMessages":[],"meta":{}},{"ancestorTitles":["coverage smoke 2"],"fullName":"coverage smoke 2 imports ../schemas/ai","status":"passed","title":"imports ../schemas/ai","duration":77.12850000000003,"failureMessages":[],"meta":{}},{"ancestorTitles":["coverage smoke 2"],"fullName":"coverage smoke 2 imports ../schemas/base","status":"passed","title":"imports ../schemas/base","duration":41.34979999999996,"failureMessages":[],"meta":{}},{"ancestorTitles":["coverage smoke 2"],"fullName":"coverage smoke 2 imports ../schemas/flows","status":"passed","title":"imports ../schemas/flows","duration":31.358799999999974,"failureMessages":[],"meta":{}},{"ancestorTitles":["coverage smoke 2"],"fullName":"coverage smoke 2 imports ../schemas/integrations","status":"passed","title":"imports ../schemas/integrations","duration":11.438799999999901,"failureMessages":[],"meta":{}},{"ancestorTitles":["coverage smoke 2"],"fullName":"coverage smoke 2 imports ../schemas/org","status":"passed","title":"imports ../schemas/org","duration":28.678300000000036,"failureMessages":[],"meta":{}},{"ancestorTitles":["coverage smoke 2"],"fullName":"coverage smoke 2 imports ../types/index","status":"passed","title":"imports ../types/index","duration":4.638500000000022,"failureMessages":[],"meta":{}},{"ancestorTitles":["coverage smoke 2"],"fullName":"coverage smoke 2 imports ../types/api","status":"passed","title":"imports ../types/api","duration":36.71289999999999,"failureMessages":[],"meta":{}},{"ancestorTitles":["coverage smoke 2"],"fullName":"coverage smoke 2 imports ../types/models","status":"passed","title":"imports ../types/models","duration":127.73049999999989,"failureMessages":[],"meta":{}},{"ancestorTitles":["coverage smoke 2"],"fullName":"coverage smoke 2 imports ../types/system","status":"passed","title":"imports ../types/system","duration":42.740999999999985,"failureMessages":[],"meta":{}},{"ancestorTitles":["coverage smoke 2"],"fullName":"coverage smoke 2 imports ../validation/crm","status":"passed","title":"imports ../validation/crm","duration":25.38519999999994,"failureMessages":[],"meta":{}},{"ancestorTitles":["coverage smoke 2"],"fullName":"coverage smoke 2 imports ../validation/erp","status":"passed","title":"imports ../validation/erp","duration":15.364799999999832,"failureMessages":[],"meta":{}}],"startTime":1759455479553,"endTime":1759455480240.3647,"status":"passed","message":"","name":"C:/Users/Usuario/ECONEURA-/ECONEURA-/packages/shared/src/__tests__/coverage.smoke2.test.ts"},{"assertionResults":[{"ancestorTitles":["Errors Module"],"fullName":"Errors Module should be testable","status":"passed","title":"should be testable","duration":2.009999999999991,"failureMessages":[],"meta":{}},{"ancestorTitles":["Errors Module"],"fullName":"Errors Module should handle basic error logic","status":"passed","title":"should handle basic error logic","duration":0.27350000000001273,"failureMessages":[],"meta":{}}],"startTime":1759455488160,"endTime":1759455488162.2734,"status":"passed","message":"","name":"C:/Users/Usuario/ECONEURA-/ECONEURA-/packages/shared/src/__tests__/errors.test.ts"},{"assertionResults":[{"ancestorTitles":["HealthChecker","constructor"],"fullName":"HealthChecker constructor should create a new HealthChecker instance","status":"passed","title":"should create a new HealthChecker instance","duration":2.498299999999972,"failureMessages":[],"meta":{}},{"ancestorTitles":["HealthChecker","registerService"],"fullName":"HealthChecker registerService should register a service check","status":"passed","title":"should register a service check","duration":4.280799999999999,"failureMessages":[],"meta":{}},{"ancestorTitles":["HealthChecker","checkHealth"],"fullName":"HealthChecker checkHealth should return healthy status when all services are up","status":"passed","title":"should return healthy status when all services are up","duration":0.8824999999999363,"failureMessages":[],"meta":{}},{"ancestorTitles":["HealthChecker","checkHealth"],"fullName":"HealthChecker checkHealth should return unhealthy status when any service is down","status":"passed","title":"should return unhealthy status when any service is down","duration":0.341199999999958,"failureMessages":[],"meta":{}},{"ancestorTitles":["HealthChecker","checkHealth"],"fullName":"HealthChecker checkHealth should handle service check errors","status":"passed","title":"should handle service check errors","duration":0.43420000000003256,"failureMessages":[],"meta":{}},{"ancestorTitles":["HealthChecker","checkHealth"],"fullName":"HealthChecker checkHealth should measure response time","status":"passed","title":"should measure response time","duration":23.6798,"failureMessages":[],"meta":{}},{"ancestorTitles":["HealthChecker","getUptime"],"fullName":"HealthChecker getUptime should return uptime in milliseconds","status":"passed","title":"should return uptime in milliseconds","duration":0.6866999999999734,"failureMessages":[],"meta":{}},{"ancestorTitles":["HealthChecker","helper functions","createHealthCheck"],"fullName":"HealthChecker helper functions createHealthCheck should return the check function","status":"passed","title":"should return the check function","duration":0.5780999999999494,"failureMessages":[],"meta":{}},{"ancestorTitles":["HealthChecker","helper functions","databaseHealthCheck"],"fullName":"HealthChecker helper functions databaseHealthCheck should return true for valid connection string","status":"passed","title":"should return true for valid connection string","duration":0.3211000000000013,"failureMessages":[],"meta":{}},{"ancestorTitles":["HealthChecker","helper functions","databaseHealthCheck"],"fullName":"HealthChecker helper functions databaseHealthCheck should return false for empty connection string","status":"passed","title":"should return false for empty connection string","duration":0.1973000000000411,"failureMessages":[],"meta":{}},{"ancestorTitles":["HealthChecker","helper functions","redisHealthCheck"],"fullName":"HealthChecker helper functions redisHealthCheck should return true for valid redis URL","status":"passed","title":"should return true for valid redis URL","duration":0.21889999999996235,"failureMessages":[],"meta":{}},{"ancestorTitles":["HealthChecker","helper functions","redisHealthCheck"],"fullName":"HealthChecker helper functions redisHealthCheck should return false for invalid redis URL","status":"passed","title":"should return false for invalid redis URL","duration":0.24730000000010932,"failureMessages":[],"meta":{}},{"ancestorTitles":["HealthChecker","singleton instance"],"fullName":"HealthChecker singleton instance should export a singleton healthChecker instance","status":"passed","title":"should export a singleton healthChecker instance","duration":0.19280000000003383,"failureMessages":[],"meta":{}}],"startTime":1759455482069,"endTime":1759455482105.1929,"status":"passed","message":"","name":"C:/Users/Usuario/ECONEURA-/ECONEURA-/packages/shared/src/__tests__/health.test.ts"},{"assertionResults":[{"ancestorTitles":["Logging Module"],"fullName":"Logging Module should be testable","status":"passed","title":"should be testable","duration":2.099899999999934,"failureMessages":[],"meta":{}},{"ancestorTitles":["Logging Module"],"fullName":"Logging Module should handle log levels","status":"passed","title":"should handle log levels","duration":1.4723999999999933,"failureMessages":[],"meta":{}}],"startTime":1759455488462,"endTime":1759455488466.4724,"status":"passed","message":"","name":"C:/Users/Usuario/ECONEURA-/ECONEURA-/packages/shared/src/__tests__/logging.test.ts"},{"assertionResults":[{"ancestorTitles":["logging shim"],"fullName":"logging shim logger methods call console","status":"passed","title":"logger methods call console","duration":4.64689999999996,"failureMessages":[],"meta":{}},{"ancestorTitles":["logging shim"],"fullName":"logging shim apiLogger uses logger.info","status":"passed","title":"apiLogger uses logger.info","duration":0.49880000000007385,"failureMessages":[],"meta":{}}],"startTime":1759455486921,"endTime":1759455486925.647,"status":"passed","message":"","name":"C:/Users/Usuario/ECONEURA-/ECONEURA-/packages/shared/src/__tests__/logging.unit.test.ts"},{"assertionResults":[{"ancestorTitles":["metrics functions smoke"],"fullName":"metrics functions smoke calls metrics helpers without throwing","status":"passed","title":"calls metrics helpers without throwing","duration":2.5267999999998665,"failureMessages":[],"meta":{}}],"startTime":1759455489181,"endTime":1759455489183.5269,"status":"passed","message":"","name":"C:/Users/Usuario/ECONEURA-/ECONEURA-/packages/shared/src/__tests__/metrics.functions.test.ts"},{"assertionResults":[{"ancestorTitles":["shared middleware - smoke"],"fullName":"shared middleware - smoke loads shared core module","status":"passed","title":"loads shared core module","duration":1.911600000000135,"failureMessages":[],"meta":{}}],"startTime":1759455486915,"endTime":1759455486916.9116,"status":"passed","message":"","name":"C:/Users/Usuario/ECONEURA-/ECONEURA-/packages/shared/src/__tests__/middleware.spec.ts"},{"assertionResults":[{"ancestorTitles":["Middleware Module","corsMiddleware"],"fullName":"Middleware Module corsMiddleware should set CORS headers for regular requests","status":"passed","title":"should set CORS headers for regular requests","duration":8.11349999999993,"failureMessages":[],"meta":{}},{"ancestorTitles":["Middleware Module","corsMiddleware"],"fullName":"Middleware Module corsMiddleware should handle OPTIONS requests","status":"passed","title":"should handle OPTIONS requests","duration":0.9147000000000389,"failureMessages":[],"meta":{}},{"ancestorTitles":["Middleware Module","corsMiddleware"],"fullName":"Middleware Module corsMiddleware should use custom origin","status":"passed","title":"should use custom origin","duration":0.40180000000009386,"failureMessages":[],"meta":{}},{"ancestorTitles":["Middleware Module","requestLogger"],"fullName":"Middleware Module requestLogger should log requests","status":"passed","title":"should log requests","duration":14.375800000000027,"failureMessages":[],"meta":{}},{"ancestorTitles":["Middleware Module","errorHandler"],"fullName":"Middleware Module errorHandler should intercept error status codes and set content type","status":"passed","title":"should intercept error status codes and set content type","duration":0.8842999999999392,"failureMessages":[],"meta":{}},{"ancestorTitles":["Middleware Module","errorHandler"],"fullName":"Middleware Module errorHandler should not set content type for successful responses","status":"passed","title":"should not set content type for successful responses","duration":0.5587000000000444,"failureMessages":[],"meta":{}}],"startTime":1759455482214,"endTime":1759455482239.5586,"status":"passed","message":"","name":"C:/Users/Usuario/ECONEURA-/ECONEURA-/packages/shared/src/__tests__/middleware.test.ts"},{"assertionResults":[{"ancestorTitles":["middleware"],"fullName":"middleware corsMiddleware sets headers and handles OPTIONS","status":"passed","title":"corsMiddleware sets headers and handles OPTIONS","duration":6.816199999999981,"failureMessages":[],"meta":{}},{"ancestorTitles":["middleware"],"fullName":"middleware jsonBodyParser parses JSON and handles invalid JSON","status":"passed","title":"jsonBodyParser parses JSON and handles invalid JSON","duration":6.86970000000008,"failureMessages":[],"meta":{}},{"ancestorTitles":["middleware"],"fullName":"middleware requestLogger logs on finish","status":"passed","title":"requestLogger logs on finish","duration":1.4640000000000555,"failureMessages":[],"meta":{}},{"ancestorTitles":["middleware"],"fullName":"middleware errorHandler decorates writeHead","status":"passed","title":"errorHandler decorates writeHead","duration":0.7896999999999252,"failureMessages":[],"meta":{}}],"startTime":1759455484631,"endTime":1759455484647.7898,"status":"passed","message":"","name":"C:/Users/Usuario/ECONEURA-/ECONEURA-/packages/shared/src/__tests__/middleware.unit.test.ts"},{"assertionResults":[{"ancestorTitles":["placeholder modules smoke"],"fullName":"placeholder modules smoke invokes placeholder functions","status":"passed","title":"invokes placeholder functions","duration":4.308299999999917,"failureMessages":[],"meta":{}}],"startTime":1759455487356,"endTime":1759455487360.3083,"status":"passed","message":"","name":"C:/Users/Usuario/ECONEURA-/ECONEURA-/packages/shared/src/__tests__/placeholders.functions.test.ts"},{"assertionResults":[{"ancestorTitles":["RateLimiter","constructor"],"fullName":"RateLimiter constructor should create with default values","status":"passed","title":"should create with default values","duration":3.0242000000000644,"failureMessages":[],"meta":{}},{"ancestorTitles":["RateLimiter","constructor"],"fullName":"RateLimiter constructor should create with custom values","status":"passed","title":"should create with custom values","duration":0.31159999999999854,"failureMessages":[],"meta":{}},{"ancestorTitles":["RateLimiter","isAllowed"],"fullName":"RateLimiter isAllowed should allow first request","status":"passed","title":"should allow first request","duration":0.2957000000001244,"failureMessages":[],"meta":{}},{"ancestorTitles":["RateLimiter","isAllowed"],"fullName":"RateLimiter isAllowed should allow requests within limit","status":"passed","title":"should allow requests within limit","duration":0.205600000000004,"failureMessages":[],"meta":{}},{"ancestorTitles":["RateLimiter","isAllowed"],"fullName":"RateLimiter isAllowed should block requests over limit","status":"passed","title":"should block requests over limit","duration":0.2116000000000895,"failureMessages":[],"meta":{}},{"ancestorTitles":["RateLimiter","isAllowed"],"fullName":"RateLimiter isAllowed should reset after window expires","status":"passed","title":"should reset after window expires","duration":3.1659000000001924,"failureMessages":[],"meta":{}},{"ancestorTitles":["RateLimiter","isAllowed"],"fullName":"RateLimiter isAllowed should handle different keys independently","status":"passed","title":"should handle different keys independently","duration":0.26549999999997453,"failureMessages":[],"meta":{}},{"ancestorTitles":["RateLimiter","getRemainingRequests"],"fullName":"RateLimiter getRemainingRequests should return max requests for new key","status":"passed","title":"should return max requests for new key","duration":0.2625000000000455,"failureMessages":[],"meta":{}},{"ancestorTitles":["RateLimiter","getRemainingRequests"],"fullName":"RateLimiter getRemainingRequests should decrease remaining requests","status":"passed","title":"should decrease remaining requests","duration":0.21249999999986358,"failureMessages":[],"meta":{}},{"ancestorTitles":["RateLimiter","getRemainingRequests"],"fullName":"RateLimiter getRemainingRequests should not go below zero","status":"passed","title":"should not go below zero","duration":0.2115000000001146,"failureMessages":[],"meta":{}},{"ancestorTitles":["RateLimiter","getResetTime"],"fullName":"RateLimiter getResetTime should return future time for new key","status":"passed","title":"should return future time for new key","duration":0.24559999999996762,"failureMessages":[],"meta":{}},{"ancestorTitles":["RateLimiter","getResetTime"],"fullName":"RateLimiter getResetTime should return same reset time for existing key","status":"passed","title":"should return same reset time for existing key","duration":0.5455000000001746,"failureMessages":[],"meta":{}},{"ancestorTitles":["RateLimiter","clear"],"fullName":"RateLimiter clear should clear all entries","status":"passed","title":"should clear all entries","duration":0.39019999999982247,"failureMessages":[],"meta":{}},{"ancestorTitles":["createRateLimitMiddleware"],"fullName":"createRateLimitMiddleware should allow requests within limit","status":"passed","title":"should allow requests within limit","duration":9.251099999999951,"failureMessages":[],"meta":{}},{"ancestorTitles":["createRateLimitMiddleware"],"fullName":"createRateLimitMiddleware should block requests over limit","status":"passed","title":"should block requests over limit","duration":3.598500000000058,"failureMessages":[],"meta":{}},{"ancestorTitles":["createRateLimitMiddleware"],"fullName":"createRateLimitMiddleware should use custom key function","status":"passed","title":"should use custom key function","duration":0.8395000000000437,"failureMessages":[],"meta":{}},{"ancestorTitles":["createRateLimitMiddleware"],"fullName":"createRateLimitMiddleware should use anonymous key by default","status":"passed","title":"should use anonymous key by default","duration":0.41899999999986903,"failureMessages":[],"meta":{}}],"startTime":1759455483535,"endTime":1759455483559.419,"status":"passed","message":"","name":"C:/Users/Usuario/ECONEURA-/ECONEURA-/packages/shared/src/__tests__/rate-limiter.test.ts"},{"assertionResults":[{"ancestorTitles":["shared retry - smoke"],"fullName":"shared retry - smoke basic assertion","status":"passed","title":"basic assertion","duration":2.091299999999933,"failureMessages":[],"meta":{}}],"startTime":1759455487973,"endTime":1759455487975.0913,"status":"passed","message":"","name":"C:/Users/Usuario/ECONEURA-/ECONEURA-/packages/shared/src/__tests__/retry.spec.ts"},{"assertionResults":[{"ancestorTitles":["Retry Module","withRetry"],"fullName":"Retry Module withRetry should return result on first attempt","status":"passed","title":"should return result on first attempt","duration":4.236400000000003,"failureMessages":[],"meta":{}},{"ancestorTitles":["Retry Module","withRetry"],"fullName":"Retry Module withRetry should retry on failure and succeed","status":"passed","title":"should retry on failure and succeed","duration":13.967300000000023,"failureMessages":[],"meta":{}},{"ancestorTitles":["Retry Module","withRetry"],"fullName":"Retry Module withRetry should fail after max attempts","status":"passed","title":"should fail after max attempts","duration":17.635700000000043,"failureMessages":[],"meta":{}},{"ancestorTitles":["Retry Module","withRetry"],"fullName":"Retry Module withRetry should use custom retry condition","status":"passed","title":"should use custom retry condition","duration":3.590800000000172,"failureMessages":[],"meta":{}},{"ancestorTitles":["Retry Module","withRetry"],"fullName":"Retry Module withRetry should not retry when condition returns false","status":"passed","title":"should not retry when condition returns false","duration":0.6744000000001051,"failureMessages":[],"meta":{}},{"ancestorTitles":["Retry Module","defaultRetryOptions"],"fullName":"Retry Module defaultRetryOptions should have sensible defaults","status":"passed","title":"should have sensible defaults","duration":0.3831000000000131,"failureMessages":[],"meta":{}},{"ancestorTitles":["Retry Module","defaultRetryOptions"],"fullName":"Retry Module defaultRetryOptions should retry on network errors","status":"passed","title":"should retry on network errors","duration":0.43699999999989814,"failureMessages":[],"meta":{}}],"startTime":1759455481767,"endTime":1759455481808.437,"status":"passed","message":"","name":"C:/Users/Usuario/ECONEURA-/ECONEURA-/packages/shared/src/__tests__/retry.test.ts"},{"assertionResults":[{"ancestorTitles":["retry"],"fullName":"retry withRetry succeeds without retries","status":"passed","title":"withRetry succeeds without retries","duration":9.4371000000001,"failureMessages":[],"meta":{}},{"ancestorTitles":["retry"],"fullName":"retry withRetry retries on error and eventually throws","status":"passed","title":"withRetry retries on error and eventually throws","duration":4.533300000000054,"failureMessages":[],"meta":{}},{"ancestorTitles":["retry"],"fullName":"retry retryable decorator wraps method with retry","status":"passed","title":"retryable decorator wraps method with retry","duration":1.2466000000001713,"failureMessages":[],"meta":{}}],"startTime":1759455484566,"endTime":1759455484581.2466,"status":"passed","message":"","name":"C:/Users/Usuario/ECONEURA-/ECONEURA-/packages/shared/src/__tests__/retry.unit.test.ts"},{"assertionResults":[{"ancestorTitles":["ServiceClient"],"fullName":"ServiceClient createServiceClient returns a client with stats and a mock request","status":"passed","title":"createServiceClient returns a client with stats and a mock request","duration":2.262499999999932,"failureMessages":[],"meta":{}}],"startTime":1759455489350,"endTime":1759455489352.2625,"status":"passed","message":"","name":"C:/Users/Usuario/ECONEURA-/ECONEURA-/packages/shared/src/__tests__/service-client.test.ts"},{"assertionResults":[{"ancestorTitles":["core smoke"],"fullName":"core smoke can import core module and its re-exports","status":"passed","title":"can import core module and its re-exports","duration":235.94679999999994,"failureMessages":[],"meta":{}}],"startTime":1759455479493,"endTime":1759455479728.9468,"status":"passed","message":"","name":"C:/Users/Usuario/ECONEURA-/ECONEURA-/packages/shared/src/__tests__/smoke.core.test.ts"},{"assertionResults":[{"ancestorTitles":["events smoke"],"fullName":"events smoke can import events module","status":"passed","title":"can import events module","duration":17.113699999999994,"failureMessages":[],"meta":{}}],"startTime":1759455480949,"endTime":1759455480966.1138,"status":"passed","message":"","name":"C:/Users/Usuario/ECONEURA-/ECONEURA-/packages/shared/src/__tests__/smoke.events.test.ts"},{"assertionResults":[{"ancestorTitles":["shared index smoke"],"fullName":"shared index smoke provides default export and env helper","status":"passed","title":"provides default export and env helper","duration":62.49410000000012,"failureMessages":[],"meta":{}}],"startTime":1759455480926,"endTime":1759455480988.4941,"status":"passed","message":"","name":"C:/Users/Usuario/ECONEURA-/ECONEURA-/packages/shared/src/__tests__/smoke.index.test.ts"},{"assertionResults":[{"ancestorTitles":["metrics smoke"],"fullName":"metrics smoke exports metrics object and helpers","status":"passed","title":"exports metrics object and helpers","duration":2.424199999999928,"failureMessages":[],"meta":{}}],"startTime":1759455489367,"endTime":1759455489369.4243,"status":"passed","message":"","name":"C:/Users/Usuario/ECONEURA-/ECONEURA-/packages/shared/src/__tests__/smoke.metrics.test.ts"},{"assertionResults":[{"ancestorTitles":["Validation Module","validateEmail"],"fullName":"Validation Module validateEmail should validate correct email addresses","status":"passed","title":"should validate correct email addresses","duration":3.409099999999853,"failureMessages":[],"meta":{}},{"ancestorTitles":["Validation Module","validateEmail"],"fullName":"Validation Module validateEmail should reject invalid email addresses","status":"passed","title":"should reject invalid email addresses","duration":0.7798000000000229,"failureMessages":[],"meta":{}},{"ancestorTitles":["Validation Module","validateUUID"],"fullName":"Validation Module validateUUID should validate correct UUID v4 format","status":"passed","title":"should validate correct UUID v4 format","duration":1.4802999999999429,"failureMessages":[],"meta":{}},{"ancestorTitles":["Validation Module","validateUUID"],"fullName":"Validation Module validateUUID should reject invalid UUID formats","status":"passed","title":"should reject invalid UUID formats","duration":1.1707000000001244,"failureMessages":[],"meta":{}},{"ancestorTitles":["Validation Module","validateData"],"fullName":"Validation Module validateData should validate data against Zod schema successfully","status":"passed","title":"should validate data against Zod schema successfully","duration":2.9742999999998574,"failureMessages":[],"meta":{}},{"ancestorTitles":["Validation Module","validateData"],"fullName":"Validation Module validateData should return errors for invalid data","status":"passed","title":"should return errors for invalid data","duration":1.1386999999999716,"failureMessages":[],"meta":{}},{"ancestorTitles":["Validation Module","validateData"],"fullName":"Validation Module validateData should handle simple schemas","status":"passed","title":"should handle simple schemas","duration":0.4753000000000611,"failureMessages":[],"meta":{}},{"ancestorTitles":["Validation Module","validateData"],"fullName":"Validation Module validateData should validate with custom error messages","status":"passed","title":"should validate with custom error messages","duration":1.109000000000151,"failureMessages":[],"meta":{}}],"startTime":1759455486178,"endTime":1759455486192.109,"status":"passed","message":"","name":"C:/Users/Usuario/ECONEURA-/ECONEURA-/packages/shared/src/__tests__/validation.test.ts"}],"coverageMap":{"C:\\Users\\Usuario\\ECONEURA-\\ECONEURA-\\packages\\shared\\src\\ai\\cost-utils.ts":{"path":"C:\\Users\\Usuario\\ECONEURA-\\ECONEURA-\\packages\\shared\\src\\ai\\cost-utils.ts","all":false,"statementMap":{"1":{"start":{"line":2,"column":0},"end":{"line":2,"column":72}},"2":{"start":{"line":3,"column":0},"end":{"line":3,"column":37}},"3":{"start":{"line":4,"column":0},"end":{"line":4,"column":30}},"4":{"start":{"line":5,"column":0},"end":{"line":5,"column":1}},"6":{"start":{"line":7,"column":0},"end":{"line":7,"column":46}},"7":{"start":{"line":8,"column":0},"end":{"line":8,"column":38}},"8":{"start":{"line":9,"column":0},"end":{"line":9,"column":1}}},"s":{"1":1,"2":1,"3":1,"4":1,"6":1,"7":1,"8":1},"branchMap":{"0":{"type":"branch","line":2,"loc":{"start":{"line":2,"column":7},"end":{"line":5,"column":1}},"locations":[{"start":{"line":2,"column":7},"end":{"line":5,"column":1}}]},"1":{"type":"branch","line":3,"loc":{"start":{"line":3,"column":29},"end":{"line":3,"column":37}},"locations":[{"start":{"line":3,"column":29},"end":{"line":3,"column":37}}]},"2":{"type":"branch","line":7,"loc":{"start":{"line":7,"column":7},"end":{"line":9,"column":1}},"locations":[{"start":{"line":7,"column":7},"end":{"line":9,"column":1}}]}},"b":{"0":[1],"1":[0],"2":[1]},"fnMap":{"0":{"name":"estimateAICost","decl":{"start":{"line":2,"column":7},"end":{"line":5,"column":1}},"loc":{"start":{"line":2,"column":7},"end":{"line":5,"column":1}},"line":2},"1":{"name":"formatCostEur","decl":{"start":{"line":7,"column":7},"end":{"line":9,"column":1}},"loc":{"start":{"line":7,"column":7},"end":{"line":9,"column":1}},"line":7}},"f":{"0":1,"1":1}},"C:\\Users\\Usuario\\ECONEURA-\\ECONEURA-\\packages\\shared\\src\\clients\\admin-client.ts":{"path":"C:\\Users\\Usuario\\ECONEURA-\\ECONEURA-\\packages\\shared\\src\\clients\\admin-client.ts","all":false,"statementMap":{"1":{"start":{"line":2,"column":0},"end":{"line":2,"column":49}},"2":{"start":{"line":3,"column":0},"end":{"line":3,"column":9}},"3":{"start":{"line":4,"column":0},"end":{"line":4,"column":10}},"4":{"start":{"line":5,"column":0},"end":{"line":5,"column":49}},"5":{"start":{"line":6,"column":0},"end":{"line":6,"column":2}},"6":{"start":{"line":7,"column":0},"end":{"line":7,"column":1}},"8":{"start":{"line":9,"column":0},"end":{"line":9,"column":37}},"9":{"start":{"line":10,"column":0},"end":{"line":10,"column":25}},"10":{"start":{"line":11,"column":0},"end":{"line":11,"column":1}}},"s":{"1":1,"2":1,"3":1,"4":1,"5":1,"6":1,"8":1,"9":1,"10":1},"branchMap":{"0":{"type":"branch","line":2,"loc":{"start":{"line":2,"column":7},"end":{"line":7,"column":1}},"locations":[{"start":{"line":2,"column":7},"end":{"line":7,"column":1}}]},"1":{"type":"branch","line":5,"loc":{"start":{"line":5,"column":8},"end":{"line":5,"column":49}},"locations":[{"start":{"line":5,"column":8},"end":{"line":5,"column":49}}]},"2":{"type":"branch","line":9,"loc":{"start":{"line":9,"column":0},"end":{"line":11,"column":1}},"locations":[{"start":{"line":9,"column":0},"end":{"line":11,"column":1}}]}},"b":{"0":[1],"1":[1],"2":[1]},"fnMap":{"0":{"name":"createAdminClient","decl":{"start":{"line":2,"column":7},"end":{"line":7,"column":1}},"loc":{"start":{"line":2,"column":7},"end":{"line":7,"column":1}},"line":2},"1":{"name":"ping","decl":{"start":{"line":5,"column":8},"end":{"line":5,"column":49}},"loc":{"start":{"line":5,"column":8},"end":{"line":5,"column":49}},"line":5},"2":{"name":"adminHealth","decl":{"start":{"line":9,"column":0},"end":{"line":11,"column":1}},"loc":{"start":{"line":9,"column":0},"end":{"line":11,"column":1}},"line":9}},"f":{"0":1,"1":1,"2":1}},"C:\\Users\\Usuario\\ECONEURA-\\ECONEURA-\\packages\\shared\\src\\clients\\ai-client.ts":{"path":"C:\\Users\\Usuario\\ECONEURA-\\ECONEURA-\\packages\\shared\\src\\clients\\ai-client.ts","all":false,"statementMap":{"1":{"start":{"line":2,"column":0},"end":{"line":2,"column":34}},"2":{"start":{"line":3,"column":0},"end":{"line":3,"column":9}},"3":{"start":{"line":4,"column":0},"end":{"line":4,"column":65}},"4":{"start":{"line":5,"column":0},"end":{"line":5,"column":2}},"5":{"start":{"line":6,"column":0},"end":{"line":6,"column":1}},"7":{"start":{"line":8,"column":0},"end":{"line":8,"column":44}},"8":{"start":{"line":9,"column":0},"end":{"line":9,"column":24}},"9":{"start":{"line":10,"column":0},"end":{"line":10,"column":1}}},"s":{"1":1,"2":1,"3":1,"4":1,"5":1,"7":1,"8":1,"9":1},"branchMap":{"0":{"type":"branch","line":2,"loc":{"start":{"line":2,"column":7},"end":{"line":6,"column":1}},"locations":[{"start":{"line":2,"column":7},"end":{"line":6,"column":1}}]},"1":{"type":"branch","line":4,"loc":{"start":{"line":4,"column":12},"end":{"line":4,"column":65}},"locations":[{"start":{"line":4,"column":12},"end":{"line":4,"column":65}}]},"2":{"type":"branch","line":8,"loc":{"start":{"line":8,"column":7},"end":{"line":10,"column":1}},"locations":[{"start":{"line":8,"column":7},"end":{"line":10,"column":1}}]},"3":{"type":"branch","line":9,"loc":{"start":{"line":9,"column":14},"end":{"line":9,"column":24}},"locations":[{"start":{"line":9,"column":14},"end":{"line":9,"column":24}}]}},"b":{"0":[1],"1":[1],"2":[1],"3":[0]},"fnMap":{"0":{"name":"createAIClient","decl":{"start":{"line":2,"column":7},"end":{"line":6,"column":1}},"loc":{"start":{"line":2,"column":7},"end":{"line":6,"column":1}},"line":2},"1":{"name":"generate","decl":{"start":{"line":4,"column":12},"end":{"line":4,"column":65}},"loc":{"start":{"line":4,"column":12},"end":{"line":4,"column":65}},"line":4},"2":{"name":"parseAIResponse","decl":{"start":{"line":8,"column":7},"end":{"line":10,"column":1}},"loc":{"start":{"line":8,"column":7},"end":{"line":10,"column":1}},"line":8}},"f":{"0":1,"1":1,"2":1}},"C:\\Users\\Usuario\\ECONEURA-\\ECONEURA-\\packages\\shared\\src\\clients\\flows-client.ts":{"path":"C:\\Users\\Usuario\\ECONEURA-\\ECONEURA-\\packages\\shared\\src\\clients\\flows-client.ts","all":false,"statementMap":{"1":{"start":{"line":2,"column":0},"end":{"line":2,"column":37}},"2":{"start":{"line":3,"column":0},"end":{"line":3,"column":9}},"3":{"start":{"line":4,"column":0},"end":{"line":4,"column":59}},"4":{"start":{"line":5,"column":0},"end":{"line":5,"column":2}},"5":{"start":{"line":6,"column":0},"end":{"line":6,"column":1}},"7":{"start":{"line":8,"column":0},"end":{"line":8,"column":35}},"8":{"start":{"line":9,"column":0},"end":{"line":9,"column":47}},"9":{"start":{"line":10,"column":0},"end":{"line":10,"column":1}}},"s":{"1":1,"2":1,"3":1,"4":1,"5":1,"7":1,"8":1,"9":1},"branchMap":{"0":{"type":"branch","line":2,"loc":{"start":{"line":2,"column":7},"end":{"line":6,"column":1}},"locations":[{"start":{"line":2,"column":7},"end":{"line":6,"column":1}}]},"1":{"type":"branch","line":4,"loc":{"start":{"line":4,"column":13},"end":{"line":4,"column":59}},"locations":[{"start":{"line":4,"column":13},"end":{"line":4,"column":59}}]},"2":{"type":"branch","line":8,"loc":{"start":{"line":8,"column":7},"end":{"line":10,"column":1}},"locations":[{"start":{"line":8,"column":7},"end":{"line":10,"column":1}}]}},"b":{"0":[1],"1":[1],"2":[1]},"fnMap":{"0":{"name":"createFlowsClient","decl":{"start":{"line":2,"column":7},"end":{"line":6,"column":1}},"loc":{"start":{"line":2,"column":7},"end":{"line":6,"column":1}},"line":2},"1":{"name":"startFlow","decl":{"start":{"line":4,"column":13},"end":{"line":4,"column":59}},"loc":{"start":{"line":4,"column":13},"end":{"line":4,"column":59}},"line":4},"2":{"name":"isFlowId","decl":{"start":{"line":8,"column":7},"end":{"line":10,"column":1}},"loc":{"start":{"line":8,"column":7},"end":{"line":10,"column":1}},"line":8}},"f":{"0":1,"1":1,"2":1}},"C:\\Users\\Usuario\\ECONEURA-\\ECONEURA-\\packages\\shared\\src\\clients\\integrations-client.ts":{"path":"C:\\Users\\Usuario\\ECONEURA-\\ECONEURA-\\packages\\shared\\src\\clients\\integrations-client.ts","all":false,"statementMap":{"1":{"start":{"line":2,"column":0},"end":{"line":2,"column":44}},"2":{"start":{"line":3,"column":0},"end":{"line":3,"column":9}},"3":{"start":{"line":4,"column":0},"end":{"line":4,"column":46}},"4":{"start":{"line":5,"column":0},"end":{"line":5,"column":2}},"5":{"start":{"line":6,"column":0},"end":{"line":6,"column":1}},"7":{"start":{"line":8,"column":0},"end":{"line":8,"column":46}},"8":{"start":{"line":9,"column":0},"end":{"line":9,"column":46}},"9":{"start":{"line":10,"column":0},"end":{"line":10,"column":1}}},"s":{"1":1,"2":1,"3":1,"4":1,"5":1,"7":1,"8":1,"9":1},"branchMap":{"0":{"type":"branch","line":2,"loc":{"start":{"line":2,"column":7},"end":{"line":6,"column":1}},"locations":[{"start":{"line":2,"column":7},"end":{"line":6,"column":1}}]},"1":{"type":"branch","line":4,"loc":{"start":{"line":4,"column":20},"end":{"line":4,"column":46}},"locations":[{"start":{"line":4,"column":20},"end":{"line":4,"column":46}}]},"2":{"type":"branch","line":8,"loc":{"start":{"line":8,"column":7},"end":{"line":10,"column":1}},"locations":[{"start":{"line":8,"column":7},"end":{"line":10,"column":1}}]}},"b":{"0":[1],"1":[1],"2":[1]},"fnMap":{"0":{"name":"createIntegrationsClient","decl":{"start":{"line":2,"column":7},"end":{"line":6,"column":1}},"loc":{"start":{"line":2,"column":7},"end":{"line":6,"column":1}},"line":2},"1":{"name":"listIntegrations","decl":{"start":{"line":4,"column":20},"end":{"line":4,"column":46}},"loc":{"start":{"line":4,"column":20},"end":{"line":4,"column":46}},"line":4},"2":{"name":"hasIntegrations","decl":{"start":{"line":8,"column":7},"end":{"line":10,"column":1}},"loc":{"start":{"line":8,"column":7},"end":{"line":10,"column":1}},"line":8}},"f":{"0":1,"1":1,"2":1}},"C:\\Users\\Usuario\\ECONEURA-\\ECONEURA-\\packages\\shared\\src\\clients\\service-client.ts":{"path":"C:\\Users\\Usuario\\ECONEURA-\\ECONEURA-\\packages\\shared\\src\\clients\\service-client.ts","all":false,"statementMap":{"27":{"start":{"line":28,"column":0},"end":{"line":28,"column":28}},"28":{"start":{"line":29,"column":0},"end":{"line":29,"column":48}},"30":{"start":{"line":31,"column":0},"end":{"line":31,"column":44}},"31":{"start":{"line":32,"column":0},"end":{"line":32,"column":19}},"32":{"start":{"line":33,"column":0},"end":{"line":33,"column":21}},"33":{"start":{"line":34,"column":0},"end":{"line":34,"column":17}},"34":{"start":{"line":35,"column":0},"end":{"line":35,"column":23}},"35":{"start":{"line":36,"column":0},"end":{"line":36,"column":33}},"36":{"start":{"line":37,"column":0},"end":{"line":37,"column":35}},"37":{"start":{"line":38,"column":0},"end":{"line":38,"column":15}},"38":{"start":{"line":39,"column":0},"end":{"line":39,"column":6}},"39":{"start":{"line":40,"column":0},"end":{"line":40,"column":3}},"41":{"start":{"line":42,"column":0},"end":{"line":42,"column":81}},"43":{"start":{"line":44,"column":0},"end":{"line":44,"column":12}},"44":{"start":{"line":45,"column":0},"end":{"line":45,"column":20}},"45":{"start":{"line":46,"column":0},"end":{"line":46,"column":20}},"46":{"start":{"line":47,"column":0},"end":{"line":47,"column":32}},"47":{"start":{"line":48,"column":0},"end":{"line":48,"column":24}},"48":{"start":{"line":49,"column":0},"end":{"line":49,"column":16}},"49":{"start":{"line":50,"column":0},"end":{"line":50,"column":6}},"50":{"start":{"line":51,"column":0},"end":{"line":51,"column":3}},"52":{"start":{"line":53,"column":0},"end":{"line":53,"column":14}},"53":{"start":{"line":54,"column":0},"end":{"line":54,"column":12}},"54":{"start":{"line":55,"column":0},"end":{"line":55,"column":43}},"55":{"start":{"line":56,"column":0},"end":{"line":56,"column":27}},"56":{"start":{"line":57,"column":0},"end":{"line":57,"column":26}},"57":{"start":{"line":58,"column":0},"end":{"line":58,"column":26}},"58":{"start":{"line":59,"column":0},"end":{"line":59,"column":6}},"59":{"start":{"line":60,"column":0},"end":{"line":60,"column":3}},"60":{"start":{"line":61,"column":0},"end":{"line":61,"column":1}},"62":{"start":{"line":63,"column":0},"end":{"line":63,"column":81}},"63":{"start":{"line":64,"column":0},"end":{"line":64,"column":35}},"64":{"start":{"line":65,"column":0},"end":{"line":65,"column":1}}},"s":{"27":1,"28":1,"30":1,"31":1,"32":1,"33":1,"34":1,"35":1,"36":1,"37":1,"38":1,"39":1,"41":1,"43":1,"44":1,"45":1,"46":1,"47":1,"48":1,"49":1,"50":1,"52":1,"53":1,"54":1,"55":1,"56":1,"57":1,"58":1,"59":1,"60":1,"62":1,"63":1,"64":1},"branchMap":{"0":{"type":"branch","line":29,"loc":{"start":{"line":29,"column":10},"end":{"line":29,"column":48}},"locations":[{"start":{"line":29,"column":10},"end":{"line":29,"column":48}}]},"1":{"type":"branch","line":31,"loc":{"start":{"line":31,"column":2},"end":{"line":40,"column":3}},"locations":[{"start":{"line":31,"column":2},"end":{"line":40,"column":3}}]},"2":{"type":"branch","line":42,"loc":{"start":{"line":42,"column":2},"end":{"line":51,"column":3}},"locations":[{"start":{"line":42,"column":2},"end":{"line":51,"column":3}}]},"3":{"type":"branch","line":53,"loc":{"start":{"line":53,"column":2},"end":{"line":60,"column":3}},"locations":[{"start":{"line":53,"column":2},"end":{"line":60,"column":3}}]},"4":{"type":"branch","line":63,"loc":{"start":{"line":63,"column":7},"end":{"line":65,"column":1}},"locations":[{"start":{"line":63,"column":7},"end":{"line":65,"column":1}}]}},"b":{"0":[1],"1":[1],"2":[1],"3":[1],"4":[1]},"fnMap":{"0":{"name":"<instance_members_initializer>","decl":{"start":{"line":29,"column":10},"end":{"line":29,"column":48}},"loc":{"start":{"line":29,"column":10},"end":{"line":29,"column":48}},"line":29},"1":{"name":"ServiceClient","decl":{"start":{"line":31,"column":2},"end":{"line":40,"column":3}},"loc":{"start":{"line":31,"column":2},"end":{"line":40,"column":3}},"line":31},"2":{"name":"request","decl":{"start":{"line":42,"column":2},"end":{"line":51,"column":3}},"loc":{"start":{"line":42,"column":2},"end":{"line":51,"column":3}},"line":42},"3":{"name":"getStats","decl":{"start":{"line":53,"column":2},"end":{"line":60,"column":3}},"loc":{"start":{"line":53,"column":2},"end":{"line":60,"column":3}},"line":53},"4":{"name":"createServiceClient","decl":{"start":{"line":63,"column":7},"end":{"line":65,"column":1}},"loc":{"start":{"line":63,"column":7},"end":{"line":65,"column":1}},"line":63}},"f":{"0":1,"1":1,"2":1,"3":1,"4":1}},"C:\\Users\\Usuario\\ECONEURA-\\ECONEURA-\\packages\\shared\\src\\config.ts":{"path":"C:\\Users\\Usuario\\ECONEURA-\\ECONEURA-\\packages\\shared\\src\\config.ts","all":false,"statementMap":{"0":{"start":{"line":1,"column":0},"end":{"line":1,"column":24}},"3":{"start":{"line":4,"column":0},"end":{"line":4,"column":38}},"5":{"start":{"line":6,"column":0},"end":{"line":6,"column":35}},"8":{"start":{"line":9,"column":0},"end":{"line":9,"column":81}},"11":{"start":{"line":12,"column":0},"end":{"line":12,"column":33}},"12":{"start":{"line":13,"column":0},"end":{"line":13,"column":37}},"13":{"start":{"line":14,"column":0},"end":{"line":14,"column":30}},"16":{"start":{"line":17,"column":0},"end":{"line":17,"column":33}},"19":{"start":{"line":20,"column":0},"end":{"line":20,"column":30}},"22":{"start":{"line":23,"column":0},"end":{"line":23,"column":35}},"23":{"start":{"line":24,"column":0},"end":{"line":24,"column":46}},"24":{"start":{"line":25,"column":0},"end":{"line":25,"column":39}},"25":{"start":{"line":26,"column":0},"end":{"line":26,"column":58}},"28":{"start":{"line":29,"column":0},"end":{"line":29,"column":72}},"29":{"start":{"line":30,"column":0},"end":{"line":30,"column":59}},"32":{"start":{"line":33,"column":0},"end":{"line":33,"column":118}},"33":{"start":{"line":34,"column":0},"end":{"line":34,"column":115}},"34":{"start":{"line":35,"column":0},"end":{"line":35,"column":109}},"35":{"start":{"line":36,"column":0},"end":{"line":36,"column":115}},"36":{"start":{"line":37,"column":0},"end":{"line":37,"column":3}},"40":{"start":{"line":41,"column":0},"end":{"line":41,"column":61}},"42":{"start":{"line":43,"column":0},"end":{"line":43,"column":30}},"43":{"start":{"line":44,"column":0},"end":{"line":44,"column":21}},"44":{"start":{"line":45,"column":0},"end":{"line":45,"column":24}},"45":{"start":{"line":46,"column":0},"end":{"line":46,"column":3}},"47":{"start":{"line":48,"column":0},"end":{"line":48,"column":7}},"48":{"start":{"line":49,"column":0},"end":{"line":49,"column":51}},"49":{"start":{"line":50,"column":0},"end":{"line":50,"column":24}},"50":{"start":{"line":51,"column":0},"end":{"line":51,"column":19}},"51":{"start":{"line":52,"column":0},"end":{"line":52,"column":38}},"52":{"start":{"line":53,"column":0},"end":{"line":53,"column":56}},"53":{"start":{"line":54,"column":0},"end":{"line":54,"column":37}},"54":{"start":{"line":55,"column":0},"end":{"line":55,"column":65}},"55":{"start":{"line":56,"column":0},"end":{"line":56,"column":9}},"56":{"start":{"line":57,"column":0},"end":{"line":57,"column":5}},"57":{"start":{"line":58,"column":0},"end":{"line":58,"column":52}},"58":{"start":{"line":59,"column":0},"end":{"line":59,"column":3}},"59":{"start":{"line":60,"column":0},"end":{"line":60,"column":1}},"62":{"start":{"line":63,"column":0},"end":{"line":63,"column":36}},"63":{"start":{"line":64,"column":0},"end":{"line":64,"column":22}},"64":{"start":{"line":65,"column":0},"end":{"line":65,"column":20}},"65":{"start":{"line":66,"column":0},"end":{"line":66,"column":1}},"68":{"start":{"line":69,"column":0},"end":{"line":69,"column":59}},"70":{"start":{"line":71,"column":0},"end":{"line":71,"column":99}},"71":{"start":{"line":72,"column":0},"end":{"line":72,"column":21}},"72":{"start":{"line":73,"column":0},"end":{"line":73,"column":22}},"73":{"start":{"line":74,"column":0},"end":{"line":74,"column":32}},"74":{"start":{"line":75,"column":0},"end":{"line":75,"column":5}},"75":{"start":{"line":76,"column":0},"end":{"line":76,"column":55}},"76":{"start":{"line":77,"column":0},"end":{"line":77,"column":3}},"77":{"start":{"line":78,"column":0},"end":{"line":78,"column":3}},"83":{"start":{"line":84,"column":0},"end":{"line":84,"column":20}},"84":{"start":{"line":85,"column":0},"end":{"line":85,"column":43}},"85":{"start":{"line":86,"column":0},"end":{"line":86,"column":43}},"86":{"start":{"line":87,"column":0},"end":{"line":87,"column":37}},"87":{"start":{"line":88,"column":0},"end":{"line":88,"column":11}},"90":{"start":{"line":91,"column":0},"end":{"line":91,"column":78}},"91":{"start":{"line":92,"column":0},"end":{"line":92,"column":28}},"92":{"start":{"line":93,"column":0},"end":{"line":93,"column":28}},"93":{"start":{"line":94,"column":0},"end":{"line":94,"column":70}},"94":{"start":{"line":95,"column":0},"end":{"line":95,"column":3}},"95":{"start":{"line":96,"column":0},"end":{"line":96,"column":15}},"96":{"start":{"line":97,"column":0},"end":{"line":97,"column":1}},"98":{"start":{"line":99,"column":0},"end":{"line":99,"column":103}},"99":{"start":{"line":100,"column":0},"end":{"line":100,"column":37}},"100":{"start":{"line":101,"column":0},"end":{"line":101,"column":1}}},"s":{"0":1,"3":1,"5":1,"8":1,"11":1,"12":1,"13":1,"16":1,"19":1,"22":1,"23":1,"24":1,"25":1,"28":1,"29":1,"32":1,"33":1,"34":1,"35":1,"36":1,"40":1,"42":1,"43":12,"44":1,"45":1,"47":11,"48":11,"49":11,"50":12,"51":1,"52":1,"53":1,"54":1,"55":1,"56":1,"57":1,"58":1,"59":12,"62":1,"63":9,"64":9,"65":9,"68":1,"70":1,"71":1,"72":22,"73":10,"74":10,"75":22,"76":22,"77":1,"83":1,"84":1,"85":1,"86":1,"87":1,"90":1,"91":3,"92":3,"93":1,"94":1,"95":2,"96":2,"98":1,"99":1,"100":1},"branchMap":{"0":{"type":"branch","line":33,"loc":{"start":{"line":33,"column":37},"end":{"line":33,"column":90}},"locations":[{"start":{"line":33,"column":37},"end":{"line":33,"column":90}}]},"1":{"type":"branch","line":33,"loc":{"start":{"line":33,"column":46},"end":{"line":33,"column":82}},"locations":[{"start":{"line":33,"column":46},"end":{"line":33,"column":82}}]},"2":{"type":"branch","line":34,"loc":{"start":{"line":34,"column":40},"end":{"line":34,"column":90}},"locations":[{"start":{"line":34,"column":40},"end":{"line":34,"column":90}}]},"3":{"type":"branch","line":34,"loc":{"start":{"line":34,"column":49},"end":{"line":34,"column":85}},"locations":[{"start":{"line":34,"column":49},"end":{"line":34,"column":85}}]},"4":{"type":"branch","line":35,"loc":{"start":{"line":35,"column":36},"end":{"line":35,"column":84}},"locations":[{"start":{"line":35,"column":36},"end":{"line":35,"column":84}}]},"5":{"type":"branch","line":35,"loc":{"start":{"line":35,"column":45},"end":{"line":35,"column":79}},"locations":[{"start":{"line":35,"column":45},"end":{"line":35,"column":79}}]},"6":{"type":"branch","line":36,"loc":{"start":{"line":36,"column":42},"end":{"line":36,"column":90}},"locations":[{"start":{"line":36,"column":42},"end":{"line":36,"column":90}}]},"7":{"type":"branch","line":36,"loc":{"start":{"line":36,"column":51},"end":{"line":36,"column":85}},"locations":[{"start":{"line":36,"column":51},"end":{"line":36,"column":85}}]},"8":{"type":"branch","line":43,"loc":{"start":{"line":43,"column":7},"end":{"line":60,"column":1}},"locations":[{"start":{"line":43,"column":7},"end":{"line":60,"column":1}}]},"9":{"type":"branch","line":44,"loc":{"start":{"line":44,"column":20},"end":{"line":46,"column":3}},"locations":[{"start":{"line":44,"column":20},"end":{"line":46,"column":3}}]},"10":{"type":"branch","line":46,"loc":{"start":{"line":46,"column":2},"end":{"line":51,"column":11}},"locations":[{"start":{"line":46,"column":2},"end":{"line":51,"column":11}}]},"11":{"type":"branch","line":51,"loc":{"start":{"line":51,"column":2},"end":{"line":59,"column":3}},"locations":[{"start":{"line":51,"column":2},"end":{"line":59,"column":3}}]},"12":{"type":"branch","line":54,"loc":{"start":{"line":54,"column":27},"end":{"line":56,"column":7}},"locations":[{"start":{"line":54,"column":27},"end":{"line":56,"column":7}}]},"13":{"type":"branch","line":63,"loc":{"start":{"line":63,"column":7},"end":{"line":66,"column":1}},"locations":[{"start":{"line":63,"column":7},"end":{"line":66,"column":1}}]},"14":{"type":"branch","line":72,"loc":{"start":{"line":72,"column":2},"end":{"line":77,"column":3}},"locations":[{"start":{"line":72,"column":2},"end":{"line":77,"column":3}}]},"15":{"type":"branch","line":73,"loc":{"start":{"line":73,"column":21},"end":{"line":75,"column":5}},"locations":[{"start":{"line":73,"column":21},"end":{"line":75,"column":5}}]},"16":{"type":"branch","line":91,"loc":{"start":{"line":91,"column":7},"end":{"line":97,"column":1}},"locations":[{"start":{"line":91,"column":7},"end":{"line":97,"column":1}}]},"17":{"type":"branch","line":93,"loc":{"start":{"line":93,"column":27},"end":{"line":95,"column":3}},"locations":[{"start":{"line":93,"column":27},"end":{"line":95,"column":3}}]},"18":{"type":"branch","line":95,"loc":{"start":{"line":95,"column":2},"end":{"line":97,"column":1}},"locations":[{"start":{"line":95,"column":2},"end":{"line":97,"column":1}}]},"19":{"type":"branch","line":99,"loc":{"start":{"line":99,"column":7},"end":{"line":101,"column":1}},"locations":[{"start":{"line":99,"column":7},"end":{"line":101,"column":1}}]},"20":{"type":"branch","line":100,"loc":{"start":{"line":100,"column":19},"end":{"line":100,"column":37}},"locations":[{"start":{"line":100,"column":19},"end":{"line":100,"column":37}}]}},"b":{"0":[11],"1":[0],"2":[11],"3":[0],"4":[11],"5":[0],"6":[11],"7":[0],"8":[12],"9":[1],"10":[11],"11":[1],"12":[1],"13":[9],"14":[22],"15":[10],"16":[3],"17":[1],"18":[2],"19":[1],"20":[0]},"fnMap":{"0":{"name":"loadConfig","decl":{"start":{"line":43,"column":7},"end":{"line":60,"column":1}},"loc":{"start":{"line":43,"column":7},"end":{"line":60,"column":1}},"line":43},"1":{"name":"resetConfigCache","decl":{"start":{"line":63,"column":7},"end":{"line":66,"column":1}},"loc":{"start":{"line":63,"column":7},"end":{"line":66,"column":1}},"line":63},"2":{"name":"get","decl":{"start":{"line":72,"column":2},"end":{"line":77,"column":3}},"loc":{"start":{"line":72,"column":2},"end":{"line":77,"column":3}},"line":72},"3":{"name":"getRequiredConfig","decl":{"start":{"line":91,"column":7},"end":{"line":97,"column":1}},"loc":{"start":{"line":91,"column":7},"end":{"line":97,"column":1}},"line":91},"4":{"name":"getOptionalConfig","decl":{"start":{"line":99,"column":7},"end":{"line":101,"column":1}},"loc":{"start":{"line":99,"column":7},"end":{"line":101,"column":1}},"line":99}},"f":{"0":12,"1":9,"2":22,"3":3,"4":1}},"C:\\Users\\Usuario\\ECONEURA-\\ECONEURA-\\packages\\shared\\src\\core\\index.ts":{"path":"C:\\Users\\Usuario\\ECONEURA-\\ECONEURA-\\packages\\shared\\src\\core\\index.ts","all":false,"statementMap":{"0":{"start":{"line":1,"column":0},"end":{"line":1,"column":0}}},"s":{"0":1},"branchMap":{},"b":{},"fnMap":{},"f":{}},"C:\\Users\\Usuario\\ECONEURA-\\ECONEURA-\\packages\\shared\\src\\events.ts":{"path":"C:\\Users\\Usuario\\ECONEURA-\\ECONEURA-\\packages\\shared\\src\\events.ts","all":false,"statementMap":{"1":{"start":{"line":2,"column":0},"end":{"line":2,"column":25}}},"s":{"1":1},"branchMap":{},"b":{},"fnMap":{},"f":{}},"C:\\Users\\Usuario\\ECONEURA-\\ECONEURA-\\packages\\shared\\src\\graph\\env.guard.ts":{"path":"C:\\Users\\Usuario\\ECONEURA-\\ECONEURA-\\packages\\shared\\src\\graph\\env.guard.ts","all":false,"statementMap":{"1":{"start":{"line":2,"column":0},"end":{"line":2,"column":64}},"3":{"start":{"line":4,"column":0},"end":{"line":4,"column":54}},"4":{"start":{"line":5,"column":0},"end":{"line":5,"column":1}},"6":{"start":{"line":7,"column":0},"end":{"line":7,"column":72}},"7":{"start":{"line":8,"column":0},"end":{"line":8,"column":64}},"8":{"start":{"line":9,"column":0},"end":{"line":9,"column":12}},"9":{"start":{"line":10,"column":0},"end":{"line":10,"column":1}}},"s":{"1":1,"3":2,"4":2,"6":1,"7":1,"8":0,"9":0},"branchMap":{"0":{"type":"branch","line":2,"loc":{"start":{"line":2,"column":7},"end":{"line":5,"column":1}},"locations":[{"start":{"line":2,"column":7},"end":{"line":5,"column":1}}]},"1":{"type":"branch","line":7,"loc":{"start":{"line":7,"column":7},"end":{"line":10,"column":1}},"locations":[{"start":{"line":7,"column":7},"end":{"line":10,"column":1}}]},"2":{"type":"branch","line":8,"loc":{"start":{"line":8,"column":63},"end":{"line":10,"column":1}},"locations":[{"start":{"line":8,"column":63},"end":{"line":10,"column":1}}]}},"b":{"0":[2],"1":[1],"2":[0]},"fnMap":{"0":{"name":"ensureGraphEnv","decl":{"start":{"line":2,"column":7},"end":{"line":5,"column":1}},"loc":{"start":{"line":2,"column":7},"end":{"line":5,"column":1}},"line":2},"1":{"name":"requireGraphEnvOrThrow","decl":{"start":{"line":7,"column":7},"end":{"line":10,"column":1}},"loc":{"start":{"line":7,"column":7},"end":{"line":10,"column":1}},"line":7}},"f":{"0":2,"1":1}},"C:\\Users\\Usuario\\ECONEURA-\\ECONEURA-\\packages\\shared\\src\\health.ts":{"path":"C:\\Users\\Usuario\\ECONEURA-\\ECONEURA-\\packages\\shared\\src\\health.ts","all":false,"statementMap":{"14":{"start":{"line":15,"column":0},"end":{"line":15,"column":28}},"15":{"start":{"line":16,"column":0},"end":{"line":16,"column":63}},"16":{"start":{"line":17,"column":0},"end":{"line":17,"column":33}},"18":{"start":{"line":19,"column":0},"end":{"line":19,"column":70}},"19":{"start":{"line":20,"column":0},"end":{"line":20,"column":35}},"20":{"start":{"line":21,"column":0},"end":{"line":21,"column":3}},"22":{"start":{"line":23,"column":0},"end":{"line":23,"column":46}},"23":{"start":{"line":24,"column":0},"end":{"line":24,"column":55}},"24":{"start":{"line":25,"column":0},"end":{"line":25,"column":59}},"26":{"start":{"line":27,"column":0},"end":{"line":27,"column":48}},"27":{"start":{"line":28,"column":0},"end":{"line":28,"column":35}},"28":{"start":{"line":29,"column":0},"end":{"line":29,"column":11}},"29":{"start":{"line":30,"column":0},"end":{"line":30,"column":40}},"30":{"start":{"line":31,"column":0},"end":{"line":31,"column":52}},"32":{"start":{"line":33,"column":0},"end":{"line":33,"column":26}},"33":{"start":{"line":34,"column":0},"end":{"line":34,"column":44}},"34":{"start":{"line":35,"column":0},"end":{"line":35,"column":22}},"35":{"start":{"line":36,"column":0},"end":{"line":36,"column":10}},"37":{"start":{"line":38,"column":0},"end":{"line":38,"column":25}},"38":{"start":{"line":39,"column":0},"end":{"line":39,"column":38}},"39":{"start":{"line":40,"column":0},"end":{"line":40,"column":9}},"40":{"start":{"line":41,"column":0},"end":{"line":41,"column":23}},"41":{"start":{"line":42,"column":0},"end":{"line":42,"column":26}},"42":{"start":{"line":43,"column":0},"end":{"line":43,"column":25}},"43":{"start":{"line":44,"column":0},"end":{"line":44,"column":73}},"44":{"start":{"line":45,"column":0},"end":{"line":45,"column":10}},"45":{"start":{"line":46,"column":0},"end":{"line":46,"column":36}},"46":{"start":{"line":47,"column":0},"end":{"line":47,"column":7}},"47":{"start":{"line":48,"column":0},"end":{"line":48,"column":5}},"49":{"start":{"line":50,"column":0},"end":{"line":50,"column":12}},"50":{"start":{"line":51,"column":0},"end":{"line":51,"column":28}},"51":{"start":{"line":52,"column":0},"end":{"line":52,"column":42}},"52":{"start":{"line":53,"column":0},"end":{"line":53,"column":58}},"53":{"start":{"line":54,"column":0},"end":{"line":54,"column":42}},"54":{"start":{"line":55,"column":0},"end":{"line":55,"column":14}},"55":{"start":{"line":56,"column":0},"end":{"line":56,"column":6}},"56":{"start":{"line":57,"column":0},"end":{"line":57,"column":3}},"58":{"start":{"line":59,"column":0},"end":{"line":59,"column":23}},"59":{"start":{"line":60,"column":0},"end":{"line":60,"column":39}},"60":{"start":{"line":61,"column":0},"end":{"line":61,"column":3}},"61":{"start":{"line":62,"column":0},"end":{"line":62,"column":1}},"64":{"start":{"line":65,"column":0},"end":{"line":65,"column":49}},"67":{"start":{"line":68,"column":0},"end":{"line":68,"column":74}},"69":{"start":{"line":70,"column":0},"end":{"line":70,"column":90}},"71":{"start":{"line":72,"column":0},"end":{"line":72,"column":37}},"72":{"start":{"line":73,"column":0},"end":{"line":73,"column":2}},"74":{"start":{"line":75,"column":0},"end":{"line":75,"column":79}},"76":{"start":{"line":77,"column":0},"end":{"line":77,"column":41}},"77":{"start":{"line":78,"column":0},"end":{"line":78,"column":2}}},"s":{"14":1,"15":1,"16":14,"18":1,"19":7,"20":7,"22":1,"23":5,"24":5,"26":5,"27":7,"28":7,"29":7,"30":6,"32":6,"33":7,"34":7,"35":7,"37":7,"38":1,"39":1,"40":7,"41":1,"42":1,"43":1,"44":1,"45":1,"46":1,"47":7,"49":5,"50":5,"51":5,"52":5,"53":5,"54":5,"55":5,"56":5,"58":1,"59":1,"60":1,"61":1,"64":1,"67":1,"69":1,"71":2,"72":2,"74":1,"76":2,"77":2},"branchMap":{"0":{"type":"branch","line":16,"loc":{"start":{"line":16,"column":10},"end":{"line":17,"column":33}},"locations":[{"start":{"line":16,"column":10},"end":{"line":17,"column":33}}]},"1":{"type":"branch","line":19,"loc":{"start":{"line":19,"column":2},"end":{"line":21,"column":3}},"locations":[{"start":{"line":19,"column":2},"end":{"line":21,"column":3}}]},"2":{"type":"branch","line":23,"loc":{"start":{"line":23,"column":2},"end":{"line":57,"column":3}},"locations":[{"start":{"line":23,"column":2},"end":{"line":57,"column":3}}]},"3":{"type":"branch","line":27,"loc":{"start":{"line":27,"column":47},"end":{"line":48,"column":5}},"locations":[{"start":{"line":27,"column":47},"end":{"line":48,"column":5}}]},"4":{"type":"branch","line":30,"loc":{"start":{"line":30,"column":38},"end":{"line":34,"column":30}},"locations":[{"start":{"line":30,"column":38},"end":{"line":34,"column":30}}]},"5":{"type":"branch","line":34,"loc":{"start":{"line":34,"column":18},"end":{"line":34,"column":37}},"locations":[{"start":{"line":34,"column":18},"end":{"line":34,"column":37}}]},"6":{"type":"branch","line":34,"loc":{"start":{"line":34,"column":30},"end":{"line":34,"column":44}},"locations":[{"start":{"line":34,"column":30},"end":{"line":34,"column":44}}]},"7":{"type":"branch","line":38,"loc":{"start":{"line":38,"column":24},"end":{"line":40,"column":9}},"locations":[{"start":{"line":38,"column":24},"end":{"line":40,"column":9}}]},"8":{"type":"branch","line":41,"loc":{"start":{"line":41,"column":6},"end":{"line":47,"column":7}},"locations":[{"start":{"line":41,"column":6},"end":{"line":47,"column":7}}]},"9":{"type":"branch","line":44,"loc":{"start":{"line":44,"column":48},"end":{"line":44,"column":73}},"locations":[{"start":{"line":44,"column":48},"end":{"line":44,"column":73}}]},"10":{"type":"branch","line":53,"loc":{"start":{"line":53,"column":27},"end":{"line":53,"column":58}},"locations":[{"start":{"line":53,"column":27},"end":{"line":53,"column":58}}]},"11":{"type":"branch","line":59,"loc":{"start":{"line":59,"column":2},"end":{"line":61,"column":3}},"locations":[{"start":{"line":59,"column":2},"end":{"line":61,"column":3}}]},"12":{"type":"branch","line":68,"loc":{"start":{"line":68,"column":33},"end":{"line":68,"column":74}},"locations":[{"start":{"line":68,"column":33},"end":{"line":68,"column":74}}]},"13":{"type":"branch","line":70,"loc":{"start":{"line":70,"column":35},"end":{"line":73,"column":2}},"locations":[{"start":{"line":70,"column":35},"end":{"line":73,"column":2}}]},"14":{"type":"branch","line":75,"loc":{"start":{"line":75,"column":32},"end":{"line":78,"column":2}},"locations":[{"start":{"line":75,"column":32},"end":{"line":78,"column":2}}]}},"b":{"0":[14],"1":[7],"2":[5],"3":[7],"4":[6],"5":[5],"6":[1],"7":[1],"8":[1],"9":[0],"10":[0],"11":[1],"12":[1],"13":[2],"14":[2]},"fnMap":{"0":{"name":"<instance_members_initializer>","decl":{"start":{"line":16,"column":10},"end":{"line":17,"column":33}},"loc":{"start":{"line":16,"column":10},"end":{"line":17,"column":33}},"line":16},"1":{"name":"registerService","decl":{"start":{"line":19,"column":2},"end":{"line":21,"column":3}},"loc":{"start":{"line":19,"column":2},"end":{"line":21,"column":3}},"line":19},"2":{"name":"checkHealth","decl":{"start":{"line":23,"column":2},"end":{"line":57,"column":3}},"loc":{"start":{"line":23,"column":2},"end":{"line":57,"column":3}},"line":23},"3":{"name":"getUptime","decl":{"start":{"line":59,"column":2},"end":{"line":61,"column":3}},"loc":{"start":{"line":59,"column":2},"end":{"line":61,"column":3}},"line":59},"4":{"name":"createHealthCheck","decl":{"start":{"line":68,"column":33},"end":{"line":68,"column":74}},"loc":{"start":{"line":68,"column":33},"end":{"line":68,"column":74}},"line":68},"5":{"name":"databaseHealthCheck","decl":{"start":{"line":70,"column":35},"end":{"line":73,"column":2}},"loc":{"start":{"line":70,"column":35},"end":{"line":73,"column":2}},"line":70},"6":{"name":"redisHealthCheck","decl":{"start":{"line":75,"column":32},"end":{"line":78,"column":2}},"loc":{"start":{"line":75,"column":32},"end":{"line":78,"column":2}},"line":75}},"f":{"0":14,"1":7,"2":5,"3":1,"4":1,"5":2,"6":2}},"C:\\Users\\Usuario\\ECONEURA-\\ECONEURA-\\packages\\shared\\src\\index.ts":{"path":"C:\\Users\\Usuario\\ECONEURA-\\ECONEURA-\\packages\\shared\\src\\index.ts","all":false,"statementMap":{"0":{"start":{"line":1,"column":0},"end":{"line":1,"column":76}},"6":{"start":{"line":7,"column":0},"end":{"line":7,"column":58}},"10":{"start":{"line":11,"column":0},"end":{"line":11,"column":23}},"11":{"start":{"line":12,"column":0},"end":{"line":12,"column":6}},"12":{"start":{"line":13,"column":0},"end":{"line":13,"column":48}},"13":{"start":{"line":14,"column":0},"end":{"line":14,"column":10}},"15":{"start":{"line":16,"column":0},"end":{"line":16,"column":28}},"16":{"start":{"line":17,"column":0},"end":{"line":17,"column":2}},"17":{"start":{"line":18,"column":0},"end":{"line":18,"column":1}}},"s":{"0":1,"6":1,"10":1,"11":1,"12":1,"13":1,"15":1,"16":1,"17":1},"branchMap":{"0":{"type":"branch","line":11,"loc":{"start":{"line":11,"column":7},"end":{"line":18,"column":1}},"locations":[{"start":{"line":11,"column":7},"end":{"line":18,"column":1}}]}},"b":{"0":[1]},"fnMap":{"0":{"name":"env","decl":{"start":{"line":11,"column":7},"end":{"line":18,"column":1}},"loc":{"start":{"line":11,"column":7},"end":{"line":18,"column":1}},"line":11}},"f":{"0":1}},"C:\\Users\\Usuario\\ECONEURA-\\ECONEURA-\\packages\\shared\\src\\logging\\index.ts":{"path":"C:\\Users\\Usuario\\ECONEURA-\\ECONEURA-\\packages\\shared\\src\\logging\\index.ts","all":false,"statementMap":{"25":{"start":{"line":26,"column":0},"end":{"line":26,"column":48}},"26":{"start":{"line":27,"column":0},"end":{"line":27,"column":34}},"27":{"start":{"line":28,"column":0},"end":{"line":28,"column":53}},"29":{"start":{"line":30,"column":0},"end":{"line":30,"column":31}},"30":{"start":{"line":31,"column":0},"end":{"line":31,"column":84}},"31":{"start":{"line":32,"column":0},"end":{"line":32,"column":43}},"32":{"start":{"line":33,"column":0},"end":{"line":33,"column":17}},"33":{"start":{"line":34,"column":0},"end":{"line":34,"column":5}},"35":{"start":{"line":36,"column":0},"end":{"line":36,"column":83}},"37":{"start":{"line":38,"column":0},"end":{"line":38,"column":41}},"38":{"start":{"line":39,"column":0},"end":{"line":39,"column":45}},"39":{"start":{"line":40,"column":0},"end":{"line":40,"column":20}},"40":{"start":{"line":41,"column":0},"end":{"line":41,"column":5}},"41":{"start":{"line":42,"column":0},"end":{"line":42,"column":15}},"42":{"start":{"line":43,"column":0},"end":{"line":43,"column":5}},"43":{"start":{"line":44,"column":0},"end":{"line":44,"column":1}},"45":{"start":{"line":46,"column":0},"end":{"line":46,"column":49}},"46":{"start":{"line":47,"column":0},"end":{"line":47,"column":44}},"47":{"start":{"line":48,"column":0},"end":{"line":48,"column":24}},"48":{"start":{"line":49,"column":0},"end":{"line":49,"column":48}},"49":{"start":{"line":50,"column":0},"end":{"line":50,"column":23}},"50":{"start":{"line":51,"column":0},"end":{"line":51,"column":70}},"51":{"start":{"line":52,"column":0},"end":{"line":52,"column":9}},"53":{"start":{"line":54,"column":0},"end":{"line":54,"column":42}},"54":{"start":{"line":55,"column":0},"end":{"line":55,"column":13}},"56":{"start":{"line":57,"column":0},"end":{"line":57,"column":11}},"57":{"start":{"line":58,"column":0},"end":{"line":58,"column":32}},"58":{"start":{"line":59,"column":0},"end":{"line":59,"column":15}},"59":{"start":{"line":60,"column":0},"end":{"line":60,"column":25}},"60":{"start":{"line":61,"column":0},"end":{"line":61,"column":7}},"61":{"start":{"line":62,"column":0},"end":{"line":62,"column":5}},"62":{"start":{"line":63,"column":0},"end":{"line":63,"column":5}},"63":{"start":{"line":64,"column":0},"end":{"line":64,"column":1}},"70":{"start":{"line":71,"column":0},"end":{"line":71,"column":80}},"72":{"start":{"line":73,"column":0},"end":{"line":73,"column":27}},"73":{"start":{"line":74,"column":0},"end":{"line":74,"column":75}},"74":{"start":{"line":75,"column":0},"end":{"line":75,"column":37}},"75":{"start":{"line":76,"column":0},"end":{"line":76,"column":5}},"77":{"start":{"line":78,"column":0},"end":{"line":78,"column":66}},"78":{"start":{"line":79,"column":0},"end":{"line":79,"column":53}},"79":{"start":{"line":80,"column":0},"end":{"line":80,"column":56}},"80":{"start":{"line":81,"column":0},"end":{"line":81,"column":41}},"81":{"start":{"line":82,"column":0},"end":{"line":82,"column":39}},"82":{"start":{"line":83,"column":0},"end":{"line":83,"column":56}},"83":{"start":{"line":84,"column":0},"end":{"line":84,"column":3}},"84":{"start":{"line":85,"column":0},"end":{"line":85,"column":1}},"86":{"start":{"line":87,"column":0},"end":{"line":87,"column":39}},"87":{"start":{"line":88,"column":0},"end":{"line":88,"column":75}},"88":{"start":{"line":89,"column":0},"end":{"line":89,"column":39}},"89":{"start":{"line":90,"column":0},"end":{"line":90,"column":1}},"91":{"start":{"line":92,"column":0},"end":{"line":92,"column":31}},"92":{"start":{"line":93,"column":0},"end":{"line":93,"column":46}},"93":{"start":{"line":94,"column":0},"end":{"line":94,"column":43}},"94":{"start":{"line":95,"column":0},"end":{"line":95,"column":39}},"96":{"start":{"line":97,"column":0},"end":{"line":97,"column":45}},"97":{"start":{"line":98,"column":0},"end":{"line":98,"column":4}},"98":{"start":{"line":99,"column":0},"end":{"line":99,"column":46}},"99":{"start":{"line":100,"column":0},"end":{"line":100,"column":43}},"100":{"start":{"line":101,"column":0},"end":{"line":101,"column":39}},"101":{"start":{"line":102,"column":0},"end":{"line":102,"column":45}},"102":{"start":{"line":103,"column":0},"end":{"line":103,"column":4}},"103":{"start":{"line":104,"column":0},"end":{"line":104,"column":47}},"104":{"start":{"line":105,"column":0},"end":{"line":105,"column":44}},"105":{"start":{"line":106,"column":0},"end":{"line":106,"column":39}},"106":{"start":{"line":107,"column":0},"end":{"line":107,"column":46}},"107":{"start":{"line":108,"column":0},"end":{"line":108,"column":4}},"108":{"start":{"line":109,"column":0},"end":{"line":109,"column":47}},"109":{"start":{"line":110,"column":0},"end":{"line":110,"column":44}},"110":{"start":{"line":111,"column":0},"end":{"line":111,"column":39}},"113":{"start":{"line":114,"column":0},"end":{"line":114,"column":46}},"114":{"start":{"line":115,"column":0},"end":{"line":115,"column":48}},"115":{"start":{"line":116,"column":0},"end":{"line":116,"column":12}},"116":{"start":{"line":117,"column":0},"end":{"line":117,"column":46}},"117":{"start":{"line":118,"column":0},"end":{"line":118,"column":5}},"118":{"start":{"line":119,"column":0},"end":{"line":119,"column":4}},"119":{"start":{"line":120,"column":0},"end":{"line":120,"column":2}},"122":{"start":{"line":123,"column":0},"end":{"line":123,"column":46}},"124":{"start":{"line":125,"column":0},"end":{"line":125,"column":51}},"125":{"start":{"line":126,"column":0},"end":{"line":126,"column":23}},"126":{"start":{"line":127,"column":0},"end":{"line":127,"column":1}},"128":{"start":{"line":129,"column":0},"end":{"line":129,"column":34}},"129":{"start":{"line":130,"column":0},"end":{"line":130,"column":26}},"130":{"start":{"line":131,"column":0},"end":{"line":131,"column":1}},"133":{"start":{"line":134,"column":0},"end":{"line":134,"column":26}},"134":{"start":{"line":135,"column":0},"end":{"line":135,"column":37}},"135":{"start":{"line":136,"column":0},"end":{"line":136,"column":27}},"136":{"start":{"line":137,"column":0},"end":{"line":137,"column":85}},"137":{"start":{"line":138,"column":0},"end":{"line":138,"column":41}},"138":{"start":{"line":139,"column":0},"end":{"line":139,"column":4}},"139":{"start":{"line":140,"column":0},"end":{"line":140,"column":27}},"140":{"start":{"line":141,"column":0},"end":{"line":141,"column":85}},"141":{"start":{"line":142,"column":0},"end":{"line":142,"column":41}},"142":{"start":{"line":143,"column":0},"end":{"line":143,"column":4}},"143":{"start":{"line":144,"column":0},"end":{"line":144,"column":28}},"144":{"start":{"line":145,"column":0},"end":{"line":145,"column":86}},"145":{"start":{"line":146,"column":0},"end":{"line":146,"column":42}},"146":{"start":{"line":147,"column":0},"end":{"line":147,"column":4}},"147":{"start":{"line":148,"column":0},"end":{"line":148,"column":28}},"148":{"start":{"line":149,"column":0},"end":{"line":149,"column":86}},"149":{"start":{"line":150,"column":0},"end":{"line":150,"column":42}},"150":{"start":{"line":151,"column":0},"end":{"line":151,"column":4}},"151":{"start":{"line":152,"column":0},"end":{"line":152,"column":2}},"154":{"start":{"line":155,"column":0},"end":{"line":155,"column":28}},"157":{"start":{"line":158,"column":0},"end":{"line":158,"column":26}},"158":{"start":{"line":159,"column":0},"end":{"line":159,"column":87}},"159":{"start":{"line":160,"column":0},"end":{"line":160,"column":88}},"160":{"start":{"line":161,"column":0},"end":{"line":161,"column":2}}},"s":{"25":7,"26":7,"27":7,"29":21,"30":2,"31":2,"32":2,"33":2,"35":21,"37":21,"38":7,"39":6,"40":6,"41":18,"42":7,"43":7,"45":16,"46":16,"47":8,"48":8,"49":7,"50":8,"51":7,"53":7,"54":8,"56":0,"57":0,"58":0,"59":0,"60":0,"61":0,"62":8,"63":8,"70":1,"72":1,"73":5,"74":5,"75":1,"77":1,"78":1,"79":1,"80":1,"81":0,"82":0,"83":0,"84":1,"86":1,"87":1,"88":1,"89":1,"91":1,"92":1,"93":6,"94":5,"96":5,"97":6,"98":1,"99":3,"100":2,"101":2,"102":3,"103":1,"104":3,"105":3,"106":3,"107":3,"108":1,"109":2,"110":1,"113":1,"114":1,"115":1,"116":0,"117":0,"118":2,"119":1,"122":1,"124":1,"125":2,"126":2,"128":1,"129":3,"130":3,"133":1,"134":1,"135":1,"136":7,"137":5,"138":7,"139":1,"140":3,"141":2,"142":3,"143":1,"144":3,"145":2,"146":3,"147":1,"148":2,"149":1,"150":2,"151":1,"154":1,"157":1,"158":1,"159":1,"160":1},"branchMap":{"0":{"type":"branch","line":26,"loc":{"start":{"line":26,"column":0},"end":{"line":44,"column":1}},"locations"
[...]
e":38,"column":2},"end":{"line":44,"column":3}}]},"9":{"type":"branch","line":40,"loc":{"start":{"line":40,"column":9},"end":{"line":40,"column":48}},"locations":[{"start":{"line":40,"column":9},"end":{"line":40,"column":48}}]},"10":{"type":"branch","line":40,"loc":{"start":{"line":40,"column":48},"end":{"line":42,"column":5}},"locations":[{"start":{"line":40,"column":48},"end":{"line":42,"column":5}}]},"11":{"type":"branch","line":42,"loc":{"start":{"line":42,"column":4},"end":{"line":43,"column":55}},"locations":[{"start":{"line":42,"column":4},"end":{"line":43,"column":55}}]},"12":{"type":"branch","line":46,"loc":{"start":{"line":46,"column":2},"end":{"line":49,"column":3}},"locations":[{"start":{"line":46,"column":2},"end":{"line":49,"column":3}}]},"13":{"type":"branch","line":48,"loc":{"start":{"line":48,"column":11},"end":{"line":48,"column":31}},"locations":[{"start":{"line":48,"column":11},"end":{"line":48,"column":31}}]},"14":{"type":"branch","line":48,"loc":{"start":{"line":48,"column":18},"end":{"line":48,"column":58}},"locations":[{"start":{"line":48,"column":18},"end":{"line":48,"column":58}}]},"15":{"type":"branch","line":51,"loc":{"start":{"line":51,"column":2},"end":{"line":53,"column":3}},"locations":[{"start":{"line":51,"column":2},"end":{"line":53,"column":3}}]},"16":{"type":"branch","line":57,"loc":{"start":{"line":57,"column":7},"end":{"line":77,"column":1}},"locations":[{"start":{"line":57,"column":7},"end":{"line":77,"column":1}}]},"17":{"type":"branch","line":58,"loc":{"start":{"line":58,"column":9},"end":{"line":76,"column":4}},"locations":[{"start":{"line":58,"column":9},"end":{"line":76,"column":4}}]},"18":{"type":"branch","line":59,"loc":{"start":{"line":59,"column":16},"end":{"line":59,"column":38}},"locations":[{"start":{"line":59,"column":16},"end":{"line":59,"column":38}}]},"19":{"type":"branch","line":59,"loc":{"start":{"line":59,"column":34},"end":{"line":59,"column":50}},"locations":[{"start":{"line":59,"column":34},"end":{"line":59,"column":50}}]},"20":{"type":"branch","line":61,"loc":{"start":{"line":61,"column":33},"end":{"line":68,"column":5}},"locations":[{"start":{"line":61,"column":33},"end":{"line":68,"column":5}}]},"21":{"type":"branch","line":68,"loc":{"start":{"line":68,"column":4},"end":{"line":75,"column":11}},"locations":[{"start":{"line":68,"column":4},"end":{"line":75,"column":11}}]}},"b":{"0":[19],"1":[19],"2":[33],"3":[18],"4":[16],"5":[17],"6":[4],"7":[13],"8":[13],"9":[10],"10":[3],"11":[10],"12":[9],"13":[8],"14":[1],"15":[1],"16":[4],"17":[6],"18":[1],"19":[5],"20":[1],"21":[5]},"fnMap":{"0":{"name":"<instance_members_initializer>","decl":{"start":{"line":8,"column":10},"end":{"line":10,"column":27}},"loc":{"start":{"line":8,"column":10},"end":{"line":10,"column":27}},"line":8},"1":{"name":"RateLimiter","decl":{"start":{"line":12,"column":2},"end":{"line":15,"column":3}},"loc":{"start":{"line":12,"column":2},"end":{"line":15,"column":3}},"line":12},"2":{"name":"isAllowed","decl":{"start":{"line":17,"column":2},"end":{"line":36,"column":3}},"loc":{"start":{"line":17,"column":2},"end":{"line":36,"column":3}},"line":17},"3":{"name":"getRemainingRequests","decl":{"start":{"line":38,"column":2},"end":{"line":44,"column":3}},"loc":{"start":{"line":38,"column":2},"end":{"line":44,"column":3}},"line":38},"4":{"name":"getResetTime","decl":{"start":{"line":46,"column":2},"end":{"line":49,"column":3}},"loc":{"start":{"line":46,"column":2},"end":{"line":49,"column":3}},"line":46},"5":{"name":"clear","decl":{"start":{"line":51,"column":2},"end":{"line":53,"column":3}},"loc":{"start":{"line":51,"column":2},"end":{"line":53,"column":3}},"line":51},"6":{"name":"createRateLimitMiddleware","decl":{"start":{"line":57,"column":7},"end":{"line":77,"column":1}},"loc":{"start":{"line":57,"column":7},"end":{"line":77,"column":1}},"line":57}},"f":{"0":19,"1":19,"2":33,"3":13,"4":9,"5":1,"6":4}},"C:\\Users\\Usuario\\ECONEURA-\\ECONEURA-\\packages\\shared\\src\\retry.ts":{"path":"C:\\Users\\Usuario\\ECONEURA-\\ECONEURA-\\packages\\shared\\src\\retry.ts","all":false,"statementMap":{"10":{"start":{"line":11,"column":0},"end":{"line":11,"column":50}},"11":{"start":{"line":12,"column":0},"end":{"line":12,"column":17}},"12":{"start":{"line":13,"column":0},"end":{"line":13,"column":16}},"13":{"start":{"line":14,"column":0},"end":{"line":14,"column":23}},"14":{"start":{"line":15,"column":0},"end":{"line":15,"column":20}},"15":{"start":{"line":16,"column":0},"end":{"line":16,"column":37}},"17":{"start":{"line":18,"column":0},"end":{"line":18,"column":47}},"18":{"start":{"line":19,"column":0},"end":{"line":19,"column":47}},"19":{"start":{"line":20,"column":0},"end":{"line":20,"column":50}},"20":{"start":{"line":21,"column":0},"end":{"line":21,"column":47}},"21":{"start":{"line":22,"column":0},"end":{"line":22,"column":3}},"22":{"start":{"line":23,"column":0},"end":{"line":23,"column":2}},"25":{"start":{"line":26,"column":0},"end":{"line":26,"column":43}},"26":{"start":{"line":27,"column":0},"end":{"line":27,"column":57}},"27":{"start":{"line":28,"column":0},"end":{"line":28,"column":1}},"30":{"start":{"line":31,"column":0},"end":{"line":31,"column":35}},"31":{"start":{"line":32,"column":0},"end":{"line":32,"column":23}},"32":{"start":{"line":33,"column":0},"end":{"line":33,"column":37}},"33":{"start":{"line":34,"column":0},"end":{"line":34,"column":15}},"34":{"start":{"line":35,"column":0},"end":{"line":35,"column":54}},"35":{"start":{"line":36,"column":0},"end":{"line":36,"column":23}},"37":{"start":{"line":38,"column":0},"end":{"line":38,"column":65}},"38":{"start":{"line":39,"column":0},"end":{"line":39,"column":9}},"39":{"start":{"line":40,"column":0},"end":{"line":40,"column":24}},"40":{"start":{"line":41,"column":0},"end":{"line":41,"column":21}},"41":{"start":{"line":42,"column":0},"end":{"line":42,"column":33}},"44":{"start":{"line":45,"column":0},"end":{"line":45,"column":41}},"45":{"start":{"line":46,"column":0},"end":{"line":46,"column":14}},"46":{"start":{"line":47,"column":0},"end":{"line":47,"column":7}},"49":{"start":{"line":50,"column":0},"end":{"line":50,"column":67}},"50":{"start":{"line":51,"column":0},"end":{"line":51,"column":14}},"51":{"start":{"line":52,"column":0},"end":{"line":52,"column":7}},"54":{"start":{"line":55,"column":0},"end":{"line":55,"column":108}},"56":{"start":{"line":57,"column":0},"end":{"line":57,"column":91}},"57":{"start":{"line":58,"column":0},"end":{"line":58,"column":25}},"58":{"start":{"line":59,"column":0},"end":{"line":59,"column":5}},"59":{"start":{"line":60,"column":0},"end":{"line":60,"column":3}},"61":{"start":{"line":62,"column":0},"end":{"line":62,"column":19}},"62":{"start":{"line":63,"column":0},"end":{"line":63,"column":1}},"65":{"start":{"line":66,"column":0},"end":{"line":66,"column":64}},"66":{"start":{"line":67,"column":0},"end":{"line":67,"column":19}},"67":{"start":{"line":68,"column":0},"end":{"line":68,"column":21}},"68":{"start":{"line":69,"column":0},"end":{"line":69,"column":25}},"69":{"start":{"line":70,"column":0},"end":{"line":70,"column":34}},"70":{"start":{"line":71,"column":0},"end":{"line":71,"column":5}},"71":{"start":{"line":72,"column":0},"end":{"line":72,"column":45}},"73":{"start":{"line":74,"column":0},"end":{"line":74,"column":60}},"74":{"start":{"line":75,"column":0},"end":{"line":75,"column":72}},"75":{"start":{"line":76,"column":0},"end":{"line":76,"column":6}},"77":{"start":{"line":78,"column":0},"end":{"line":78,"column":22}},"78":{"start":{"line":79,"column":0},"end":{"line":79,"column":4}},"79":{"start":{"line":80,"column":0},"end":{"line":80,"column":1}}},"s":{"10":1,"11":1,"12":1,"13":1,"14":1,"15":1,"17":9,"18":5,"19":3,"20":2,"21":9,"22":1,"25":5,"26":5,"27":5,"30":8,"31":8,"32":8,"33":8,"34":8,"35":8,"37":8,"38":13,"39":13,"40":13,"41":8,"44":8,"45":2,"46":2,"49":8,"50":1,"51":1,"54":5,"56":5,"57":5,"58":5,"59":13,"61":3,"62":3,"65":1,"66":1,"67":1,"68":1,"69":1,"70":1,"71":1,"73":1,"74":1,"75":1,"77":1,"78":1,"79":1},"branchMap":{"0":{"type":"branch","line":16,"loc":{"start":{"line":16,"column":18},"end":{"line":22,"column":3}},"locations":[{"start":{"line":16,"column":18},"end":{"line":22,"column":3}}]},"1":{"type":"branch","line":18,"loc":{"start":{"line":18,"column":43},"end":{"line":19,"column":47}},"locations":[{"start":{"line":18,"column":43},"end":{"line":19,"column":47}}]},"2":{"type":"branch","line":19,"loc":{"start":{"line":19,"column":43},"end":{"line":20,"column":50}},"locations":[{"start":{"line":19,"column":43},"end":{"line":20,"column":50}}]},"3":{"type":"branch","line":20,"loc":{"start":{"line":20,"column":46},"end":{"line":21,"column":47}},"locations":[{"start":{"line":20,"column":46},"end":{"line":21,"column":47}}]},"4":{"type":"branch","line":26,"loc":{"start":{"line":26,"column":0},"end":{"line":28,"column":1}},"locations":[{"start":{"line":26,"column":0},"end":{"line":28,"column":1}}]},"5":{"type":"branch","line":27,"loc":{"start":{"line":27,"column":21},"end":{"line":27,"column":55}},"locations":[{"start":{"line":27,"column":21},"end":{"line":27,"column":55}}]},"6":{"type":"branch","line":31,"loc":{"start":{"line":31,"column":0},"end":{"line":63,"column":1}},"locations":[{"start":{"line":31,"column":0},"end":{"line":63,"column":1}}]},"7":{"type":"branch","line":38,"loc":{"start":{"line":38,"column":64},"end":{"line":60,"column":3}},"locations":[{"start":{"line":38,"column":64},"end":{"line":60,"column":3}}]},"8":{"type":"branch","line":41,"loc":{"start":{"line":41,"column":4},"end":{"line":59,"column":5}},"locations":[{"start":{"line":41,"column":4},"end":{"line":59,"column":5}}]},"9":{"type":"branch","line":45,"loc":{"start":{"line":45,"column":40},"end":{"line":47,"column":7}},"locations":[{"start":{"line":45,"column":40},"end":{"line":47,"column":7}}]},"10":{"type":"branch","line":47,"loc":{"start":{"line":47,"column":6},"end":{"line":50,"column":66}},"locations":[{"start":{"line":47,"column":6},"end":{"line":50,"column":66}}]},"11":{"type":"branch","line":50,"loc":{"start":{"line":50,"column":66},"end":{"line":52,"column":7}},"locations":[{"start":{"line":50,"column":66},"end":{"line":52,"column":7}}]},"12":{"type":"branch","line":52,"loc":{"start":{"line":52,"column":6},"end":{"line":59,"column":5}},"locations":[{"start":{"line":52,"column":6},"end":{"line":59,"column":5}}]},"13":{"type":"branch","line":60,"loc":{"start":{"line":60,"column":2},"end":{"line":63,"column":1}},"locations":[{"start":{"line":60,"column":2},"end":{"line":63,"column":1}}]},"14":{"type":"branch","line":66,"loc":{"start":{"line":66,"column":7},"end":{"line":80,"column":1}},"locations":[{"start":{"line":66,"column":7},"end":{"line":80,"column":1}}]},"15":{"type":"branch","line":67,"loc":{"start":{"line":67,"column":9},"end":{"line":79,"column":4}},"locations":[{"start":{"line":67,"column":9},"end":{"line":79,"column":4}}]},"16":{"type":"branch","line":74,"loc":{"start":{"line":74,"column":23},"end":{"line":76,"column":6}},"locations":[{"start":{"line":74,"column":23},"end":{"line":76,"column":6}}]},"17":{"type":"branch","line":75,"loc":{"start":{"line":75,"column":23},"end":{"line":75,"column":63}},"locations":[{"start":{"line":75,"column":23},"end":{"line":75,"column":63}}]}},"b":{"0":[9],"1":[5],"2":[3],"3":[2],"4":[5],"5":[5],"6":[8],"7":[13],"8":[8],"9":[2],"10":[6],"11":[1],"12":[5],"13":[3],"14":[1],"15":[1],"16":[1],"17":[2]},"fnMap":{"0":{"name":"retryCondition","decl":{"start":{"line":16,"column":18},"end":{"line":22,"column":3}},"loc":{"start":{"line":16,"column":18},"end":{"line":22,"column":3}},"line":16},"1":{"name":"sleep","decl":{"start":{"line":26,"column":0},"end":{"line":28,"column":1}},"loc":{"start":{"line":26,"column":0},"end":{"line":28,"column":1}},"line":26},"2":{"name":"withRetry","decl":{"start":{"line":31,"column":0},"end":{"line":63,"column":1}},"loc":{"start":{"line":31,"column":0},"end":{"line":63,"column":1}},"line":31},"3":{"name":"retryable","decl":{"start":{"line":66,"column":7},"end":{"line":80,"column":1}},"loc":{"start":{"line":66,"column":7},"end":{"line":80,"column":1}},"line":66},"4":{"name":"descriptor.value","decl":{"start":{"line":74,"column":23},"end":{"line":76,"column":6}},"loc":{"start":{"line":74,"column":23},"end":{"line":76,"column":6}},"line":74}},"f":{"0":9,"1":5,"2":8,"3":1,"4":1}},"C:\\Users\\Usuario\\ECONEURA-\\ECONEURA-\\packages\\shared\\src\\utils\\fetch-safe.ts":{"path":"C:\\Users\\Usuario\\ECONEURA-\\ECONEURA-\\packages\\shared\\src\\utils\\fetch-safe.ts","all":false,"statementMap":{"1":{"start":{"line":2,"column":0},"end":{"line":2,"column":138}}},"s":{"1":2},"branchMap":{"0":{"type":"branch","line":2,"loc":{"start":{"line":2,"column":0},"end":{"line":2,"column":138}},"locations":[{"start":{"line":2,"column":0},"end":{"line":2,"column":138}}]},"1":{"type":"branch","line":2,"loc":{"start":{"line":2,"column":121},"end":{"line":2,"column":133}},"locations":[{"start":{"line":2,"column":121},"end":{"line":2,"column":133}}]}},"b":{"0":[2],"1":[1]},"fnMap":{"0":{"name":"fetchSafe","decl":{"start":{"line":2,"column":0},"end":{"line":2,"column":138}},"loc":{"start":{"line":2,"column":0},"end":{"line":2,"column":138}},"line":2}},"f":{"0":2}},"C:\\Users\\Usuario\\ECONEURA-\\ECONEURA-\\packages\\shared\\src\\validation.ts":{"path":"C:\\Users\\Usuario\\ECONEURA-\\ECONEURA-\\packages\\shared\\src\\validation.ts","all":false,"statementMap":{"0":{"start":{"line":1,"column":0},"end":{"line":1,"column":24}},"3":{"start":{"line":4,"column":0},"end":{"line":4,"column":68}},"5":{"start":{"line":6,"column":0},"end":{"line":6,"column":65}},"7":{"start":{"line":8,"column":0},"end":{"line":8,"column":76}},"9":{"start":{"line":10,"column":0},"end":{"line":10,"column":73}},"12":{"start":{"line":13,"column":0},"end":{"line":13,"column":55}},"13":{"start":{"line":14,"column":0},"end":{"line":14,"column":46}},"14":{"start":{"line":15,"column":0},"end":{"line":15,"column":1}},"16":{"start":{"line":17,"column":0},"end":{"line":17,"column":53}},"17":{"start":{"line":18,"column":0},"end":{"line":18,"column":44}},"18":{"start":{"line":19,"column":0},"end":{"line":19,"column":1}},"20":{"start":{"line":21,"column":0},"end":{"line":21,"column":63}},"21":{"start":{"line":22,"column":0},"end":{"line":22,"column":53}},"22":{"start":{"line":23,"column":0},"end":{"line":23,"column":1}},"24":{"start":{"line":25,"column":0},"end":{"line":25,"column":63}},"25":{"start":{"line":26,"column":0},"end":{"line":26,"column":53}},"26":{"start":{"line":27,"column":0},"end":{"line":27,"column":1}},"29":{"start":{"line":30,"column":0},"end":{"line":30,"column":143}},"30":{"start":{"line":31,"column":0},"end":{"line":31,"column":40}},"31":{"start":{"line":32,"column":0},"end":{"line":32,"column":23}},"32":{"start":{"line":33,"column":0},"end":{"line":33,"column":48}},"33":{"start":{"line":34,"column":0},"end":{"line":34,"column":3}},"34":{"start":{"line":35,"column":0},"end":{"line":35,"column":57}},"35":{"start":{"line":36,"column":0},"end":{"line":36,"column":1}}},"s":{"0":1,"3":1,"5":1,"7":1,"9":1,"12":1,"13":10,"14":10,"16":1,"17":6,"18":6,"20":1,"21":0,"22":0,"24":1,"25":0,"26":0,"29":1,"30":5,"31":5,"32":2,"33":2,"34":3,"35":3},"branchMap":{"0":{"type":"branch","line":13,"loc":{"start":{"line":13,"column":7},"end":{"line":15,"column":1}},"locations":[{"start":{"line":13,"column":7},"end":{"line":15,"column":1}}]},"1":{"type":"branch","line":17,"loc":{"start":{"line":17,"column":7},"end":{"line":19,"column":1}},"locations":[{"start":{"line":17,"column":7},"end":{"line":19,"column":1}}]},"2":{"type":"branch","line":30,"loc":{"start":{"line":30,"column":7},"end":{"line":36,"column":1}},"locations":[{"start":{"line":30,"column":7},"end":{"line":36,"column":1}}]},"3":{"type":"branch","line":32,"loc":{"start":{"line":32,"column":22},"end":{"line":34,"column":3}},"locations":[{"start":{"line":32,"column":22},"end":{"line":34,"column":3}}]},"4":{"type":"branch","line":34,"loc":{"start":{"line":34,"column":2},"end":{"line":36,"column":1}},"locations":[{"start":{"line":34,"column":2},"end":{"line":36,"column":1}}]}},"b":{"0":[10],"1":[6],"2":[5],"3":[2],"4":[3]},"fnMap":{"0":{"name":"validateEmail","decl":{"start":{"line":13,"column":7},"end":{"line":15,"column":1}},"loc":{"start":{"line":13,"column":7},"end":{"line":15,"column":1}},"line":13},"1":{"name":"validateUUID","decl":{"start":{"line":17,"column":7},"end":{"line":19,"column":1}},"loc":{"start":{"line":17,"column":7},"end":{"line":19,"column":1}},"line":17},"2":{"name":"validatePositiveNumber","decl":{"start":{"line":21,"column":7},"end":{"line":23,"column":1}},"loc":{"start":{"line":21,"column":7},"end":{"line":23,"column":1}},"line":21},"3":{"name":"validateNonEmptyString","decl":{"start":{"line":25,"column":7},"end":{"line":27,"column":1}},"loc":{"start":{"line":25,"column":7},"end":{"line":27,"column":1}},"line":25},"4":{"name":"validateData","decl":{"start":{"line":30,"column":7},"end":{"line":36,"column":1}},"loc":{"start":{"line":30,"column":7},"end":{"line":36,"column":1}},"line":30}},"f":{"0":10,"1":6,"2":0,"3":0,"4":5}},"C:\\Users\\Usuario\\ECONEURA-\\ECONEURA-\\packages\\shared\\src\\validation\\crm.ts":{"path":"C:\\Users\\Usuario\\ECONEURA-\\ECONEURA-\\packages\\shared\\src\\validation\\crm.ts","all":false,"statementMap":{"1":{"start":{"line":2,"column":0},"end":{"line":2,"column":47}},"2":{"start":{"line":3,"column":0},"end":{"line":3,"column":35}},"3":{"start":{"line":4,"column":0},"end":{"line":4,"column":1}},"5":{"start":{"line":6,"column":0},"end":{"line":6,"column":47}},"6":{"start":{"line":7,"column":0},"end":{"line":7,"column":54}},"7":{"start":{"line":8,"column":0},"end":{"line":8,"column":1}}},"s":{"1":1,"2":1,"3":1,"5":1,"6":1,"7":1},"branchMap":{"0":{"type":"branch","line":2,"loc":{"start":{"line":2,"column":7},"end":{"line":4,"column":1}},"locations":[{"start":{"line":2,"column":7},"end":{"line":4,"column":1}}]},"1":{"type":"branch","line":6,"loc":{"start":{"line":6,"column":7},"end":{"line":8,"column":1}},"locations":[{"start":{"line":6,"column":7},"end":{"line":8,"column":1}}]},"2":{"type":"branch","line":7,"loc":{"start":{"line":7,"column":31},"end":{"line":7,"column":54}},"locations":[{"start":{"line":7,"column":31},"end":{"line":7,"column":54}}]}},"b":{"0":[1],"1":[1],"2":[0]},"fnMap":{"0":{"name":"validateCompany","decl":{"start":{"line":2,"column":7},"end":{"line":4,"column":1}},"loc":{"start":{"line":2,"column":7},"end":{"line":4,"column":1}},"line":2},"1":{"name":"validateContact","decl":{"start":{"line":6,"column":7},"end":{"line":8,"column":1}},"loc":{"start":{"line":6,"column":7},"end":{"line":8,"column":1}},"line":6}},"f":{"0":1,"1":1}},"C:\\Users\\Usuario\\ECONEURA-\\ECONEURA-\\packages\\shared\\src\\validation\\erp.ts":{"path":"C:\\Users\\Usuario\\ECONEURA-\\ECONEURA-\\packages\\shared\\src\\validation\\erp.ts","all":false,"statementMap":{"1":{"start":{"line":2,"column":0},"end":{"line":2,"column":47}},"2":{"start":{"line":3,"column":0},"end":{"line":3,"column":36}},"3":{"start":{"line":4,"column":0},"end":{"line":4,"column":1}},"5":{"start":{"line":6,"column":0},"end":{"line":6,"column":48}},"6":{"start":{"line":7,"column":0},"end":{"line":7,"column":35}},"7":{"start":{"line":8,"column":0},"end":{"line":8,"column":1}}},"s":{"1":1,"2":1,"3":1,"5":1,"6":1,"7":1},"branchMap":{"0":{"type":"branch","line":2,"loc":{"start":{"line":2,"column":7},"end":{"line":4,"column":1}},"locations":[{"start":{"line":2,"column":7},"end":{"line":4,"column":1}}]},"1":{"type":"branch","line":6,"loc":{"start":{"line":6,"column":7},"end":{"line":8,"column":1}},"locations":[{"start":{"line":6,"column":7},"end":{"line":8,"column":1}}]}},"b":{"0":[1],"1":[1]},"fnMap":{"0":{"name":"validateInvoice","decl":{"start":{"line":2,"column":7},"end":{"line":4,"column":1}},"loc":{"start":{"line":2,"column":7},"end":{"line":4,"column":1}},"line":2},"1":{"name":"validateCustomer","decl":{"start":{"line":6,"column":7},"end":{"line":8,"column":1}},"loc":{"start":{"line":6,"column":7},"end":{"line":8,"column":1}},"line":6}},"f":{"0":1,"1":1}}}}