{"numTotalTestSuites":43,"numPassedTestSuites":43,"numFailedTestSuites":0,"numPendingTestSuites":0,"numTotalTests":73,"numPassedTests":73,"numFailedTests":0,"numPendingTests":0,"numTodoTests":0,"snapshot":{"added":0,"failure":false,"filesAdded":0,"filesRemoved":0,"filesRemovedList":[],"filesUnmatched":0,"filesUpdated":0,"matched":0,"total":0,"unchecked":0,"uncheckedKeysByFile":[],"unmatched":0,"updated":0,"didUpdate":false},"startTime":1759354467112,"success":true,"testResults":[{"assertionResults":[{"ancestorTitles":["shared smoke test"],"fullName":"shared smoke test should pass basic assertion","status":"passed","title":"should pass basic assertion","duration":1.4403999999999542,"failureMessages":[],"meta":{}},{"ancestorTitles":["shared smoke test"],"fullName":"shared smoke test should import shared modules","status":"passed","title":"should import shared modules","duration":0.17300000000000182,"failureMessages":[],"meta":{}},{"ancestorTitles":["shared smoke test","minimal.ts"],"fullName":"shared smoke test minimal.ts should create API response","status":"passed","title":"should create API response","duration":0.8184999999999718,"failureMessages":[],"meta":{}},{"ancestorTitles":["shared smoke test","minimal.ts"],"fullName":"shared smoke test minimal.ts should create API response without message","status":"passed","title":"should create API response without message","duration":0.2536000000000058,"failureMessages":[],"meta":{}},{"ancestorTitles":["shared smoke test","minimal.ts"],"fullName":"shared smoke test minimal.ts should create error response","status":"passed","title":"should create error response","duration":0.2703999999999951,"failureMessages":[],"meta":{}},{"ancestorTitles":["shared smoke test","minimal.ts"],"fullName":"shared smoke test minimal.ts should validate User interface","status":"passed","title":"should validate User interface","duration":0.2195000000000391,"failureMessages":[],"meta":{}},{"ancestorTitles":["shared smoke test","minimal.ts"],"fullName":"shared smoke test minimal.ts should validate ApiResponse interface","status":"passed","title":"should validate ApiResponse interface","duration":0.1609000000000833,"failureMessages":[],"meta":{}},{"ancestorTitles":["shared smoke test","utils/fetch-safe.ts"],"fullName":"shared smoke test utils/fetch-safe.ts should export fetchSafe function","status":"passed","title":"should export fetchSafe function","duration":0.13639999999998054,"failureMessages":[],"meta":{}},{"ancestorTitles":["shared smoke test","utils/fetch-safe.ts"],"fullName":"shared smoke test utils/fetch-safe.ts should export FetchLike type","status":"passed","title":"should export FetchLike type","duration":0.1392000000000735,"failureMessages":[],"meta":{}},{"ancestorTitles":["shared smoke test","utils/fetch-safe.ts"],"fullName":"shared smoke test utils/fetch-safe.ts should call fetch with merged headers","status":"passed","title":"should call fetch with merged headers","duration":2.157699999999977,"failureMessages":[],"meta":{}},{"ancestorTitles":["shared smoke test","utils/fetch-safe.ts"],"fullName":"shared smoke test utils/fetch-safe.ts should handle empty headers","status":"passed","title":"should handle empty headers","duration":0.3181000000000722,"failureMessages":[],"meta":{}}],"startTime":1759354468339,"endTime":1759354468345.318,"status":"passed","message":"","name":"C:/Users/Usuario/ECONEURA-/ECONEURA-/packages/shared/src/smoke.shared.test.ts"},{"assertionResults":[{"ancestorTitles":["Config Module"],"fullName":"Config Module should validate required environment variables","status":"passed","title":"should validate required environment variables","duration":7.776900000000012,"failureMessages":[],"meta":{}},{"ancestorTitles":["Config Module"],"fullName":"Config Module should validate URL formats","status":"passed","title":"should validate URL formats","duration":3.9581999999999766,"failureMessages":[],"meta":{}},{"ancestorTitles":["Config Module"],"fullName":"Config Module should validate JWT secret minimum length","status":"passed","title":"should validate JWT secret minimum length","duration":2.777900000000045,"failureMessages":[],"meta":{}},{"ancestorTitles":["Config Module"],"fullName":"Config Module should validate numeric transformations","status":"passed","title":"should validate numeric transformations","duration":2.1351999999999975,"failureMessages":[],"meta":{}},{"ancestorTitles":["Config Module"],"fullName":"Config Module should validate enum values","status":"passed","title":"should validate enum values","duration":3.8554000000000315,"failureMessages":[],"meta":{}},{"ancestorTitles":["Config Module"],"fullName":"Config Module should handle default values correctly","status":"passed","title":"should handle default values correctly","duration":1.5979000000000383,"failureMessages":[],"meta":{}},{"ancestorTitles":["Config Module"],"fullName":"Config Module should validate Azure OpenAI configuration","status":"passed","title":"should validate Azure OpenAI configuration","duration":1.096900000000005,"failureMessages":[],"meta":{}}],"startTime":1759354468262,"endTime":1759354468286.097,"status":"passed","message":"","name":"C:/Users/Usuario/ECONEURA-/ECONEURA-/packages/shared/src/__tests__/config.test.ts"},{"assertionResults":[{"ancestorTitles":["Errors Module"],"fullName":"Errors Module should be testable","status":"passed","title":"should be testable","duration":3.390000000000043,"failureMessages":[],"meta":{}},{"ancestorTitles":["Errors Module"],"fullName":"Errors Module should handle basic error logic","status":"passed","title":"should handle basic error logic","duration":0.40159999999997353,"failureMessages":[],"meta":{}}],"startTime":1759354468848,"endTime":1759354468851.4016,"status":"passed","message":"","name":"C:/Users/Usuario/ECONEURA-/ECONEURA-/packages/shared/src/__tests__/errors.test.ts"},{"assertionResults":[{"ancestorTitles":["HealthChecker","constructor"],"fullName":"HealthChecker constructor should create a new HealthChecker instance","status":"passed","title":"should create a new HealthChecker instance","duration":1.7508000000000266,"failureMessages":[],"meta":{}},{"ancestorTitles":["HealthChecker","registerService"],"fullName":"HealthChecker registerService should register a service check","status":"passed","title":"should register a service check","duration":3.5014999999999645,"failureMessages":[],"meta":{}},{"ancestorTitles":["HealthChecker","checkHealth"],"fullName":"HealthChecker checkHealth should return healthy status when all services are up","status":"passed","title":"should return healthy status when all services are up","duration":0.7307000000000698,"failureMessages":[],"meta":{}},{"ancestorTitles":["HealthChecker","checkHealth"],"fullName":"HealthChecker checkHealth should return unhealthy status when any service is down","status":"passed","title":"should return unhealthy status when any service is down","duration":0.3048000000000002,"failureMessages":[],"meta":{}},{"ancestorTitles":["HealthChecker","checkHealth"],"fullName":"HealthChecker checkHealth should handle service check errors","status":"passed","title":"should handle service check errors","duration":2.0062000000000353,"failureMessages":[],"meta":{}},{"ancestorTitles":["HealthChecker","checkHealth"],"fullName":"HealthChecker checkHealth should measure response time","status":"passed","title":"should measure response time","duration":16.585699999999974,"failureMessages":[],"meta":{}},{"ancestorTitles":["HealthChecker","getUptime"],"fullName":"HealthChecker getUptime should return uptime in milliseconds","status":"passed","title":"should return uptime in milliseconds","duration":0.37620000000003984,"failureMessages":[],"meta":{}},{"ancestorTitles":["HealthChecker","helper functions","createHealthCheck"],"fullName":"HealthChecker helper functions createHealthCheck should return the check function","status":"passed","title":"should return the check function","duration":0.23829999999998108,"failureMessages":[],"meta":{}},{"ancestorTitles":["HealthChecker","helper functions","databaseHealthCheck"],"fullName":"HealthChecker helper functions databaseHealthCheck should return true for valid connection string","status":"passed","title":"should return true for valid connection string","duration":0.2075000000000955,"failureMessages":[],"meta":{}},{"ancestorTitles":["HealthChecker","helper functions","databaseHealthCheck"],"fullName":"HealthChecker helper functions databaseHealthCheck should return false for empty connection string","status":"passed","title":"should return false for empty connection string","duration":0.1790000000000873,"failureMessages":[],"meta":{}},{"ancestorTitles":["HealthChecker","helper functions","redisHealthCheck"],"fullName":"HealthChecker helper functions redisHealthCheck should return true for valid redis URL","status":"passed","title":"should return true for valid redis URL","duration":0.15399999999999636,"failureMessages":[],"meta":{}},{"ancestorTitles":["HealthChecker","helper functions","redisHealthCheck"],"fullName":"HealthChecker helper functions redisHealthCheck should return false for invalid redis URL","status":"passed","title":"should return false for invalid redis URL","duration":0.1853000000000975,"failureMessages":[],"meta":{}},{"ancestorTitles":["HealthChecker","singleton instance"],"fullName":"HealthChecker singleton instance should export a singleton healthChecker instance","status":"passed","title":"should export a singleton healthChecker instance","duration":0.2077000000000453,"failureMessages":[],"meta":{}}],"startTime":1759354467740,"endTime":1759354467767.2078,"status":"passed","message":"","name":"C:/Users/Usuario/ECONEURA-/ECONEURA-/packages/shared/src/__tests__/health.test.ts"},{"assertionResults":[{"ancestorTitles":["Logging Module"],"fullName":"Logging Module should be testable","status":"passed","title":"should be testable","duration":1.9157999999999902,"failureMessages":[],"meta":{}},{"ancestorTitles":["Logging Module"],"fullName":"Logging Module should handle log levels","status":"passed","title":"should handle log levels","duration":1.6271000000000413,"failureMessages":[],"meta":{}}],"startTime":1759354468838,"endTime":1759354468841.6272,"status":"passed","message":"","name":"C:/Users/Usuario/ECONEURA-/ECONEURA-/packages/shared/src/__tests__/logging.test.ts"},{"assertionResults":[{"ancestorTitles":["Middleware Module","corsMiddleware"],"fullName":"Middleware Module corsMiddleware should set CORS headers for regular requests","status":"passed","title":"should set CORS headers for regular requests","duration":4.345000000000027,"failureMessages":[],"meta":{}},{"ancestorTitles":["Middleware Module","corsMiddleware"],"fullName":"Middleware Module corsMiddleware should handle OPTIONS requests","status":"passed","title":"should handle OPTIONS requests","duration":0.8512000000000626,"failureMessages":[],"meta":{}},{"ancestorTitles":["Middleware Module","corsMiddleware"],"fullName":"Middleware Module corsMiddleware should use custom origin","status":"passed","title":"should use custom origin","duration":0.3876000000000204,"failureMessages":[],"meta":{}},{"ancestorTitles":["Middleware Module","requestLogger"],"fullName":"Middleware Module requestLogger should log requests","status":"passed","title":"should log requests","duration":23.52260000000001,"failureMessages":[],"meta":{}},{"ancestorTitles":["Middleware Module","errorHandler"],"fullName":"Middleware Module errorHandler should intercept error status codes and set content type","status":"passed","title":"should intercept error status codes and set content type","duration":0.8362000000000762,"failureMessages":[],"meta":{}},{"ancestorTitles":["Middleware Module","errorHandler"],"fullName":"Middleware Module errorHandler should not set content type for successful responses","status":"passed","title":"should not set content type for successful responses","duration":0.4732000000000198,"failureMessages":[],"meta":{}}],"startTime":1759354467738,"endTime":1759354467769.4731,"status":"passed","message":"","name":"C:/Users/Usuario/ECONEURA-/ECONEURA-/packages/shared/src/__tests__/middleware.test.ts"},{"assertionResults":[{"ancestorTitles":["RateLimiter","constructor"],"fullName":"RateLimiter constructor should create with default values","status":"passed","title":"should create with default values","duration":1.9831000000000358,"failureMessages":[],"meta":{}},{"ancestorTitles":["RateLimiter","constructor"],"fullName":"RateLimiter constructor should create with custom values","status":"passed","title":"should create with custom values","duration":0.35579999999993106,"failureMessages":[],"meta":{}},{"ancestorTitles":["RateLimiter","isAllowed"],"fullName":"RateLimiter isAllowed should allow first request","status":"passed","title":"should allow first request","duration":0.283800000000042,"failureMessages":[],"meta":{}},{"ancestorTitles":["RateLimiter","isAllowed"],"fullName":"RateLimiter isAllowed should allow requests within limit","status":"passed","title":"should allow requests within limit","duration":0.19839999999999236,"failureMessages":[],"meta":{}},{"ancestorTitles":["RateLimiter","isAllowed"],"fullName":"RateLimiter isAllowed should block requests over limit","status":"passed","title":"should block requests over limit","duration":0.2157000000000835,"failureMessages":[],"meta":{}},{"ancestorTitles":["RateLimiter","isAllowed"],"fullName":"RateLimiter isAllowed should reset after window expires","status":"passed","title":"should reset after window expires","duration":2.6281000000000176,"failureMessages":[],"meta":{}},{"ancestorTitles":["RateLimiter","isAllowed"],"fullName":"RateLimiter isAllowed should handle different keys independently","status":"passed","title":"should handle different keys independently","duration":0.34810000000004493,"failureMessages":[],"meta":{}},{"ancestorTitles":["RateLimiter","getRemainingRequests"],"fullName":"RateLimiter getRemainingRequests should return max requests for new key","status":"passed","title":"should return max requests for new key","duration":0.24030000000004748,"failureMessages":[],"meta":{}},{"ancestorTitles":["RateLimiter","getRemainingRequests"],"fullName":"RateLimiter getRemainingRequests should decrease remaining requests","status":"passed","title":"should decrease remaining requests","duration":0.2058999999999287,"failureMessages":[],"meta":{}},{"ancestorTitles":["RateLimiter","getRemainingRequests"],"fullName":"RateLimiter getRemainingRequests should not go below zero","status":"passed","title":"should not go below zero","duration":0.19039999999995416,"failureMessages":[],"meta":{}},{"ancestorTitles":["RateLimiter","getResetTime"],"fullName":"RateLimiter getResetTime should return future time for new key","status":"passed","title":"should return future time for new key","duration":0.2138999999999669,"failureMessages":[],"meta":{}},{"ancestorTitles":["RateLimiter","getResetTime"],"fullName":"RateLimiter getResetTime should return same reset time for existing key","status":"passed","title":"should return same reset time for existing key","duration":0.13810000000000855,"failureMessages":[],"meta":{}},{"ancestorTitles":["RateLimiter","clear"],"fullName":"RateLimiter clear should clear all entries","status":"passed","title":"should clear all entries","duration":0.21199999999998909,"failureMessages":[],"meta":{}},{"ancestorTitles":["createRateLimitMiddleware"],"fullName":"createRateLimitMiddleware should allow requests within limit","status":"passed","title":"should allow requests within limit","duration":6.858299999999986,"failureMessages":[],"meta":{}},{"ancestorTitles":["createRateLimitMiddleware"],"fullName":"createRateLimitMiddleware should block requests over limit","status":"passed","title":"should block requests over limit","duration":3.362600000000043,"failureMessages":[],"meta":{}},{"ancestorTitles":["createRateLimitMiddleware"],"fullName":"createRateLimitMiddleware should use custom key function","status":"passed","title":"should use custom key function","duration":0.7151999999999816,"failureMessages":[],"meta":{}},{"ancestorTitles":["createRateLimitMiddleware"],"fullName":"createRateLimitMiddleware should use anonymous key by default","status":"passed","title":"should use anonymous key by default","duration":0.3046000000000504,"failureMessages":[],"meta":{}}],"startTime":1759354467703,"endTime":1759354467722.3047,"status":"passed","message":"","name":"C:/Users/Usuario/ECONEURA-/ECONEURA-/packages/shared/src/__tests__/rate-limiter.test.ts"},{"assertionResults":[{"ancestorTitles":["Retry Module","withRetry"],"fullName":"Retry Module withRetry should return result on first attempt","status":"passed","title":"should return result on first attempt","duration":3.074099999999987,"failureMessages":[],"meta":{}},{"ancestorTitles":["Retry Module","withRetry"],"fullName":"Retry Module withRetry should retry on failure and succeed","status":"passed","title":"should retry on failure and succeed","duration":5.81940000000003,"failureMessages":[],"meta":{}},{"ancestorTitles":["Retry Module","withRetry"],"fullName":"Retry Module withRetry should fail after max attempts","status":"passed","title":"should fail after max attempts","duration":3.4547000000000025,"failureMessages":[],"meta":{}},{"ancestorTitles":["Retry Module","withRetry"],"fullName":"Retry Module withRetry should use custom retry condition","status":"passed","title":"should use custom retry condition","duration":3.031400000000019,"failureMessages":[],"meta":{}},{"ancestorTitles":["Retry Module","withRetry"],"fullName":"Retry Module withRetry should not retry when condition returns false","status":"passed","title":"should not retry when condition returns false","duration":0.6257999999999697,"failureMessages":[],"meta":{}},{"ancestorTitles":["Retry Module","defaultRetryOptions"],"fullName":"Retry Module defaultRetryOptions should have sensible defaults","status":"passed","title":"should have sensible defaults","duration":0.26400000000001,"failureMessages":[],"meta":{}},{"ancestorTitles":["Retry Module","defaultRetryOptions"],"fullName":"Retry Module defaultRetryOptions should retry on network errors","status":"passed","title":"should retry on network errors","duration":0.3091999999999757,"failureMessages":[],"meta":{}}],"startTime":1759354468857,"endTime":1759354468874.309,"status":"passed","message":"","name":"C:/Users/Usuario/ECONEURA-/ECONEURA-/packages/shared/src/__tests__/retry.test.ts"},{"assertionResults":[{"ancestorTitles":["Validation Module","validateEmail"],"fullName":"Validation Module validateEmail should validate correct email addresses","status":"passed","title":"should validate correct email addresses","duration":2.963700000000017,"failureMessages":[],"meta":{}},{"ancestorTitles":["Validation Module","validateEmail"],"fullName":"Validation Module validateEmail should reject invalid email addresses","status":"passed","title":"should reject invalid email addresses","duration":0.8915000000000077,"failureMessages":[],"meta":{}},{"ancestorTitles":["Validation Module","validateUUID"],"fullName":"Validation Module validateUUID should validate correct UUID v4 format","status":"passed","title":"should validate correct UUID v4 format","duration":0.3312000000000239,"failureMessages":[],"meta":{}},{"ancestorTitles":["Validation Module","validateUUID"],"fullName":"Validation Module validateUUID should reject invalid UUID formats","status":"passed","title":"should reject invalid UUID formats","duration":0.47509999999999764,"failureMessages":[],"meta":{}},{"ancestorTitles":["Validation Module","validateData"],"fullName":"Validation Module validateData should validate data against Zod schema successfully","status":"passed","title":"should validate data against Zod schema successfully","duration":2.0067000000000235,"failureMessages":[],"meta":{}},{"ancestorTitles":["Validation Module","validateData"],"fullName":"Validation Module validateData should return errors for invalid data","status":"passed","title":"should return errors for invalid data","duration":1.0183000000000106,"failureMessages":[],"meta":{}},{"ancestorTitles":["Validation Module","validateData"],"fullName":"Validation Module validateData should handle simple schemas","status":"passed","title":"should handle simple schemas","duration":3.605000000000018,"failureMessages":[],"meta":{}},{"ancestorTitles":["Validation Module","validateData"],"fullName":"Validation Module validateData should validate with custom error messages","status":"passed","title":"should validate with custom error messages","duration":1.1637999999999806,"failureMessages":[],"meta":{}}],"startTime":1759354468323,"endTime":1759354468335.1638,"status":"passed","message":"","name":"C:/Users/Usuario/ECONEURA-/ECONEURA-/packages/shared/src/__tests__/validation.test.ts"}]}