{"/workspaces/ECONEURA-/packages/shared/src/config.ts": {"path":"/workspaces/ECONEURA-/packages/shared/src/config.ts","all":true,"statementMap":{"0":{"start":{"line":1,"column":0},"end":{"line":1,"column":24}},"3":{"start":{"line":4,"column":0},"end":{"line":4,"column":38}},"5":{"start":{"line":6,"column":0},"end":{"line":6,"column":35}},"8":{"start":{"line":9,"column":0},"end":{"line":9,"column":81}},"11":{"start":{"line":12,"column":0},"end":{"line":12,"column":33}},"12":{"start":{"line":13,"column":0},"end":{"line":13,"column":37}},"13":{"start":{"line":14,"column":0},"end":{"line":14,"column":30}},"16":{"start":{"line":17,"column":0},"end":{"line":17,"column":33}},"19":{"start":{"line":20,"column":0},"end":{"line":20,"column":30}},"22":{"start":{"line":23,"column":0},"end":{"line":23,"column":35}},"23":{"start":{"line":24,"column":0},"end":{"line":24,"column":46}},"24":{"start":{"line":25,"column":0},"end":{"line":25,"column":39}},"25":{"start":{"line":26,"column":0},"end":{"line":26,"column":58}},"28":{"start":{"line":29,"column":0},"end":{"line":29,"column":72}},"29":{"start":{"line":30,"column":0},"end":{"line":30,"column":59}},"32":{"start":{"line":33,"column":0},"end":{"line":33,"column":71}},"33":{"start":{"line":34,"column":0},"end":{"line":34,"column":71}},"34":{"start":{"line":35,"column":0},"end":{"line":35,"column":67}},"35":{"start":{"line":36,"column":0},"end":{"line":36,"column":73}},"36":{"start":{"line":37,"column":0},"end":{"line":37,"column":3}},"40":{"start":{"line":41,"column":0},"end":{"line":41,"column":61}},"42":{"start":{"line":43,"column":0},"end":{"line":43,"column":30}},"43":{"start":{"line":44,"column":0},"end":{"line":44,"column":21}},"44":{"start":{"line":45,"column":0},"end":{"line":45,"column":24}},"45":{"start":{"line":46,"column":0},"end":{"line":46,"column":3}},"47":{"start":{"line":48,"column":0},"end":{"line":48,"column":7}},"48":{"start":{"line":49,"column":0},"end":{"line":49,"column":51}},"49":{"start":{"line":50,"column":0},"end":{"line":50,"column":24}},"50":{"start":{"line":51,"column":0},"end":{"line":51,"column":19}},"51":{"start":{"line":52,"column":0},"end":{"line":52,"column":38}},"52":{"start":{"line":53,"column":0},"end":{"line":53,"column":56}},"53":{"start":{"line":54,"column":0},"end":{"line":54,"column":37}},"54":{"start":{"line":55,"column":0},"end":{"line":55,"column":65}},"55":{"start":{"line":56,"column":0},"end":{"line":56,"column":9}},"56":{"start":{"line":57,"column":0},"end":{"line":57,"column":5}},"57":{"start":{"line":58,"column":0},"end":{"line":58,"column":52}},"58":{"start":{"line":59,"column":0},"end":{"line":59,"column":3}},"59":{"start":{"line":60,"column":0},"end":{"line":60,"column":1}},"62":{"start":{"line":63,"column":0},"end":{"line":63,"column":36}},"63":{"start":{"line":64,"column":0},"end":{"line":64,"column":22}},"64":{"start":{"line":65,"column":0},"end":{"line":65,"column":20}},"65":{"start":{"line":66,"column":0},"end":{"line":66,"column":1}},"68":{"start":{"line":69,"column":0},"end":{"line":69,"column":59}},"70":{"start":{"line":71,"column":0},"end":{"line":71,"column":99}},"71":{"start":{"line":72,"column":0},"end":{"line":72,"column":21}},"72":{"start":{"line":73,"column":0},"end":{"line":73,"column":22}},"73":{"start":{"line":74,"column":0},"end":{"line":74,"column":32}},"74":{"start":{"line":75,"column":0},"end":{"line":75,"column":5}},"75":{"start":{"line":76,"column":0},"end":{"line":76,"column":55}},"76":{"start":{"line":77,"column":0},"end":{"line":77,"column":3}},"77":{"start":{"line":78,"column":0},"end":{"line":78,"column":3}},"83":{"start":{"line":84,"column":0},"end":{"line":84,"column":20}},"84":{"start":{"line":85,"column":0},"end":{"line":85,"column":43}},"85":{"start":{"line":86,"column":0},"end":{"line":86,"column":43}},"86":{"start":{"line":87,"column":0},"end":{"line":87,"column":37}},"87":{"start":{"line":88,"column":0},"end":{"line":88,"column":11}},"90":{"start":{"line":91,"column":0},"end":{"line":91,"column":78}},"91":{"start":{"line":92,"column":0},"end":{"line":92,"column":28}},"92":{"start":{"line":93,"column":0},"end":{"line":93,"column":28}},"93":{"start":{"line":94,"column":0},"end":{"line":94,"column":70}},"94":{"start":{"line":95,"column":0},"end":{"line":95,"column":3}},"95":{"start":{"line":96,"column":0},"end":{"line":96,"column":15}},"96":{"start":{"line":97,"column":0},"end":{"line":97,"column":1}},"98":{"start":{"line":99,"column":0},"end":{"line":99,"column":103}},"99":{"start":{"line":100,"column":0},"end":{"line":100,"column":37}},"100":{"start":{"line":101,"column":0},"end":{"line":101,"column":1}}},"s":{"0":0,"3":0,"5":0,"8":0,"11":0,"12":0,"13":0,"16":0,"19":0,"22":0,"23":0,"24":0,"25":0,"28":0,"29":0,"32":0,"33":0,"34":0,"35":0,"36":0,"40":0,"42":0,"43":0,"44":0,"45":0,"47":0,"48":0,"49":0,"50":0,"51":0,"52":0,"53":0,"54":0,"55":0,"56":0,"57":0,"58":0,"59":0,"62":0,"63":0,"64":0,"65":0,"68":0,"70":0,"71":0,"72":0,"73":0,"74":0,"75":0,"76":0,"77":0,"83":0,"84":0,"85":0,"86":0,"87":0,"90":0,"91":0,"92":0,"93":0,"94":0,"95":0,"96":0,"98":0,"99":0,"100":0},"branchMap":{"0":{"type":"branch","line":1,"loc":{"start":{"line":1,"column":0},"end":{"line":101,"column":-451}},"locations":[{"start":{"line":1,"column":0},"end":{"line":101,"column":-451}}]}},"b":{"0":[0]},"fnMap":{"0":{"name":"(empty-report)","decl":{"start":{"line":1,"column":0},"end":{"line":101,"column":-451}},"loc":{"start":{"line":1,"column":0},"end":{"line":101,"column":-451}},"line":1}},"f":{"0":0}}
,"/workspaces/ECONEURA-/packages/shared/src/events.ts": {"path":"/workspaces/ECONEURA-/packages/shared/src/events.ts","all":true,"statementMap":{},"s":{},"branchMap":{"0":{"type":"branch","line":1,"loc":{"start":{"line":1,"column":0},"end":{"line":1,"column":0}},"locations":[{"start":{"line":1,"column":0},"end":{"line":1,"column":0}}]}},"b":{"0":[1]},"fnMap":{"0":{"name":"(empty-report)","decl":{"start":{"line":1,"column":0},"end":{"line":1,"column":0}},"loc":{"start":{"line":1,"column":0},"end":{"line":1,"column":0}},"line":1}},"f":{"0":1}}
,"/workspaces/ECONEURA-/packages/shared/src/health.ts": {"path":"/workspaces/ECONEURA-/packages/shared/src/health.ts","all":true,"statementMap":{"14":{"start":{"line":15,"column":0},"end":{"line":15,"column":28}},"15":{"start":{"line":16,"column":0},"end":{"line":16,"column":63}},"16":{"start":{"line":17,"column":0},"end":{"line":17,"column":33}},"18":{"start":{"line":19,"column":0},"end":{"line":19,"column":70}},"19":{"start":{"line":20,"column":0},"end":{"line":20,"column":35}},"20":{"start":{"line":21,"column":0},"end":{"line":21,"column":3}},"22":{"start":{"line":23,"column":0},"end":{"line":23,"column":46}},"23":{"start":{"line":24,"column":0},"end":{"line":24,"column":55}},"24":{"start":{"line":25,"column":0},"end":{"line":25,"column":59}},"26":{"start":{"line":27,"column":0},"end":{"line":27,"column":48}},"27":{"start":{"line":28,"column":0},"end":{"line":28,"column":35}},"28":{"start":{"line":29,"column":0},"end":{"line":29,"column":11}},"29":{"start":{"line":30,"column":0},"end":{"line":30,"column":40}},"30":{"start":{"line":31,"column":0},"end":{"line":31,"column":52}},"32":{"start":{"line":33,"column":0},"end":{"line":33,"column":26}},"33":{"start":{"line":34,"column":0},"end":{"line":34,"column":44}},"34":{"start":{"line":35,"column":0},"end":{"line":35,"column":22}},"35":{"start":{"line":36,"column":0},"end":{"line":36,"column":10}},"37":{"start":{"line":38,"column":0},"end":{"line":38,"column":25}},"38":{"start":{"line":39,"column":0},"end":{"line":39,"column":38}},"39":{"start":{"line":40,"column":0},"end":{"line":40,"column":9}},"40":{"start":{"line":41,"column":0},"end":{"line":41,"column":23}},"41":{"start":{"line":42,"column":0},"end":{"line":42,"column":26}},"42":{"start":{"line":43,"column":0},"end":{"line":43,"column":25}},"43":{"start":{"line":44,"column":0},"end":{"line":44,"column":73}},"44":{"start":{"line":45,"column":0},"end":{"line":45,"column":10}},"45":{"start":{"line":46,"column":0},"end":{"line":46,"column":36}},"46":{"start":{"line":47,"column":0},"end":{"line":47,"column":7}},"47":{"start":{"line":48,"column":0},"end":{"line":48,"column":5}},"49":{"start":{"line":50,"column":0},"end":{"line":50,"column":12}},"50":{"start":{"line":51,"column":0},"end":{"line":51,"column":28}},"51":{"start":{"line":52,"column":0},"end":{"line":52,"column":42}},"52":{"start":{"line":53,"column":0},"end":{"line":53,"column":58}},"53":{"start":{"line":54,"column":0},"end":{"line":54,"column":42}},"54":{"start":{"line":55,"column":0},"end":{"line":55,"column":14}},"55":{"start":{"line":56,"column":0},"end":{"line":56,"column":6}},"56":{"start":{"line":57,"column":0},"end":{"line":57,"column":3}},"58":{"start":{"line":59,"column":0},"end":{"line":59,"column":23}},"59":{"start":{"line":60,"column":0},"end":{"line":60,"column":39}},"60":{"start":{"line":61,"column":0},"end":{"line":61,"column":3}},"61":{"start":{"line":62,"column":0},"end":{"line":62,"column":1}},"64":{"start":{"line":65,"column":0},"end":{"line":65,"column":49}},"67":{"start":{"line":68,"column":0},"end":{"line":68,"column":74}},"69":{"start":{"line":70,"column":0},"end":{"line":70,"column":90}},"71":{"start":{"line":72,"column":0},"end":{"line":72,"column":37}},"72":{"start":{"line":73,"column":0},"end":{"line":73,"column":2}},"74":{"start":{"line":75,"column":0},"end":{"line":75,"column":79}},"76":{"start":{"line":77,"column":0},"end":{"line":77,"column":41}},"77":{"start":{"line":78,"column":0},"end":{"line":78,"column":2}}},"s":{"14":0,"15":0,"16":0,"18":0,"19":0,"20":0,"22":0,"23":0,"24":0,"26":0,"27":0,"28":0,"29":0,"30":0,"32":0,"33":0,"34":0,"35":0,"37":0,"38":0,"39":0,"40":0,"41":0,"42":0,"43":0,"44":0,"45":0,"46":0,"47":0,"49":0,"50":0,"51":0,"52":0,"53":0,"54":0,"55":0,"56":0,"58":0,"59":0,"60":0,"61":0,"64":0,"67":0,"69":0,"71":0,"72":0,"74":0,"76":0,"77":0},"branchMap":{"0":{"type":"branch","line":1,"loc":{"start":{"line":1,"column":2077},"end":{"line":78,"column":2}},"locations":[{"start":{"line":1,"column":2077},"end":{"line":78,"column":2}}]}},"b":{"0":[1]},"fnMap":{"0":{"name":"(empty-report)","decl":{"start":{"line":1,"column":2077},"end":{"line":78,"column":2}},"loc":{"start":{"line":1,"column":2077},"end":{"line":78,"column":2}},"line":1}},"f":{"0":1}}
,"/workspaces/ECONEURA-/packages/shared/src/metrics.ts": {"path":"/workspaces/ECONEURA-/packages/shared/src/metrics.ts","all":true,"statementMap":{"1":{"start":{"line":2,"column":0},"end":{"line":2,"column":24}},"2":{"start":{"line":3,"column":0},"end":{"line":3,"column":54}},"3":{"start":{"line":4,"column":0},"end":{"line":4,"column":33}},"4":{"start":{"line":5,"column":0},"end":{"line":5,"column":61}},"5":{"start":{"line":6,"column":0},"end":{"line":6,"column":36}},"6":{"start":{"line":7,"column":0},"end":{"line":7,"column":38}},"7":{"start":{"line":8,"column":0},"end":{"line":8,"column":33}},"8":{"start":{"line":9,"column":0},"end":{"line":9,"column":41}},"9":{"start":{"line":10,"column":0},"end":{"line":10,"column":47}},"10":{"start":{"line":11,"column":0},"end":{"line":11,"column":43}},"11":{"start":{"line":12,"column":0},"end":{"line":12,"column":38}},"12":{"start":{"line":13,"column":0},"end":{"line":13,"column":34}},"13":{"start":{"line":14,"column":0},"end":{"line":14,"column":31}},"14":{"start":{"line":15,"column":0},"end":{"line":15,"column":42}},"15":{"start":{"line":16,"column":0},"end":{"line":16,"column":48}},"16":{"start":{"line":17,"column":0},"end":{"line":17,"column":45}},"17":{"start":{"line":18,"column":0},"end":{"line":18,"column":51}},"18":{"start":{"line":19,"column":0},"end":{"line":19,"column":37}},"19":{"start":{"line":20,"column":0},"end":{"line":20,"column":40}},"20":{"start":{"line":21,"column":0},"end":{"line":21,"column":46}},"21":{"start":{"line":22,"column":0},"end":{"line":22,"column":2}},"24":{"start":{"line":25,"column":0},"end":{"line":25,"column":109}},"25":{"start":{"line":26,"column":0},"end":{"line":26,"column":65}},"26":{"start":{"line":27,"column":0},"end":{"line":27,"column":97}},"27":{"start":{"line":28,"column":0},"end":{"line":28,"column":78}},"28":{"start":{"line":29,"column":0},"end":{"line":29,"column":134}},"29":{"start":{"line":30,"column":0},"end":{"line":30,"column":37}},"30":{"start":{"line":31,"column":0},"end":{"line":31,"column":75}},"31":{"start":{"line":32,"column":0},"end":{"line":32,"column":58}},"32":{"start":{"line":33,"column":0},"end":{"line":33,"column":37}},"33":{"start":{"line":34,"column":0},"end":{"line":34,"column":43}}},"s":{"1":0,"2":0,"3":0,"4":0,"5":0,"6":0,"7":0,"8":0,"9":0,"10":0,"11":0,"12":0,"13":0,"14":0,"15":0,"16":0,"17":0,"18":0,"19":0,"20":0,"21":0,"24":0,"25":0,"26":0,"27":0,"28":0,"29":0,"30":0,"31":0,"32":0,"33":0},"branchMap":{"0":{"type":"branch","line":1,"loc":{"start":{"line":1,"column":1695},"end":{"line":34,"column":43}},"locations":[{"start":{"line":1,"column":1695},"end":{"line":34,"column":43}}]}},"b":{"0":[1]},"fnMap":{"0":{"name":"(empty-report)","decl":{"start":{"line":1,"column":1695},"end":{"line":34,"column":43}},"loc":{"start":{"line":1,"column":1695},"end":{"line":34,"column":43}},"line":1}},"f":{"0":1}}
,"/workspaces/ECONEURA-/packages/shared/src/middleware.ts": {"path":"/workspaces/ECONEURA-/packages/shared/src/middleware.ts","all":false,"statementMap":{"0":{"start":{"line":9,"column":0},"end":{"line":9,"column":58}},"1":{"start":{"line":10,"column":0},"end":{"line":10,"column":76}},"2":{"start":{"line":11,"column":0},"end":{"line":11,"column":57}},"3":{"start":{"line":12,"column":0},"end":{"line":12,"column":85}},"4":{"start":{"line":13,"column":0},"end":{"line":13,"column":81}},"5":{"start":{"line":15,"column":0},"end":{"line":15,"column":36}},"6":{"start":{"line":16,"column":0},"end":{"line":16,"column":25}},"7":{"start":{"line":17,"column":0},"end":{"line":17,"column":16}},"8":{"start":{"line":18,"column":0},"end":{"line":18,"column":13}},"9":{"start":{"line":19,"column":0},"end":{"line":19,"column":5}},"10":{"start":{"line":21,"column":0},"end":{"line":21,"column":11}},"11":{"start":{"line":22,"column":0},"end":{"line":22,"column":4}},"12":{"start":{"line":23,"column":0},"end":{"line":23,"column":1}},"13":{"start":{"line":26,"column":0},"end":{"line":26,"column":51}},"14":{"start":{"line":27,"column":0},"end":{"line":27,"column":90}},"15":{"start":{"line":28,"column":0},"end":{"line":28,"column":82}},"16":{"start":{"line":29,"column":0},"end":{"line":29,"column":34}},"17":{"start":{"line":31,"column":0},"end":{"line":31,"column":11}},"18":{"start":{"line":32,"column":0},"end":{"line":32,"column":40}},"19":{"start":{"line":33,"column":0},"end":{"line":33,"column":29}},"20":{"start":{"line":34,"column":0},"end":{"line":34,"column":9}},"21":{"start":{"line":36,"column":0},"end":{"line":36,"column":54}},"22":{"start":{"line":37,"column":0},"end":{"line":37,"column":57}},"23":{"start":{"line":38,"column":0},"end":{"line":38,"column":15}},"24":{"start":{"line":39,"column":0},"end":{"line":39,"column":67}},"25":{"start":{"line":40,"column":0},"end":{"line":40,"column":59}},"26":{"start":{"line":41,"column":0},"end":{"line":41,"column":15}},"27":{"start":{"line":42,"column":0},"end":{"line":42,"column":7}},"28":{"start":{"line":43,"column":0},"end":{"line":43,"column":5}},"29":{"start":{"line":45,"column":0},"end":{"line":45,"column":17}},"30":{"start":{"line":46,"column":0},"end":{"line":46,"column":4}},"31":{"start":{"line":47,"column":0},"end":{"line":47,"column":1}},"32":{"start":{"line":50,"column":0},"end":{"line":50,"column":45}},"33":{"start":{"line":51,"column":0},"end":{"line":51,"column":75}},"34":{"start":{"line":52,"column":0},"end":{"line":52,"column":29}},"35":{"start":{"line":53,"column":0},"end":{"line":53,"column":32}},"36":{"start":{"line":55,"column":0},"end":{"line":55,"column":28}},"37":{"start":{"line":56,"column":0},"end":{"line":56,"column":42}},"38":{"start":{"line":57,"column":0},"end":{"line":57,"column":74}},"39":{"start":{"line":58,"column":0},"end":{"line":58,"column":7}},"40":{"start":{"line":60,"column":0},"end":{"line":60,"column":11}},"41":{"start":{"line":61,"column":0},"end":{"line":61,"column":4}},"42":{"start":{"line":62,"column":0},"end":{"line":62,"column":1}},"43":{"start":{"line":65,"column":0},"end":{"line":65,"column":44}},"44":{"start":{"line":66,"column":0},"end":{"line":66,"column":76}},"45":{"start":{"line":68,"column":0},"end":{"line":68,"column":44}},"46":{"start":{"line":69,"column":0},"end":{"line":69,"column":50}},"47":{"start":{"line":70,"column":0},"end":{"line":70,"column":50}},"48":{"start":{"line":71,"column":0},"end":{"line":71,"column":58}},"49":{"start":{"line":72,"column":0},"end":{"line":72,"column":7}},"50":{"start":{"line":73,"column":0},"end":{"line":73,"column":54}},"51":{"start":{"line":74,"column":0},"end":{"line":74,"column":6}},"52":{"start":{"line":75,"column":0},"end":{"line":75,"column":11}},"53":{"start":{"line":76,"column":0},"end":{"line":76,"column":4}},"54":{"start":{"line":77,"column":0},"end":{"line":77,"column":1}}},"s":{"0":3,"1":9,"2":9,"3":9,"4":9,"5":9,"6":3,"7":3,"8":3,"9":3,"10":6,"11":9,"12":9,"13":3,"14":0,"15":0,"16":0,"17":0,"18":0,"19":0,"20":0,"21":0,"22":0,"23":0,"24":0,"25":0,"26":0,"27":0,"28":0,"29":0,"30":0,"31":0,"32":3,"33":3,"34":3,"35":3,"36":3,"37":3,"38":3,"39":3,"40":3,"41":3,"42":3,"43":3,"44":6,"45":6,"46":6,"47":6,"48":3,"49":3,"50":6,"51":6,"52":6,"53":6,"54":6},"branchMap":{"0":{"type":"branch","line":9,"loc":{"start":{"line":9,"column":7},"end":{"line":23,"column":1}},"locations":[{"start":{"line":9,"column":7},"end":{"line":23,"column":1}}]},"1":{"type":"branch","line":10,"loc":{"start":{"line":10,"column":9},"end":{"line":22,"column":4}},"locations":[{"start":{"line":10,"column":9},"end":{"line":22,"column":4}}]},"2":{"type":"branch","line":15,"loc":{"start":{"line":15,"column":35},"end":{"line":19,"column":5}},"locations":[{"start":{"line":15,"column":35},"end":{"line":19,"column":5}}]},"3":{"type":"branch","line":19,"loc":{"start":{"line":19,"column":4},"end":{"line":21,"column":11}},"locations":[{"start":{"line":19,"column":4},"end":{"line":21,"column":11}}]},"4":{"type":"branch","line":50,"loc":{"start":{"line":50,"column":7},"end":{"line":62,"column":1}},"locations":[{"start":{"line":50,"column":7},"end":{"line":62,"column":1}}]},"5":{"type":"branch","line":51,"loc":{"start":{"line":51,"column":9},"end":{"line":61,"column":4}},"locations":[{"start":{"line":51,"column":9},"end":{"line":61,"column":4}}]},"6":{"type":"branch","line":55,"loc":{"start":{"line":55,"column":21},"end":{"line":58,"column":5}},"locations":[{"start":{"line":55,"column":21},"end":{"line":58,"column":5}}]},"7":{"type":"branch","line":65,"loc":{"start":{"line":65,"column":7},"end":{"line":77,"column":1}},"locations":[{"start":{"line":65,"column":7},"end":{"line":77,"column":1}}]},"8":{"type":"branch","line":66,"loc":{"start":{"line":66,"column":9},"end":{"line":76,"column":4}},"locations":[{"start":{"line":66,"column":9},"end":{"line":76,"column":4}}]},"9":{"type":"branch","line":69,"loc":{"start":{"line":69,"column":20},"end":{"line":74,"column":6}},"locations":[{"start":{"line":69,"column":20},"end":{"line":74,"column":6}}]},"10":{"type":"branch","line":70,"loc":{"start":{"line":70,"column":24},"end":{"line":70,"column":49}},"locations":[{"start":{"line":70,"column":24},"end":{"line":70,"column":49}}]},"11":{"type":"branch","line":70,"loc":{"start":{"line":70,"column":49},"end":{"line":72,"column":7}},"locations":[{"start":{"line":70,"column":49},"end":{"line":72,"column":7}}]}},"b":{"0":[9],"1":[9],"2":[3],"3":[6],"4":[3],"5":[3],"6":[3],"7":[6],"8":[6],"9":[6],"10":[3],"11":[3]},"fnMap":{"0":{"name":"corsMiddleware","decl":{"start":{"line":9,"column":7},"end":{"line":23,"column":1}},"loc":{"start":{"line":9,"column":7},"end":{"line":23,"column":1}},"line":9},"1":{"name":"jsonBodyParser","decl":{"start":{"line":26,"column":7},"end":{"line":47,"column":1}},"loc":{"start":{"line":26,"column":7},"end":{"line":47,"column":1}},"line":26},"2":{"name":"requestLogger","decl":{"start":{"line":50,"column":7},"end":{"line":62,"column":1}},"loc":{"start":{"line":50,"column":7},"end":{"line":62,"column":1}},"line":50},"3":{"name":"errorHandler","decl":{"start":{"line":65,"column":7},"end":{"line":77,"column":1}},"loc":{"start":{"line":65,"column":7},"end":{"line":77,"column":1}},"line":65},"4":{"name":"res.writeHead","decl":{"start":{"line":69,"column":20},"end":{"line":74,"column":6}},"loc":{"start":{"line":69,"column":20},"end":{"line":74,"column":6}},"line":69}},"f":{"0":9,"1":0,"2":3,"3":6,"4":6}}
,"/workspaces/ECONEURA-/packages/shared/src/minimal.ts": {"path":"/workspaces/ECONEURA-/packages/shared/src/minimal.ts","all":true,"statementMap":{"13":{"start":{"line":14,"column":0},"end":{"line":14,"column":85}},"14":{"start":{"line":15,"column":0},"end":{"line":15,"column":16}},"15":{"start":{"line":16,"column":0},"end":{"line":16,"column":7}},"16":{"start":{"line":17,"column":0},"end":{"line":17,"column":9}},"17":{"start":{"line":18,"column":0},"end":{"line":18,"column":3}},"19":{"start":{"line":20,"column":0},"end":{"line":20,"column":77}},"20":{"start":{"line":21,"column":0},"end":{"line":21,"column":17}},"21":{"start":{"line":22,"column":0},"end":{"line":22,"column":13}},"22":{"start":{"line":23,"column":0},"end":{"line":23,"column":9}},"23":{"start":{"line":24,"column":0},"end":{"line":24,"column":3}}},"s":{"13":0,"14":0,"15":0,"16":0,"17":0,"19":0,"20":0,"21":0,"22":0,"23":0},"branchMap":{"0":{"type":"branch","line":1,"loc":{"start":{"line":1,"column":460},"end":{"line":24,"column":3}},"locations":[{"start":{"line":1,"column":460},"end":{"line":24,"column":3}}]}},"b":{"0":[1]},"fnMap":{"0":{"name":"(empty-report)","decl":{"start":{"line":1,"column":460},"end":{"line":24,"column":3}},"loc":{"start":{"line":1,"column":460},"end":{"line":24,"column":3}},"line":1}},"f":{"0":1}}
,"/workspaces/ECONEURA-/packages/shared/src/rate-limiter.ts": {"path":"/workspaces/ECONEURA-/packages/shared/src/rate-limiter.ts","all":false,"statementMap":{"0":{"start":{"line":7,"column":0},"end":{"line":7,"column":26}},"1":{"start":{"line":8,"column":0},"end":{"line":8,"column":53}},"2":{"start":{"line":9,"column":0},"end":{"line":9,"column":30}},"3":{"start":{"line":10,"column":0},"end":{"line":10,"column":27}},"4":{"start":{"line":12,"column":0},"end":{"line":12,"column":90}},"5":{"start":{"line":13,"column":0},"end":{"line":13,"column":35}},"6":{"start":{"line":14,"column":0},"end":{"line":14,"column":29}},"7":{"start":{"line":15,"column":0},"end":{"line":15,"column":3}},"8":{"start":{"line":17,"column":0},"end":{"line":17,"column":35}},"9":{"start":{"line":18,"column":0},"end":{"line":18,"column":27}},"10":{"start":{"line":19,"column":0},"end":{"line":19,"column":39}},"11":{"start":{"line":21,"column":0},"end":{"line":21,"column":42}},"12":{"start":{"line":23,"column":0},"end":{"line":23,"column":28}},"13":{"start":{"line":24,"column":0},"end":{"line":24,"column":17}},"14":{"start":{"line":25,"column":0},"end":{"line":25,"column":38}},"15":{"start":{"line":26,"column":0},"end":{"line":26,"column":9}},"16":{"start":{"line":27,"column":0},"end":{"line":27,"column":18}},"17":{"start":{"line":28,"column":0},"end":{"line":28,"column":5}},"18":{"start":{"line":30,"column":0},"end":{"line":30,"column":42}},"19":{"start":{"line":31,"column":0},"end":{"line":31,"column":19}},"20":{"start":{"line":32,"column":0},"end":{"line":32,"column":5}},"21":{"start":{"line":34,"column":0},"end":{"line":34,"column":18}},"22":{"start":{"line":35,"column":0},"end":{"line":35,"column":16}},"23":{"start":{"line":36,"column":0},"end":{"line":36,"column":3}},"24":{"start":{"line":38,"column":0},"end":{"line":38,"column":45}},"25":{"start":{"line":39,"column":0},"end":{"line":39,"column":39}},"26":{"start":{"line":40,"column":0},"end":{"line":40,"column":49}},"27":{"start":{"line":41,"column":0},"end":{"line":41,"column":30}},"28":{"start":{"line":42,"column":0},"end":{"line":42,"column":5}},"29":{"start":{"line":43,"column":0},"end":{"line":43,"column":55}},"30":{"start":{"line":44,"column":0},"end":{"line":44,"column":3}},"31":{"start":{"line":46,"column":0},"end":{"line":46,"column":37}},"32":{"start":{"line":47,"column":0},"end":{"line":47,"column":39}},"33":{"start":{"line":48,"column":0},"end":{"line":48,"column":58}},"34":{"start":{"line":49,"column":0},"end":{"line":49,"column":3}},"35":{"start":{"line":51,"column":0},"end":{"line":51,"column":17}},"36":{"start":{"line":52,"column":0},"end":{"line":52,"column":24}},"37":{"start":{"line":53,"column":0},"end":{"line":53,"column":3}},"38":{"start":{"line":54,"column":0},"end":{"line":54,"column":1}},"39":{"start":{"line":57,"column":0},"end":{"line":57,"column":95}},"40":{"start":{"line":58,"column":0},"end":{"line":58,"column":53}},"41":{"start":{"line":59,"column":0},"end":{"line":59,"column":50}},"42":{"start":{"line":61,"column":0},"end":{"line":61,"column":34}},"43":{"start":{"line":62,"column":0},"end":{"line":62,"column":65}},"44":{"start":{"line":63,"column":0},"end":{"line":63,"column":30}},"45":{"start":{"line":64,"column":0},"end":{"line":64,"column":35}},"46":{"start":{"line":65,"column":0},"end":{"line":65,"column":78}},"47":{"start":{"line":66,"column":0},"end":{"line":66,"column":10}},"48":{"start":{"line":67,"column":0},"end":{"line":67,"column":13}},"49":{"start":{"line":68,"column":0},"end":{"line":68,"column":5}},"50":{"start":{"line":71,"column":0},"end":{"line":71,"column":63}},"51":{"start":{"line":72,"column":0},"end":{"line":72,"column":78}},"52":{"start":{"line":73,"column":0},"end":{"line":73,"column":66}},"53":{"start":{"line":75,"column":0},"end":{"line":75,"column":11}},"54":{"start":{"line":76,"column":0},"end":{"line":76,"column":4}},"55":{"start":{"line":77,"column":0},"end":{"line":77,"column":1}},"56":{"start":{"line":80,"column":0},"end":{"line":80,"column":52}}},"s":{"0":3,"1":57,"2":57,"3":57,"4":57,"5":57,"6":57,"7":57,"8":57,"9":99,"10":99,"11":99,"12":48,"13":48,"14":48,"15":48,"16":48,"17":48,"18":99,"19":12,"20":12,"21":39,"22":39,"23":99,"24":57,"25":39,"26":39,"27":9,"28":9,"29":30,"30":39,"31":57,"32":27,"33":27,"34":27,"35":57,"36":3,"37":3,"38":57,"39":3,"40":12,"41":18,"42":18,"43":3,"44":3,"45":3,"46":3,"47":3,"48":3,"49":3,"50":15,"51":15,"52":15,"53":15,"54":18,"55":12,"56":3},"branchMap":{"0":{"type":"branch","line":7,"loc":{"start":{"line":7,"column":7},"end":{"line":54,"column":1}},"locations":[{"start":{"line":7,"column":7},"end":{"line":54,"column":1}}]},"1":{"type":"branch","line":12,"loc":{"start":{"line":12,"column":2},"end":{"line":15,"column":3}},"locations":[{"start":{"line":12,"column":2},"end":{"line":15,"column":3}}]},"2":{"type":"branch","line":17,"loc":{"start":{"line":17,"column":2},"end":{"line":36,"column":3}},"locations":[{"start":{"line":17,"column":2},"end":{"line":36,"column":3}}]},"3":{"type":"branch","line":21,"loc":{"start":{"line":21,"column":9},"end":{"line":21,"column":41}},"locations":[{"start":{"line":21,"column":9},"end":{"line":21,"column":41}}]},"4":{"type":"branch","line":21,"loc":{"start":{"line":21,"column":41},"end":{"line":28,"column":5}},"locations":[{"start":{"line":21,"column":41},"end":{"line":28,"column":5}}]},"5":{"type":"branch","line":28,"loc":{"start":{"line":28,"column":4},"end":{"line":30,"column":41}},"locations":[{"start":{"line":28,"column":4},"end":{"line":30,"column":41}}]},"6":{"type":"branch","line":30,"loc":{"start":{"line":30,"column":41},"end":{"line":32,"column":5}},"locations":[{"start":{"line":30,"column":41},"end":{"line":32,"column":5}}]},"7":{"type":"branch","line":32,"loc":{"start":{"line":32,"column":4},"end":{"line":35,"column":16}},"locations":[{"start":{"line":32,"column":4},"end":{"line":35,"column":16}}]},"8":{"type":"branch","line":38,"loc":{"start":{"line":38,"column":2},"end":{"line":44,"column":3}},"locations":[{"start":{"line":38,"column":2},"end":{"line":44,"column":3}}]},"9":{"type":"branch","line":40,"loc":{"start":{"line":40,"column":9},"end":{"line":40,"column":48}},"locations":[{"start":{"line":40,"column":9},"end":{"line":40,"column":48}}]},"10":{"type":"branch","line":40,"loc":{"start":{"line":40,"column":48},"end":{"line":42,"column":5}},"locations":[{"start":{"line":40,"column":48},"end":{"line":42,"column":5}}]},"11":{"type":"branch","line":42,"loc":{"start":{"line":42,"column":4},"end":{"line":43,"column":55}},"locations":[{"start":{"line":42,"column":4},"end":{"line":43,"column":55}}]},"12":{"type":"branch","line":46,"loc":{"start":{"line":46,"column":2},"end":{"line":49,"column":3}},"locations":[{"start":{"line":46,"column":2},"end":{"line":49,"column":3}}]},"13":{"type":"branch","line":48,"loc":{"start":{"line":48,"column":11},"end":{"line":48,"column":31}},"locations":[{"start":{"line":48,"column":11},"end":{"line":48,"column":31}}]},"14":{"type":"branch","line":48,"loc":{"start":{"line":48,"column":18},"end":{"line":48,"column":58}},"locations":[{"start":{"line":48,"column":18},"end":{"line":48,"column":58}}]},"15":{"type":"branch","line":51,"loc":{"start":{"line":51,"column":2},"end":{"line":53,"column":3}},"locations":[{"start":{"line":51,"column":2},"end":{"line":53,"column":3}}]},"16":{"type":"branch","line":57,"loc":{"start":{"line":57,"column":7},"end":{"line":77,"column":1}},"locations":[{"start":{"line":57,"column":7},"end":{"line":77,"column":1}}]},"17":{"type":"branch","line":58,"loc":{"start":{"line":58,"column":9},"end":{"line":76,"column":4}},"locations":[{"start":{"line":58,"column":9},"end":{"line":76,"column":4}}]},"18":{"type":"branch","line":59,"loc":{"start":{"line":59,"column":16},"end":{"line":59,"column":38}},"locations":[{"start":{"line":59,"column":16},"end":{"line":59,"column":38}}]},"19":{"type":"branch","line":59,"loc":{"start":{"line":59,"column":34},"end":{"line":59,"column":50}},"locations":[{"start":{"line":59,"column":34},"end":{"line":59,"column":50}}]},"20":{"type":"branch","line":61,"loc":{"start":{"line":61,"column":33},"end":{"line":68,"column":5}},"locations":[{"start":{"line":61,"column":33},"end":{"line":68,"column":5}}]},"21":{"type":"branch","line":68,"loc":{"start":{"line":68,"column":4},"end":{"line":75,"column":11}},"locations":[{"start":{"line":68,"column":4},"end":{"line":75,"column":11}}]}},"b":{"0":[57],"1":[57],"2":[99],"3":[54],"4":[48],"5":[51],"6":[12],"7":[39],"8":[39],"9":[30],"10":[9],"11":[30],"12":[27],"13":[24],"14":[3],"15":[3],"16":[12],"17":[18],"18":[3],"19":[15],"20":[3],"21":[15]},"fnMap":{"0":{"name":"<instance_members_initializer>","decl":{"start":{"line":7,"column":7},"end":{"line":54,"column":1}},"loc":{"start":{"line":7,"column":7},"end":{"line":54,"column":1}},"line":7},"1":{"name":"RateLimiter","decl":{"start":{"line":12,"column":2},"end":{"line":15,"column":3}},"loc":{"start":{"line":12,"column":2},"end":{"line":15,"column":3}},"line":12},"2":{"name":"isAllowed","decl":{"start":{"line":17,"column":2},"end":{"line":36,"column":3}},"loc":{"start":{"line":17,"column":2},"end":{"line":36,"column":3}},"line":17},"3":{"name":"getRemainingRequests","decl":{"start":{"line":38,"column":2},"end":{"line":44,"column":3}},"loc":{"start":{"line":38,"column":2},"end":{"line":44,"column":3}},"line":38},"4":{"name":"getResetTime","decl":{"start":{"line":46,"column":2},"end":{"line":49,"column":3}},"loc":{"start":{"line":46,"column":2},"end":{"line":49,"column":3}},"line":46},"5":{"name":"clear","decl":{"start":{"line":51,"column":2},"end":{"line":53,"column":3}},"loc":{"start":{"line":51,"column":2},"end":{"line":53,"column":3}},"line":51},"6":{"name":"createRateLimitMiddleware","decl":{"start":{"line":57,"column":7},"end":{"line":77,"column":1}},"loc":{"start":{"line":57,"column":7},"end":{"line":77,"column":1}},"line":57}},"f":{"0":57,"1":57,"2":99,"3":39,"4":27,"5":3,"6":12}}
,"/workspaces/ECONEURA-/packages/shared/src/retry.ts": {"path":"/workspaces/ECONEURA-/packages/shared/src/retry.ts","all":false,"statementMap":{"0":{"start":{"line":11,"column":0},"end":{"line":11,"column":50}},"1":{"start":{"line":12,"column":0},"end":{"line":12,"column":17}},"2":{"start":{"line":13,"column":0},"end":{"line":13,"column":16}},"3":{"start":{"line":14,"column":0},"end":{"line":14,"column":23}},"4":{"start":{"line":15,"column":0},"end":{"line":15,"column":20}},"5":{"start":{"line":16,"column":0},"end":{"line":16,"column":37}},"6":{"start":{"line":18,"column":0},"end":{"line":18,"column":47}},"7":{"start":{"line":19,"column":0},"end":{"line":19,"column":47}},"8":{"start":{"line":20,"column":0},"end":{"line":20,"column":50}},"9":{"start":{"line":21,"column":0},"end":{"line":21,"column":47}},"10":{"start":{"line":22,"column":0},"end":{"line":22,"column":3}},"11":{"start":{"line":23,"column":0},"end":{"line":23,"column":2}},"12":{"start":{"line":26,"column":0},"end":{"line":26,"column":43}},"13":{"start":{"line":27,"column":0},"end":{"line":27,"column":57}},"14":{"start":{"line":28,"column":0},"end":{"line":28,"column":1}},"15":{"start":{"line":31,"column":0},"end":{"line":31,"column":35}},"16":{"start":{"line":32,"column":0},"end":{"line":32,"column":23}},"17":{"start":{"line":33,"column":0},"end":{"line":33,"column":37}},"18":{"start":{"line":34,"column":0},"end":{"line":34,"column":15}},"19":{"start":{"line":35,"column":0},"end":{"line":35,"column":54}},"20":{"start":{"line":36,"column":0},"end":{"line":36,"column":23}},"21":{"start":{"line":38,"column":0},"end":{"line":38,"column":65}},"22":{"start":{"line":39,"column":0},"end":{"line":39,"column":9}},"23":{"start":{"line":40,"column":0},"end":{"line":40,"column":24}},"24":{"start":{"line":41,"column":0},"end":{"line":41,"column":21}},"25":{"start":{"line":42,"column":0},"end":{"line":42,"column":33}},"26":{"start":{"line":45,"column":0},"end":{"line":45,"column":41}},"27":{"start":{"line":46,"column":0},"end":{"line":46,"column":14}},"28":{"start":{"line":47,"column":0},"end":{"line":47,"column":7}},"29":{"start":{"line":50,"column":0},"end":{"line":50,"column":67}},"30":{"start":{"line":51,"column":0},"end":{"line":51,"column":14}},"31":{"start":{"line":52,"column":0},"end":{"line":52,"column":7}},"32":{"start":{"line":55,"column":0},"end":{"line":55,"column":108}},"33":{"start":{"line":57,"column":0},"end":{"line":57,"column":91}},"34":{"start":{"line":58,"column":0},"end":{"line":58,"column":25}},"35":{"start":{"line":59,"column":0},"end":{"line":59,"column":5}},"36":{"start":{"line":60,"column":0},"end":{"line":60,"column":3}},"37":{"start":{"line":62,"column":0},"end":{"line":62,"column":19}},"38":{"start":{"line":63,"column":0},"end":{"line":63,"column":1}},"39":{"start":{"line":66,"column":0},"end":{"line":66,"column":64}},"40":{"start":{"line":67,"column":0},"end":{"line":67,"column":19}},"41":{"start":{"line":68,"column":0},"end":{"line":68,"column":21}},"42":{"start":{"line":69,"column":0},"end":{"line":69,"column":25}},"43":{"start":{"line":70,"column":0},"end":{"line":70,"column":34}},"44":{"start":{"line":71,"column":0},"end":{"line":71,"column":5}},"45":{"start":{"line":72,"column":0},"end":{"line":72,"column":45}},"46":{"start":{"line":74,"column":0},"end":{"line":74,"column":60}},"47":{"start":{"line":75,"column":0},"end":{"line":75,"column":72}},"48":{"start":{"line":76,"column":0},"end":{"line":76,"column":6}},"49":{"start":{"line":78,"column":0},"end":{"line":78,"column":22}},"50":{"start":{"line":79,"column":0},"end":{"line":79,"column":4}},"51":{"start":{"line":80,"column":0},"end":{"line":80,"column":1}}},"s":{"0":3,"1":3,"2":3,"3":3,"4":3,"5":3,"6":21,"7":12,"8":9,"9":6,"10":21,"11":3,"12":9,"13":9,"14":9,"15":15,"16":15,"17":15,"18":15,"19":15,"20":15,"21":15,"22":24,"23":24,"24":24,"25":15,"26":15,"27":3,"28":3,"29":15,"30":3,"31":3,"32":9,"33":9,"34":9,"35":9,"36":24,"37":6,"38":6,"39":3,"40":0,"41":0,"42":0,"43":0,"44":0,"45":0,"46":0,"47":0,"48":0,"49":0,"50":0,"51":0},"branchMap":{"0":{"type":"branch","line":16,"loc":{"start":{"line":16,"column":18},"end":{"line":22,"column":3}},"locations":[{"start":{"line":16,"column":18},"end":{"line":22,"column":3}}]},"1":{"type":"branch","line":18,"loc":{"start":{"line":18,"column":43},"end":{"line":19,"column":47}},"locations":[{"start":{"line":18,"column":43},"end":{"line":19,"column":47}}]},"2":{"type":"branch","line":19,"loc":{"start":{"line":19,"column":43},"end":{"line":20,"column":50}},"locations":[{"start":{"line":19,"column":43},"end":{"line":20,"column":50}}]},"3":{"type":"branch","line":20,"loc":{"start":{"line":20,"column":46},"end":{"line":21,"column":47}},"locations":[{"start":{"line":20,"column":46},"end":{"line":21,"column":47}}]},"4":{"type":"branch","line":26,"loc":{"start":{"line":26,"column":0},"end":{"line":28,"column":1}},"locations":[{"start":{"line":26,"column":0},"end":{"line":28,"column":1}}]},"5":{"type":"branch","line":27,"loc":{"start":{"line":27,"column":21},"end":{"line":27,"column":55}},"locations":[{"start":{"line":27,"column":21},"end":{"line":27,"column":55}}]},"6":{"type":"branch","line":31,"loc":{"start":{"line":31,"column":0},"end":{"line":63,"column":1}},"locations":[{"start":{"line":31,"column":0},"end":{"line":63,"column":1}}]},"7":{"type":"branch","line":38,"loc":{"start":{"line":38,"column":64},"end":{"line":60,"column":3}},"locations":[{"start":{"line":38,"column":64},"end":{"line":60,"column":3}}]},"8":{"type":"branch","line":41,"loc":{"start":{"line":41,"column":4},"end":{"line":59,"column":5}},"locations":[{"start":{"line":41,"column":4},"end":{"line":59,"column":5}}]},"9":{"type":"branch","line":45,"loc":{"start":{"line":45,"column":40},"end":{"line":47,"column":7}},"locations":[{"start":{"line":45,"column":40},"end":{"line":47,"column":7}}]},"10":{"type":"branch","line":47,"loc":{"start":{"line":47,"column":6},"end":{"line":50,"column":66}},"locations":[{"start":{"line":47,"column":6},"end":{"line":50,"column":66}}]},"11":{"type":"branch","line":50,"loc":{"start":{"line":50,"column":66},"end":{"line":52,"column":7}},"locations":[{"start":{"line":50,"column":66},"end":{"line":52,"column":7}}]},"12":{"type":"branch","line":52,"loc":{"start":{"line":52,"column":6},"end":{"line":59,"column":5}},"locations":[{"start":{"line":52,"column":6},"end":{"line":59,"column":5}}]},"13":{"type":"branch","line":60,"loc":{"start":{"line":60,"column":2},"end":{"line":63,"column":1}},"locations":[{"start":{"line":60,"column":2},"end":{"line":63,"column":1}}]}},"b":{"0":[21],"1":[12],"2":[9],"3":[6],"4":[9],"5":[9],"6":[15],"7":[24],"8":[15],"9":[3],"10":[12],"11":[3],"12":[9],"13":[6]},"fnMap":{"0":{"name":"retryCondition","decl":{"start":{"line":16,"column":18},"end":{"line":22,"column":3}},"loc":{"start":{"line":16,"column":18},"end":{"line":22,"column":3}},"line":16},"1":{"name":"sleep","decl":{"start":{"line":26,"column":0},"end":{"line":28,"column":1}},"loc":{"start":{"line":26,"column":0},"end":{"line":28,"column":1}},"line":26},"2":{"name":"withRetry","decl":{"start":{"line":31,"column":0},"end":{"line":63,"column":1}},"loc":{"start":{"line":31,"column":0},"end":{"line":63,"column":1}},"line":31},"3":{"name":"retryable","decl":{"start":{"line":66,"column":7},"end":{"line":80,"column":1}},"loc":{"start":{"line":66,"column":7},"end":{"line":80,"column":1}},"line":66}},"f":{"0":21,"1":9,"2":15,"3":0}}
,"/workspaces/ECONEURA-/packages/shared/src/validation.ts": {"path":"/workspaces/ECONEURA-/packages/shared/src/validation.ts","all":false,"statementMap":{"0":{"start":{"line":1,"column":0},"end":{"line":1,"column":24}},"1":{"start":{"line":4,"column":0},"end":{"line":4,"column":68}},"2":{"start":{"line":6,"column":0},"end":{"line":6,"column":65}},"3":{"start":{"line":8,"column":0},"end":{"line":8,"column":76}},"4":{"start":{"line":10,"column":0},"end":{"line":10,"column":73}},"5":{"start":{"line":13,"column":0},"end":{"line":13,"column":55}},"6":{"start":{"line":14,"column":0},"end":{"line":14,"column":46}},"7":{"start":{"line":15,"column":0},"end":{"line":15,"column":1}},"8":{"start":{"line":17,"column":0},"end":{"line":17,"column":53}},"9":{"start":{"line":18,"column":0},"end":{"line":18,"column":44}},"10":{"start":{"line":19,"column":0},"end":{"line":19,"column":1}},"11":{"start":{"line":21,"column":0},"end":{"line":21,"column":63}},"12":{"start":{"line":22,"column":0},"end":{"line":22,"column":53}},"13":{"start":{"line":23,"column":0},"end":{"line":23,"column":1}},"14":{"start":{"line":25,"column":0},"end":{"line":25,"column":63}},"15":{"start":{"line":26,"column":0},"end":{"line":26,"column":53}},"16":{"start":{"line":27,"column":0},"end":{"line":27,"column":1}},"17":{"start":{"line":30,"column":0},"end":{"line":30,"column":151}},"18":{"start":{"line":31,"column":0},"end":{"line":31,"column":40}},"19":{"start":{"line":32,"column":0},"end":{"line":32,"column":23}},"20":{"start":{"line":33,"column":0},"end":{"line":33,"column":48}},"21":{"start":{"line":34,"column":0},"end":{"line":34,"column":3}},"22":{"start":{"line":35,"column":0},"end":{"line":35,"column":57}},"23":{"start":{"line":36,"column":0},"end":{"line":36,"column":1}}},"s":{"0":3,"1":3,"2":3,"3":3,"4":3,"5":3,"6":30,"7":30,"8":3,"9":18,"10":18,"11":3,"12":0,"13":0,"14":3,"15":0,"16":0,"17":3,"18":15,"19":15,"20":6,"21":6,"22":9,"23":9},"branchMap":{"0":{"type":"branch","line":13,"loc":{"start":{"line":13,"column":7},"end":{"line":15,"column":1}},"locations":[{"start":{"line":13,"column":7},"end":{"line":15,"column":1}}]},"1":{"type":"branch","line":17,"loc":{"start":{"line":17,"column":7},"end":{"line":19,"column":1}},"locations":[{"start":{"line":17,"column":7},"end":{"line":19,"column":1}}]},"2":{"type":"branch","line":30,"loc":{"start":{"line":30,"column":7},"end":{"line":36,"column":1}},"locations":[{"start":{"line":30,"column":7},"end":{"line":36,"column":1}}]},"3":{"type":"branch","line":32,"loc":{"start":{"line":32,"column":22},"end":{"line":34,"column":3}},"locations":[{"start":{"line":32,"column":22},"end":{"line":34,"column":3}}]},"4":{"type":"branch","line":34,"loc":{"start":{"line":34,"column":2},"end":{"line":36,"column":1}},"locations":[{"start":{"line":34,"column":2},"end":{"line":36,"column":1}}]}},"b":{"0":[30],"1":[18],"2":[15],"3":[6],"4":[9]},"fnMap":{"0":{"name":"validateEmail","decl":{"start":{"line":13,"column":7},"end":{"line":15,"column":1}},"loc":{"start":{"line":13,"column":7},"end":{"line":15,"column":1}},"line":13},"1":{"name":"validateUUID","decl":{"start":{"line":17,"column":7},"end":{"line":19,"column":1}},"loc":{"start":{"line":17,"column":7},"end":{"line":19,"column":1}},"line":17},"2":{"name":"validatePositiveNumber","decl":{"start":{"line":21,"column":7},"end":{"line":23,"column":1}},"loc":{"start":{"line":21,"column":7},"end":{"line":23,"column":1}},"line":21},"3":{"name":"validateNonEmptyString","decl":{"start":{"line":25,"column":7},"end":{"line":27,"column":1}},"loc":{"start":{"line":25,"column":7},"end":{"line":27,"column":1}},"line":25},"4":{"name":"validateData","decl":{"start":{"line":30,"column":7},"end":{"line":36,"column":1}},"loc":{"start":{"line":30,"column":7},"end":{"line":36,"column":1}},"line":30}},"f":{"0":30,"1":18,"2":0,"3":0,"4":15}}
,"/workspaces/ECONEURA-/packages/shared/src/ai/cost-utils.ts": {"path":"/workspaces/ECONEURA-/packages/shared/src/ai/cost-utils.ts","all":true,"statementMap":{},"s":{},"branchMap":{"0":{"type":"branch","line":1,"loc":{"start":{"line":1,"column":0},"end":{"line":1,"column":0}},"locations":[{"start":{"line":1,"column":0},"end":{"line":1,"column":0}}]}},"b":{"0":[1]},"fnMap":{"0":{"name":"(empty-report)","decl":{"start":{"line":1,"column":0},"end":{"line":1,"column":0}},"loc":{"start":{"line":1,"column":0},"end":{"line":1,"column":0}},"line":1}},"f":{"0":1}}
,"/workspaces/ECONEURA-/packages/shared/src/clients/admin-client.ts": {"path":"/workspaces/ECONEURA-/packages/shared/src/clients/admin-client.ts","all":true,"statementMap":{},"s":{},"branchMap":{"0":{"type":"branch","line":1,"loc":{"start":{"line":1,"column":0},"end":{"line":1,"column":0}},"locations":[{"start":{"line":1,"column":0},"end":{"line":1,"column":0}}]}},"b":{"0":[1]},"fnMap":{"0":{"name":"(empty-report)","decl":{"start":{"line":1,"column":0},"end":{"line":1,"column":0}},"loc":{"start":{"line":1,"column":0},"end":{"line":1,"column":0}},"line":1}},"f":{"0":1}}
,"/workspaces/ECONEURA-/packages/shared/src/clients/ai-client.ts": {"path":"/workspaces/ECONEURA-/packages/shared/src/clients/ai-client.ts","all":true,"statementMap":{},"s":{},"branchMap":{"0":{"type":"branch","line":1,"loc":{"start":{"line":1,"column":0},"end":{"line":1,"column":0}},"locations":[{"start":{"line":1,"column":0},"end":{"line":1,"column":0}}]}},"b":{"0":[1]},"fnMap":{"0":{"name":"(empty-report)","decl":{"start":{"line":1,"column":0},"end":{"line":1,"column":0}},"loc":{"start":{"line":1,"column":0},"end":{"line":1,"column":0}},"line":1}},"f":{"0":1}}
,"/workspaces/ECONEURA-/packages/shared/src/clients/flows-client.ts": {"path":"/workspaces/ECONEURA-/packages/shared/src/clients/flows-client.ts","all":true,"statementMap":{},"s":{},"branchMap":{"0":{"type":"branch","line":1,"loc":{"start":{"line":1,"column":0},"end":{"line":1,"column":0}},"locations":[{"start":{"line":1,"column":0},"end":{"line":1,"column":0}}]}},"b":{"0":[1]},"fnMap":{"0":{"name":"(empty-report)","decl":{"start":{"line":1,"column":0},"end":{"line":1,"column":0}},"loc":{"start":{"line":1,"column":0},"end":{"line":1,"column":0}},"line":1}},"f":{"0":1}}
,"/workspaces/ECONEURA-/packages/shared/src/clients/integrations-client.ts": {"path":"/workspaces/ECONEURA-/packages/shared/src/clients/integrations-client.ts","all":true,"statementMap":{},"s":{},"branchMap":{"0":{"type":"branch","line":1,"loc":{"start":{"line":1,"column":0},"end":{"line":1,"column":0}},"locations":[{"start":{"line":1,"column":0},"end":{"line":1,"column":0}}]}},"b":{"0":[1]},"fnMap":{"0":{"name":"(empty-report)","decl":{"start":{"line":1,"column":0},"end":{"line":1,"column":0}},"loc":{"start":{"line":1,"column":0},"end":{"line":1,"column":0}},"line":1}},"f":{"0":1}}
,"/workspaces/ECONEURA-/packages/shared/src/clients/service-client.ts": {"path":"/workspaces/ECONEURA-/packages/shared/src/clients/service-client.ts","all":true,"statementMap":{"27":{"start":{"line":28,"column":0},"end":{"line":28,"column":28}},"28":{"start":{"line":29,"column":0},"end":{"line":29,"column":48}},"30":{"start":{"line":31,"column":0},"end":{"line":31,"column":44}},"31":{"start":{"line":32,"column":0},"end":{"line":32,"column":19}},"32":{"start":{"line":33,"column":0},"end":{"line":33,"column":21}},"33":{"start":{"line":34,"column":0},"end":{"line":34,"column":17}},"34":{"start":{"line":35,"column":0},"end":{"line":35,"column":23}},"35":{"start":{"line":36,"column":0},"end":{"line":36,"column":33}},"36":{"start":{"line":37,"column":0},"end":{"line":37,"column":35}},"37":{"start":{"line":38,"column":0},"end":{"line":38,"column":15}},"38":{"start":{"line":39,"column":0},"end":{"line":39,"column":6}},"39":{"start":{"line":40,"column":0},"end":{"line":40,"column":3}},"41":{"start":{"line":42,"column":0},"end":{"line":42,"column":81}},"43":{"start":{"line":44,"column":0},"end":{"line":44,"column":12}},"44":{"start":{"line":45,"column":0},"end":{"line":45,"column":20}},"45":{"start":{"line":46,"column":0},"end":{"line":46,"column":20}},"46":{"start":{"line":47,"column":0},"end":{"line":47,"column":32}},"47":{"start":{"line":48,"column":0},"end":{"line":48,"column":24}},"48":{"start":{"line":49,"column":0},"end":{"line":49,"column":16}},"49":{"start":{"line":50,"column":0},"end":{"line":50,"column":6}},"50":{"start":{"line":51,"column":0},"end":{"line":51,"column":3}},"52":{"start":{"line":53,"column":0},"end":{"line":53,"column":14}},"53":{"start":{"line":54,"column":0},"end":{"line":54,"column":12}},"54":{"start":{"line":55,"column":0},"end":{"line":55,"column":43}},"55":{"start":{"line":56,"column":0},"end":{"line":56,"column":27}},"56":{"start":{"line":57,"column":0},"end":{"line":57,"column":26}},"57":{"start":{"line":58,"column":0},"end":{"line":58,"column":26}},"58":{"start":{"line":59,"column":0},"end":{"line":59,"column":6}},"59":{"start":{"line":60,"column":0},"end":{"line":60,"column":3}},"60":{"start":{"line":61,"column":0},"end":{"line":61,"column":1}},"62":{"start":{"line":63,"column":0},"end":{"line":63,"column":81}},"63":{"start":{"line":64,"column":0},"end":{"line":64,"column":35}},"64":{"start":{"line":65,"column":0},"end":{"line":65,"column":1}}},"s":{"27":0,"28":0,"30":0,"31":0,"32":0,"33":0,"34":0,"35":0,"36":0,"37":0,"38":0,"39":0,"41":0,"43":0,"44":0,"45":0,"46":0,"47":0,"48":0,"49":0,"50":0,"52":0,"53":0,"54":0,"55":0,"56":0,"57":0,"58":0,"59":0,"60":0,"62":0,"63":0,"64":0},"branchMap":{"0":{"type":"branch","line":1,"loc":{"start":{"line":1,"column":1533},"end":{"line":65,"column":1}},"locations":[{"start":{"line":1,"column":1533},"end":{"line":65,"column":1}}]}},"b":{"0":[1]},"fnMap":{"0":{"name":"(empty-report)","decl":{"start":{"line":1,"column":1533},"end":{"line":65,"column":1}},"loc":{"start":{"line":1,"column":1533},"end":{"line":65,"column":1}},"line":1}},"f":{"0":1}}
,"/workspaces/ECONEURA-/packages/shared/src/core/index.ts": {"path":"/workspaces/ECONEURA-/packages/shared/src/core/index.ts","all":true,"statementMap":{},"s":{},"branchMap":{"0":{"type":"branch","line":1,"loc":{"start":{"line":1,"column":0},"end":{"line":1,"column":0}},"locations":[{"start":{"line":1,"column":0},"end":{"line":1,"column":0}}]}},"b":{"0":[1]},"fnMap":{"0":{"name":"(empty-report)","decl":{"start":{"line":1,"column":0},"end":{"line":1,"column":0}},"loc":{"start":{"line":1,"column":0},"end":{"line":1,"column":0}},"line":1}},"f":{"0":1}}
,"/workspaces/ECONEURA-/packages/shared/src/graph/env.guard.ts": {"path":"/workspaces/ECONEURA-/packages/shared/src/graph/env.guard.ts","all":true,"statementMap":{},"s":{},"branchMap":{"0":{"type":"branch","line":1,"loc":{"start":{"line":1,"column":0},"end":{"line":1,"column":0}},"locations":[{"start":{"line":1,"column":0},"end":{"line":1,"column":0}}]}},"b":{"0":[1]},"fnMap":{"0":{"name":"(empty-report)","decl":{"start":{"line":1,"column":0},"end":{"line":1,"column":0}},"loc":{"start":{"line":1,"column":0},"end":{"line":1,"column":0}},"line":1}},"f":{"0":1}}
,"/workspaces/ECONEURA-/packages/shared/src/metrics/index.ts": {"path":"/workspaces/ECONEURA-/packages/shared/src/metrics/index.ts","all":true,"statementMap":{},"s":{},"branchMap":{"0":{"type":"branch","line":1,"loc":{"start":{"line":1,"column":0},"end":{"line":1,"column":0}},"locations":[{"start":{"line":1,"column":0},"end":{"line":1,"column":0}}]}},"b":{"0":[1]},"fnMap":{"0":{"name":"(empty-report)","decl":{"start":{"line":1,"column":0},"end":{"line":1,"column":0}},"loc":{"start":{"line":1,"column":0},"end":{"line":1,"column":0}},"line":1}},"f":{"0":1}}
,"/workspaces/ECONEURA-/packages/shared/src/otel/index.ts": {"path":"/workspaces/ECONEURA-/packages/shared/src/otel/index.ts","all":true,"statementMap":{},"s":{},"branchMap":{"0":{"type":"branch","line":1,"loc":{"start":{"line":1,"column":0},"end":{"line":1,"column":0}},"locations":[{"start":{"line":1,"column":0},"end":{"line":1,"column":0}}]}},"b":{"0":[1]},"fnMap":{"0":{"name":"(empty-report)","decl":{"start":{"line":1,"column":0},"end":{"line":1,"column":0}},"loc":{"start":{"line":1,"column":0},"end":{"line":1,"column":0}},"line":1}},"f":{"0":1}}
,"/workspaces/ECONEURA-/packages/shared/src/schemas/ai.ts": {"path":"/workspaces/ECONEURA-/packages/shared/src/schemas/ai.ts","all":true,"statementMap":{},"s":{},"branchMap":{"0":{"type":"branch","line":1,"loc":{"start":{"line":1,"column":0},"end":{"line":1,"column":0}},"locations":[{"start":{"line":1,"column":0},"end":{"line":1,"column":0}}]}},"b":{"0":[1]},"fnMap":{"0":{"name":"(empty-report)","decl":{"start":{"line":1,"column":0},"end":{"line":1,"column":0}},"loc":{"start":{"line":1,"column":0},"end":{"line":1,"column":0}},"line":1}},"f":{"0":1}}
,"/workspaces/ECONEURA-/packages/shared/src/schemas/base.ts": {"path":"/workspaces/ECONEURA-/packages/shared/src/schemas/base.ts","all":true,"statementMap":{},"s":{},"branchMap":{"0":{"type":"branch","line":1,"loc":{"start":{"line":1,"column":0},"end":{"line":1,"column":0}},"locations":[{"start":{"line":1,"column":0},"end":{"line":1,"column":0}}]}},"b":{"0":[1]},"fnMap":{"0":{"name":"(empty-report)","decl":{"start":{"line":1,"column":0},"end":{"line":1,"column":0}},"loc":{"start":{"line":1,"column":0},"end":{"line":1,"column":0}},"line":1}},"f":{"0":1}}
,"/workspaces/ECONEURA-/packages/shared/src/schemas/flows.ts": {"path":"/workspaces/ECONEURA-/packages/shared/src/schemas/flows.ts","all":true,"statementMap":{},"s":{},"branchMap":{"0":{"type":"branch","line":1,"loc":{"start":{"line":1,"column":0},"end":{"line":1,"column":0}},"locations":[{"start":{"line":1,"column":0},"end":{"line":1,"column":0}}]}},"b":{"0":[1]},"fnMap":{"0":{"name":"(empty-report)","decl":{"start":{"line":1,"column":0},"end":{"line":1,"column":0}},"loc":{"start":{"line":1,"column":0},"end":{"line":1,"column":0}},"line":1}},"f":{"0":1}}
,"/workspaces/ECONEURA-/packages/shared/src/schemas/index.ts": {"path":"/workspaces/ECONEURA-/packages/shared/src/schemas/index.ts","all":true,"statementMap":{},"s":{},"branchMap":{"0":{"type":"branch","line":1,"loc":{"start":{"line":1,"column":0},"end":{"line":1,"column":0}},"locations":[{"start":{"line":1,"column":0},"end":{"line":1,"column":0}}]}},"b":{"0":[1]},"fnMap":{"0":{"name":"(empty-report)","decl":{"start":{"line":1,"column":0},"end":{"line":1,"column":0}},"loc":{"start":{"line":1,"column":0},"end":{"line":1,"column":0}},"line":1}},"f":{"0":1}}
,"/workspaces/ECONEURA-/packages/shared/src/schemas/integrations.ts": {"path":"/workspaces/ECONEURA-/packages/shared/src/schemas/integrations.ts","all":true,"statementMap":{},"s":{},"branchMap":{"0":{"type":"branch","line":1,"loc":{"start":{"line":1,"column":0},"end":{"line":1,"column":0}},"locations":[{"start":{"line":1,"column":0},"end":{"line":1,"column":0}}]}},"b":{"0":[1]},"fnMap":{"0":{"name":"(empty-report)","decl":{"start":{"line":1,"column":0},"end":{"line":1,"column":0}},"loc":{"start":{"line":1,"column":0},"end":{"line":1,"column":0}},"line":1}},"f":{"0":1}}
,"/workspaces/ECONEURA-/packages/shared/src/schemas/org.ts": {"path":"/workspaces/ECONEURA-/packages/shared/src/schemas/org.ts","all":true,"statementMap":{},"s":{},"branchMap":{"0":{"type":"branch","line":1,"loc":{"start":{"line":1,"column":0},"end":{"line":1,"column":0}},"locations":[{"start":{"line":1,"column":0},"end":{"line":1,"column":0}}]}},"b":{"0":[1]},"fnMap":{"0":{"name":"(empty-report)","decl":{"start":{"line":1,"column":0},"end":{"line":1,"column":0}},"loc":{"start":{"line":1,"column":0},"end":{"line":1,"column":0}},"line":1}},"f":{"0":1}}
,"/workspaces/ECONEURA-/packages/shared/src/types/index.js": {"path":"/workspaces/ECONEURA-/packages/shared/src/types/index.js","all":true,"statementMap":{"0":{"start":{"line":1,"column":0},"end":{"line":1,"column":10}}},"s":{"0":0},"branchMap":{"0":{"type":"branch","line":1,"loc":{"start":{"line":1,"column":10},"end":{"line":1,"column":10}},"locations":[{"start":{"line":1,"column":10},"end":{"line":1,"column":10}}]}},"b":{"0":[0]},"fnMap":{"0":{"name":"(empty-report)","decl":{"start":{"line":1,"column":10},"end":{"line":1,"column":10}},"loc":{"start":{"line":1,"column":10},"end":{"line":1,"column":10}},"line":1}},"f":{"0":0}}
,"/workspaces/ECONEURA-/packages/shared/src/types/index.ts": {"path":"/workspaces/ECONEURA-/packages/shared/src/types/index.ts","all":true,"statementMap":{},"s":{},"branchMap":{"0":{"type":"branch","line":1,"loc":{"start":{"line":1,"column":15},"end":{"line":1,"column":15}},"locations":[{"start":{"line":1,"column":15},"end":{"line":1,"column":15}}]}},"b":{"0":[1]},"fnMap":{"0":{"name":"(empty-report)","decl":{"start":{"line":1,"column":15},"end":{"line":1,"column":15}},"loc":{"start":{"line":1,"column":15},"end":{"line":1,"column":15}},"line":1}},"f":{"0":1}}
,"/workspaces/ECONEURA-/packages/shared/src/types/api/index.ts": {"path":"/workspaces/ECONEURA-/packages/shared/src/types/api/index.ts","all":true,"statementMap":{},"s":{},"branchMap":{"0":{"type":"branch","line":1,"loc":{"start":{"line":1,"column":23},"end":{"line":1,"column":23}},"locations":[{"start":{"line":1,"column":23},"end":{"line":1,"column":23}}]}},"b":{"0":[1]},"fnMap":{"0":{"name":"(empty-report)","decl":{"start":{"line":1,"column":23},"end":{"line":1,"column":23}},"loc":{"start":{"line":1,"column":23},"end":{"line":1,"column":23}},"line":1}},"f":{"0":1}}
,"/workspaces/ECONEURA-/packages/shared/src/types/models/index.ts": {"path":"/workspaces/ECONEURA-/packages/shared/src/types/models/index.ts","all":true,"statementMap":{},"s":{},"branchMap":{"0":{"type":"branch","line":1,"loc":{"start":{"line":1,"column":25},"end":{"line":1,"column":25}},"locations":[{"start":{"line":1,"column":25},"end":{"line":1,"column":25}}]}},"b":{"0":[1]},"fnMap":{"0":{"name":"(empty-report)","decl":{"start":{"line":1,"column":25},"end":{"line":1,"column":25}},"loc":{"start":{"line":1,"column":25},"end":{"line":1,"column":25}},"line":1}},"f":{"0":1}}
,"/workspaces/ECONEURA-/packages/shared/src/types/system/index.ts": {"path":"/workspaces/ECONEURA-/packages/shared/src/types/system/index.ts","all":true,"statementMap":{},"s":{},"branchMap":{"0":{"type":"branch","line":1,"loc":{"start":{"line":1,"column":26},"end":{"line":1,"column":26}},"locations":[{"start":{"line":1,"column":26},"end":{"line":1,"column":26}}]}},"b":{"0":[1]},"fnMap":{"0":{"name":"(empty-report)","decl":{"start":{"line":1,"column":26},"end":{"line":1,"column":26}},"loc":{"start":{"line":1,"column":26},"end":{"line":1,"column":26}},"line":1}},"f":{"0":1}}
,"/workspaces/ECONEURA-/packages/shared/src/utils/fetch-safe.ts": {"path":"/workspaces/ECONEURA-/packages/shared/src/utils/fetch-safe.ts","all":true,"statementMap":{"1":{"start":{"line":2,"column":0},"end":{"line":2,"column":138}}},"s":{"1":0},"branchMap":{"0":{"type":"branch","line":1,"loc":{"start":{"line":1,"column":218},"end":{"line":2,"column":138}},"locations":[{"start":{"line":1,"column":218},"end":{"line":2,"column":138}}]}},"b":{"0":[1]},"fnMap":{"0":{"name":"(empty-report)","decl":{"start":{"line":1,"column":218},"end":{"line":2,"column":138}},"loc":{"start":{"line":1,"column":218},"end":{"line":2,"column":138}},"line":1}},"f":{"0":1}}
,"/workspaces/ECONEURA-/packages/shared/src/validation/crm.ts": {"path":"/workspaces/ECONEURA-/packages/shared/src/validation/crm.ts","all":true,"statementMap":{},"s":{},"branchMap":{"0":{"type":"branch","line":1,"loc":{"start":{"line":1,"column":0},"end":{"line":1,"column":0}},"locations":[{"start":{"line":1,"column":0},"end":{"line":1,"column":0}}]}},"b":{"0":[1]},"fnMap":{"0":{"name":"(empty-report)","decl":{"start":{"line":1,"column":0},"end":{"line":1,"column":0}},"loc":{"start":{"line":1,"column":0},"end":{"line":1,"column":0}},"line":1}},"f":{"0":1}}
,"/workspaces/ECONEURA-/packages/shared/src/validation/erp.ts": {"path":"/workspaces/ECONEURA-/packages/shared/src/validation/erp.ts","all":true,"statementMap":{},"s":{},"branchMap":{"0":{"type":"branch","line":1,"loc":{"start":{"line":1,"column":0},"end":{"line":1,"column":0}},"locations":[{"start":{"line":1,"column":0},"end":{"line":1,"column":0}}]}},"b":{"0":[1]},"fnMap":{"0":{"name":"(empty-report)","decl":{"start":{"line":1,"column":0},"end":{"line":1,"column":0}},"loc":{"start":{"line":1,"column":0},"end":{"line":1,"column":0}},"line":1}},"f":{"0":1}}
}
